
Lmod is automatically replacing "intel/17" with "gcc/5.4"

running
  '/packages/R/3.4.1/lib64/R/bin/R --slave --no-restore -e osuRepo = 'http://ftp.osuosl.org/pub/cran/'; if(!require(devtools)){ install.packages('devtools',repos=osuRepo) }; if(!require(RNifti)){ devtools::install_github('jonclayden/RNifti') }; if(!require(tidyverse)){ install.packages('tidyverse',repos=osuRepo) }; if(!require(parallel)){ install.packages('parallel',repos=osuRepo) }; message('done')'

Loading required package: devtools
Loading required package: RNifti
Loading required package: tidyverse
Loading tidyverse: ggplot2
Loading tidyverse: tibble
Loading tidyverse: tidyr
Loading tidyverse: readr
Loading tidyverse: purrr
Loading tidyverse: dplyr
Conflicts with tidy packages ---------------------------------------------------
filter(): dplyr, stats
lag():    dplyr, stats
Warning message:
Installed Rcpp (0.12.12) different from Rcpp used to build dplyr (0.12.11).
Please reinstall dplyr to avoid random crashes or undefined behavior. 
Loading required package: parallel
done
