77

                            < M A T L A B (R) >
                  Copyright 1984-2016 The MathWorks, Inc.
                   R2016b (9.1.0.441655) 64-bit (glnxa64)
                             September 7, 2016

 
To get started, type one of these: helpwin, helpdesk, or demo.
For product information, visit www.mathworks.com.
 
JOB ID: /projects/dsnlab/SFIC_Faces3/scripts/fMRI/ppc/spm/ppc_jobs/sub-L044_t1_ppc_job.mat


------------------------------------------------------------------------
Running job #1
------------------------------------------------------------------------
Running 'File Selector (Batch Mode)'
Done    'File Selector (Batch Mode)'
Running 'Realign: Estimate & Reslice'

SPM12: spm_realign (v6070)                         10:38:52 - 10/08/2017
========================================================================
Completed                               :          10:39:22 - 10/08/2017

SPM12: spm_reslice (v5929)                         10:39:22 - 10/08/2017
========================================================================
Completed                               :          10:39:30 - 10/08/2017
Done    'Realign: Estimate & Reslice'
Running 'Coregister: Estimate'

SPM12: spm_coreg (v6435)                           10:39:30 - 10/08/2017
========================================================================
Completed                               :          10:39:39 - 10/08/2017
Done    'Coregister: Estimate'
Running 'Reorient Images'
Done    'Reorient Images'
Item 'Source Image', field 'val': Number of matching files larger than max allowed, keeping 1/97 files.
Running 'Reorient Images'
Done    'Reorient Images'
Running 'Old Normalise: Estimate & Write'
Smoothing by 0 & 8mm..
Coarse Affine Registration..
Fine Affine Registration..
3D CT Norm...
 iteration  1:  FWHM =  7.365 Var = 0.695962
 iteration  2:  FWHM =  4.782 Var = 0.445666
 iteration  3:  FWHM =  4.675 Var = 0.434068
 iteration  4:  FWHM =  4.671 Var = 0.434068
 iteration  5:  FWHM =  4.667 Var = 0.433323
 iteration  6:  FWHM =  4.667 Var = 0.433323
 iteration  7:  FWHM =  4.665 Var = 0.433248
 iteration  8:  FWHM =  4.665 Var = 0.433248
 iteration  9:  FWHM =  4.664 Var = 0.43259
 iteration 10:  FWHM =  4.664 Var = 0.43259
 iteration 11:  FWHM =  4.663 Var = 0.432453
 iteration 12:  FWHM =  4.664 Var = 0.432453
 iteration 13:  FWHM =  4.663 Var = 0.432446
 iteration 14:  FWHM =  4.663 Var = 0.432446
 iteration 15:  FWHM =  4.663 Var = 0.43239
 iteration 16:  FWHM =  4.664 Var = 0.43239
Saving Parameters..

SPM12: spm_write_sn (v4878)                        10:39:56 - 10/08/2017
========================================================================
Completed                               :          10:40:02 - 10/08/2017
Done    'Old Normalise: Estimate & Write'
Running 'Old Normalise: Estimate & Write'
Smoothing by 0 & 8mm..
Coarse Affine Registration..
Fine Affine Registration..
3D CT Norm...
 iteration  1:  FWHM =  6.607 Var = 0.565405
 iteration  2:  FWHM =   4.35 Var = 0.361885
 iteration  3:  FWHM =  4.284 Var = 0.354318
 iteration  4:  FWHM =  4.287 Var = 0.35353
 iteration  5:  FWHM =  4.284 Var = 0.353423
 iteration  6:  FWHM =  4.284 Var = 0.353188
 iteration  7:  FWHM =  4.283 Var = 0.353188
 iteration  8:  FWHM =  4.284 Var = 0.35318
 iteration  9:  FWHM =  4.284 Var = 0.35318
 iteration 10:  FWHM =  4.284 Var = 0.35318
 iteration 11:  FWHM =  4.286 Var = 0.35318
 iteration 12:  FWHM =  4.285 Var = 0.35318
 iteration 13:  FWHM =  4.286 Var = 0.35318
 iteration 14:  FWHM =  4.285 Var = 0.35318
 iteration 15:  FWHM =  4.286 Var = 0.35318
 iteration 16:  FWHM =  4.285 Var = 0.35318
Saving Parameters..

SPM12: spm_write_sn (v4878)                        10:40:13 - 10/08/2017
========================================================================
Completed                               :          10:40:14 - 10/08/2017
Done    'Old Normalise: Estimate & Write'
Running 'Smooth'
Done    'Smooth'
Done

