102

                            < M A T L A B (R) >
                  Copyright 1984-2016 The MathWorks, Inc.
                   R2016b (9.1.0.441655) 64-bit (glnxa64)
                             September 7, 2016

 
To get started, type one of these: helpwin, helpdesk, or demo.
For product information, visit www.mathworks.com.
 
JOB ID: /projects/dsnlab/SFIC_Faces3/scripts/fMRI/ppc/spm/ppc_jobs/sub-L058_t1_ppc_job.mat


------------------------------------------------------------------------
Running job #1
------------------------------------------------------------------------
Running 'File Selector (Batch Mode)'
Done    'File Selector (Batch Mode)'
Running 'Realign: Estimate & Reslice'

SPM12: spm_realign (v6070)                         10:38:47 - 10/08/2017
========================================================================
Completed                               :          10:39:16 - 10/08/2017

SPM12: spm_reslice (v5929)                         10:39:16 - 10/08/2017
========================================================================
Completed                               :          10:39:23 - 10/08/2017
Done    'Realign: Estimate & Reslice'
Running 'Coregister: Estimate'

SPM12: spm_coreg (v6435)                           10:39:23 - 10/08/2017
========================================================================
Completed                               :          10:39:31 - 10/08/2017
Done    'Coregister: Estimate'
Running 'Reorient Images'
Done    'Reorient Images'
Item 'Source Image', field 'val': Number of matching files larger than max allowed, keeping 1/97 files.
Running 'Reorient Images'
Done    'Reorient Images'
Running 'Old Normalise: Estimate & Write'
Smoothing by 0 & 8mm..
Coarse Affine Registration..
Fine Affine Registration..
3D CT Norm...
 iteration  1:  FWHM =   7.09 Var = 0.720803
 iteration  2:  FWHM =  4.739 Var = 0.456206
 iteration  3:  FWHM =  4.583 Var = 0.435297
 iteration  4:  FWHM =  4.562 Var = 0.43184
 iteration  5:  FWHM =  4.554 Var = 0.431073
 iteration  6:  FWHM =  4.553 Var = 0.430789
 iteration  7:  FWHM =  4.552 Var = 0.430573
 iteration  8:  FWHM =  4.552 Var = 0.430423
 iteration  9:  FWHM =  4.552 Var = 0.430223
 iteration 10:  FWHM =  4.551 Var = 0.430201
 iteration 11:  FWHM =  4.552 Var = 0.430201
 iteration 12:  FWHM =  4.551 Var = 0.430122
 iteration 13:  FWHM =  4.551 Var = 0.430122
 iteration 14:  FWHM =  4.551 Var = 0.430122
 iteration 15:  FWHM =  4.551 Var = 0.430122
 iteration 16:  FWHM =  4.551 Var = 0.430122
Saving Parameters..

SPM12: spm_write_sn (v4878)                        10:39:48 - 10/08/2017
========================================================================
Completed                               :          10:39:54 - 10/08/2017
Done    'Old Normalise: Estimate & Write'
Running 'Old Normalise: Estimate & Write'
Smoothing by 0 & 8mm..
Coarse Affine Registration..
Fine Affine Registration..
3D CT Norm...
 iteration  1:  FWHM =  6.375 Var = 0.573977
 iteration  2:  FWHM =   4.16 Var = 0.346531
 iteration  3:  FWHM =  4.098 Var = 0.334964
 iteration  4:  FWHM =  4.098 Var = 0.334396
 iteration  5:  FWHM =  4.094 Var = 0.334003
 iteration  6:  FWHM =  4.095 Var = 0.333906
 iteration  7:  FWHM =  4.094 Var = 0.333906
 iteration  8:  FWHM =  4.095 Var = 0.333906
 iteration  9:  FWHM =  4.094 Var = 0.333906
 iteration 10:  FWHM =  4.095 Var = 0.333822
 iteration 11:  FWHM =  4.094 Var = 0.333822
 iteration 12:  FWHM =  4.095 Var = 0.333806
 iteration 13:  FWHM =  4.094 Var = 0.333806
 iteration 14:  FWHM =  4.095 Var = 0.333806
 iteration 15:  FWHM =  4.094 Var = 0.333806
 iteration 16:  FWHM =  4.095 Var = 0.333753
Saving Parameters..

SPM12: spm_write_sn (v4878)                        10:40:06 - 10/08/2017
========================================================================
Completed                               :          10:40:06 - 10/08/2017
Done    'Old Normalise: Estimate & Write'
Running 'Smooth'
Done    'Smooth'
Done

