20

                            < M A T L A B (R) >
                  Copyright 1984-2016 The MathWorks, Inc.
                   R2016b (9.1.0.441655) 64-bit (glnxa64)
                             September 7, 2016

 
To get started, type one of these: helpwin, helpdesk, or demo.
For product information, visit www.mathworks.com.
 
JOB ID: /projects/dsnlab/SFIC_Faces3/scripts/fMRI/ppc/spm/ppc_jobs/sub-L015_t1_ppc_job.mat


------------------------------------------------------------------------
Running job #1
------------------------------------------------------------------------
Running 'File Selector (Batch Mode)'
Done    'File Selector (Batch Mode)'
Running 'Realign: Estimate & Reslice'

SPM12: spm_realign (v6070)                         10:38:50 - 10/08/2017
========================================================================
Completed                               :          10:39:19 - 10/08/2017

SPM12: spm_reslice (v5929)                         10:39:19 - 10/08/2017
========================================================================
Completed                               :          10:39:28 - 10/08/2017
Done    'Realign: Estimate & Reslice'
Running 'Coregister: Estimate'

SPM12: spm_coreg (v6435)                           10:39:28 - 10/08/2017
========================================================================
Completed                               :          10:39:37 - 10/08/2017
Done    'Coregister: Estimate'
Running 'Reorient Images'
Done    'Reorient Images'
Item 'Source Image', field 'val': Number of matching files larger than max allowed, keeping 1/97 files.
Running 'Reorient Images'
Done    'Reorient Images'
Running 'Old Normalise: Estimate & Write'
Smoothing by 0 & 8mm..
Coarse Affine Registration..
Fine Affine Registration..
3D CT Norm...
 iteration  1:  FWHM =   7.31 Var = 0.732002
 iteration  2:  FWHM =  4.681 Var = 0.452512
 iteration  3:  FWHM =  4.568 Var = 0.438802
 iteration  4:  FWHM =  4.568 Var = 0.437687
 iteration  5:  FWHM =  4.563 Var = 0.437025
 iteration  6:  FWHM =  4.565 Var = 0.437025
 iteration  7:  FWHM =  4.563 Var = 0.436988
 iteration  8:  FWHM =  4.565 Var = 0.436988
 iteration  9:  FWHM =  4.563 Var = 0.436951
 iteration 10:  FWHM =  4.564 Var = 0.436951
 iteration 11:  FWHM =  4.563 Var = 0.436951
 iteration 12:  FWHM =  4.564 Var = 0.436951
 iteration 13:  FWHM =  4.563 Var = 0.436951
 iteration 14:  FWHM =  4.565 Var = 0.436951
 iteration 15:  FWHM =  4.563 Var = 0.436951
 iteration 16:  FWHM =  4.564 Var = 0.436951
Saving Parameters..

SPM12: spm_write_sn (v4878)                        10:39:53 - 10/08/2017
========================================================================
Completed                               :          10:40:02 - 10/08/2017
Done    'Old Normalise: Estimate & Write'
Running 'Old Normalise: Estimate & Write'
Smoothing by 0 & 8mm..
Coarse Affine Registration..
Fine Affine Registration..
3D CT Norm...
 iteration  1:  FWHM =  6.615 Var = 0.581096
 iteration  2:  FWHM =  4.275 Var = 0.356579
 iteration  3:  FWHM =  4.198 Var = 0.345647
 iteration  4:  FWHM =  4.198 Var = 0.344525
 iteration  5:  FWHM =  4.193 Var = 0.343868
 iteration  6:  FWHM =  4.194 Var = 0.343868
 iteration  7:  FWHM =  4.192 Var = 0.343686
 iteration  8:  FWHM =  4.195 Var = 0.343686
 iteration  9:  FWHM =  4.192 Var = 0.343686
 iteration 10:  FWHM =  4.194 Var = 0.343686
 iteration 11:  FWHM =  4.191 Var = 0.343661
 iteration 12:  FWHM =  4.195 Var = 0.343661
 iteration 13:  FWHM =  4.192 Var = 0.343661
 iteration 14:  FWHM =  4.194 Var = 0.343661
 iteration 15:  FWHM =  4.192 Var = 0.343661
 iteration 16:  FWHM =  4.195 Var = 0.343661
Saving Parameters..

SPM12: spm_write_sn (v4878)                        10:40:13 - 10/08/2017
========================================================================
Completed                               :          10:40:13 - 10/08/2017
Done    'Old Normalise: Estimate & Write'
Running 'Smooth'
Done    'Smooth'
Done

