21

                            < M A T L A B (R) >
                  Copyright 1984-2016 The MathWorks, Inc.
                   R2016b (9.1.0.441655) 64-bit (glnxa64)
                             September 7, 2016

 
To get started, type one of these: helpwin, helpdesk, or demo.
For product information, visit www.mathworks.com.
 
JOB ID: /projects/dsnlab/SFIC_Faces3/scripts/fMRI/ppc/spm/ppc_jobs/sub-L016_t1_ppc_job.mat


------------------------------------------------------------------------
Running job #1
------------------------------------------------------------------------
Running 'File Selector (Batch Mode)'
Done    'File Selector (Batch Mode)'
Running 'Realign: Estimate & Reslice'

SPM12: spm_realign (v6070)                         10:38:49 - 10/08/2017
========================================================================
Completed                               :          10:39:20 - 10/08/2017

SPM12: spm_reslice (v5929)                         10:39:20 - 10/08/2017
========================================================================
Completed                               :          10:39:28 - 10/08/2017
Done    'Realign: Estimate & Reslice'
Running 'Coregister: Estimate'

SPM12: spm_coreg (v6435)                           10:39:29 - 10/08/2017
========================================================================
Completed                               :          10:39:38 - 10/08/2017
Done    'Coregister: Estimate'
Running 'Reorient Images'
Done    'Reorient Images'
Item 'Source Image', field 'val': Number of matching files larger than max allowed, keeping 1/97 files.
Running 'Reorient Images'
Done    'Reorient Images'
Running 'Old Normalise: Estimate & Write'
Smoothing by 0 & 8mm..
Coarse Affine Registration..
Fine Affine Registration..
3D CT Norm...
 iteration  1:  FWHM =  7.041 Var = 0.73007
 iteration  2:  FWHM =  4.744 Var = 0.484306
 iteration  3:  FWHM =  4.633 Var = 0.471853
 iteration  4:  FWHM =   4.63 Var = 0.470597
 iteration  5:  FWHM =  4.618 Var = 0.469328
 iteration  6:  FWHM =  4.623 Var = 0.469328
 iteration  7:  FWHM =  4.617 Var = 0.469043
 iteration  8:  FWHM =  4.618 Var = 0.469043
 iteration  9:  FWHM =  4.618 Var = 0.469043
 iteration 10:  FWHM =  4.618 Var = 0.469043
 iteration 11:  FWHM =  4.618 Var = 0.469006
 iteration 12:  FWHM =  4.618 Var = 0.469006
 iteration 13:  FWHM =  4.618 Var = 0.469006
 iteration 14:  FWHM =  4.618 Var = 0.469006
 iteration 15:  FWHM =  4.618 Var = 0.469006
 iteration 16:  FWHM =  4.618 Var = 0.469006
Saving Parameters..

SPM12: spm_write_sn (v4878)                        10:39:53 - 10/08/2017
========================================================================
Completed                               :          10:40:02 - 10/08/2017
Done    'Old Normalise: Estimate & Write'
Running 'Old Normalise: Estimate & Write'
Smoothing by 0 & 8mm..
Coarse Affine Registration..
Fine Affine Registration..
3D CT Norm...
 iteration  1:  FWHM =  6.334 Var = 0.560152
 iteration  2:  FWHM =  4.223 Var = 0.361958
 iteration  3:  FWHM =   4.17 Var = 0.353881
 iteration  4:  FWHM =  4.169 Var = 0.353534
 iteration  5:  FWHM =  4.171 Var = 0.353163
 iteration  6:  FWHM =  4.175 Var = 0.353044
 iteration  7:  FWHM =   4.17 Var = 0.352921
 iteration  8:  FWHM =  4.171 Var = 0.352918
 iteration  9:  FWHM =  4.169 Var = 0.35282
 iteration 10:  FWHM =   4.17 Var = 0.35282
 iteration 11:  FWHM =   4.17 Var = 0.35282
 iteration 12:  FWHM =  4.171 Var = 0.35282
 iteration 13:  FWHM =   4.17 Var = 0.35282
 iteration 14:  FWHM =   4.17 Var = 0.35282
 iteration 15:  FWHM =   4.17 Var = 0.35282
 iteration 16:  FWHM =  4.171 Var = 0.35282
Saving Parameters..

SPM12: spm_write_sn (v4878)                        10:40:11 - 10/08/2017
========================================================================
Completed                               :          10:40:11 - 10/08/2017
Done    'Old Normalise: Estimate & Write'
Running 'Smooth'
Done    'Smooth'
Done

