59

                            < M A T L A B (R) >
                  Copyright 1984-2016 The MathWorks, Inc.
                   R2016b (9.1.0.441655) 64-bit (glnxa64)
                             September 7, 2016

 
To get started, type one of these: helpwin, helpdesk, or demo.
For product information, visit www.mathworks.com.
 
JOB ID: /projects/dsnlab/SFIC_Faces3/scripts/fMRI/ppc/spm/ppc_jobs/sub-L034_t1_ppc_job.mat


------------------------------------------------------------------------
Running job #1
------------------------------------------------------------------------
Running 'File Selector (Batch Mode)'
Done    'File Selector (Batch Mode)'
Running 'Realign: Estimate & Reslice'

SPM12: spm_realign (v6070)                         10:38:52 - 10/08/2017
========================================================================
Completed                               :          10:39:20 - 10/08/2017

SPM12: spm_reslice (v5929)                         10:39:20 - 10/08/2017
========================================================================
Completed                               :          10:39:29 - 10/08/2017
Done    'Realign: Estimate & Reslice'
Running 'Coregister: Estimate'

SPM12: spm_coreg (v6435)                           10:39:29 - 10/08/2017
========================================================================
Completed                               :          10:39:40 - 10/08/2017
Done    'Coregister: Estimate'
Running 'Reorient Images'
Done    'Reorient Images'
Item 'Source Image', field 'val': Number of matching files larger than max allowed, keeping 1/97 files.
Running 'Reorient Images'
Done    'Reorient Images'
Running 'Old Normalise: Estimate & Write'
Smoothing by 0 & 8mm..
Coarse Affine Registration..
Fine Affine Registration..
3D CT Norm...
 iteration  1:  FWHM =  6.772 Var = 0.676355
 iteration  2:  FWHM =  4.635 Var = 0.457916
 iteration  3:  FWHM =  4.546 Var = 0.448029
 iteration  4:  FWHM =  4.549 Var = 0.447044
 iteration  5:  FWHM =   4.54 Var = 0.44683
 iteration  6:  FWHM =  4.545 Var = 0.446806
 iteration  7:  FWHM =  4.541 Var = 0.446806
 iteration  8:  FWHM =  4.544 Var = 0.446782
 iteration  9:  FWHM =  4.543 Var = 0.446782
 iteration 10:  FWHM =  4.544 Var = 0.446762
 iteration 11:  FWHM =  4.544 Var = 0.446762
 iteration 12:  FWHM =  4.544 Var = 0.446762
 iteration 13:  FWHM =  4.544 Var = 0.446762
 iteration 14:  FWHM =  4.544 Var = 0.446762
 iteration 15:  FWHM =  4.544 Var = 0.446762
 iteration 16:  FWHM =  4.544 Var = 0.446762
Saving Parameters..

SPM12: spm_write_sn (v4878)                        10:39:56 - 10/08/2017
========================================================================
Completed                               :          10:40:02 - 10/08/2017
Done    'Old Normalise: Estimate & Write'
Running 'Old Normalise: Estimate & Write'
Smoothing by 0 & 8mm..
Coarse Affine Registration..
Fine Affine Registration..
3D CT Norm...
 iteration  1:  FWHM =  6.167 Var = 0.534482
 iteration  2:  FWHM =  4.172 Var = 0.347864
 iteration  3:  FWHM =  4.111 Var = 0.341282
 iteration  4:  FWHM =   4.12 Var = 0.340934
 iteration  5:  FWHM =  4.113 Var = 0.340516
 iteration  6:  FWHM =  4.117 Var = 0.340516
 iteration  7:  FWHM =  4.114 Var = 0.340464
 iteration  8:  FWHM =  4.115 Var = 0.340464
 iteration  9:  FWHM =  4.114 Var = 0.340464
 iteration 10:  FWHM =  4.115 Var = 0.340464
 iteration 11:  FWHM =  4.114 Var = 0.340464
 iteration 12:  FWHM =  4.114 Var = 0.340464
 iteration 13:  FWHM =  4.115 Var = 0.340464
 iteration 14:  FWHM =  4.115 Var = 0.340464
 iteration 15:  FWHM =  4.115 Var = 0.340464
 iteration 16:  FWHM =  4.114 Var = 0.340464
Saving Parameters..

SPM12: spm_write_sn (v4878)                        10:40:13 - 10/08/2017
========================================================================
Completed                               :          10:40:14 - 10/08/2017
Done    'Old Normalise: Estimate & Write'
Running 'Smooth'
Done    'Smooth'
Done

