138

                            < M A T L A B (R) >
                  Copyright 1984-2016 The MathWorks, Inc.
                   R2016b (9.1.0.441655) 64-bit (glnxa64)
                             September 7, 2016

 
To get started, type one of these: helpwin, helpdesk, or demo.
For product information, visit www.mathworks.com.
 
JOB ID: /projects/dsnlab/SFIC_Faces3/scripts/fMRI/ppc/spm/ppc_jobs/sub-L078_t2_ppc_job.mat


------------------------------------------------------------------------
Running job #1
------------------------------------------------------------------------
Running 'File Selector (Batch Mode)'
Done    'File Selector (Batch Mode)'
Running 'Realign: Estimate & Reslice'

SPM12: spm_realign (v6070)                         10:39:09 - 10/08/2017
========================================================================
Completed                               :          10:39:35 - 10/08/2017

SPM12: spm_reslice (v5929)                         10:39:35 - 10/08/2017
========================================================================
Completed                               :          10:39:45 - 10/08/2017
Done    'Realign: Estimate & Reslice'
Running 'Coregister: Estimate'

SPM12: spm_coreg (v6435)                           10:39:46 - 10/08/2017
========================================================================
Completed                               :          10:39:54 - 10/08/2017
Done    'Coregister: Estimate'
Running 'Reorient Images'
Done    'Reorient Images'
Item 'Source Image', field 'val': Number of matching files larger than max allowed, keeping 1/97 files.
Running 'Reorient Images'
Done    'Reorient Images'
Running 'Old Normalise: Estimate & Write'
Smoothing by 0 & 8mm..
Coarse Affine Registration..
Fine Affine Registration..
3D CT Norm...
 iteration  1:  FWHM =   6.76 Var = 0.619498
 iteration  2:  FWHM =  4.564 Var = 0.41736
 iteration  3:  FWHM =  4.498 Var = 0.409646
 iteration  4:  FWHM =  4.495 Var = 0.409646
 iteration  5:  FWHM =  4.493 Var = 0.409052
 iteration  6:  FWHM =  4.493 Var = 0.409052
 iteration  7:  FWHM =  4.493 Var = 0.408908
 iteration  8:  FWHM =  4.493 Var = 0.408908
 iteration  9:  FWHM =  4.493 Var = 0.408908
 iteration 10:  FWHM =  4.493 Var = 0.408908
 iteration 11:  FWHM =  4.493 Var = 0.408908
 iteration 12:  FWHM =  4.493 Var = 0.408908
 iteration 13:  FWHM =  4.492 Var = 0.408908
 iteration 14:  FWHM =  4.493 Var = 0.408908
 iteration 15:  FWHM =  4.492 Var = 0.408908
 iteration 16:  FWHM =  4.493 Var = 0.408908
Saving Parameters..

SPM12: spm_write_sn (v4878)                        10:40:12 - 10/08/2017
========================================================================
Completed                               :          10:40:18 - 10/08/2017
Done    'Old Normalise: Estimate & Write'
Running 'Old Normalise: Estimate & Write'
Smoothing by 0 & 8mm..
Coarse Affine Registration..
Fine Affine Registration..
3D CT Norm...
 iteration  1:  FWHM =  6.116 Var = 0.54012
 iteration  2:  FWHM =  4.198 Var = 0.365781
 iteration  3:  FWHM =   4.16 Var = 0.360683
 iteration  4:  FWHM =  4.161 Var = 0.360346
 iteration  5:  FWHM =  4.158 Var = 0.360034
 iteration  6:  FWHM =   4.16 Var = 0.360034
 iteration  7:  FWHM =  4.159 Var = 0.360034
 iteration  8:  FWHM =   4.16 Var = 0.360034
 iteration  9:  FWHM =  4.161 Var = 0.360034
 iteration 10:  FWHM =   4.16 Var = 0.360034
 iteration 11:  FWHM =  4.161 Var = 0.360034
 iteration 12:  FWHM =   4.16 Var = 0.360034
 iteration 13:  FWHM =  4.161 Var = 0.360034
 iteration 14:  FWHM =   4.16 Var = 0.360034
 iteration 15:  FWHM =  4.161 Var = 0.360034
 iteration 16:  FWHM =   4.16 Var = 0.360034
Saving Parameters..

SPM12: spm_write_sn (v4878)                        10:40:29 - 10/08/2017
========================================================================
Completed                               :          10:40:29 - 10/08/2017
Done    'Old Normalise: Estimate & Write'
Running 'Smooth'
Done    'Smooth'
Done

