111

                            < M A T L A B (R) >
                  Copyright 1984-2016 The MathWorks, Inc.
                   R2016b (9.1.0.441655) 64-bit (glnxa64)
                             September 7, 2016

 
To get started, type one of these: helpwin, helpdesk, or demo.
For product information, visit www.mathworks.com.
 
JOB ID: /projects/dsnlab/SFIC_Faces3/scripts/fMRI/ppc/spm/ppc_jobs/sub-L062_t1_ppc_job.mat


------------------------------------------------------------------------
Running job #1
------------------------------------------------------------------------
Running 'File Selector (Batch Mode)'
Done    'File Selector (Batch Mode)'
Running 'Realign: Estimate & Reslice'

SPM12: spm_realign (v6070)                         10:38:49 - 10/08/2017
========================================================================
Completed                               :          10:39:18 - 10/08/2017

SPM12: spm_reslice (v5929)                         10:39:18 - 10/08/2017
========================================================================
Completed                               :          10:39:25 - 10/08/2017
Done    'Realign: Estimate & Reslice'
Running 'Coregister: Estimate'

SPM12: spm_coreg (v6435)                           10:39:25 - 10/08/2017
========================================================================
Completed                               :          10:39:34 - 10/08/2017
Done    'Coregister: Estimate'
Running 'Reorient Images'
Done    'Reorient Images'
Item 'Source Image', field 'val': Number of matching files larger than max allowed, keeping 1/97 files.
Running 'Reorient Images'
Done    'Reorient Images'
Running 'Old Normalise: Estimate & Write'
Smoothing by 0 & 8mm..
Coarse Affine Registration..
Fine Affine Registration..
3D CT Norm...
 iteration  1:  FWHM =  6.841 Var = 0.723437
 iteration  2:  FWHM =  4.692 Var = 0.454883
 iteration  3:  FWHM =  4.541 Var = 0.430015
 iteration  4:  FWHM =  4.495 Var = 0.423366
 iteration  5:  FWHM =  4.489 Var = 0.421728
 iteration  6:  FWHM =  4.484 Var = 0.420895
 iteration  7:  FWHM =  4.481 Var = 0.420895
 iteration  8:  FWHM =  4.482 Var = 0.420878
 iteration  9:  FWHM =   4.48 Var = 0.420878
 iteration 10:  FWHM =  4.481 Var = 0.420878
 iteration 11:  FWHM =   4.48 Var = 0.420878
 iteration 12:  FWHM =   4.48 Var = 0.420878
 iteration 13:  FWHM =  4.483 Var = 0.420878
 iteration 14:  FWHM =  4.481 Var = 0.420878
 iteration 15:  FWHM =  4.483 Var = 0.420878
 iteration 16:  FWHM =   4.48 Var = 0.420878
Saving Parameters..

SPM12: spm_write_sn (v4878)                        10:39:50 - 10/08/2017
========================================================================
Completed                               :          10:39:56 - 10/08/2017
Done    'Old Normalise: Estimate & Write'
Running 'Old Normalise: Estimate & Write'
Smoothing by 0 & 8mm..
Coarse Affine Registration..
Fine Affine Registration..
3D CT Norm...
 iteration  1:  FWHM =  6.055 Var = 0.549623
 iteration  2:  FWHM =  4.118 Var = 0.341446
 iteration  3:  FWHM =  4.028 Var = 0.32941
 iteration  4:  FWHM =  4.036 Var = 0.328306
 iteration  5:  FWHM =  4.027 Var = 0.328306
 iteration  6:  FWHM =  4.034 Var = 0.328165
 iteration  7:  FWHM =  4.027 Var = 0.328165
 iteration  8:  FWHM =  4.034 Var = 0.328116
 iteration  9:  FWHM =  4.028 Var = 0.328116
 iteration 10:  FWHM =  4.033 Var = 0.328073
 iteration 11:  FWHM =  4.027 Var = 0.328073
 iteration 12:  FWHM =  4.033 Var = 0.328069
 iteration 13:  FWHM =  4.028 Var = 0.328069
 iteration 14:  FWHM =  4.033 Var = 0.328062
 iteration 15:  FWHM =  4.028 Var = 0.328062
 iteration 16:  FWHM =  4.033 Var = 0.328062
Saving Parameters..

SPM12: spm_write_sn (v4878)                        10:40:06 - 10/08/2017
========================================================================
Completed                               :          10:40:07 - 10/08/2017
Done    'Old Normalise: Estimate & Write'
Running 'Smooth'
Done    'Smooth'
Done

