123

                            < M A T L A B (R) >
                  Copyright 1984-2016 The MathWorks, Inc.
                   R2016b (9.1.0.441655) 64-bit (glnxa64)
                             September 7, 2016

 
To get started, type one of these: helpwin, helpdesk, or demo.
For product information, visit www.mathworks.com.
 
JOB ID: /projects/dsnlab/SFIC_Faces3/scripts/fMRI/ppc/spm/ppc_jobs/sub-L071_t2_ppc_job.mat


------------------------------------------------------------------------
Running job #1
------------------------------------------------------------------------
Running 'File Selector (Batch Mode)'
Done    'File Selector (Batch Mode)'
Running 'Realign: Estimate & Reslice'

SPM12: spm_realign (v6070)                         10:39:09 - 10/08/2017
========================================================================
Completed                               :          10:39:34 - 10/08/2017

SPM12: spm_reslice (v5929)                         10:39:34 - 10/08/2017
========================================================================
Completed                               :          10:39:45 - 10/08/2017
Done    'Realign: Estimate & Reslice'
Running 'Coregister: Estimate'

SPM12: spm_coreg (v6435)                           10:39:45 - 10/08/2017
========================================================================
Completed                               :          10:39:57 - 10/08/2017
Done    'Coregister: Estimate'
Running 'Reorient Images'
Done    'Reorient Images'
Item 'Source Image', field 'val': Number of matching files larger than max allowed, keeping 1/97 files.
Running 'Reorient Images'
Done    'Reorient Images'
Running 'Old Normalise: Estimate & Write'
Smoothing by 0 & 8mm..
Coarse Affine Registration..
Fine Affine Registration..
3D CT Norm...
 iteration  1:  FWHM =  6.923 Var = 0.664963
 iteration  2:  FWHM =  4.613 Var = 0.430421
 iteration  3:  FWHM =  4.526 Var = 0.420581
 iteration  4:  FWHM =  4.519 Var = 0.419484
 iteration  5:  FWHM =   4.51 Var = 0.418026
 iteration  6:  FWHM =  4.509 Var = 0.41761
 iteration  7:  FWHM =  4.508 Var = 0.41738
 iteration  8:  FWHM =  4.508 Var = 0.41738
 iteration  9:  FWHM =  4.508 Var = 0.417311
 iteration 10:  FWHM =  4.508 Var = 0.417311
 iteration 11:  FWHM =  4.508 Var = 0.417311
 iteration 12:  FWHM =  4.508 Var = 0.417311
 iteration 13:  FWHM =  4.508 Var = 0.417311
 iteration 14:  FWHM =  4.509 Var = 0.417311
 iteration 15:  FWHM =  4.508 Var = 0.417311
 iteration 16:  FWHM =  4.509 Var = 0.417311
Saving Parameters..

SPM12: spm_write_sn (v4878)                        10:40:15 - 10/08/2017
========================================================================
Completed                               :          10:40:21 - 10/08/2017
Done    'Old Normalise: Estimate & Write'
Running 'Old Normalise: Estimate & Write'
Smoothing by 0 & 8mm..
Coarse Affine Registration..
Fine Affine Registration..
3D CT Norm...
 iteration  1:  FWHM =  6.234 Var = 0.550588
 iteration  2:  FWHM =  4.216 Var = 0.359543
 iteration  3:  FWHM =  4.167 Var = 0.352613
 iteration  4:  FWHM =  4.164 Var = 0.35167
 iteration  5:  FWHM =  4.161 Var = 0.351243
 iteration  6:  FWHM =  4.159 Var = 0.350909
 iteration  7:  FWHM =  4.159 Var = 0.350706
 iteration  8:  FWHM =  4.159 Var = 0.350649
 iteration  9:  FWHM =  4.159 Var = 0.350611
 iteration 10:  FWHM =  4.158 Var = 0.350513
 iteration 11:  FWHM =  4.158 Var = 0.350513
 iteration 12:  FWHM =   4.16 Var = 0.350513
 iteration 13:  FWHM =  4.159 Var = 0.350513
 iteration 14:  FWHM =  4.158 Var = 0.350513
 iteration 15:  FWHM =  4.159 Var = 0.350513
 iteration 16:  FWHM =  4.159 Var = 0.350513
Saving Parameters..

SPM12: spm_write_sn (v4878)                        10:40:31 - 10/08/2017
========================================================================
Completed                               :          10:40:32 - 10/08/2017
Done    'Old Normalise: Estimate & Write'
Running 'Smooth'
Done    'Smooth'
Done

