99

                            < M A T L A B (R) >
                  Copyright 1984-2016 The MathWorks, Inc.
                   R2016b (9.1.0.441655) 64-bit (glnxa64)
                             September 7, 2016

 
To get started, type one of these: helpwin, helpdesk, or demo.
For product information, visit www.mathworks.com.
 
JOB ID: /projects/dsnlab/SFIC_Faces3/scripts/fMRI/ppc/spm/ppc_jobs/sub-L057_t1_ppc_job.mat


------------------------------------------------------------------------
Running job #1
------------------------------------------------------------------------
Running 'File Selector (Batch Mode)'
Done    'File Selector (Batch Mode)'
Running 'Realign: Estimate & Reslice'

SPM12: spm_realign (v6070)                         10:38:47 - 10/08/2017
========================================================================
Completed                               :          10:39:13 - 10/08/2017

SPM12: spm_reslice (v5929)                         10:39:13 - 10/08/2017
========================================================================
Completed                               :          10:39:21 - 10/08/2017
Done    'Realign: Estimate & Reslice'
Running 'Coregister: Estimate'

SPM12: spm_coreg (v6435)                           10:39:21 - 10/08/2017
========================================================================
Completed                               :          10:39:30 - 10/08/2017
Done    'Coregister: Estimate'
Running 'Reorient Images'
Done    'Reorient Images'
Item 'Source Image', field 'val': Number of matching files larger than max allowed, keeping 1/97 files.
Running 'Reorient Images'
Done    'Reorient Images'
Running 'Old Normalise: Estimate & Write'
Smoothing by 0 & 8mm..
Coarse Affine Registration..
Fine Affine Registration..
3D CT Norm...
 iteration  1:  FWHM =  7.999 Var = 0.839362
 iteration  2:  FWHM =  4.995 Var = 0.506943
 iteration  3:  FWHM =  4.857 Var = 0.490686
 iteration  4:  FWHM =  4.848 Var = 0.488782
 iteration  5:  FWHM =   4.84 Var = 0.487793
 iteration  6:  FWHM =   4.84 Var = 0.487793
 iteration  7:  FWHM =  4.838 Var = 0.487611
 iteration  8:  FWHM =  4.838 Var = 0.487611
 iteration  9:  FWHM =  4.838 Var = 0.487611
 iteration 10:  FWHM =  4.838 Var = 0.487611
 iteration 11:  FWHM =  4.838 Var = 0.487611
 iteration 12:  FWHM =  4.837 Var = 0.487611
 iteration 13:  FWHM =  4.838 Var = 0.487611
 iteration 14:  FWHM =  4.837 Var = 0.487611
 iteration 15:  FWHM =  4.838 Var = 0.487611
 iteration 16:  FWHM =  4.837 Var = 0.487611
Saving Parameters..

SPM12: spm_write_sn (v4878)                        10:39:47 - 10/08/2017
========================================================================
Completed                               :          10:39:53 - 10/08/2017
Done    'Old Normalise: Estimate & Write'
Running 'Old Normalise: Estimate & Write'
Smoothing by 0 & 8mm..
Coarse Affine Registration..
Fine Affine Registration..
3D CT Norm...
 iteration  1:  FWHM =   7.06 Var = 0.627026
 iteration  2:  FWHM =  4.457 Var = 0.384171
 iteration  3:  FWHM =  4.364 Var = 0.371483
 iteration  4:  FWHM =   4.36 Var = 0.369668
 iteration  5:  FWHM =  4.356 Var = 0.369537
 iteration  6:  FWHM =  4.355 Var = 0.369205
 iteration  7:  FWHM =  4.353 Var = 0.369205
 iteration  8:  FWHM =  4.354 Var = 0.369045
 iteration  9:  FWHM =  4.353 Var = 0.369045
 iteration 10:  FWHM =  4.354 Var = 0.369045
 iteration 11:  FWHM =  4.353 Var = 0.369045
 iteration 12:  FWHM =  4.355 Var = 0.369045
 iteration 13:  FWHM =  4.354 Var = 0.369045
 iteration 14:  FWHM =  4.354 Var = 0.369045
 iteration 15:  FWHM =  4.353 Var = 0.36903
 iteration 16:  FWHM =  4.354 Var = 0.36903
Saving Parameters..

SPM12: spm_write_sn (v4878)                        10:40:04 - 10/08/2017
========================================================================
Completed                               :          10:40:05 - 10/08/2017
Done    'Old Normalise: Estimate & Write'
Running 'Smooth'
Done    'Smooth'
Done

