167

                            < M A T L A B (R) >
                  Copyright 1984-2016 The MathWorks, Inc.
                   R2016b (9.1.0.441655) 64-bit (glnxa64)
                             September 7, 2016

 
To get started, type one of these: helpwin, helpdesk, or demo.
For product information, visit www.mathworks.com.
 
JOB ID: /projects/dsnlab/SFIC_Faces3/scripts/fMRI/ppc/spm/ppc_jobs/sub-L090_t3_ppc_job.mat


------------------------------------------------------------------------
Running job #1
------------------------------------------------------------------------
Running 'File Selector (Batch Mode)'
Done    'File Selector (Batch Mode)'
Running 'Realign: Estimate & Reslice'

SPM12: spm_realign (v6070)                         10:39:12 - 10/08/2017
========================================================================
Completed                               :          10:39:44 - 10/08/2017

SPM12: spm_reslice (v5929)                         10:39:44 - 10/08/2017
========================================================================
Completed                               :          10:39:51 - 10/08/2017
Done    'Realign: Estimate & Reslice'
Running 'Coregister: Estimate'

SPM12: spm_coreg (v6435)                           10:39:51 - 10/08/2017
========================================================================
Completed                               :          10:40:00 - 10/08/2017
Done    'Coregister: Estimate'
Running 'Reorient Images'
Done    'Reorient Images'
Item 'Source Image', field 'val': Number of matching files larger than max allowed, keeping 1/97 files.
Running 'Reorient Images'
Done    'Reorient Images'
Running 'Old Normalise: Estimate & Write'
Smoothing by 0 & 8mm..
Coarse Affine Registration..
Fine Affine Registration..
3D CT Norm...
 iteration  1:  FWHM =  7.276 Var = 0.695202
 iteration  2:  FWHM =  4.808 Var = 0.445931
 iteration  3:  FWHM =  4.687 Var = 0.43071
 iteration  4:  FWHM =   4.66 Var = 0.427194
 iteration  5:  FWHM =  4.648 Var = 0.42645
 iteration  6:  FWHM =  4.644 Var = 0.42609
 iteration  7:  FWHM =   4.64 Var = 0.425832
 iteration  8:  FWHM =  4.635 Var = 0.425526
 iteration  9:  FWHM =  4.639 Var = 0.425022
 iteration 10:  FWHM =  4.637 Var = 0.425022
 iteration 11:  FWHM =  4.636 Var = 0.424556
 iteration 12:  FWHM =  4.636 Var = 0.424556
 iteration 13:  FWHM =  4.635 Var = 0.424296
 iteration 14:  FWHM =  4.634 Var = 0.424296
 iteration 15:  FWHM =  4.635 Var = 0.424296
 iteration 16:  FWHM =  4.634 Var = 0.424296
Saving Parameters..

SPM12: spm_write_sn (v4878)                        10:40:16 - 10/08/2017
========================================================================
Completed                               :          10:40:22 - 10/08/2017
Done    'Old Normalise: Estimate & Write'
Running 'Old Normalise: Estimate & Write'
Smoothing by 0 & 8mm..
Coarse Affine Registration..
Fine Affine Registration..
3D CT Norm...
 iteration  1:  FWHM =  6.301 Var = 0.555354
 iteration  2:  FWHM =  4.192 Var = 0.356442
 iteration  3:  FWHM =  4.113 Var = 0.344219
 iteration  4:  FWHM =  4.106 Var = 0.342136
 iteration  5:  FWHM =  4.104 Var = 0.341719
 iteration  6:  FWHM =  4.103 Var = 0.341719
 iteration  7:  FWHM =  4.103 Var = 0.341652
 iteration  8:  FWHM =  4.103 Var = 0.341652
 iteration  9:  FWHM =  4.103 Var = 0.34164
 iteration 10:  FWHM =  4.102 Var = 0.34164
 iteration 11:  FWHM =  4.103 Var = 0.34164
 iteration 12:  FWHM =  4.103 Var = 0.34164
 iteration 13:  FWHM =  4.103 Var = 0.341638
 iteration 14:  FWHM =  4.102 Var = 0.341638
 iteration 15:  FWHM =  4.103 Var = 0.341633
 iteration 16:  FWHM =  4.102 Var = 0.341633
Saving Parameters..

SPM12: spm_write_sn (v4878)                        10:40:33 - 10/08/2017
========================================================================
Completed                               :          10:40:33 - 10/08/2017
Done    'Old Normalise: Estimate & Write'
Running 'Smooth'
Done    'Smooth'
Done

