84

                            < M A T L A B (R) >
                  Copyright 1984-2016 The MathWorks, Inc.
                   R2016b (9.1.0.441655) 64-bit (glnxa64)
                             September 7, 2016

 
To get started, type one of these: helpwin, helpdesk, or demo.
For product information, visit www.mathworks.com.
 
JOB ID: /projects/dsnlab/SFIC_Faces3/scripts/fMRI/ppc/spm/ppc_jobs/sub-L047_t1_ppc_job.mat


------------------------------------------------------------------------
Running job #1
------------------------------------------------------------------------
Running 'File Selector (Batch Mode)'
Done    'File Selector (Batch Mode)'
Running 'Realign: Estimate & Reslice'

SPM12: spm_realign (v6070)                         10:38:52 - 10/08/2017
========================================================================
Completed                               :          10:39:22 - 10/08/2017

SPM12: spm_reslice (v5929)                         10:39:22 - 10/08/2017
========================================================================
Completed                               :          10:39:30 - 10/08/2017
Done    'Realign: Estimate & Reslice'
Running 'Coregister: Estimate'

SPM12: spm_coreg (v6435)                           10:39:30 - 10/08/2017
========================================================================
Completed                               :          10:39:38 - 10/08/2017
Done    'Coregister: Estimate'
Running 'Reorient Images'
Done    'Reorient Images'
Item 'Source Image', field 'val': Number of matching files larger than max allowed, keeping 1/97 files.
Running 'Reorient Images'
Done    'Reorient Images'
Running 'Old Normalise: Estimate & Write'
Smoothing by 0 & 8mm..
Coarse Affine Registration..
Fine Affine Registration..
3D CT Norm...
 iteration  1:  FWHM =  6.859 Var = 0.697569
 iteration  2:  FWHM =  4.619 Var = 0.467776
 iteration  3:  FWHM =  4.542 Var = 0.459227
 iteration  4:  FWHM =  4.546 Var = 0.45865
 iteration  5:  FWHM =  4.541 Var = 0.457827
 iteration  6:  FWHM =  4.542 Var = 0.457827
 iteration  7:  FWHM =  4.541 Var = 0.457753
 iteration  8:  FWHM =   4.54 Var = 0.457629
 iteration  9:  FWHM =  4.541 Var = 0.457629
 iteration 10:  FWHM =   4.54 Var = 0.457629
 iteration 11:  FWHM =  4.541 Var = 0.457629
 iteration 12:  FWHM =   4.54 Var = 0.457629
 iteration 13:  FWHM =  4.541 Var = 0.457629
 iteration 14:  FWHM =   4.54 Var = 0.457629
 iteration 15:  FWHM =  4.541 Var = 0.457629
 iteration 16:  FWHM =   4.54 Var = 0.45762
Saving Parameters..

SPM12: spm_write_sn (v4878)                        10:39:55 - 10/08/2017
========================================================================
Completed                               :          10:40:01 - 10/08/2017
Done    'Old Normalise: Estimate & Write'
Running 'Old Normalise: Estimate & Write'
Smoothing by 0 & 8mm..
Coarse Affine Registration..
Fine Affine Registration..
3D CT Norm...
 iteration  1:  FWHM =   6.31 Var = 0.57039
 iteration  2:  FWHM =  4.223 Var = 0.371145
 iteration  3:  FWHM =  4.161 Var = 0.363298
 iteration  4:  FWHM =  4.173 Var = 0.362779
 iteration  5:  FWHM =  4.164 Var = 0.362356
 iteration  6:  FWHM =  4.167 Var = 0.362284
 iteration  7:  FWHM =  4.165 Var = 0.362262
 iteration  8:  FWHM =  4.166 Var = 0.362228
 iteration  9:  FWHM =  4.165 Var = 0.362132
 iteration 10:  FWHM =  4.166 Var = 0.362132
 iteration 11:  FWHM =  4.165 Var = 0.362121
 iteration 12:  FWHM =  4.166 Var = 0.362121
 iteration 13:  FWHM =  4.165 Var = 0.362121
 iteration 14:  FWHM =  4.166 Var = 0.362121
 iteration 15:  FWHM =  4.166 Var = 0.362121
 iteration 16:  FWHM =  4.166 Var = 0.362121
Saving Parameters..

SPM12: spm_write_sn (v4878)                        10:40:11 - 10/08/2017
========================================================================
Completed                               :          10:40:11 - 10/08/2017
Done    'Old Normalise: Estimate & Write'
Running 'Smooth'
Done    'Smooth'
Done

