35

                            < M A T L A B (R) >
                  Copyright 1984-2016 The MathWorks, Inc.
                   R2016b (9.1.0.441655) 64-bit (glnxa64)
                             September 7, 2016

 
To get started, type one of these: helpwin, helpdesk, or demo.
For product information, visit www.mathworks.com.
 
JOB ID: /projects/dsnlab/SFIC_Faces3/scripts/fMRI/ppc/spm/ppc_jobs/sub-L023_t2_ppc_job.mat


------------------------------------------------------------------------
Running job #1
------------------------------------------------------------------------
Running 'File Selector (Batch Mode)'
Done    'File Selector (Batch Mode)'
Running 'Realign: Estimate & Reslice'

SPM12: spm_realign (v6070)                         10:38:49 - 10/08/2017
========================================================================
Completed                               :          10:39:18 - 10/08/2017

SPM12: spm_reslice (v5929)                         10:39:18 - 10/08/2017
========================================================================
Completed                               :          10:39:26 - 10/08/2017
Done    'Realign: Estimate & Reslice'
Running 'Coregister: Estimate'

SPM12: spm_coreg (v6435)                           10:39:26 - 10/08/2017
========================================================================
Completed                               :          10:39:34 - 10/08/2017
Done    'Coregister: Estimate'
Running 'Reorient Images'
Done    'Reorient Images'
Item 'Source Image', field 'val': Number of matching files larger than max allowed, keeping 1/97 files.
Running 'Reorient Images'
Done    'Reorient Images'
Running 'Old Normalise: Estimate & Write'
Smoothing by 0 & 8mm..
Coarse Affine Registration..
Fine Affine Registration..
3D CT Norm...
 iteration  1:  FWHM =  7.164 Var = 0.672953
 iteration  2:  FWHM =  4.665 Var = 0.421655
 iteration  3:  FWHM =  4.559 Var = 0.408379
 iteration  4:  FWHM =  4.559 Var = 0.40793
 iteration  5:  FWHM =  4.556 Var = 0.407055
 iteration  6:  FWHM =  4.553 Var = 0.407055
 iteration  7:  FWHM =  4.554 Var = 0.407055
 iteration  8:  FWHM =  4.553 Var = 0.407055
 iteration  9:  FWHM =  4.554 Var = 0.40702
 iteration 10:  FWHM =  4.553 Var = 0.40702
 iteration 11:  FWHM =  4.554 Var = 0.40702
 iteration 12:  FWHM =  4.553 Var = 0.40702
 iteration 13:  FWHM =  4.554 Var = 0.40702
 iteration 14:  FWHM =  4.552 Var = 0.40702
 iteration 15:  FWHM =  4.555 Var = 0.40702
 iteration 16:  FWHM =  4.552 Var = 0.40702
Saving Parameters..

SPM12: spm_write_sn (v4878)                        10:39:52 - 10/08/2017
========================================================================
Completed                               :          10:39:58 - 10/08/2017
Done    'Old Normalise: Estimate & Write'
Running 'Old Normalise: Estimate & Write'
Smoothing by 0 & 8mm..
Coarse Affine Registration..
Fine Affine Registration..
3D CT Norm...
 iteration  1:  FWHM =  6.639 Var = 0.555834
 iteration  2:  FWHM =  4.279 Var = 0.343726
 iteration  3:  FWHM =  4.226 Var = 0.333421
 iteration  4:  FWHM =  4.227 Var = 0.332776
 iteration  5:  FWHM =  4.225 Var = 0.332361
 iteration  6:  FWHM =  4.225 Var = 0.332361
 iteration  7:  FWHM =  4.225 Var = 0.332266
 iteration  8:  FWHM =  4.224 Var = 0.332266
 iteration  9:  FWHM =  4.225 Var = 0.332266
 iteration 10:  FWHM =  4.224 Var = 0.33224
 iteration 11:  FWHM =  4.224 Var = 0.33224
 iteration 12:  FWHM =  4.224 Var = 0.33224
 iteration 13:  FWHM =  4.224 Var = 0.33224
 iteration 14:  FWHM =  4.224 Var = 0.33224
 iteration 15:  FWHM =  4.224 Var = 0.33224
 iteration 16:  FWHM =  4.224 Var = 0.33224
Saving Parameters..

SPM12: spm_write_sn (v4878)                        10:40:09 - 10/08/2017
========================================================================
Completed                               :          10:40:10 - 10/08/2017
Done    'Old Normalise: Estimate & Write'
Running 'Smooth'
Done    'Smooth'
Done

