169

                            < M A T L A B (R) >
                  Copyright 1984-2016 The MathWorks, Inc.
                   R2016b (9.1.0.441655) 64-bit (glnxa64)
                             September 7, 2016

 
To get started, type one of these: helpwin, helpdesk, or demo.
For product information, visit www.mathworks.com.
 
JOB ID: /projects/dsnlab/SFIC_Faces3/scripts/fMRI/ppc/spm/ppc_jobs/sub-L092_t1_ppc_job.mat


------------------------------------------------------------------------
Running job #1
------------------------------------------------------------------------
Running 'File Selector (Batch Mode)'
Done    'File Selector (Batch Mode)'
Running 'Realign: Estimate & Reslice'

SPM12: spm_realign (v6070)                         10:39:12 - 10/08/2017
========================================================================
Completed                               :          10:39:41 - 10/08/2017

SPM12: spm_reslice (v5929)                         10:39:41 - 10/08/2017
========================================================================
Completed                               :          10:39:47 - 10/08/2017
Done    'Realign: Estimate & Reslice'
Running 'Coregister: Estimate'

SPM12: spm_coreg (v6435)                           10:39:47 - 10/08/2017
========================================================================
Completed                               :          10:39:54 - 10/08/2017
Done    'Coregister: Estimate'
Running 'Reorient Images'
Done    'Reorient Images'
Item 'Source Image', field 'val': Number of matching files larger than max allowed, keeping 1/97 files.
Running 'Reorient Images'
Done    'Reorient Images'
Running 'Old Normalise: Estimate & Write'
Smoothing by 0 & 8mm..
Coarse Affine Registration..
Fine Affine Registration..
3D CT Norm...
 iteration  1:  FWHM =  6.552 Var = 0.664211
 iteration  2:  FWHM =  4.492 Var = 0.453589
 iteration  3:  FWHM =  4.443 Var = 0.447838
 iteration  4:  FWHM =  4.437 Var = 0.445571
 iteration  5:  FWHM =  4.428 Var = 0.445571
 iteration  6:  FWHM =  4.434 Var = 0.444729
 iteration  7:  FWHM =  4.427 Var = 0.444729
 iteration  8:  FWHM =  4.433 Var = 0.444729
 iteration  9:  FWHM =  4.427 Var = 0.444729
 iteration 10:  FWHM =  4.433 Var = 0.444715
 iteration 11:  FWHM =  4.427 Var = 0.444715
 iteration 12:  FWHM =  4.433 Var = 0.444715
 iteration 13:  FWHM =  4.427 Var = 0.444715
 iteration 14:  FWHM =  4.433 Var = 0.444715
 iteration 15:  FWHM =  4.427 Var = 0.444715
 iteration 16:  FWHM =  4.433 Var = 0.444701
Saving Parameters..

SPM12: spm_write_sn (v4878)                        10:40:09 - 10/08/2017
========================================================================
Completed                               :          10:40:15 - 10/08/2017
Done    'Old Normalise: Estimate & Write'
Running 'Old Normalise: Estimate & Write'
Smoothing by 0 & 8mm..
Coarse Affine Registration..
Fine Affine Registration..
3D CT Norm...
 iteration  1:  FWHM =  6.228 Var = 0.578618
 iteration  2:  FWHM =  4.178 Var = 0.370669
 iteration  3:  FWHM =  4.111 Var = 0.360842
 iteration  4:  FWHM =  4.115 Var = 0.360842
 iteration  5:  FWHM =  4.113 Var = 0.360539
 iteration  6:  FWHM =  4.114 Var = 0.360539
 iteration  7:  FWHM =  4.115 Var = 0.360539
 iteration  8:  FWHM =  4.114 Var = 0.360539
 iteration  9:  FWHM =  4.115 Var = 0.360539
 iteration 10:  FWHM =  4.115 Var = 0.360539
 iteration 11:  FWHM =  4.115 Var = 0.360539
 iteration 12:  FWHM =  4.114 Var = 0.360539
 iteration 13:  FWHM =  4.115 Var = 0.360501
 iteration 14:  FWHM =  4.114 Var = 0.360501
 iteration 15:  FWHM =  4.114 Var = 0.360501
 iteration 16:  FWHM =  4.114 Var = 0.360501
Saving Parameters..

SPM12: spm_write_sn (v4878)                        10:40:23 - 10/08/2017
========================================================================
Completed                               :          10:40:24 - 10/08/2017
Done    'Old Normalise: Estimate & Write'
Running 'Smooth'
Done    'Smooth'
Done

