47

                            < M A T L A B (R) >
                  Copyright 1984-2016 The MathWorks, Inc.
                   R2016b (9.1.0.441655) 64-bit (glnxa64)
                             September 7, 2016

 
To get started, type one of these: helpwin, helpdesk, or demo.
For product information, visit www.mathworks.com.
 
JOB ID: /projects/dsnlab/SFIC_Faces3/scripts/fMRI/ppc/spm/ppc_jobs/sub-L029_t2_ppc_job.mat


------------------------------------------------------------------------
Running job #1
------------------------------------------------------------------------
Running 'File Selector (Batch Mode)'
Done    'File Selector (Batch Mode)'
Running 'Realign: Estimate & Reslice'

SPM12: spm_realign (v6070)                         10:38:49 - 10/08/2017
========================================================================
Completed                               :          10:39:19 - 10/08/2017

SPM12: spm_reslice (v5929)                         10:39:19 - 10/08/2017
========================================================================
Completed                               :          10:39:26 - 10/08/2017
Done    'Realign: Estimate & Reslice'
Running 'Coregister: Estimate'

SPM12: spm_coreg (v6435)                           10:39:27 - 10/08/2017
========================================================================
Completed                               :          10:39:36 - 10/08/2017
Done    'Coregister: Estimate'
Running 'Reorient Images'
Done    'Reorient Images'
Item 'Source Image', field 'val': Number of matching files larger than max allowed, keeping 1/97 files.
Running 'Reorient Images'
Done    'Reorient Images'
Running 'Old Normalise: Estimate & Write'
Smoothing by 0 & 8mm..
Coarse Affine Registration..
Fine Affine Registration..
3D CT Norm...
 iteration  1:  FWHM =  7.423 Var = 0.725516
 iteration  2:  FWHM =  4.747 Var = 0.45188
 iteration  3:  FWHM =  4.641 Var = 0.442159
 iteration  4:  FWHM =  4.617 Var = 0.437936
 iteration  5:  FWHM =  4.618 Var = 0.437936
 iteration  6:  FWHM =  4.614 Var = 0.437936
 iteration  7:  FWHM =  4.611 Var = 0.437936
 iteration  8:  FWHM =  4.612 Var = 0.437936
 iteration  9:  FWHM =  4.611 Var = 0.437936
 iteration 10:  FWHM =  4.612 Var = 0.437936
 iteration 11:  FWHM =  4.611 Var = 0.437936
 iteration 12:  FWHM =  4.611 Var = 0.437936
 iteration 13:  FWHM =  4.611 Var = 0.437936
 iteration 14:  FWHM =  4.611 Var = 0.437936
 iteration 15:  FWHM =  4.611 Var = 0.437936
 iteration 16:  FWHM =  4.611 Var = 0.437936
Saving Parameters..

SPM12: spm_write_sn (v4878)                        10:39:53 - 10/08/2017
========================================================================
Completed                               :          10:39:59 - 10/08/2017
Done    'Old Normalise: Estimate & Write'
Running 'Old Normalise: Estimate & Write'
Smoothing by 0 & 8mm..
Coarse Affine Registration..
Fine Affine Registration..
3D CT Norm...
 iteration  1:  FWHM =   6.64 Var = 0.570174
 iteration  2:  FWHM =  4.272 Var = 0.353534
 iteration  3:  FWHM =  4.192 Var = 0.344378
 iteration  4:  FWHM =  4.193 Var = 0.343914
 iteration  5:  FWHM =  4.191 Var = 0.343914
 iteration  6:  FWHM =  4.192 Var = 0.343914
 iteration  7:  FWHM =  4.191 Var = 0.343914
 iteration  8:  FWHM =  4.191 Var = 0.343914
 iteration  9:  FWHM =  4.191 Var = 0.343914
 iteration 10:  FWHM =  4.192 Var = 0.343914
 iteration 11:  FWHM =  4.191 Var = 0.343914
 iteration 12:  FWHM =  4.191 Var = 0.343914
 iteration 13:  FWHM =  4.191 Var = 0.343914
 iteration 14:  FWHM =  4.191 Var = 0.343914
 iteration 15:  FWHM =  4.191 Var = 0.343914
 iteration 16:  FWHM =  4.191 Var = 0.343914
Saving Parameters..

SPM12: spm_write_sn (v4878)                        10:40:10 - 10/08/2017
========================================================================
Completed                               :          10:40:10 - 10/08/2017
Done    'Old Normalise: Estimate & Write'
Running 'Smooth'
Done    'Smooth'
Done

