65

                            < M A T L A B (R) >
                  Copyright 1984-2016 The MathWorks, Inc.
                   R2016b (9.1.0.441655) 64-bit (glnxa64)
                             September 7, 2016

 
To get started, type one of these: helpwin, helpdesk, or demo.
For product information, visit www.mathworks.com.
 
JOB ID: /projects/dsnlab/SFIC_Faces3/scripts/fMRI/ppc/spm/ppc_jobs/sub-L038_t1_ppc_job.mat


------------------------------------------------------------------------
Running job #1
------------------------------------------------------------------------
Running 'File Selector (Batch Mode)'
Done    'File Selector (Batch Mode)'
Running 'Realign: Estimate & Reslice'

SPM12: spm_realign (v6070)                         10:38:52 - 10/08/2017
========================================================================
Completed                               :          10:39:20 - 10/08/2017

SPM12: spm_reslice (v5929)                         10:39:20 - 10/08/2017
========================================================================
Completed                               :          10:39:29 - 10/08/2017
Done    'Realign: Estimate & Reslice'
Running 'Coregister: Estimate'

SPM12: spm_coreg (v6435)                           10:39:29 - 10/08/2017
========================================================================
Completed                               :          10:39:39 - 10/08/2017
Done    'Coregister: Estimate'
Running 'Reorient Images'
Done    'Reorient Images'
Item 'Source Image', field 'val': Number of matching files larger than max allowed, keeping 1/97 files.
Running 'Reorient Images'
Done    'Reorient Images'
Running 'Old Normalise: Estimate & Write'
Smoothing by 0 & 8mm..
Coarse Affine Registration..
Fine Affine Registration..
3D CT Norm...
 iteration  1:  FWHM =  7.195 Var = 0.701659
 iteration  2:  FWHM =  4.727 Var = 0.448661
 iteration  3:  FWHM =  4.604 Var = 0.432514
 iteration  4:  FWHM =  4.598 Var = 0.431485
 iteration  5:  FWHM =  4.596 Var = 0.430963
 iteration  6:  FWHM =  4.597 Var = 0.430963
 iteration  7:  FWHM =  4.595 Var = 0.430921
 iteration  8:  FWHM =  4.595 Var = 0.430921
 iteration  9:  FWHM =  4.596 Var = 0.430921
 iteration 10:  FWHM =  4.595 Var = 0.430921
 iteration 11:  FWHM =  4.595 Var = 0.430921
 iteration 12:  FWHM =  4.595 Var = 0.430921
 iteration 13:  FWHM =  4.596 Var = 0.430921
 iteration 14:  FWHM =  4.595 Var = 0.430921
 iteration 15:  FWHM =  4.596 Var = 0.430921
 iteration 16:  FWHM =  4.595 Var = 0.430921
Saving Parameters..

SPM12: spm_write_sn (v4878)                        10:39:55 - 10/08/2017
========================================================================
Completed                               :          10:40:01 - 10/08/2017
Done    'Old Normalise: Estimate & Write'
Running 'Old Normalise: Estimate & Write'
Smoothing by 0 & 8mm..
Coarse Affine Registration..
Fine Affine Registration..
3D CT Norm...
 iteration  1:  FWHM =  6.595 Var = 0.588226
 iteration  2:  FWHM =  4.334 Var = 0.374338
 iteration  3:  FWHM =   4.26 Var = 0.36251
 iteration  4:  FWHM =  4.259 Var = 0.360877
 iteration  5:  FWHM =   4.26 Var = 0.360877
 iteration  6:  FWHM =  4.257 Var = 0.360489
 iteration  7:  FWHM =   4.26 Var = 0.360489
 iteration  8:  FWHM =  4.257 Var = 0.360489
 iteration  9:  FWHM =  4.261 Var = 0.360489
 iteration 10:  FWHM =  4.256 Var = 0.360467
 iteration 11:  FWHM =  4.261 Var = 0.360467
 iteration 12:  FWHM =  4.256 Var = 0.360467
 iteration 13:  FWHM =  4.261 Var = 0.360467
 iteration 14:  FWHM =  4.256 Var = 0.360467
 iteration 15:  FWHM =   4.26 Var = 0.360467
 iteration 16:  FWHM =  4.256 Var = 0.360467
Saving Parameters..

SPM12: spm_write_sn (v4878)                        10:40:11 - 10/08/2017
========================================================================
Completed                               :          10:40:11 - 10/08/2017
Done    'Old Normalise: Estimate & Write'
Running 'Smooth'
Done    'Smooth'
Done

