100

                            < M A T L A B (R) >
                  Copyright 1984-2016 The MathWorks, Inc.
                   R2016b (9.1.0.441655) 64-bit (glnxa64)
                             September 7, 2016

 
To get started, type one of these: helpwin, helpdesk, or demo.
For product information, visit www.mathworks.com.
 
JOB ID: /projects/dsnlab/SFIC_Faces3/scripts/fMRI/ppc/spm/ppc_jobs/sub-L057_t2_ppc_job.mat


------------------------------------------------------------------------
Running job #1
------------------------------------------------------------------------
Running 'File Selector (Batch Mode)'
Done    'File Selector (Batch Mode)'
Running 'Realign: Estimate & Reslice'

SPM12: spm_realign (v6070)                         10:38:48 - 10/08/2017
========================================================================
Completed                               :          10:39:12 - 10/08/2017

SPM12: spm_reslice (v5929)                         10:39:12 - 10/08/2017
========================================================================
Completed                               :          10:39:20 - 10/08/2017
Done    'Realign: Estimate & Reslice'
Running 'Coregister: Estimate'

SPM12: spm_coreg (v6435)                           10:39:20 - 10/08/2017
========================================================================
Completed                               :          10:39:29 - 10/08/2017
Done    'Coregister: Estimate'
Running 'Reorient Images'
Done    'Reorient Images'
Item 'Source Image', field 'val': Number of matching files larger than max allowed, keeping 1/97 files.
Running 'Reorient Images'
Done    'Reorient Images'
Running 'Old Normalise: Estimate & Write'
Smoothing by 0 & 8mm..
Coarse Affine Registration..
Fine Affine Registration..
3D CT Norm...
 iteration  1:  FWHM =  8.121 Var = 0.908409
 iteration  2:  FWHM =  5.034 Var = 0.513609
 iteration  3:  FWHM =  4.881 Var = 0.492862
 iteration  4:  FWHM =  4.859 Var = 0.489736
 iteration  5:  FWHM =  4.849 Var = 0.488476
 iteration  6:  FWHM =   4.85 Var = 0.488161
 iteration  7:  FWHM =  4.847 Var = 0.487867
 iteration  8:  FWHM =  4.849 Var = 0.487867
 iteration  9:  FWHM =  4.846 Var = 0.487744
 iteration 10:  FWHM =  4.848 Var = 0.487744
 iteration 11:  FWHM =  4.846 Var = 0.48768
 iteration 12:  FWHM =  4.848 Var = 0.48768
 iteration 13:  FWHM =  4.846 Var = 0.487604
 iteration 14:  FWHM =  4.848 Var = 0.487604
 iteration 15:  FWHM =  4.846 Var = 0.487604
 iteration 16:  FWHM =  4.848 Var = 0.487604
Saving Parameters..

SPM12: spm_write_sn (v4878)                        10:39:46 - 10/08/2017
========================================================================
Completed                               :          10:39:52 - 10/08/2017
Done    'Old Normalise: Estimate & Write'
Running 'Old Normalise: Estimate & Write'
Smoothing by 0 & 8mm..
Coarse Affine Registration..
Fine Affine Registration..
3D CT Norm...
 iteration  1:  FWHM =  7.182 Var = 0.647682
 iteration  2:  FWHM =  4.475 Var = 0.38697
 iteration  3:  FWHM =  4.387 Var = 0.374686
 iteration  4:  FWHM =  4.378 Var = 0.372313
 iteration  5:  FWHM =  4.384 Var = 0.372313
 iteration  6:  FWHM =  4.375 Var = 0.371973
 iteration  7:  FWHM =  4.384 Var = 0.371973
 iteration  8:  FWHM =  4.375 Var = 0.371973
 iteration  9:  FWHM =  4.384 Var = 0.371973
 iteration 10:  FWHM =  4.375 Var = 0.371973
 iteration 11:  FWHM =  4.387 Var = 0.371973
 iteration 12:  FWHM =  4.375 Var = 0.371973
 iteration 13:  FWHM =  4.387 Var = 0.371973
 iteration 14:  FWHM =  4.375 Var = 0.371973
 iteration 15:  FWHM =  4.388 Var = 0.371973
 iteration 16:  FWHM =  4.375 Var = 0.371973
Saving Parameters..

SPM12: spm_write_sn (v4878)                        10:40:04 - 10/08/2017
========================================================================
Completed                               :          10:40:04 - 10/08/2017
Done    'Old Normalise: Estimate & Write'
Running 'Smooth'
Done    'Smooth'
Done

