71

                            < M A T L A B (R) >
                  Copyright 1984-2016 The MathWorks, Inc.
                   R2016b (9.1.0.441655) 64-bit (glnxa64)
                             September 7, 2016

 
To get started, type one of these: helpwin, helpdesk, or demo.
For product information, visit www.mathworks.com.
 
JOB ID: /projects/dsnlab/SFIC_Faces3/scripts/fMRI/ppc/spm/ppc_jobs/sub-L041_t1_ppc_job.mat


------------------------------------------------------------------------
Running job #1
------------------------------------------------------------------------
Running 'File Selector (Batch Mode)'
Done    'File Selector (Batch Mode)'
Running 'Realign: Estimate & Reslice'

SPM12: spm_realign (v6070)                         10:38:53 - 10/08/2017
========================================================================
Completed                               :          10:39:23 - 10/08/2017

SPM12: spm_reslice (v5929)                         10:39:23 - 10/08/2017
========================================================================
Completed                               :          10:39:30 - 10/08/2017
Done    'Realign: Estimate & Reslice'
Running 'Coregister: Estimate'

SPM12: spm_coreg (v6435)                           10:39:31 - 10/08/2017
========================================================================
Completed                               :          10:39:38 - 10/08/2017
Done    'Coregister: Estimate'
Running 'Reorient Images'
Done    'Reorient Images'
Item 'Source Image', field 'val': Number of matching files larger than max allowed, keeping 1/97 files.
Running 'Reorient Images'
Done    'Reorient Images'
Running 'Old Normalise: Estimate & Write'
Smoothing by 0 & 8mm..
Coarse Affine Registration..
Fine Affine Registration..
3D CT Norm...
 iteration  1:  FWHM =  6.864 Var = 0.654721
 iteration  2:  FWHM =  4.566 Var = 0.43092
 iteration  3:  FWHM =  4.494 Var = 0.423632
 iteration  4:  FWHM =  4.488 Var = 0.422923
 iteration  5:  FWHM =   4.49 Var = 0.422579
 iteration  6:  FWHM =  4.486 Var = 0.422579
 iteration  7:  FWHM =   4.49 Var = 0.422517
 iteration  8:  FWHM =  4.486 Var = 0.422517
 iteration  9:  FWHM =   4.49 Var = 0.422517
 iteration 10:  FWHM =  4.485 Var = 0.422517
 iteration 11:  FWHM =   4.49 Var = 0.422463
 iteration 12:  FWHM =  4.485 Var = 0.422463
 iteration 13:  FWHM =   4.49 Var = 0.422443
 iteration 14:  FWHM =  4.485 Var = 0.422443
 iteration 15:  FWHM =   4.49 Var = 0.422443
 iteration 16:  FWHM =  4.485 Var = 0.422443
Saving Parameters..

SPM12: spm_write_sn (v4878)                        10:39:56 - 10/08/2017
========================================================================
Completed                               :          10:40:02 - 10/08/2017
Done    'Old Normalise: Estimate & Write'
Running 'Old Normalise: Estimate & Write'
Smoothing by 0 & 8mm..
Coarse Affine Registration..
Fine Affine Registration..
3D CT Norm...
 iteration  1:  FWHM =  6.407 Var = 0.552539
 iteration  2:  FWHM =  4.242 Var = 0.356471
 iteration  3:  FWHM =  4.199 Var = 0.349455
 iteration  4:  FWHM =  4.192 Var = 0.34817
 iteration  5:  FWHM =  4.196 Var = 0.34817
 iteration  6:  FWHM =  4.193 Var = 0.347986
 iteration  7:  FWHM =  4.198 Var = 0.347986
 iteration  8:  FWHM =  4.199 Var = 0.34797
 iteration  9:  FWHM =  4.197 Var = 0.34797
 iteration 10:  FWHM =  4.199 Var = 0.34797
 iteration 11:  FWHM =  4.198 Var = 0.34797
 iteration 12:  FWHM =  4.199 Var = 0.34797
 iteration 13:  FWHM =  4.198 Var = 0.34797
 iteration 14:  FWHM =  4.199 Var = 0.34797
 iteration 15:  FWHM =  4.198 Var = 0.34797
 iteration 16:  FWHM =  4.199 Var = 0.34797
Saving Parameters..

SPM12: spm_write_sn (v4878)                        10:40:13 - 10/08/2017
========================================================================
Completed                               :          10:40:13 - 10/08/2017
Done    'Old Normalise: Estimate & Write'
Running 'Smooth'
Done    'Smooth'
Done

