131

                            < M A T L A B (R) >
                  Copyright 1984-2016 The MathWorks, Inc.
                   R2016b (9.1.0.441655) 64-bit (glnxa64)
                             September 7, 2016

 
To get started, type one of these: helpwin, helpdesk, or demo.
For product information, visit www.mathworks.com.
 
JOB ID: /projects/dsnlab/SFIC_Faces3/scripts/fMRI/ppc/spm/ppc_jobs/sub-L074_t2_ppc_job.mat


------------------------------------------------------------------------
Running job #1
------------------------------------------------------------------------
Running 'File Selector (Batch Mode)'
Done    'File Selector (Batch Mode)'
Running 'Realign: Estimate & Reslice'

SPM12: spm_realign (v6070)                         10:39:09 - 10/08/2017
========================================================================
Completed                               :          10:39:36 - 10/08/2017

SPM12: spm_reslice (v5929)                         10:39:36 - 10/08/2017
========================================================================
Completed                               :          10:39:46 - 10/08/2017
Done    'Realign: Estimate & Reslice'
Running 'Coregister: Estimate'

SPM12: spm_coreg (v6435)                           10:39:46 - 10/08/2017
========================================================================
Completed                               :          10:39:53 - 10/08/2017
Done    'Coregister: Estimate'
Running 'Reorient Images'
Done    'Reorient Images'
Item 'Source Image', field 'val': Number of matching files larger than max allowed, keeping 1/97 files.
Running 'Reorient Images'
Done    'Reorient Images'
Running 'Old Normalise: Estimate & Write'
Smoothing by 0 & 8mm..
Coarse Affine Registration..
Fine Affine Registration..
3D CT Norm...
 iteration  1:  FWHM =  6.683 Var = 0.657513
 iteration  2:  FWHM =  4.484 Var = 0.409478
 iteration  3:  FWHM =  4.394 Var = 0.398138
 iteration  4:  FWHM =  4.395 Var = 0.397183
 iteration  5:  FWHM =   4.39 Var = 0.397183
 iteration  6:  FWHM =  4.393 Var = 0.397085
 iteration  7:  FWHM =   4.39 Var = 0.397085
 iteration  8:  FWHM =  4.393 Var = 0.396988
 iteration  9:  FWHM =  4.391 Var = 0.396988
 iteration 10:  FWHM =  4.393 Var = 0.396988
 iteration 11:  FWHM =  4.392 Var = 0.396988
 iteration 12:  FWHM =  4.393 Var = 0.396988
 iteration 13:  FWHM =  4.392 Var = 0.396988
 iteration 14:  FWHM =  4.393 Var = 0.396988
 iteration 15:  FWHM =  4.392 Var = 0.396988
 iteration 16:  FWHM =  4.393 Var = 0.396988
Saving Parameters..

SPM12: spm_write_sn (v4878)                        10:40:12 - 10/08/2017
========================================================================
Completed                               :          10:40:18 - 10/08/2017
Done    'Old Normalise: Estimate & Write'
Running 'Old Normalise: Estimate & Write'
Smoothing by 0 & 8mm..
Coarse Affine Registration..
Fine Affine Registration..
3D CT Norm...
 iteration  1:  FWHM =  6.121 Var = 0.566395
 iteration  2:  FWHM =  4.161 Var = 0.344831
 iteration  3:  FWHM =  4.073 Var = 0.333753
 iteration  4:  FWHM =  4.079 Var = 0.332763
 iteration  5:  FWHM =  4.073 Var = 0.332667
 iteration  6:  FWHM =  4.082 Var = 0.332667
 iteration  7:  FWHM =  4.074 Var = 0.332667
 iteration  8:  FWHM =  4.083 Var = 0.332667
 iteration  9:  FWHM =  4.074 Var = 0.332667
 iteration 10:  FWHM =  4.083 Var = 0.332667
 iteration 11:  FWHM =  4.071 Var = 0.332667
 iteration 12:  FWHM =  4.084 Var = 0.332667
 iteration 13:  FWHM =  4.071 Var = 0.332667
 iteration 14:  FWHM =  4.082 Var = 0.332667
 iteration 15:  FWHM =  4.072 Var = 0.332667
 iteration 16:  FWHM =  4.082 Var = 0.332667
Saving Parameters..

SPM12: spm_write_sn (v4878)                        10:40:28 - 10/08/2017
========================================================================
Completed                               :          10:40:28 - 10/08/2017
Done    'Old Normalise: Estimate & Write'
Running 'Smooth'
Done    'Smooth'
Done

