119

                            < M A T L A B (R) >
                  Copyright 1984-2016 The MathWorks, Inc.
                   R2016b (9.1.0.441655) 64-bit (glnxa64)
                             September 7, 2016

 
To get started, type one of these: helpwin, helpdesk, or demo.
For product information, visit www.mathworks.com.
 
JOB ID: /projects/dsnlab/SFIC_Faces3/scripts/fMRI/ppc/spm/ppc_jobs/sub-L070_t1_ppc_job.mat


------------------------------------------------------------------------
Running job #1
------------------------------------------------------------------------
Running 'File Selector (Batch Mode)'
Done    'File Selector (Batch Mode)'
Running 'Realign: Estimate & Reslice'

SPM12: spm_realign (v6070)                         10:39:10 - 10/08/2017
========================================================================
Completed                               :          10:39:34 - 10/08/2017

SPM12: spm_reslice (v5929)                         10:39:35 - 10/08/2017
========================================================================
Completed                               :          10:39:46 - 10/08/2017
Done    'Realign: Estimate & Reslice'
Running 'Coregister: Estimate'

SPM12: spm_coreg (v6435)                           10:39:46 - 10/08/2017
========================================================================
Completed                               :          10:39:54 - 10/08/2017
Done    'Coregister: Estimate'
Running 'Reorient Images'
Done    'Reorient Images'
Item 'Source Image', field 'val': Number of matching files larger than max allowed, keeping 1/97 files.
Running 'Reorient Images'
Done    'Reorient Images'
Running 'Old Normalise: Estimate & Write'
Smoothing by 0 & 8mm..
Coarse Affine Registration..
Fine Affine Registration..
3D CT Norm...
 iteration  1:  FWHM =  6.887 Var = 0.733707
 iteration  2:  FWHM =  4.724 Var = 0.491564
 iteration  3:  FWHM =  4.636 Var = 0.479965
 iteration  4:  FWHM =  4.644 Var = 0.47799
 iteration  5:  FWHM =  4.628 Var = 0.47799
 iteration  6:  FWHM =  4.637 Var = 0.477591
 iteration  7:  FWHM =  4.628 Var = 0.477591
 iteration  8:  FWHM =  4.633 Var = 0.477591
 iteration  9:  FWHM =  4.629 Var = 0.477591
 iteration 10:  FWHM =  4.631 Var = 0.477591
 iteration 11:  FWHM =  4.629 Var = 0.477591
 iteration 12:  FWHM =  4.631 Var = 0.477591
 iteration 13:  FWHM =  4.629 Var = 0.477591
 iteration 14:  FWHM =   4.63 Var = 0.477591
 iteration 15:  FWHM =  4.629 Var = 0.477591
 iteration 16:  FWHM =   4.63 Var = 0.477591
Saving Parameters..

SPM12: spm_write_sn (v4878)                        10:40:10 - 10/08/2017
========================================================================
Completed                               :          10:40:17 - 10/08/2017
Done    'Old Normalise: Estimate & Write'
Running 'Old Normalise: Estimate & Write'
Smoothing by 0 & 8mm..
Coarse Affine Registration..
Fine Affine Registration..
3D CT Norm...
 iteration  1:  FWHM =  6.355 Var = 0.58866
 iteration  2:  FWHM =  4.306 Var = 0.386197
 iteration  3:  FWHM =  4.248 Var = 0.378349
 iteration  4:  FWHM =  4.252 Var = 0.376818
 iteration  5:  FWHM =   4.25 Var = 0.376818
 iteration  6:  FWHM =  4.252 Var = 0.376818
 iteration  7:  FWHM =  4.249 Var = 0.376818
 iteration  8:  FWHM =  4.251 Var = 0.376818
 iteration  9:  FWHM =  4.249 Var = 0.376818
 iteration 10:  FWHM =  4.251 Var = 0.376818
 iteration 11:  FWHM =  4.249 Var = 0.376818
 iteration 12:  FWHM =  4.251 Var = 0.376818
 iteration 13:  FWHM =  4.249 Var = 0.376818
 iteration 14:  FWHM =  4.251 Var = 0.376818
 iteration 15:  FWHM =  4.249 Var = 0.376818
 iteration 16:  FWHM =  4.251 Var = 0.376818
Saving Parameters..

SPM12: spm_write_sn (v4878)                        10:40:27 - 10/08/2017
========================================================================
Completed                               :          10:40:27 - 10/08/2017
Done    'Old Normalise: Estimate & Write'
Running 'Smooth'
Done    'Smooth'
Done

