42

                            < M A T L A B (R) >
                  Copyright 1984-2016 The MathWorks, Inc.
                   R2016b (9.1.0.441655) 64-bit (glnxa64)
                             September 7, 2016

 
To get started, type one of these: helpwin, helpdesk, or demo.
For product information, visit www.mathworks.com.
 
JOB ID: /projects/dsnlab/SFIC_Faces3/scripts/fMRI/ppc/spm/ppc_jobs/sub-L027_t1_ppc_job.mat


------------------------------------------------------------------------
Running job #1
------------------------------------------------------------------------
Running 'File Selector (Batch Mode)'
Done    'File Selector (Batch Mode)'
Running 'Realign: Estimate & Reslice'

SPM12: spm_realign (v6070)                         10:38:47 - 10/08/2017
========================================================================
Completed                               :          10:39:20 - 10/08/2017

SPM12: spm_reslice (v5929)                         10:39:20 - 10/08/2017
========================================================================
Completed                               :          10:39:27 - 10/08/2017
Done    'Realign: Estimate & Reslice'
Running 'Coregister: Estimate'

SPM12: spm_coreg (v6435)                           10:39:27 - 10/08/2017
========================================================================
Completed                               :          10:39:37 - 10/08/2017
Done    'Coregister: Estimate'
Running 'Reorient Images'
Done    'Reorient Images'
Item 'Source Image', field 'val': Number of matching files larger than max allowed, keeping 1/97 files.
Running 'Reorient Images'
Done    'Reorient Images'
Running 'Old Normalise: Estimate & Write'
Smoothing by 0 & 8mm..
Coarse Affine Registration..
Fine Affine Registration..
3D CT Norm...
 iteration  1:  FWHM =  7.062 Var = 0.703842
 iteration  2:  FWHM =  4.726 Var = 0.460512
 iteration  3:  FWHM =  4.634 Var = 0.449178
 iteration  4:  FWHM =  4.622 Var = 0.447758
 iteration  5:  FWHM =  4.616 Var = 0.447007
 iteration  6:  FWHM =  4.616 Var = 0.446872
 iteration  7:  FWHM =  4.613 Var = 0.446776
 iteration  8:  FWHM =  4.615 Var = 0.446776
 iteration  9:  FWHM =  4.613 Var = 0.446776
 iteration 10:  FWHM =  4.615 Var = 0.446776
 iteration 11:  FWHM =  4.613 Var = 0.446776
 iteration 12:  FWHM =  4.615 Var = 0.446746
 iteration 13:  FWHM =  4.613 Var = 0.446746
 iteration 14:  FWHM =  4.615 Var = 0.446746
 iteration 15:  FWHM =  4.613 Var = 0.446746
 iteration 16:  FWHM =  4.615 Var = 0.446746
Saving Parameters..

SPM12: spm_write_sn (v4878)                        10:39:54 - 10/08/2017
========================================================================
Completed                               :          10:40:00 - 10/08/2017
Done    'Old Normalise: Estimate & Write'
Running 'Old Normalise: Estimate & Write'
Smoothing by 0 & 8mm..
Coarse Affine Registration..
Fine Affine Registration..
3D CT Norm...
 iteration  1:  FWHM =  6.369 Var = 0.565379
 iteration  2:  FWHM =  4.264 Var = 0.369419
 iteration  3:  FWHM =  4.232 Var = 0.3627
 iteration  4:  FWHM =  4.223 Var = 0.362601
 iteration  5:  FWHM =  4.229 Var = 0.361886
 iteration  6:  FWHM =  4.223 Var = 0.361861
 iteration  7:  FWHM =  4.227 Var = 0.361848
 iteration  8:  FWHM =  4.225 Var = 0.361848
 iteration  9:  FWHM =  4.226 Var = 0.361781
 iteration 10:  FWHM =  4.225 Var = 0.361781
 iteration 11:  FWHM =  4.226 Var = 0.36177
 iteration 12:  FWHM =  4.225 Var = 0.36177
 iteration 13:  FWHM =  4.226 Var = 0.36177
 iteration 14:  FWHM =  4.225 Var = 0.36177
 iteration 15:  FWHM =  4.226 Var = 0.36177
 iteration 16:  FWHM =  4.225 Var = 0.36177
Saving Parameters..

SPM12: spm_write_sn (v4878)                        10:40:10 - 10/08/2017
========================================================================
Completed                               :          10:40:11 - 10/08/2017
Done    'Old Normalise: Estimate & Write'
Running 'Smooth'
Done    'Smooth'
Done

