76

                            < M A T L A B (R) >
                  Copyright 1984-2016 The MathWorks, Inc.
                   R2016b (9.1.0.441655) 64-bit (glnxa64)
                             September 7, 2016

 
To get started, type one of these: helpwin, helpdesk, or demo.
For product information, visit www.mathworks.com.
 
JOB ID: /projects/dsnlab/SFIC_Faces3/scripts/fMRI/ppc/spm/ppc_jobs/sub-L042_t3_ppc_job.mat


------------------------------------------------------------------------
Running job #1
------------------------------------------------------------------------
Running 'File Selector (Batch Mode)'
Done    'File Selector (Batch Mode)'
Running 'Realign: Estimate & Reslice'

SPM12: spm_realign (v6070)                         10:38:52 - 10/08/2017
========================================================================
Completed                               :          10:39:21 - 10/08/2017

SPM12: spm_reslice (v5929)                         10:39:21 - 10/08/2017
========================================================================
Completed                               :          10:39:29 - 10/08/2017
Done    'Realign: Estimate & Reslice'
Running 'Coregister: Estimate'

SPM12: spm_coreg (v6435)                           10:39:29 - 10/08/2017
========================================================================
Completed                               :          10:39:38 - 10/08/2017
Done    'Coregister: Estimate'
Running 'Reorient Images'
Done    'Reorient Images'
Item 'Source Image', field 'val': Number of matching files larger than max allowed, keeping 1/97 files.
Running 'Reorient Images'
Done    'Reorient Images'
Running 'Old Normalise: Estimate & Write'
Smoothing by 0 & 8mm..
Coarse Affine Registration..
Fine Affine Registration..
3D CT Norm...
 iteration  1:  FWHM =  7.259 Var = 0.720896
 iteration  2:  FWHM =  4.675 Var = 0.434805
 iteration  3:  FWHM =  4.567 Var = 0.422181
 iteration  4:  FWHM =  4.555 Var = 0.421194
 iteration  5:  FWHM =  4.557 Var = 0.42053
 iteration  6:  FWHM =  4.553 Var = 0.42053
 iteration  7:  FWHM =   4.56 Var = 0.42053
 iteration  8:  FWHM =  4.553 Var = 0.42053
 iteration  9:  FWHM =  4.562 Var = 0.42053
 iteration 10:  FWHM =  4.554 Var = 0.42053
 iteration 11:  FWHM =  4.562 Var = 0.42053
 iteration 12:  FWHM =  4.554 Var = 0.42053
 iteration 13:  FWHM =  4.567 Var = 0.42053
 iteration 14:  FWHM =  4.555 Var = 0.42053
 iteration 15:  FWHM =  4.567 Var = 0.42053
 iteration 16:  FWHM =  4.555 Var = 0.42053
Saving Parameters..

SPM12: spm_write_sn (v4878)                        10:39:52 - 10/08/2017
========================================================================
Completed                               :          10:39:59 - 10/08/2017
Done    'Old Normalise: Estimate & Write'
Running 'Old Normalise: Estimate & Write'
Smoothing by 0 & 8mm..
Coarse Affine Registration..
Fine Affine Registration..
3D CT Norm...
 iteration  1:  FWHM =  6.569 Var = 0.56274
 iteration  2:  FWHM =  4.317 Var = 0.346643
 iteration  3:  FWHM =  4.248 Var = 0.338818
 iteration  4:  FWHM =  4.254 Var = 0.338495
 iteration  5:  FWHM =  4.251 Var = 0.338495
 iteration  6:  FWHM =  4.253 Var = 0.33847
 iteration  7:  FWHM =  4.251 Var = 0.33847
 iteration  8:  FWHM =  4.252 Var = 0.33847
 iteration  9:  FWHM =  4.251 Var = 0.33847
 iteration 10:  FWHM =  4.252 Var = 0.33847
 iteration 11:  FWHM =  4.251 Var = 0.33847
 iteration 12:  FWHM =  4.252 Var = 0.33847
 iteration 13:  FWHM =  4.251 Var = 0.33847
 iteration 14:  FWHM =  4.252 Var = 0.33847
 iteration 15:  FWHM =  4.251 Var = 0.33847
 iteration 16:  FWHM =  4.252 Var = 0.33847
Saving Parameters..

SPM12: spm_write_sn (v4878)                        10:40:10 - 10/08/2017
========================================================================
Completed                               :          10:40:10 - 10/08/2017
Done    'Old Normalise: Estimate & Write'
Running 'Smooth'
Done    'Smooth'
Done

