22

                            < M A T L A B (R) >
                  Copyright 1984-2016 The MathWorks, Inc.
                   R2016b (9.1.0.441655) 64-bit (glnxa64)
                             September 7, 2016

 
To get started, type one of these: helpwin, helpdesk, or demo.
For product information, visit www.mathworks.com.
 
JOB ID: /projects/dsnlab/SFIC_Faces3/scripts/fMRI/ppc/spm/ppc_jobs/sub-L016_t2_ppc_job.mat


------------------------------------------------------------------------
Running job #1
------------------------------------------------------------------------
Running 'File Selector (Batch Mode)'
Done    'File Selector (Batch Mode)'
Running 'Realign: Estimate & Reslice'

SPM12: spm_realign (v6070)                         10:38:50 - 10/08/2017
========================================================================
Completed                               :          10:39:20 - 10/08/2017

SPM12: spm_reslice (v5929)                         10:39:20 - 10/08/2017
========================================================================
Completed                               :          10:39:28 - 10/08/2017
Done    'Realign: Estimate & Reslice'
Running 'Coregister: Estimate'

SPM12: spm_coreg (v6435)                           10:39:29 - 10/08/2017
========================================================================
Completed                               :          10:39:37 - 10/08/2017
Done    'Coregister: Estimate'
Running 'Reorient Images'
Done    'Reorient Images'
Item 'Source Image', field 'val': Number of matching files larger than max allowed, keeping 1/97 files.
Running 'Reorient Images'
Done    'Reorient Images'
Running 'Old Normalise: Estimate & Write'
Smoothing by 0 & 8mm..
Coarse Affine Registration..
Fine Affine Registration..
3D CT Norm...
 iteration  1:  FWHM =  7.076 Var = 0.734706
 iteration  2:  FWHM =  4.741 Var = 0.481695
 iteration  3:  FWHM =  4.626 Var = 0.466749
 iteration  4:  FWHM =   4.62 Var = 0.4648
 iteration  5:  FWHM =  4.609 Var = 0.463867
 iteration  6:  FWHM =   4.61 Var = 0.46367
 iteration  7:  FWHM =  4.606 Var = 0.463349
 iteration  8:  FWHM =  4.609 Var = 0.463349
 iteration  9:  FWHM =  4.606 Var = 0.463303
 iteration 10:  FWHM =  4.609 Var = 0.463303
 iteration 11:  FWHM =  4.606 Var = 0.463303
 iteration 12:  FWHM =  4.609 Var = 0.463303
 iteration 13:  FWHM =  4.606 Var = 0.463303
 iteration 14:  FWHM =  4.609 Var = 0.463303
 iteration 15:  FWHM =  4.606 Var = 0.463303
 iteration 16:  FWHM =  4.607 Var = 0.463303
Saving Parameters..

SPM12: spm_write_sn (v4878)                        10:39:51 - 10/08/2017
========================================================================
Completed                               :          10:40:01 - 10/08/2017
Done    'Old Normalise: Estimate & Write'
Running 'Old Normalise: Estimate & Write'
Smoothing by 0 & 8mm..
Coarse Affine Registration..
Fine Affine Registration..
3D CT Norm...
 iteration  1:  FWHM =   6.38 Var = 0.562026
 iteration  2:  FWHM =   4.25 Var = 0.361584
 iteration  3:  FWHM =  4.202 Var = 0.353849
 iteration  4:  FWHM =  4.199 Var = 0.3532
 iteration  5:  FWHM =  4.199 Var = 0.3532
 iteration  6:  FWHM =  4.197 Var = 0.352876
 iteration  7:  FWHM =  4.199 Var = 0.352876
 iteration  8:  FWHM =  4.197 Var = 0.352782
 iteration  9:  FWHM =  4.198 Var = 0.352782
 iteration 10:  FWHM =  4.194 Var = 0.352782
 iteration 11:  FWHM =  4.198 Var = 0.352782
 iteration 12:  FWHM =  4.194 Var = 0.352782
 iteration 13:  FWHM =  4.198 Var = 0.352782
 iteration 14:  FWHM =  4.194 Var = 0.352782
 iteration 15:  FWHM =  4.198 Var = 0.352782
 iteration 16:  FWHM =  4.194 Var = 0.352782
Saving Parameters..

SPM12: spm_write_sn (v4878)                        10:40:10 - 10/08/2017
========================================================================
Completed                               :          10:40:10 - 10/08/2017
Done    'Old Normalise: Estimate & Write'
Running 'Smooth'
Done    'Smooth'
Done

