171

                            < M A T L A B (R) >
                  Copyright 1984-2016 The MathWorks, Inc.
                   R2016b (9.1.0.441655) 64-bit (glnxa64)
                             September 7, 2016

 
To get started, type one of these: helpwin, helpdesk, or demo.
For product information, visit www.mathworks.com.
 
JOB ID: /projects/dsnlab/SFIC_Faces3/scripts/fMRI/ppc/spm/ppc_jobs/sub-L093_t1_ppc_job.mat


------------------------------------------------------------------------
Running job #1
------------------------------------------------------------------------
Running 'File Selector (Batch Mode)'
Done    'File Selector (Batch Mode)'
Running 'Realign: Estimate & Reslice'

SPM12: spm_realign (v6070)                         10:39:12 - 10/08/2017
========================================================================
Completed                               :          10:39:40 - 10/08/2017

SPM12: spm_reslice (v5929)                         10:39:40 - 10/08/2017
========================================================================
Completed                               :          10:39:46 - 10/08/2017
Done    'Realign: Estimate & Reslice'
Running 'Coregister: Estimate'

SPM12: spm_coreg (v6435)                           10:39:47 - 10/08/2017
========================================================================
Completed                               :          10:39:56 - 10/08/2017
Done    'Coregister: Estimate'
Running 'Reorient Images'
Done    'Reorient Images'
Item 'Source Image', field 'val': Number of matching files larger than max allowed, keeping 1/97 files.
Running 'Reorient Images'
Done    'Reorient Images'
Running 'Old Normalise: Estimate & Write'
Smoothing by 0 & 8mm..
Coarse Affine Registration..
Fine Affine Registration..
3D CT Norm...
 iteration  1:  FWHM =  7.423 Var = 0.765778
 iteration  2:  FWHM =  5.003 Var = 0.507737
 iteration  3:  FWHM =  4.855 Var = 0.489882
 iteration  4:  FWHM =  4.831 Var = 0.485867
 iteration  5:  FWHM =  4.815 Var = 0.48438
 iteration  6:  FWHM =  4.813 Var = 0.48397
 iteration  7:  FWHM =  4.808 Var = 0.483529
 iteration  8:  FWHM =  4.808 Var = 0.48341
 iteration  9:  FWHM =  4.807 Var = 0.483371
 iteration 10:  FWHM =  4.809 Var = 0.483371
 iteration 11:  FWHM =  4.807 Var = 0.483269
 iteration 12:  FWHM =  4.809 Var = 0.483269
 iteration 13:  FWHM =  4.807 Var = 0.483234
 iteration 14:  FWHM =  4.808 Var = 0.483234
 iteration 15:  FWHM =  4.807 Var = 0.483234
 iteration 16:  FWHM =  4.809 Var = 0.483234
Saving Parameters..

SPM12: spm_write_sn (v4878)                        10:40:12 - 10/08/2017
========================================================================
Completed                               :          10:40:18 - 10/08/2017
Done    'Old Normalise: Estimate & Write'
Running 'Old Normalise: Estimate & Write'
Smoothing by 0 & 8mm..
Coarse Affine Registration..
Fine Affine Registration..
3D CT Norm...
 iteration  1:  FWHM =  6.634 Var = 0.564824
 iteration  2:  FWHM =  4.346 Var = 0.358876
 iteration  3:  FWHM =  4.265 Var = 0.348841
 iteration  4:  FWHM =  4.272 Var = 0.348163
 iteration  5:  FWHM =  4.261 Var = 0.347785
 iteration  6:  FWHM =  4.266 Var = 0.347699
 iteration  7:  FWHM =  4.262 Var = 0.347667
 iteration  8:  FWHM =  4.266 Var = 0.347667
 iteration  9:  FWHM =  4.262 Var = 0.347667
 iteration 10:  FWHM =  4.266 Var = 0.347667
 iteration 11:  FWHM =  4.263 Var = 0.347622
 iteration 12:  FWHM =  4.266 Var = 0.347622
 iteration 13:  FWHM =  4.262 Var = 0.347622
 iteration 14:  FWHM =  4.266 Var = 0.347622
 iteration 15:  FWHM =  4.263 Var = 0.347619
 iteration 16:  FWHM =  4.265 Var = 0.347619
Saving Parameters..

SPM12: spm_write_sn (v4878)                        10:40:28 - 10/08/2017
========================================================================
Completed                               :          10:40:28 - 10/08/2017
Done    'Old Normalise: Estimate & Write'
Running 'Smooth'
Done    'Smooth'
Done

