91

                            < M A T L A B (R) >
                  Copyright 1984-2016 The MathWorks, Inc.
                   R2016b (9.1.0.441655) 64-bit (glnxa64)
                             September 7, 2016

 
To get started, type one of these: helpwin, helpdesk, or demo.
For product information, visit www.mathworks.com.
 
JOB ID: /projects/dsnlab/SFIC_Faces3/scripts/fMRI/ppc/spm/ppc_jobs/sub-L052_t1_ppc_job.mat


------------------------------------------------------------------------
Running job #1
------------------------------------------------------------------------
Running 'File Selector (Batch Mode)'
Done    'File Selector (Batch Mode)'
Running 'Realign: Estimate & Reslice'

SPM12: spm_realign (v6070)                         10:38:47 - 10/08/2017
========================================================================
Completed                               :          10:39:12 - 10/08/2017

SPM12: spm_reslice (v5929)                         10:39:12 - 10/08/2017
========================================================================
Completed                               :          10:39:20 - 10/08/2017
Done    'Realign: Estimate & Reslice'
Running 'Coregister: Estimate'

SPM12: spm_coreg (v6435)                           10:39:20 - 10/08/2017
========================================================================
Completed                               :          10:39:30 - 10/08/2017
Done    'Coregister: Estimate'
Running 'Reorient Images'
Done    'Reorient Images'
Item 'Source Image', field 'val': Number of matching files larger than max allowed, keeping 1/97 files.
Running 'Reorient Images'
Done    'Reorient Images'
Running 'Old Normalise: Estimate & Write'
Smoothing by 0 & 8mm..
Coarse Affine Registration..
Fine Affine Registration..
3D CT Norm...
 iteration  1:  FWHM =  7.109 Var = 0.77442
 iteration  2:  FWHM =  4.935 Var = 0.512555
 iteration  3:  FWHM =  4.769 Var = 0.494624
 iteration  4:  FWHM =  4.759 Var = 0.490808
 iteration  5:  FWHM =  4.736 Var = 0.489481
 iteration  6:  FWHM =  4.741 Var = 0.488966
 iteration  7:  FWHM =  4.731 Var = 0.488574
 iteration  8:  FWHM =  4.737 Var = 0.488574
 iteration  9:  FWHM =  4.732 Var = 0.488574
 iteration 10:  FWHM =  4.736 Var = 0.488574
 iteration 11:  FWHM =  4.732 Var = 0.488574
 iteration 12:  FWHM =  4.736 Var = 0.488574
 iteration 13:  FWHM =  4.732 Var = 0.488574
 iteration 14:  FWHM =  4.736 Var = 0.488574
 iteration 15:  FWHM =  4.732 Var = 0.488574
 iteration 16:  FWHM =  4.736 Var = 0.488574
Saving Parameters..

SPM12: spm_write_sn (v4878)                        10:39:44 - 10/08/2017
========================================================================
Completed                               :          10:39:50 - 10/08/2017
Done    'Old Normalise: Estimate & Write'
Running 'Old Normalise: Estimate & Write'
Smoothing by 0 & 8mm..
Coarse Affine Registration..
Fine Affine Registration..
3D CT Norm...
 iteration  1:  FWHM =   6.38 Var = 0.583318
 iteration  2:  FWHM =  4.339 Var = 0.376048
 iteration  3:  FWHM =  4.275 Var = 0.366934
 iteration  4:  FWHM =  4.277 Var = 0.365855
 iteration  5:  FWHM =  4.272 Var = 0.365692
 iteration  6:  FWHM =  4.271 Var = 0.365584
 iteration  7:  FWHM =  4.271 Var = 0.365584
 iteration  8:  FWHM =  4.271 Var = 0.365584
 iteration  9:  FWHM =  4.271 Var = 0.365584
 iteration 10:  FWHM =  4.271 Var = 0.365584
 iteration 11:  FWHM =  4.273 Var = 0.365584
 iteration 12:  FWHM =  4.271 Var = 0.365584
 iteration 13:  FWHM =  4.272 Var = 0.365584
 iteration 14:  FWHM =  4.271 Var = 0.365584
 iteration 15:  FWHM =  4.273 Var = 0.365584
 iteration 16:  FWHM =  4.271 Var = 0.365584
Saving Parameters..

SPM12: spm_write_sn (v4878)                        10:39:59 - 10/08/2017
========================================================================
Completed                               :          10:39:59 - 10/08/2017
Done    'Old Normalise: Estimate & Write'
Running 'Smooth'
Done    'Smooth'
Done

