11

                            < M A T L A B (R) >
                  Copyright 1984-2016 The MathWorks, Inc.
                   R2016b (9.1.0.441655) 64-bit (glnxa64)
                             September 7, 2016

 
To get started, type one of these: helpwin, helpdesk, or demo.
For product information, visit www.mathworks.com.
 
JOB ID: /projects/dsnlab/SFIC_Faces3/scripts/fMRI/ppc/spm/ppc_jobs/sub-L007_t2_ppc_job.mat


------------------------------------------------------------------------
Running job #1
------------------------------------------------------------------------
Running 'File Selector (Batch Mode)'
Done    'File Selector (Batch Mode)'
Running 'Realign: Estimate & Reslice'

SPM12: spm_realign (v6070)                         10:38:50 - 10/08/2017
========================================================================
Completed                               :          10:39:21 - 10/08/2017

SPM12: spm_reslice (v5929)                         10:39:21 - 10/08/2017
========================================================================
Completed                               :          10:39:29 - 10/08/2017
Done    'Realign: Estimate & Reslice'
Running 'Coregister: Estimate'

SPM12: spm_coreg (v6435)                           10:39:30 - 10/08/2017
========================================================================
Completed                               :          10:39:39 - 10/08/2017
Done    'Coregister: Estimate'
Running 'Reorient Images'
Done    'Reorient Images'
Item 'Source Image', field 'val': Number of matching files larger than max allowed, keeping 1/97 files.
Running 'Reorient Images'
Done    'Reorient Images'
Running 'Old Normalise: Estimate & Write'
Smoothing by 0 & 8mm..
Coarse Affine Registration..
Fine Affine Registration..
3D CT Norm...
 iteration  1:  FWHM =  7.065 Var = 0.658746
 iteration  2:  FWHM =   4.71 Var = 0.432746
 iteration  3:  FWHM =  4.607 Var = 0.421691
 iteration  4:  FWHM =  4.591 Var = 0.420458
 iteration  5:  FWHM =  4.586 Var = 0.419989
 iteration  6:  FWHM =  4.584 Var = 0.419875
 iteration  7:  FWHM =  4.583 Var = 0.419746
 iteration  8:  FWHM =  4.584 Var = 0.419746
 iteration  9:  FWHM =  4.583 Var = 0.419697
 iteration 10:  FWHM =  4.584 Var = 0.419697
 iteration 11:  FWHM =  4.583 Var = 0.419697
 iteration 12:  FWHM =  4.591 Var = 0.419697
 iteration 13:  FWHM =  4.582 Var = 0.419693
 iteration 14:  FWHM =  4.591 Var = 0.419677
 iteration 15:  FWHM =  4.582 Var = 0.419655
 iteration 16:  FWHM =  4.591 Var = 0.419655
Saving Parameters..

SPM12: spm_write_sn (v4878)                        10:39:55 - 10/08/2017
========================================================================
Completed                               :          10:40:04 - 10/08/2017
Done    'Old Normalise: Estimate & Write'
Running 'Old Normalise: Estimate & Write'
Smoothing by 0 & 8mm..
Coarse Affine Registration..
Fine Affine Registration..
3D CT Norm...
 iteration  1:  FWHM =  6.419 Var = 0.571973
 iteration  2:  FWHM =  4.251 Var = 0.363783
 iteration  3:  FWHM =  4.197 Var = 0.354892
 iteration  4:  FWHM =  4.187 Var = 0.354207
 iteration  5:  FWHM =  4.192 Var = 0.353757
 iteration  6:  FWHM =  4.186 Var = 0.353757
 iteration  7:  FWHM =  4.189 Var = 0.353637
 iteration  8:  FWHM =  4.186 Var = 0.353637
 iteration  9:  FWHM =  4.188 Var = 0.353637
 iteration 10:  FWHM =  4.186 Var = 0.353637
 iteration 11:  FWHM =  4.188 Var = 0.35361
 iteration 12:  FWHM =  4.186 Var = 0.35361
 iteration 13:  FWHM =  4.188 Var = 0.353592
 iteration 14:  FWHM =  4.186 Var = 0.353592
 iteration 15:  FWHM =  4.188 Var = 0.353592
 iteration 16:  FWHM =  4.186 Var = 0.353592
Saving Parameters..

SPM12: spm_write_sn (v4878)                        10:40:14 - 10/08/2017
========================================================================
Completed                               :          10:40:14 - 10/08/2017
Done    'Old Normalise: Estimate & Write'
Running 'Smooth'
Done    'Smooth'
Done

