112

                            < M A T L A B (R) >
                  Copyright 1984-2016 The MathWorks, Inc.
                   R2016b (9.1.0.441655) 64-bit (glnxa64)
                             September 7, 2016

 
To get started, type one of these: helpwin, helpdesk, or demo.
For product information, visit www.mathworks.com.
 
JOB ID: /projects/dsnlab/SFIC_Faces3/scripts/fMRI/ppc/spm/ppc_jobs/sub-L063_t1_ppc_job.mat


------------------------------------------------------------------------
Running job #1
------------------------------------------------------------------------
Running 'File Selector (Batch Mode)'
Done    'File Selector (Batch Mode)'
Running 'Realign: Estimate & Reslice'

SPM12: spm_realign (v6070)                         10:39:09 - 10/08/2017
========================================================================
Completed                               :          10:39:35 - 10/08/2017

SPM12: spm_reslice (v5929)                         10:39:35 - 10/08/2017
========================================================================
Completed                               :          10:39:46 - 10/08/2017
Done    'Realign: Estimate & Reslice'
Running 'Coregister: Estimate'

SPM12: spm_coreg (v6435)                           10:39:46 - 10/08/2017
========================================================================
Completed                               :          10:39:54 - 10/08/2017
Done    'Coregister: Estimate'
Running 'Reorient Images'
Done    'Reorient Images'
Item 'Source Image', field 'val': Number of matching files larger than max allowed, keeping 1/97 files.
Running 'Reorient Images'
Done    'Reorient Images'
Running 'Old Normalise: Estimate & Write'
Smoothing by 0 & 8mm..
Coarse Affine Registration..
Fine Affine Registration..
3D CT Norm...
 iteration  1:  FWHM =  7.187 Var = 0.750952
 iteration  2:  FWHM =  4.713 Var = 0.476732
 iteration  3:  FWHM =  4.641 Var = 0.464976
 iteration  4:  FWHM =  4.637 Var = 0.464219
 iteration  5:  FWHM =  4.631 Var = 0.463512
 iteration  6:  FWHM =   4.63 Var = 0.463376
 iteration  7:  FWHM =   4.63 Var = 0.463328
 iteration  8:  FWHM =   4.63 Var = 0.463232
 iteration  9:  FWHM =   4.63 Var = 0.463232
 iteration 10:  FWHM =   4.63 Var = 0.463213
 iteration 11:  FWHM =  4.631 Var = 0.463213
 iteration 12:  FWHM =  4.629 Var = 0.463213
 iteration 13:  FWHM =  4.631 Var = 0.463213
 iteration 14:  FWHM =   4.63 Var = 0.463198
 iteration 15:  FWHM =   4.63 Var = 0.463198
 iteration 16:  FWHM =   4.63 Var = 0.463198
Saving Parameters..

SPM12: spm_write_sn (v4878)                        10:40:09 - 10/08/2017
========================================================================
Completed                               :          10:40:15 - 10/08/2017
Done    'Old Normalise: Estimate & Write'
Running 'Old Normalise: Estimate & Write'
Smoothing by 0 & 8mm..
Coarse Affine Registration..
Fine Affine Registration..
3D CT Norm...
 iteration  1:  FWHM =  6.691 Var = 0.622664
 iteration  2:  FWHM =  4.405 Var = 0.385555
 iteration  3:  FWHM =  4.317 Var = 0.374635
 iteration  4:  FWHM =  4.323 Var = 0.374036
 iteration  5:  FWHM =  4.315 Var = 0.373375
 iteration  6:  FWHM =  4.318 Var = 0.373375
 iteration  7:  FWHM =  4.316 Var = 0.373375
 iteration  8:  FWHM =  4.318 Var = 0.373375
 iteration  9:  FWHM =  4.316 Var = 0.373375
 iteration 10:  FWHM =  4.317 Var = 0.373375
 iteration 11:  FWHM =  4.316 Var = 0.373375
 iteration 12:  FWHM =  4.317 Var = 0.373375
 iteration 13:  FWHM =  4.316 Var = 0.373375
 iteration 14:  FWHM =  4.317 Var = 0.373375
 iteration 15:  FWHM =  4.316 Var = 0.373375
 iteration 16:  FWHM =  4.317 Var = 0.373375
Saving Parameters..

SPM12: spm_write_sn (v4878)                        10:40:25 - 10/08/2017
========================================================================
Completed                               :          10:40:25 - 10/08/2017
Done    'Old Normalise: Estimate & Write'
Running 'Smooth'
Done    'Smooth'
Done

