95

                            < M A T L A B (R) >
                  Copyright 1984-2016 The MathWorks, Inc.
                   R2016b (9.1.0.441655) 64-bit (glnxa64)
                             September 7, 2016

 
To get started, type one of these: helpwin, helpdesk, or demo.
For product information, visit www.mathworks.com.
 
JOB ID: /projects/dsnlab/SFIC_Faces3/scripts/fMRI/ppc/spm/ppc_jobs/sub-L055_t1_ppc_job.mat


------------------------------------------------------------------------
Running job #1
------------------------------------------------------------------------
Running 'File Selector (Batch Mode)'
Done    'File Selector (Batch Mode)'
Running 'Realign: Estimate & Reslice'

SPM12: spm_realign (v6070)                         10:38:47 - 10/08/2017
========================================================================
Completed                               :          10:39:14 - 10/08/2017

SPM12: spm_reslice (v5929)                         10:39:14 - 10/08/2017
========================================================================
Completed                               :          10:39:21 - 10/08/2017
Done    'Realign: Estimate & Reslice'
Running 'Coregister: Estimate'

SPM12: spm_coreg (v6435)                           10:39:22 - 10/08/2017
========================================================================
Completed                               :          10:39:30 - 10/08/2017
Done    'Coregister: Estimate'
Running 'Reorient Images'
Done    'Reorient Images'
Item 'Source Image', field 'val': Number of matching files larger than max allowed, keeping 1/97 files.
Running 'Reorient Images'
Done    'Reorient Images'
Running 'Old Normalise: Estimate & Write'
Smoothing by 0 & 8mm..
Coarse Affine Registration..
Fine Affine Registration..
3D CT Norm...
 iteration  1:  FWHM =   6.56 Var = 0.661615
 iteration  2:  FWHM =  4.488 Var = 0.444547
 iteration  3:  FWHM =  4.425 Var = 0.43527
 iteration  4:  FWHM =  4.419 Var = 0.434151
 iteration  5:  FWHM =  4.415 Var = 0.433875
 iteration  6:  FWHM =  4.416 Var = 0.433779
 iteration  7:  FWHM =  4.416 Var = 0.433736
 iteration  8:  FWHM =  4.415 Var = 0.433736
 iteration  9:  FWHM =  4.417 Var = 0.433736
 iteration 10:  FWHM =  4.414 Var = 0.433736
 iteration 11:  FWHM =  4.417 Var = 0.433736
 iteration 12:  FWHM =  4.414 Var = 0.433736
 iteration 13:  FWHM =  4.417 Var = 0.433736
 iteration 14:  FWHM =  4.414 Var = 0.433736
 iteration 15:  FWHM =  4.417 Var = 0.433736
 iteration 16:  FWHM =  4.414 Var = 0.433736
Saving Parameters..

SPM12: spm_write_sn (v4878)                        10:39:44 - 10/08/2017
========================================================================
Completed                               :          10:39:50 - 10/08/2017
Done    'Old Normalise: Estimate & Write'
Running 'Old Normalise: Estimate & Write'
Smoothing by 0 & 8mm..
Coarse Affine Registration..
Fine Affine Registration..
3D CT Norm...
 iteration  1:  FWHM =  6.106 Var = 0.56073
 iteration  2:  FWHM =  4.156 Var = 0.365011
 iteration  3:  FWHM =  4.101 Var = 0.356999
 iteration  4:  FWHM =    4.1 Var = 0.356091
 iteration  5:  FWHM =  4.098 Var = 0.355886
 iteration  6:  FWHM =  4.098 Var = 0.355829
 iteration  7:  FWHM =  4.098 Var = 0.355723
 iteration  8:  FWHM =  4.098 Var = 0.355648
 iteration  9:  FWHM =  4.097 Var = 0.355615
 iteration 10:  FWHM =  4.098 Var = 0.355615
 iteration 11:  FWHM =  4.097 Var = 0.355615
 iteration 12:  FWHM =  4.099 Var = 0.355615
 iteration 13:  FWHM =  4.098 Var = 0.355615
 iteration 14:  FWHM =  4.099 Var = 0.355615
 iteration 15:  FWHM =  4.098 Var = 0.355615
 iteration 16:  FWHM =  4.099 Var = 0.355615
Saving Parameters..

SPM12: spm_write_sn (v4878)                        10:39:59 - 10/08/2017
========================================================================
Completed                               :          10:40:00 - 10/08/2017
Done    'Old Normalise: Estimate & Write'
Running 'Smooth'
Done    'Smooth'
Done

