81

                            < M A T L A B (R) >
                  Copyright 1984-2016 The MathWorks, Inc.
                   R2016b (9.1.0.441655) 64-bit (glnxa64)
                             September 7, 2016

 
To get started, type one of these: helpwin, helpdesk, or demo.
For product information, visit www.mathworks.com.
 
JOB ID: /projects/dsnlab/SFIC_Faces3/scripts/fMRI/ppc/spm/ppc_jobs/sub-L046_t1_ppc_job.mat


------------------------------------------------------------------------
Running job #1
------------------------------------------------------------------------
Running 'File Selector (Batch Mode)'
Done    'File Selector (Batch Mode)'
Running 'Realign: Estimate & Reslice'

SPM12: spm_realign (v6070)                         10:38:52 - 10/08/2017
========================================================================
Completed                               :          10:39:19 - 10/08/2017

SPM12: spm_reslice (v5929)                         10:39:19 - 10/08/2017
========================================================================
Completed                               :          10:39:28 - 10/08/2017
Done    'Realign: Estimate & Reslice'
Running 'Coregister: Estimate'

SPM12: spm_coreg (v6435)                           10:39:28 - 10/08/2017
========================================================================
Completed                               :          10:39:36 - 10/08/2017
Done    'Coregister: Estimate'
Running 'Reorient Images'
Done    'Reorient Images'
Item 'Source Image', field 'val': Number of matching files larger than max allowed, keeping 1/97 files.
Running 'Reorient Images'
Done    'Reorient Images'
Running 'Old Normalise: Estimate & Write'
Smoothing by 0 & 8mm..
Coarse Affine Registration..
Fine Affine Registration..
3D CT Norm...
 iteration  1:  FWHM =  7.503 Var = 0.769474
 iteration  2:  FWHM =   4.82 Var = 0.469478
 iteration  3:  FWHM =  4.648 Var = 0.447375
 iteration  4:  FWHM =  4.629 Var = 0.443048
 iteration  5:  FWHM =   4.62 Var = 0.442777
 iteration  6:  FWHM =   4.62 Var = 0.442203
 iteration  7:  FWHM =  4.617 Var = 0.442203
 iteration  8:  FWHM =  4.618 Var = 0.44207
 iteration  9:  FWHM =  4.615 Var = 0.44207
 iteration 10:  FWHM =  4.618 Var = 0.441979
 iteration 11:  FWHM =  4.615 Var = 0.441979
 iteration 12:  FWHM =  4.618 Var = 0.441979
 iteration 13:  FWHM =  4.615 Var = 0.441979
 iteration 14:  FWHM =  4.618 Var = 0.441979
 iteration 15:  FWHM =  4.615 Var = 0.441979
 iteration 16:  FWHM =  4.618 Var = 0.441979
Saving Parameters..

SPM12: spm_write_sn (v4878)                        10:39:52 - 10/08/2017
========================================================================
Completed                               :          10:39:59 - 10/08/2017
Done    'Old Normalise: Estimate & Write'
Running 'Old Normalise: Estimate & Write'
Smoothing by 0 & 8mm..
Coarse Affine Registration..
Fine Affine Registration..
3D CT Norm...
 iteration  1:  FWHM =  6.817 Var = 0.606923
 iteration  2:  FWHM =  4.313 Var = 0.358452
 iteration  3:  FWHM =  4.213 Var = 0.344405
 iteration  4:  FWHM =  4.217 Var = 0.343885
 iteration  5:  FWHM =  4.212 Var = 0.343454
 iteration  6:  FWHM =  4.214 Var = 0.343454
 iteration  7:  FWHM =  4.214 Var = 0.343381
 iteration  8:  FWHM =  4.213 Var = 0.343381
 iteration  9:  FWHM =  4.213 Var = 0.343334
 iteration 10:  FWHM =  4.213 Var = 0.343334
 iteration 11:  FWHM =  4.213 Var = 0.343283
 iteration 12:  FWHM =  4.212 Var = 0.343283
 iteration 13:  FWHM =  4.213 Var = 0.343283
 iteration 14:  FWHM =  4.213 Var = 0.343283
 iteration 15:  FWHM =  4.213 Var = 0.34327
 iteration 16:  FWHM =  4.212 Var = 0.34327
Saving Parameters..

SPM12: spm_write_sn (v4878)                        10:40:10 - 10/08/2017
========================================================================
Completed                               :          10:40:10 - 10/08/2017
Done    'Old Normalise: Estimate & Write'
Running 'Smooth'
Done    'Smooth'
Done

