151

                            < M A T L A B (R) >
                  Copyright 1984-2016 The MathWorks, Inc.
                   R2016b (9.1.0.441655) 64-bit (glnxa64)
                             September 7, 2016

 
To get started, type one of these: helpwin, helpdesk, or demo.
For product information, visit www.mathworks.com.
 
JOB ID: /projects/dsnlab/SFIC_Faces3/scripts/fMRI/ppc/spm/ppc_jobs/sub-L084_t2_ppc_job.mat


------------------------------------------------------------------------
Running job #1
------------------------------------------------------------------------
Running 'File Selector (Batch Mode)'
Done    'File Selector (Batch Mode)'
Running 'Realign: Estimate & Reslice'

SPM12: spm_realign (v6070)                         10:39:11 - 10/08/2017
========================================================================
Completed                               :          10:39:37 - 10/08/2017

SPM12: spm_reslice (v5929)                         10:39:37 - 10/08/2017
========================================================================
Completed                               :          10:39:46 - 10/08/2017
Done    'Realign: Estimate & Reslice'
Running 'Coregister: Estimate'

SPM12: spm_coreg (v6435)                           10:39:46 - 10/08/2017
========================================================================
Failed  'Coregister: Estimate'
Error using spm_vol>spm_vol_hdr (line 80)
File "/projects/dsnlab/SFIC_Faces3/fMRI/subjects/sub-L084/ses-wave2/structurals/b_hires.nii" does not exist.
In file "/projects/dsnlab/SPM12/spm_vol.m" (v5958), function "spm_vol_hdr" at line 80.
In file "/projects/dsnlab/SPM12/spm_vol.m" (v5958), function "spm_vol" at line 61.
In file "/projects/dsnlab/SPM12/spm_coreg.m" (v6435), function "spm_coreg" at line 117.
In file "/gpfs/projects/dsnlab/SPM12/config/spm_run_coreg.m" (v5956), function "spm_run_coreg" at line 22.

No executable modules, but still unresolved dependencies or incomplete module inputs.
The following modules did not run:
Failed: Coregister: Estimate
Skipped: Reorient Images
Skipped: Reorient Images
Skipped: Old Normalise: Estimate & Write
Skipped: Old Normalise: Estimate & Write
Skipped: Smooth

>> 