155

                            < M A T L A B (R) >
                  Copyright 1984-2016 The MathWorks, Inc.
                   R2016b (9.1.0.441655) 64-bit (glnxa64)
                             September 7, 2016

 
To get started, type one of these: helpwin, helpdesk, or demo.
For product information, visit www.mathworks.com.
 
JOB ID: /projects/dsnlab/SFIC_Faces3/scripts/fMRI/ppc/spm/ppc_jobs/sub-L086_t2_ppc_job.mat


------------------------------------------------------------------------
Running job #1
------------------------------------------------------------------------
Running 'File Selector (Batch Mode)'
Done    'File Selector (Batch Mode)'
Running 'Realign: Estimate & Reslice'

SPM12: spm_realign (v6070)                         10:39:11 - 10/08/2017
========================================================================
Completed                               :          10:39:37 - 10/08/2017

SPM12: spm_reslice (v5929)                         10:39:37 - 10/08/2017
========================================================================
Completed                               :          10:39:45 - 10/08/2017
Done    'Realign: Estimate & Reslice'
Running 'Coregister: Estimate'

SPM12: spm_coreg (v6435)                           10:39:46 - 10/08/2017
========================================================================
Completed                               :          10:39:53 - 10/08/2017
Done    'Coregister: Estimate'
Running 'Reorient Images'
Done    'Reorient Images'
Item 'Source Image', field 'val': Number of matching files larger than max allowed, keeping 1/97 files.
Running 'Reorient Images'
Done    'Reorient Images'
Running 'Old Normalise: Estimate & Write'
Smoothing by 0 & 8mm..
Coarse Affine Registration..
Fine Affine Registration..
3D CT Norm...
 iteration  1:  FWHM =  6.663 Var = 0.632075
 iteration  2:  FWHM =  4.516 Var = 0.419541
 iteration  3:  FWHM =  4.473 Var = 0.409438
 iteration  4:  FWHM =  4.469 Var = 0.408558
 iteration  5:  FWHM =  4.464 Var = 0.408359
 iteration  6:  FWHM =   4.47 Var = 0.408359
 iteration  7:  FWHM =  4.464 Var = 0.408359
 iteration  8:  FWHM =  4.471 Var = 0.408359
 iteration  9:  FWHM =  4.465 Var = 0.408359
 iteration 10:  FWHM =  4.471 Var = 0.408359
 iteration 11:  FWHM =  4.465 Var = 0.408359
 iteration 12:  FWHM =  4.471 Var = 0.408359
 iteration 13:  FWHM =  4.465 Var = 0.408359
 iteration 14:  FWHM =  4.471 Var = 0.408359
 iteration 15:  FWHM =  4.465 Var = 0.408359
 iteration 16:  FWHM =  4.471 Var = 0.408359
Saving Parameters..

SPM12: spm_write_sn (v4878)                        10:40:10 - 10/08/2017
========================================================================
Completed                               :          10:40:16 - 10/08/2017
Done    'Old Normalise: Estimate & Write'
Running 'Old Normalise: Estimate & Write'
Smoothing by 0 & 8mm..
Coarse Affine Registration..
Fine Affine Registration..
3D CT Norm...
 iteration  1:  FWHM =   6.07 Var = 0.549218
 iteration  2:  FWHM =  4.107 Var = 0.354916
 iteration  3:  FWHM =   4.07 Var = 0.347008
 iteration  4:  FWHM =  4.064 Var = 0.345598
 iteration  5:  FWHM =  4.069 Var = 0.345598
 iteration  6:  FWHM =  4.064 Var = 0.345212
 iteration  7:  FWHM =  4.067 Var = 0.345212
 iteration  8:  FWHM =  4.067 Var = 0.345196
 iteration  9:  FWHM =  4.067 Var = 0.345196
 iteration 10:  FWHM =  4.068 Var = 0.345196
 iteration 11:  FWHM =  4.067 Var = 0.345196
 iteration 12:  FWHM =  4.068 Var = 0.345196
 iteration 13:  FWHM =  4.067 Var = 0.345196
 iteration 14:  FWHM =  4.068 Var = 0.345196
 iteration 15:  FWHM =  4.067 Var = 0.345196
 iteration 16:  FWHM =  4.068 Var = 0.345196
Saving Parameters..

SPM12: spm_write_sn (v4878)                        10:40:26 - 10/08/2017
========================================================================
Completed                               :          10:40:27 - 10/08/2017
Done    'Old Normalise: Estimate & Write'
Running 'Smooth'
Done    'Smooth'
Done

