103

                            < M A T L A B (R) >
                  Copyright 1984-2016 The MathWorks, Inc.
                   R2016b (9.1.0.441655) 64-bit (glnxa64)
                             September 7, 2016

 
To get started, type one of these: helpwin, helpdesk, or demo.
For product information, visit www.mathworks.com.
 
JOB ID: /projects/dsnlab/SFIC_Faces3/scripts/fMRI/ppc/spm/ppc_jobs/sub-L058_t2_ppc_job.mat


------------------------------------------------------------------------
Running job #1
------------------------------------------------------------------------
Running 'File Selector (Batch Mode)'
Done    'File Selector (Batch Mode)'
Running 'Realign: Estimate & Reslice'

SPM12: spm_realign (v6070)                         10:38:49 - 10/08/2017
========================================================================
Completed                               :          10:39:15 - 10/08/2017

SPM12: spm_reslice (v5929)                         10:39:15 - 10/08/2017
========================================================================
Completed                               :          10:39:22 - 10/08/2017
Done    'Realign: Estimate & Reslice'
Running 'Coregister: Estimate'

SPM12: spm_coreg (v6435)                           10:39:23 - 10/08/2017
========================================================================
Completed                               :          10:39:34 - 10/08/2017
Done    'Coregister: Estimate'
Running 'Reorient Images'
Done    'Reorient Images'
Item 'Source Image', field 'val': Number of matching files larger than max allowed, keeping 1/97 files.
Running 'Reorient Images'
Done    'Reorient Images'
Running 'Old Normalise: Estimate & Write'
Smoothing by 0 & 8mm..
Coarse Affine Registration..
Fine Affine Registration..
3D CT Norm...
 iteration  1:  FWHM =  7.269 Var = 0.730812
 iteration  2:  FWHM =   4.77 Var = 0.448807
 iteration  3:  FWHM =  4.615 Var = 0.429884
 iteration  4:  FWHM =  4.592 Var = 0.426415
 iteration  5:  FWHM =  4.587 Var = 0.425781
 iteration  6:  FWHM =  4.585 Var = 0.425302
 iteration  7:  FWHM =  4.584 Var = 0.425252
 iteration  8:  FWHM =  4.583 Var = 0.425252
 iteration  9:  FWHM =  4.584 Var = 0.424994
 iteration 10:  FWHM =  4.584 Var = 0.424994
 iteration 11:  FWHM =  4.583 Var = 0.424994
 iteration 12:  FWHM =  4.583 Var = 0.424994
 iteration 13:  FWHM =  4.584 Var = 0.424961
 iteration 14:  FWHM =  4.583 Var = 0.424961
 iteration 15:  FWHM =  4.583 Var = 0.424961
 iteration 16:  FWHM =  4.583 Var = 0.424961
Saving Parameters..

SPM12: spm_write_sn (v4878)                        10:39:53 - 10/08/2017
========================================================================
Completed                               :          10:39:58 - 10/08/2017
Done    'Old Normalise: Estimate & Write'
Running 'Old Normalise: Estimate & Write'
Smoothing by 0 & 8mm..
Coarse Affine Registration..
Fine Affine Registration..
3D CT Norm...
 iteration  1:  FWHM =  6.511 Var = 0.580236
 iteration  2:  FWHM =  4.237 Var = 0.347052
 iteration  3:  FWHM =  4.161 Var = 0.336223
 iteration  4:  FWHM =  4.158 Var = 0.335243
 iteration  5:  FWHM =  4.157 Var = 0.335243
 iteration  6:  FWHM =  4.157 Var = 0.335243
 iteration  7:  FWHM =  4.156 Var = 0.335243
 iteration  8:  FWHM =  4.156 Var = 0.335243
 iteration  9:  FWHM =  4.156 Var = 0.335204
 iteration 10:  FWHM =  4.156 Var = 0.335137
 iteration 11:  FWHM =  4.156 Var = 0.335137
 iteration 12:  FWHM =  4.156 Var = 0.335094
 iteration 13:  FWHM =  4.156 Var = 0.335094
 iteration 14:  FWHM =  4.157 Var = 0.335094
 iteration 15:  FWHM =  4.156 Var = 0.335094
 iteration 16:  FWHM =  4.157 Var = 0.335094
Saving Parameters..

SPM12: spm_write_sn (v4878)                        10:40:09 - 10/08/2017
========================================================================
Completed                               :          10:40:09 - 10/08/2017
Done    'Old Normalise: Estimate & Write'
Running 'Smooth'
Done    'Smooth'
Done

