48

                            < M A T L A B (R) >
                  Copyright 1984-2016 The MathWorks, Inc.
                   R2016b (9.1.0.441655) 64-bit (glnxa64)
                             September 7, 2016

 
To get started, type one of these: helpwin, helpdesk, or demo.
For product information, visit www.mathworks.com.
 
JOB ID: /projects/dsnlab/SFIC_Faces3/scripts/fMRI/ppc/spm/ppc_jobs/sub-L029_t3_ppc_job.mat


------------------------------------------------------------------------
Running job #1
------------------------------------------------------------------------
Running 'File Selector (Batch Mode)'
Done    'File Selector (Batch Mode)'
Running 'Realign: Estimate & Reslice'

SPM12: spm_realign (v6070)                         10:38:47 - 10/08/2017
========================================================================
Completed                               :          10:39:15 - 10/08/2017

SPM12: spm_reslice (v5929)                         10:39:15 - 10/08/2017
========================================================================
Completed                               :          10:39:22 - 10/08/2017
Done    'Realign: Estimate & Reslice'
Running 'Coregister: Estimate'

SPM12: spm_coreg (v6435)                           10:39:22 - 10/08/2017
========================================================================
Completed                               :          10:39:31 - 10/08/2017
Done    'Coregister: Estimate'
Running 'Reorient Images'
Done    'Reorient Images'
Item 'Source Image', field 'val': Number of matching files larger than max allowed, keeping 1/97 files.
Running 'Reorient Images'
Done    'Reorient Images'
Running 'Old Normalise: Estimate & Write'
Smoothing by 0 & 8mm..
Coarse Affine Registration..
Fine Affine Registration..
3D CT Norm...
 iteration  1:  FWHM =  7.616 Var = 0.774134
 iteration  2:  FWHM =  4.784 Var = 0.46716
 iteration  3:  FWHM =  4.652 Var = 0.452312
 iteration  4:  FWHM =  4.644 Var = 0.451148
 iteration  5:  FWHM =  4.637 Var = 0.450658
 iteration  6:  FWHM =   4.64 Var = 0.450658
 iteration  7:  FWHM =  4.636 Var = 0.4505
 iteration  8:  FWHM =  4.637 Var = 0.4505
 iteration  9:  FWHM =  4.636 Var = 0.4505
 iteration 10:  FWHM =  4.641 Var = 0.4505
 iteration 11:  FWHM =  4.636 Var = 0.450476
 iteration 12:  FWHM =  4.639 Var = 0.450476
 iteration 13:  FWHM =  4.636 Var = 0.450476
 iteration 14:  FWHM =  4.639 Var = 0.450476
 iteration 15:  FWHM =  4.635 Var = 0.450476
 iteration 16:  FWHM =  4.639 Var = 0.450476
Saving Parameters..

SPM12: spm_write_sn (v4878)                        10:39:47 - 10/08/2017
========================================================================
Completed                               :          10:39:52 - 10/08/2017
Done    'Old Normalise: Estimate & Write'
Running 'Old Normalise: Estimate & Write'
Smoothing by 0 & 8mm..
Coarse Affine Registration..
Fine Affine Registration..
3D CT Norm...
 iteration  1:  FWHM =  6.903 Var = 0.607043
 iteration  2:  FWHM =  4.397 Var = 0.366738
 iteration  3:  FWHM =  4.305 Var = 0.356085
 iteration  4:  FWHM =  4.312 Var = 0.355046
 iteration  5:  FWHM =  4.302 Var = 0.355046
 iteration  6:  FWHM =  4.311 Var = 0.35487
 iteration  7:  FWHM =  4.301 Var = 0.35487
 iteration  8:  FWHM =  4.309 Var = 0.354784
 iteration  9:  FWHM =  4.303 Var = 0.354784
 iteration 10:  FWHM =   4.31 Var = 0.354784
 iteration 11:  FWHM =  4.303 Var = 0.354784
 iteration 12:  FWHM =   4.31 Var = 0.354784
 iteration 13:  FWHM =  4.301 Var = 0.354784
 iteration 14:  FWHM =   4.31 Var = 0.354784
 iteration 15:  FWHM =  4.302 Var = 0.354784
 iteration 16:  FWHM =   4.31 Var = 0.354784
Saving Parameters..

SPM12: spm_write_sn (v4878)                        10:40:03 - 10/08/2017
========================================================================
Completed                               :          10:40:03 - 10/08/2017
Done    'Old Normalise: Estimate & Write'
Running 'Smooth'
Done    'Smooth'
Done

