17

                            < M A T L A B (R) >
                  Copyright 1984-2016 The MathWorks, Inc.
                   R2016b (9.1.0.441655) 64-bit (glnxa64)
                             September 7, 2016

 
To get started, type one of these: helpwin, helpdesk, or demo.
For product information, visit www.mathworks.com.
 
JOB ID: /projects/dsnlab/SFIC_Faces3/scripts/fMRI/ppc/spm/ppc_jobs/sub-L011_t1_ppc_job.mat


------------------------------------------------------------------------
Running job #1
------------------------------------------------------------------------
Running 'File Selector (Batch Mode)'
Done    'File Selector (Batch Mode)'
Running 'Realign: Estimate & Reslice'

SPM12: spm_realign (v6070)                         10:38:50 - 10/08/2017
========================================================================
Completed                               :          10:39:22 - 10/08/2017

SPM12: spm_reslice (v5929)                         10:39:22 - 10/08/2017
========================================================================
Completed                               :          10:39:30 - 10/08/2017
Done    'Realign: Estimate & Reslice'
Running 'Coregister: Estimate'

SPM12: spm_coreg (v6435)                           10:39:30 - 10/08/2017
========================================================================
Completed                               :          10:39:39 - 10/08/2017
Done    'Coregister: Estimate'
Running 'Reorient Images'
Done    'Reorient Images'
Item 'Source Image', field 'val': Number of matching files larger than max allowed, keeping 1/97 files.
Running 'Reorient Images'
Done    'Reorient Images'
Running 'Old Normalise: Estimate & Write'
Smoothing by 0 & 8mm..
Coarse Affine Registration..
Fine Affine Registration..
3D CT Norm...
 iteration  1:  FWHM =  6.907 Var = 0.676083
 iteration  2:  FWHM =  4.581 Var = 0.437857
 iteration  3:  FWHM =  4.508 Var = 0.428551
 iteration  4:  FWHM =   4.51 Var = 0.427764
 iteration  5:  FWHM =  4.503 Var = 0.427764
 iteration  6:  FWHM =  4.504 Var = 0.427603
 iteration  7:  FWHM =  4.503 Var = 0.427603
 iteration  8:  FWHM =  4.504 Var = 0.42755
 iteration  9:  FWHM =  4.503 Var = 0.42755
 iteration 10:  FWHM =  4.504 Var = 0.427545
 iteration 11:  FWHM =  4.504 Var = 0.427545
 iteration 12:  FWHM =  4.504 Var = 0.427545
 iteration 13:  FWHM =  4.504 Var = 0.427545
 iteration 14:  FWHM =  4.504 Var = 0.427545
 iteration 15:  FWHM =  4.504 Var = 0.427545
 iteration 16:  FWHM =  4.504 Var = 0.427545
Saving Parameters..

SPM12: spm_write_sn (v4878)                        10:39:54 - 10/08/2017
========================================================================
Completed                               :          10:40:03 - 10/08/2017
Done    'Old Normalise: Estimate & Write'
Running 'Old Normalise: Estimate & Write'
Smoothing by 0 & 8mm..
Coarse Affine Registration..
Fine Affine Registration..
3D CT Norm...
 iteration  1:  FWHM =  6.255 Var = 0.538297
 iteration  2:  FWHM =  4.171 Var = 0.34391
 iteration  3:  FWHM =  4.139 Var = 0.338423
 iteration  4:  FWHM =   4.13 Var = 0.336391
 iteration  5:  FWHM =  4.134 Var = 0.336391
 iteration  6:  FWHM =  4.131 Var = 0.336391
 iteration  7:  FWHM =  4.133 Var = 0.336391
 iteration  8:  FWHM =  4.131 Var = 0.336391
 iteration  9:  FWHM =  4.131 Var = 0.336391
 iteration 10:  FWHM =  4.133 Var = 0.336391
 iteration 11:  FWHM =   4.13 Var = 0.336391
 iteration 12:  FWHM =  4.132 Var = 0.336391
 iteration 13:  FWHM =  4.132 Var = 0.336391
 iteration 14:  FWHM =  4.132 Var = 0.336391
 iteration 15:  FWHM =  4.132 Var = 0.336391
 iteration 16:  FWHM =  4.132 Var = 0.336391
Saving Parameters..

SPM12: spm_write_sn (v4878)                        10:40:13 - 10/08/2017
========================================================================
Completed                               :          10:40:13 - 10/08/2017
Done    'Old Normalise: Estimate & Write'
Running 'Smooth'
Done    'Smooth'
Done

