130

                            < M A T L A B (R) >
                  Copyright 1984-2016 The MathWorks, Inc.
                   R2016b (9.1.0.441655) 64-bit (glnxa64)
                             September 7, 2016

 
To get started, type one of these: helpwin, helpdesk, or demo.
For product information, visit www.mathworks.com.
 
JOB ID: /projects/dsnlab/SFIC_Faces3/scripts/fMRI/ppc/spm/ppc_jobs/sub-L074_t1_ppc_job.mat


------------------------------------------------------------------------
Running job #1
------------------------------------------------------------------------
Running 'File Selector (Batch Mode)'
Done    'File Selector (Batch Mode)'
Running 'Realign: Estimate & Reslice'

SPM12: spm_realign (v6070)                         10:39:09 - 10/08/2017
========================================================================
Completed                               :          10:39:35 - 10/08/2017

SPM12: spm_reslice (v5929)                         10:39:35 - 10/08/2017
========================================================================
Completed                               :          10:39:46 - 10/08/2017
Done    'Realign: Estimate & Reslice'
Running 'Coregister: Estimate'

SPM12: spm_coreg (v6435)                           10:39:46 - 10/08/2017
========================================================================
Completed                               :          10:39:55 - 10/08/2017
Done    'Coregister: Estimate'
Running 'Reorient Images'
Done    'Reorient Images'
Item 'Source Image', field 'val': Number of matching files larger than max allowed, keeping 1/97 files.
Running 'Reorient Images'
Done    'Reorient Images'
Running 'Old Normalise: Estimate & Write'
Smoothing by 0 & 8mm..
Coarse Affine Registration..
Fine Affine Registration..
3D CT Norm...
 iteration  1:  FWHM =  6.604 Var = 0.702302
 iteration  2:  FWHM =  4.489 Var = 0.444497
 iteration  3:  FWHM =   4.41 Var = 0.432099
 iteration  4:  FWHM =  4.409 Var = 0.431168
 iteration  5:  FWHM =  4.406 Var = 0.430704
 iteration  6:  FWHM =  4.406 Var = 0.430662
 iteration  7:  FWHM =  4.406 Var = 0.430648
 iteration  8:  FWHM =  4.406 Var = 0.430641
 iteration  9:  FWHM =  4.406 Var = 0.430601
 iteration 10:  FWHM =  4.406 Var = 0.430601
 iteration 11:  FWHM =  4.406 Var = 0.430601
 iteration 12:  FWHM =  4.406 Var = 0.430528
 iteration 13:  FWHM =  4.406 Var = 0.430528
 iteration 14:  FWHM =  4.406 Var = 0.430528
 iteration 15:  FWHM =  4.406 Var = 0.430528
 iteration 16:  FWHM =  4.406 Var = 0.430528
Saving Parameters..

SPM12: spm_write_sn (v4878)                        10:40:14 - 10/08/2017
========================================================================
Completed                               :          10:40:20 - 10/08/2017
Done    'Old Normalise: Estimate & Write'
Running 'Old Normalise: Estimate & Write'
Smoothing by 0 & 8mm..
Coarse Affine Registration..
Fine Affine Registration..
3D CT Norm...
 iteration  1:  FWHM =  6.241 Var = 0.602964
 iteration  2:  FWHM =  4.304 Var = 0.376976
 iteration  3:  FWHM =  4.229 Var = 0.366516
 iteration  4:  FWHM =  4.232 Var = 0.365647
 iteration  5:  FWHM =  4.229 Var = 0.365362
 iteration  6:  FWHM =  4.229 Var = 0.365187
 iteration  7:  FWHM =  4.229 Var = 0.365178
 iteration  8:  FWHM =  4.229 Var = 0.365012
 iteration  9:  FWHM =  4.228 Var = 0.365012
 iteration 10:  FWHM =  4.228 Var = 0.364962
 iteration 11:  FWHM =  4.228 Var = 0.364962
 iteration 12:  FWHM =  4.228 Var = 0.364962
 iteration 13:  FWHM =  4.228 Var = 0.364962
 iteration 14:  FWHM =  4.228 Var = 0.364962
 iteration 15:  FWHM =  4.228 Var = 0.364962
 iteration 16:  FWHM =  4.229 Var = 0.364962
Saving Parameters..

SPM12: spm_write_sn (v4878)                        10:40:30 - 10/08/2017
========================================================================
Completed                               :          10:40:31 - 10/08/2017
Done    'Old Normalise: Estimate & Write'
Running 'Smooth'
Done    'Smooth'
Done

