157

                            < M A T L A B (R) >
                  Copyright 1984-2016 The MathWorks, Inc.
                   R2016b (9.1.0.441655) 64-bit (glnxa64)
                             September 7, 2016

 
To get started, type one of these: helpwin, helpdesk, or demo.
For product information, visit www.mathworks.com.
 
JOB ID: /projects/dsnlab/SFIC_Faces3/scripts/fMRI/ppc/spm/ppc_jobs/sub-L087_t1_ppc_job.mat


------------------------------------------------------------------------
Running job #1
------------------------------------------------------------------------
Running 'File Selector (Batch Mode)'
Done    'File Selector (Batch Mode)'
Running 'Realign: Estimate & Reslice'

SPM12: spm_realign (v6070)                         10:39:11 - 10/08/2017
========================================================================
Completed                               :          10:39:37 - 10/08/2017

SPM12: spm_reslice (v5929)                         10:39:37 - 10/08/2017
========================================================================
Completed                               :          10:39:46 - 10/08/2017
Done    'Realign: Estimate & Reslice'
Running 'Coregister: Estimate'

SPM12: spm_coreg (v6435)                           10:39:46 - 10/08/2017
========================================================================
Completed                               :          10:39:56 - 10/08/2017
Done    'Coregister: Estimate'
Running 'Reorient Images'
Done    'Reorient Images'
Item 'Source Image', field 'val': Number of matching files larger than max allowed, keeping 1/97 files.
Running 'Reorient Images'
Done    'Reorient Images'
Running 'Old Normalise: Estimate & Write'
Smoothing by 0 & 8mm..
Coarse Affine Registration..
Fine Affine Registration..
3D CT Norm...
 iteration  1:  FWHM =  6.719 Var = 0.655438
 iteration  2:  FWHM =  4.473 Var = 0.422548
 iteration  3:  FWHM =  4.408 Var = 0.411017
 iteration  4:  FWHM =  4.394 Var = 0.409098
 iteration  5:  FWHM =  4.396 Var = 0.408525
 iteration  6:  FWHM =  4.391 Var = 0.408356
 iteration  7:  FWHM =  4.393 Var = 0.408203
 iteration  8:  FWHM =   4.39 Var = 0.408178
 iteration  9:  FWHM =  4.393 Var = 0.408136
 iteration 10:  FWHM =  4.391 Var = 0.408098
 iteration 11:  FWHM =  4.393 Var = 0.408098
 iteration 12:  FWHM =   4.39 Var = 0.408085
 iteration 13:  FWHM =  4.393 Var = 0.408085
 iteration 14:  FWHM =   4.39 Var = 0.408085
 iteration 15:  FWHM =  4.393 Var = 0.408085
 iteration 16:  FWHM =  4.393 Var = 0.408085
Saving Parameters..

SPM12: spm_write_sn (v4878)                        10:40:13 - 10/08/2017
========================================================================
Completed                               :          10:40:18 - 10/08/2017
Done    'Old Normalise: Estimate & Write'
Running 'Old Normalise: Estimate & Write'
Smoothing by 0 & 8mm..
Coarse Affine Registration..
Fine Affine Registration..
3D CT Norm...
 iteration  1:  FWHM =  6.283 Var = 0.557397
 iteration  2:  FWHM =  4.119 Var = 0.343585
 iteration  3:  FWHM =  4.072 Var = 0.332835
 iteration  4:  FWHM =  4.059 Var = 0.332002
 iteration  5:  FWHM =  4.066 Var = 0.331455
 iteration  6:  FWHM =  4.059 Var = 0.331455
 iteration  7:  FWHM =  4.066 Var = 0.331197
 iteration  8:  FWHM =  4.058 Var = 0.331197
 iteration  9:  FWHM =  4.064 Var = 0.331188
 iteration 10:  FWHM =  4.058 Var = 0.331188
 iteration 11:  FWHM =  4.064 Var = 0.331171
 iteration 12:  FWHM =  4.058 Var = 0.331171
 iteration 13:  FWHM =  4.064 Var = 0.331135
 iteration 14:  FWHM =  4.058 Var = 0.331135
 iteration 15:  FWHM =  4.064 Var = 0.331135
 iteration 16:  FWHM =  4.058 Var = 0.331135
Saving Parameters..

SPM12: spm_write_sn (v4878)                        10:40:28 - 10/08/2017
========================================================================
Completed                               :          10:40:28 - 10/08/2017
Done    'Old Normalise: Estimate & Write'
Running 'Smooth'
Done    'Smooth'
Done

