97

                            < M A T L A B (R) >
                  Copyright 1984-2016 The MathWorks, Inc.
                   R2016b (9.1.0.441655) 64-bit (glnxa64)
                             September 7, 2016

 
To get started, type one of these: helpwin, helpdesk, or demo.
For product information, visit www.mathworks.com.
 
JOB ID: /projects/dsnlab/SFIC_Faces3/scripts/fMRI/ppc/spm/ppc_jobs/sub-L055_t3_ppc_job.mat


------------------------------------------------------------------------
Running job #1
------------------------------------------------------------------------
Running 'File Selector (Batch Mode)'
Done    'File Selector (Batch Mode)'
Running 'Realign: Estimate & Reslice'

SPM12: spm_realign (v6070)                         10:38:47 - 10/08/2017
========================================================================
Completed                               :          10:39:13 - 10/08/2017

SPM12: spm_reslice (v5929)                         10:39:13 - 10/08/2017
========================================================================
Completed                               :          10:39:20 - 10/08/2017
Done    'Realign: Estimate & Reslice'
Running 'Coregister: Estimate'

SPM12: spm_coreg (v6435)                           10:39:21 - 10/08/2017
========================================================================
Completed                               :          10:39:30 - 10/08/2017
Done    'Coregister: Estimate'
Running 'Reorient Images'
Done    'Reorient Images'
Item 'Source Image', field 'val': Number of matching files larger than max allowed, keeping 1/97 files.
Running 'Reorient Images'
Done    'Reorient Images'
Running 'Old Normalise: Estimate & Write'
Smoothing by 0 & 8mm..
Coarse Affine Registration..
Fine Affine Registration..
3D CT Norm...
 iteration  1:  FWHM =  7.019 Var = 0.738454
 iteration  2:  FWHM =   4.68 Var = 0.463982
 iteration  3:  FWHM =  4.557 Var = 0.449871
 iteration  4:  FWHM =  4.534 Var = 0.447225
 iteration  5:  FWHM =  4.536 Var = 0.446353
 iteration  6:  FWHM =  4.525 Var = 0.446353
 iteration  7:  FWHM =  4.546 Var = 0.445986
 iteration  8:  FWHM =  4.527 Var = 0.445986
 iteration  9:  FWHM =  4.549 Var = 0.445986
 iteration 10:  FWHM =  4.525 Var = 0.445986
 iteration 11:  FWHM =   4.55 Var = 0.445986
 iteration 12:  FWHM =  4.526 Var = 0.445986
 iteration 13:  FWHM =  4.551 Var = 0.445986
 iteration 14:  FWHM =  4.525 Var = 0.445986
 iteration 15:  FWHM =   4.55 Var = 0.445986
 iteration 16:  FWHM =  4.526 Var = 0.445986
Saving Parameters..

SPM12: spm_write_sn (v4878)                        10:39:45 - 10/08/2017
========================================================================
Completed                               :          10:39:51 - 10/08/2017
Done    'Old Normalise: Estimate & Write'
Running 'Old Normalise: Estimate & Write'
Smoothing by 0 & 8mm..
Coarse Affine Registration..
Fine Affine Registration..
3D CT Norm...
 iteration  1:  FWHM =  6.259 Var = 0.584096
 iteration  2:  FWHM =  4.234 Var = 0.368261
 iteration  3:  FWHM =  4.172 Var = 0.359342
 iteration  4:  FWHM =  4.165 Var = 0.359281
 iteration  5:  FWHM =  4.161 Var = 0.358822
 iteration  6:  FWHM =  4.159 Var = 0.358822
 iteration  7:  FWHM =  4.169 Var = 0.358458
 iteration  8:  FWHM =  4.161 Var = 0.358458
 iteration  9:  FWHM =  4.173 Var = 0.358458
 iteration 10:  FWHM =  4.161 Var = 0.358458
 iteration 11:  FWHM =  4.172 Var = 0.358458
 iteration 12:  FWHM =  4.161 Var = 0.358458
 iteration 13:  FWHM =  4.173 Var = 0.358458
 iteration 14:  FWHM =  4.161 Var = 0.358458
 iteration 15:  FWHM =  4.173 Var = 0.358458
 iteration 16:  FWHM =  4.161 Var = 0.358458
Saving Parameters..

SPM12: spm_write_sn (v4878)                        10:39:59 - 10/08/2017
========================================================================
Completed                               :          10:39:59 - 10/08/2017
Done    'Old Normalise: Estimate & Write'
Running 'Smooth'
Done    'Smooth'
Done

