5

                            < M A T L A B (R) >
                  Copyright 1984-2016 The MathWorks, Inc.
                   R2016b (9.1.0.441655) 64-bit (glnxa64)
                             September 7, 2016

 
To get started, type one of these: helpwin, helpdesk, or demo.
For product information, visit www.mathworks.com.
 
JOB ID: /projects/dsnlab/SFIC_Faces3/scripts/fMRI/ppc/spm/ppc_jobs/sub-L004_t1_ppc_job.mat


------------------------------------------------------------------------
Running job #1
------------------------------------------------------------------------
Running 'File Selector (Batch Mode)'
Done    'File Selector (Batch Mode)'
Running 'Realign: Estimate & Reslice'

SPM12: spm_realign (v6070)                         10:38:50 - 10/08/2017
========================================================================
Completed                               :          10:39:20 - 10/08/2017

SPM12: spm_reslice (v5929)                         10:39:20 - 10/08/2017
========================================================================
Completed                               :          10:39:28 - 10/08/2017
Done    'Realign: Estimate & Reslice'
Running 'Coregister: Estimate'

SPM12: spm_coreg (v6435)                           10:39:29 - 10/08/2017
========================================================================
Completed                               :          10:39:38 - 10/08/2017
Done    'Coregister: Estimate'
Running 'Reorient Images'
Done    'Reorient Images'
Item 'Source Image', field 'val': Number of matching files larger than max allowed, keeping 1/97 files.
Running 'Reorient Images'
Done    'Reorient Images'
Running 'Old Normalise: Estimate & Write'
Smoothing by 0 & 8mm..
Coarse Affine Registration..
Fine Affine Registration..
3D CT Norm...
 iteration  1:  FWHM =  6.711 Var = 0.664118
 iteration  2:  FWHM =  4.527 Var = 0.435518
 iteration  3:  FWHM =  4.449 Var = 0.425573
 iteration  4:  FWHM =  4.451 Var = 0.424903
 iteration  5:  FWHM =  4.447 Var = 0.424694
 iteration  6:  FWHM =  4.448 Var = 0.424668
 iteration  7:  FWHM =  4.447 Var = 0.424652
 iteration  8:  FWHM =  4.448 Var = 0.424639
 iteration  9:  FWHM =  4.447 Var = 0.424639
 iteration 10:  FWHM =  4.448 Var = 0.424617
 iteration 11:  FWHM =  4.447 Var = 0.424617
 iteration 12:  FWHM =  4.448 Var = 0.424617
 iteration 13:  FWHM =  4.447 Var = 0.424617
 iteration 14:  FWHM =  4.447 Var = 0.424585
 iteration 15:  FWHM =  4.447 Var = 0.424585
 iteration 16:  FWHM =  4.448 Var = 0.42458
Saving Parameters..

SPM12: spm_write_sn (v4878)                        10:39:54 - 10/08/2017
========================================================================
Completed                               :          10:40:03 - 10/08/2017
Done    'Old Normalise: Estimate & Write'
Running 'Old Normalise: Estimate & Write'
Smoothing by 0 & 8mm..
Coarse Affine Registration..
Fine Affine Registration..
3D CT Norm...
 iteration  1:  FWHM =  6.176 Var = 0.538686
 iteration  2:  FWHM =  4.166 Var = 0.349584
 iteration  3:  FWHM =  4.122 Var = 0.343347
 iteration  4:  FWHM =  4.125 Var = 0.342846
 iteration  5:  FWHM =  4.123 Var = 0.342779
 iteration  6:  FWHM =  4.125 Var = 0.342779
 iteration  7:  FWHM =  4.124 Var = 0.34271
 iteration  8:  FWHM =  4.125 Var = 0.34271
 iteration  9:  FWHM =  4.124 Var = 0.34271
 iteration 10:  FWHM =  4.124 Var = 0.34271
 iteration 11:  FWHM =  4.123 Var = 0.342676
 iteration 12:  FWHM =  4.124 Var = 0.342676
 iteration 13:  FWHM =  4.123 Var = 0.342676
 iteration 14:  FWHM =  4.124 Var = 0.342676
 iteration 15:  FWHM =  4.123 Var = 0.342634
 iteration 16:  FWHM =  4.123 Var = 0.342634
Saving Parameters..

SPM12: spm_write_sn (v4878)                        10:40:14 - 10/08/2017
========================================================================
Completed                               :          10:40:14 - 10/08/2017
Done    'Old Normalise: Estimate & Write'
Running 'Smooth'
Done    'Smooth'
Done

