73

                            < M A T L A B (R) >
                  Copyright 1984-2016 The MathWorks, Inc.
                   R2016b (9.1.0.441655) 64-bit (glnxa64)
                             September 7, 2016

 
To get started, type one of these: helpwin, helpdesk, or demo.
For product information, visit www.mathworks.com.
 
JOB ID: /projects/dsnlab/SFIC_Faces3/scripts/fMRI/ppc/spm/ppc_jobs/sub-L041_t3_ppc_job.mat


------------------------------------------------------------------------
Running job #1
------------------------------------------------------------------------
Running 'File Selector (Batch Mode)'
Done    'File Selector (Batch Mode)'
Running 'Realign: Estimate & Reslice'

SPM12: spm_realign (v6070)                         10:38:52 - 10/08/2017
========================================================================
Completed                               :          10:39:19 - 10/08/2017

SPM12: spm_reslice (v5929)                         10:39:19 - 10/08/2017
========================================================================
Completed                               :          10:39:28 - 10/08/2017
Done    'Realign: Estimate & Reslice'
Running 'Coregister: Estimate'

SPM12: spm_coreg (v6435)                           10:39:28 - 10/08/2017
========================================================================
Completed                               :          10:39:37 - 10/08/2017
Done    'Coregister: Estimate'
Running 'Reorient Images'
Done    'Reorient Images'
Item 'Source Image', field 'val': Number of matching files larger than max allowed, keeping 1/97 files.
Running 'Reorient Images'
Done    'Reorient Images'
Running 'Old Normalise: Estimate & Write'
Smoothing by 0 & 8mm..
Coarse Affine Registration..
Fine Affine Registration..
3D CT Norm...
 iteration  1:  FWHM =  6.981 Var = 0.678099
 iteration  2:  FWHM =  4.659 Var = 0.445056
 iteration  3:  FWHM =  4.549 Var = 0.431877
 iteration  4:  FWHM =  4.532 Var = 0.428705
 iteration  5:  FWHM =  4.524 Var = 0.428224
 iteration  6:  FWHM =  4.522 Var = 0.427433
 iteration  7:  FWHM =  4.522 Var = 0.427433
 iteration  8:  FWHM =  4.522 Var = 0.427401
 iteration  9:  FWHM =  4.522 Var = 0.427401
 iteration 10:  FWHM =   4.52 Var = 0.42729
 iteration 11:  FWHM =  4.521 Var = 0.42729
 iteration 12:  FWHM =   4.52 Var = 0.427245
 iteration 13:  FWHM =  4.521 Var = 0.427245
 iteration 14:  FWHM =  4.521 Var = 0.427227
 iteration 15:  FWHM =  4.521 Var = 0.427227
 iteration 16:  FWHM =   4.52 Var = 0.42719
Saving Parameters..

SPM12: spm_write_sn (v4878)                        10:39:53 - 10/08/2017
========================================================================
Completed                               :          10:40:00 - 10/08/2017
Done    'Old Normalise: Estimate & Write'
Running 'Old Normalise: Estimate & Write'
Smoothing by 0 & 8mm..
Coarse Affine Registration..
Fine Affine Registration..
3D CT Norm...
 iteration  1:  FWHM =  6.282 Var = 0.522474
 iteration  2:  FWHM =  4.151 Var = 0.332025
 iteration  3:  FWHM =  4.097 Var = 0.325507
 iteration  4:  FWHM =  4.094 Var = 0.324629
 iteration  5:  FWHM =  4.095 Var = 0.324615
 iteration  6:  FWHM =  4.093 Var = 0.324435
 iteration  7:  FWHM =  4.093 Var = 0.324435
 iteration  8:  FWHM =  4.093 Var = 0.324353
 iteration  9:  FWHM =  4.093 Var = 0.324353
 iteration 10:  FWHM =  4.093 Var = 0.324353
 iteration 11:  FWHM =  4.093 Var = 0.324353
 iteration 12:  FWHM =  4.093 Var = 0.324353
 iteration 13:  FWHM =  4.093 Var = 0.324353
 iteration 14:  FWHM =  4.093 Var = 0.324353
 iteration 15:  FWHM =  4.093 Var = 0.324353
 iteration 16:  FWHM =  4.093 Var = 0.324353
Saving Parameters..

SPM12: spm_write_sn (v4878)                        10:40:12 - 10/08/2017
========================================================================
Completed                               :          10:40:12 - 10/08/2017
Done    'Old Normalise: Estimate & Write'
Running 'Smooth'
Done    'Smooth'
Done

