115

                            < M A T L A B (R) >
                  Copyright 1984-2016 The MathWorks, Inc.
                   R2016b (9.1.0.441655) 64-bit (glnxa64)
                             September 7, 2016

 
To get started, type one of these: helpwin, helpdesk, or demo.
For product information, visit www.mathworks.com.
 
JOB ID: /projects/dsnlab/SFIC_Faces3/scripts/fMRI/ppc/spm/ppc_jobs/sub-L065_t2_ppc_job.mat


------------------------------------------------------------------------
Running job #1
------------------------------------------------------------------------
Running 'File Selector (Batch Mode)'
Done    'File Selector (Batch Mode)'
Running 'Realign: Estimate & Reslice'

SPM12: spm_realign (v6070)                         10:39:09 - 10/08/2017
========================================================================
Completed                               :          10:39:35 - 10/08/2017

SPM12: spm_reslice (v5929)                         10:39:35 - 10/08/2017
========================================================================
Completed                               :          10:39:45 - 10/08/2017
Done    'Realign: Estimate & Reslice'
Running 'Coregister: Estimate'

SPM12: spm_coreg (v6435)                           10:39:46 - 10/08/2017
========================================================================
Completed                               :          10:39:54 - 10/08/2017
Done    'Coregister: Estimate'
Running 'Reorient Images'
Done    'Reorient Images'
Item 'Source Image', field 'val': Number of matching files larger than max allowed, keeping 1/97 files.
Running 'Reorient Images'
Done    'Reorient Images'
Running 'Old Normalise: Estimate & Write'
Smoothing by 0 & 8mm..
Coarse Affine Registration..
Fine Affine Registration..
3D CT Norm...
 iteration  1:  FWHM =  6.663 Var = 0.647281
 iteration  2:  FWHM =  4.542 Var = 0.438168
 iteration  3:  FWHM =  4.462 Var = 0.427049
 iteration  4:  FWHM =  4.457 Var = 0.42627
 iteration  5:  FWHM =  4.455 Var = 0.42598
 iteration  6:  FWHM =  4.456 Var = 0.425894
 iteration  7:  FWHM =  4.455 Var = 0.425894
 iteration  8:  FWHM =  4.455 Var = 0.425861
 iteration  9:  FWHM =  4.456 Var = 0.425861
 iteration 10:  FWHM =  4.455 Var = 0.425861
 iteration 11:  FWHM =  4.456 Var = 0.425861
 iteration 12:  FWHM =  4.456 Var = 0.425816
 iteration 13:  FWHM =  4.456 Var = 0.425816
 iteration 14:  FWHM =  4.456 Var = 0.425816
 iteration 15:  FWHM =  4.456 Var = 0.425816
 iteration 16:  FWHM =  4.455 Var = 0.425816
Saving Parameters..

SPM12: spm_write_sn (v4878)                        10:40:11 - 10/08/2017
========================================================================
Completed                               :          10:40:17 - 10/08/2017
Done    'Old Normalise: Estimate & Write'
Running 'Old Normalise: Estimate & Write'
Smoothing by 0 & 8mm..
Coarse Affine Registration..
Fine Affine Registration..
3D CT Norm...
 iteration  1:  FWHM =  6.158 Var = 0.54116
 iteration  2:  FWHM =  4.162 Var = 0.351941
 iteration  3:  FWHM =  4.094 Var = 0.342803
 iteration  4:  FWHM =  4.098 Var = 0.342168
 iteration  5:  FWHM =  4.093 Var = 0.341734
 iteration  6:  FWHM =  4.095 Var = 0.341734
 iteration  7:  FWHM =  4.094 Var = 0.341734
 iteration  8:  FWHM =  4.094 Var = 0.341734
 iteration  9:  FWHM =  4.094 Var = 0.341718
 iteration 10:  FWHM =  4.094 Var = 0.341691
 iteration 11:  FWHM =  4.094 Var = 0.341691
 iteration 12:  FWHM =  4.094 Var = 0.341681
 iteration 13:  FWHM =  4.094 Var = 0.341681
 iteration 14:  FWHM =  4.094 Var = 0.341674
 iteration 15:  FWHM =  4.094 Var = 0.341674
 iteration 16:  FWHM =  4.094 Var = 0.341674
Saving Parameters..

SPM12: spm_write_sn (v4878)                        10:40:27 - 10/08/2017
========================================================================
Completed                               :          10:40:27 - 10/08/2017
Done    'Old Normalise: Estimate & Write'
Running 'Smooth'
Done    'Smooth'
Done

