26

                            < M A T L A B (R) >
                  Copyright 1984-2016 The MathWorks, Inc.
                   R2016b (9.1.0.441655) 64-bit (glnxa64)
                             September 7, 2016

 
To get started, type one of these: helpwin, helpdesk, or demo.
For product information, visit www.mathworks.com.
 
JOB ID: /projects/dsnlab/SFIC_Faces3/scripts/fMRI/ppc/spm/ppc_jobs/sub-L019_t1_ppc_job.mat


------------------------------------------------------------------------
Running job #1
------------------------------------------------------------------------
Running 'File Selector (Batch Mode)'
Done    'File Selector (Batch Mode)'
Running 'Realign: Estimate & Reslice'

SPM12: spm_realign (v6070)                         10:38:50 - 10/08/2017
========================================================================
Completed                               :          10:39:21 - 10/08/2017

SPM12: spm_reslice (v5929)                         10:39:21 - 10/08/2017
========================================================================
Completed                               :          10:39:29 - 10/08/2017
Done    'Realign: Estimate & Reslice'
Running 'Coregister: Estimate'

SPM12: spm_coreg (v6435)                           10:39:30 - 10/08/2017
========================================================================
Completed                               :          10:39:38 - 10/08/2017
Done    'Coregister: Estimate'
Running 'Reorient Images'
Done    'Reorient Images'
Item 'Source Image', field 'val': Number of matching files larger than max allowed, keeping 1/97 files.
Running 'Reorient Images'
Done    'Reorient Images'
Running 'Old Normalise: Estimate & Write'
Smoothing by 0 & 8mm..
Coarse Affine Registration..
Fine Affine Registration..
3D CT Norm...
 iteration  1:  FWHM =  6.993 Var = 0.684013
 iteration  2:  FWHM =  4.662 Var = 0.452879
 iteration  3:  FWHM =   4.58 Var = 0.444127
 iteration  4:  FWHM =  4.577 Var = 0.442974
 iteration  5:  FWHM =  4.573 Var = 0.442531
 iteration  6:  FWHM =  4.572 Var = 0.442504
 iteration  7:  FWHM =  4.572 Var = 0.442504
 iteration  8:  FWHM =  4.572 Var = 0.442427
 iteration  9:  FWHM =  4.573 Var = 0.442427
 iteration 10:  FWHM =  4.576 Var = 0.442352
 iteration 11:  FWHM =  4.572 Var = 0.442352
 iteration 12:  FWHM =  4.572 Var = 0.442352
 iteration 13:  FWHM =  4.572 Var = 0.442352
 iteration 14:  FWHM =  4.572 Var = 0.442352
 iteration 15:  FWHM =  4.572 Var = 0.442352
 iteration 16:  FWHM =  4.576 Var = 0.442352
Saving Parameters..

SPM12: spm_write_sn (v4878)                        10:39:55 - 10/08/2017
========================================================================
Completed                               :          10:40:04 - 10/08/2017
Done    'Old Normalise: Estimate & Write'
Running 'Old Normalise: Estimate & Write'
Smoothing by 0 & 8mm..
Coarse Affine Registration..
Fine Affine Registration..
3D CT Norm...
 iteration  1:  FWHM =   6.52 Var = 0.576388
 iteration  2:  FWHM =   4.34 Var = 0.377596
 iteration  3:  FWHM =  4.294 Var = 0.370731
 iteration  4:  FWHM =   4.29 Var = 0.369975
 iteration  5:  FWHM =  4.291 Var = 0.369747
 iteration  6:  FWHM =  4.287 Var = 0.369747
 iteration  7:  FWHM =   4.29 Var = 0.3697
 iteration  8:  FWHM =  4.287 Var = 0.3697
 iteration  9:  FWHM =   4.29 Var = 0.36969
 iteration 10:  FWHM =  4.287 Var = 0.36969
 iteration 11:  FWHM =   4.29 Var = 0.36969
 iteration 12:  FWHM =  4.286 Var = 0.36969
 iteration 13:  FWHM =   4.29 Var = 0.36969
 iteration 14:  FWHM =  4.286 Var = 0.36969
 iteration 15:  FWHM =   4.29 Var = 0.36969
 iteration 16:  FWHM =  4.286 Var = 0.36969
Saving Parameters..

SPM12: spm_write_sn (v4878)                        10:40:14 - 10/08/2017
========================================================================
Completed                               :          10:40:14 - 10/08/2017
Done    'Old Normalise: Estimate & Write'
Running 'Smooth'
Done    'Smooth'
Done

