96

                            < M A T L A B (R) >
                  Copyright 1984-2016 The MathWorks, Inc.
                   R2016b (9.1.0.441655) 64-bit (glnxa64)
                             September 7, 2016

 
To get started, type one of these: helpwin, helpdesk, or demo.
For product information, visit www.mathworks.com.
 
JOB ID: /projects/dsnlab/SFIC_Faces3/scripts/fMRI/ppc/spm/ppc_jobs/sub-L055_t2_ppc_job.mat


------------------------------------------------------------------------
Running job #1
------------------------------------------------------------------------
Running 'File Selector (Batch Mode)'
Done    'File Selector (Batch Mode)'
Running 'Realign: Estimate & Reslice'

SPM12: spm_realign (v6070)                         10:38:48 - 10/08/2017
========================================================================
Completed                               :          10:39:13 - 10/08/2017

SPM12: spm_reslice (v5929)                         10:39:13 - 10/08/2017
========================================================================
Completed                               :          10:39:21 - 10/08/2017
Done    'Realign: Estimate & Reslice'
Running 'Coregister: Estimate'

SPM12: spm_coreg (v6435)                           10:39:21 - 10/08/2017
========================================================================
Completed                               :          10:39:29 - 10/08/2017
Done    'Coregister: Estimate'
Running 'Reorient Images'
Done    'Reorient Images'
Item 'Source Image', field 'val': Number of matching files larger than max allowed, keeping 1/97 files.
Running 'Reorient Images'
Done    'Reorient Images'
Running 'Old Normalise: Estimate & Write'
Smoothing by 0 & 8mm..
Coarse Affine Registration..
Fine Affine Registration..
3D CT Norm...
 iteration  1:  FWHM =  6.769 Var = 0.640481
 iteration  2:  FWHM =  4.565 Var = 0.417805
 iteration  3:  FWHM =  4.482 Var = 0.406355
 iteration  4:  FWHM =  4.479 Var = 0.405698
 iteration  5:  FWHM =  4.473 Var = 0.404742
 iteration  6:  FWHM =  4.478 Var = 0.404742
 iteration  7:  FWHM =  4.473 Var = 0.404689
 iteration  8:  FWHM =  4.478 Var = 0.404689
 iteration  9:  FWHM =  4.474 Var = 0.40468
 iteration 10:  FWHM =  4.478 Var = 0.40468
 iteration 11:  FWHM =  4.474 Var = 0.40468
 iteration 12:  FWHM =  4.478 Var = 0.40468
 iteration 13:  FWHM =  4.474 Var = 0.40468
 iteration 14:  FWHM =  4.478 Var = 0.40468
 iteration 15:  FWHM =  4.474 Var = 0.40468
 iteration 16:  FWHM =  4.478 Var = 0.40468
Saving Parameters..

SPM12: spm_write_sn (v4878)                        10:39:44 - 10/08/2017
========================================================================
Completed                               :          10:39:50 - 10/08/2017
Done    'Old Normalise: Estimate & Write'
Running 'Old Normalise: Estimate & Write'
Smoothing by 0 & 8mm..
Coarse Affine Registration..
Fine Affine Registration..
3D CT Norm...
 iteration  1:  FWHM =  6.116 Var = 0.54934
 iteration  2:  FWHM =  4.178 Var = 0.357869
 iteration  3:  FWHM =  4.129 Var = 0.350891
 iteration  4:  FWHM =   4.13 Var = 0.350412
 iteration  5:  FWHM =  4.128 Var = 0.350105
 iteration  6:  FWHM =  4.123 Var = 0.349598
 iteration  7:  FWHM =  4.123 Var = 0.349489
 iteration  8:  FWHM =  4.124 Var = 0.349489
 iteration  9:  FWHM =  4.124 Var = 0.349469
 iteration 10:  FWHM =  4.124 Var = 0.349469
 iteration 11:  FWHM =  4.124 Var = 0.349469
 iteration 12:  FWHM =  4.123 Var = 0.349469
 iteration 13:  FWHM =  4.124 Var = 0.349427
 iteration 14:  FWHM =  4.123 Var = 0.349427
 iteration 15:  FWHM =  4.123 Var = 0.349427
 iteration 16:  FWHM =  4.123 Var = 0.349427
Saving Parameters..

SPM12: spm_write_sn (v4878)                        10:40:00 - 10/08/2017
========================================================================
Completed                               :          10:40:01 - 10/08/2017
Done    'Old Normalise: Estimate & Write'
Running 'Smooth'
Done    'Smooth'
Done

