31

                            < M A T L A B (R) >
                  Copyright 1984-2016 The MathWorks, Inc.
                   R2016b (9.1.0.441655) 64-bit (glnxa64)
                             September 7, 2016

 
To get started, type one of these: helpwin, helpdesk, or demo.
For product information, visit www.mathworks.com.
 
JOB ID: /projects/dsnlab/SFIC_Faces3/scripts/fMRI/ppc/spm/ppc_jobs/sub-L022_t1_ppc_job.mat


------------------------------------------------------------------------
Running job #1
------------------------------------------------------------------------
Running 'File Selector (Batch Mode)'
Done    'File Selector (Batch Mode)'
Running 'Realign: Estimate & Reslice'

SPM12: spm_realign (v6070)                         10:38:48 - 10/08/2017
========================================================================
Completed                               :          10:39:16 - 10/08/2017

SPM12: spm_reslice (v5929)                         10:39:16 - 10/08/2017
========================================================================
Completed                               :          10:39:23 - 10/08/2017
Done    'Realign: Estimate & Reslice'
Running 'Coregister: Estimate'

SPM12: spm_coreg (v6435)                           10:39:23 - 10/08/2017
========================================================================
Completed                               :          10:39:32 - 10/08/2017
Done    'Coregister: Estimate'
Running 'Reorient Images'
Done    'Reorient Images'
Item 'Source Image', field 'val': Number of matching files larger than max allowed, keeping 1/97 files.
Running 'Reorient Images'
Done    'Reorient Images'
Running 'Old Normalise: Estimate & Write'
Smoothing by 0 & 8mm..
Coarse Affine Registration..
Fine Affine Registration..
3D CT Norm...
 iteration  1:  FWHM =  7.336 Var = 0.731857
 iteration  2:  FWHM =  4.691 Var = 0.454766
 iteration  3:  FWHM =  4.593 Var = 0.440931
 iteration  4:  FWHM =  4.597 Var = 0.440931
 iteration  5:  FWHM =  4.589 Var = 0.439844
 iteration  6:  FWHM =  4.592 Var = 0.439844
 iteration  7:  FWHM =  4.588 Var = 0.439844
 iteration  8:  FWHM =  4.591 Var = 0.439844
 iteration  9:  FWHM =  4.589 Var = 0.439844
 iteration 10:  FWHM =  4.591 Var = 0.439844
 iteration 11:  FWHM =  4.589 Var = 0.439844
 iteration 12:  FWHM =  4.591 Var = 0.439844
 iteration 13:  FWHM =  4.589 Var = 0.439844
 iteration 14:  FWHM =  4.592 Var = 0.439844
 iteration 15:  FWHM =  4.589 Var = 0.439844
 iteration 16:  FWHM =  4.592 Var = 0.439844
Saving Parameters..

SPM12: spm_write_sn (v4878)                        10:39:48 - 10/08/2017
========================================================================
Completed                               :          10:39:54 - 10/08/2017
Done    'Old Normalise: Estimate & Write'
Running 'Old Normalise: Estimate & Write'
Smoothing by 0 & 8mm..
Coarse Affine Registration..
Fine Affine Registration..
3D CT Norm...
 iteration  1:  FWHM =  6.758 Var = 0.592648
 iteration  2:  FWHM =  4.282 Var = 0.356221
 iteration  3:  FWHM =  4.205 Var = 0.346586
 iteration  4:  FWHM =  4.212 Var = 0.345777
 iteration  5:  FWHM =  4.206 Var = 0.345561
 iteration  6:  FWHM =  4.209 Var = 0.345371
 iteration  7:  FWHM =  4.206 Var = 0.345371
 iteration  8:  FWHM =  4.207 Var = 0.345371
 iteration  9:  FWHM =  4.207 Var = 0.345371
 iteration 10:  FWHM =  4.207 Var = 0.345371
 iteration 11:  FWHM =  4.207 Var = 0.345371
 iteration 12:  FWHM =  4.207 Var = 0.345371
 iteration 13:  FWHM =  4.208 Var = 0.345371
 iteration 14:  FWHM =  4.207 Var = 0.345371
 iteration 15:  FWHM =  4.208 Var = 0.345371
 iteration 16:  FWHM =  4.207 Var = 0.345371
Saving Parameters..

SPM12: spm_write_sn (v4878)                        10:40:04 - 10/08/2017
========================================================================
Completed                               :          10:40:04 - 10/08/2017
Done    'Old Normalise: Estimate & Write'
Running 'Smooth'
Done    'Smooth'
Done

