141

                            < M A T L A B (R) >
                  Copyright 1984-2016 The MathWorks, Inc.
                   R2016b (9.1.0.441655) 64-bit (glnxa64)
                             September 7, 2016

 
To get started, type one of these: helpwin, helpdesk, or demo.
For product information, visit www.mathworks.com.
 
JOB ID: /projects/dsnlab/SFIC_Faces3/scripts/fMRI/ppc/spm/ppc_jobs/sub-L080_t2_ppc_job.mat


------------------------------------------------------------------------
Running job #1
------------------------------------------------------------------------
Running 'File Selector (Batch Mode)'
Done    'File Selector (Batch Mode)'
Running 'Realign: Estimate & Reslice'

SPM12: spm_realign (v6070)                         10:39:11 - 10/08/2017
========================================================================
Completed                               :          10:39:33 - 10/08/2017

SPM12: spm_reslice (v5929)                         10:39:34 - 10/08/2017
========================================================================
Completed                               :          10:39:44 - 10/08/2017
Done    'Realign: Estimate & Reslice'
Running 'Coregister: Estimate'

SPM12: spm_coreg (v6435)                           10:39:45 - 10/08/2017
========================================================================
Completed                               :          10:39:55 - 10/08/2017
Done    'Coregister: Estimate'
Running 'Reorient Images'
Done    'Reorient Images'
Item 'Source Image', field 'val': Number of matching files larger than max allowed, keeping 1/97 files.
Running 'Reorient Images'
Done    'Reorient Images'
Running 'Old Normalise: Estimate & Write'
Smoothing by 0 & 8mm..
Coarse Affine Registration..
Fine Affine Registration..
3D CT Norm...
 iteration  1:  FWHM =  7.128 Var = 0.705691
 iteration  2:  FWHM =  4.636 Var = 0.44781
 iteration  3:  FWHM =  4.528 Var = 0.435289
 iteration  4:  FWHM =  4.528 Var = 0.43464
 iteration  5:  FWHM =  4.524 Var = 0.434082
 iteration  6:  FWHM =  4.524 Var = 0.434082
 iteration  7:  FWHM =  4.524 Var = 0.434008
 iteration  8:  FWHM =  4.524 Var = 0.434008
 iteration  9:  FWHM =  4.523 Var = 0.43398
 iteration 10:  FWHM =  4.523 Var = 0.43398
 iteration 11:  FWHM =  4.523 Var = 0.433948
 iteration 12:  FWHM =  4.523 Var = 0.433948
 iteration 13:  FWHM =  4.523 Var = 0.433948
 iteration 14:  FWHM =  4.523 Var = 0.433948
 iteration 15:  FWHM =  4.523 Var = 0.433939
 iteration 16:  FWHM =  4.523 Var = 0.433939
Saving Parameters..

SPM12: spm_write_sn (v4878)                        10:40:13 - 10/08/2017
========================================================================
Completed                               :          10:40:19 - 10/08/2017
Done    'Old Normalise: Estimate & Write'
Running 'Old Normalise: Estimate & Write'
Smoothing by 0 & 8mm..
Coarse Affine Registration..
Fine Affine Registration..
3D CT Norm...
 iteration  1:  FWHM =  6.503 Var = 0.547927
 iteration  2:  FWHM =    4.2 Var = 0.345124
 iteration  3:  FWHM =  4.138 Var = 0.336896
 iteration  4:  FWHM =  4.137 Var = 0.336802
 iteration  5:  FWHM =  4.139 Var = 0.336233
 iteration  6:  FWHM =  4.136 Var = 0.336233
 iteration  7:  FWHM =  4.139 Var = 0.336161
 iteration  8:  FWHM =  4.136 Var = 0.336161
 iteration  9:  FWHM =  4.139 Var = 0.336161
 iteration 10:  FWHM =  4.136 Var = 0.336161
 iteration 11:  FWHM =  4.139 Var = 0.336161
 iteration 12:  FWHM =  4.135 Var = 0.336161
 iteration 13:  FWHM =  4.139 Var = 0.336161
 iteration 14:  FWHM =  4.135 Var = 0.336161
 iteration 15:  FWHM =  4.139 Var = 0.336161
 iteration 16:  FWHM =  4.135 Var = 0.336161
Saving Parameters..

SPM12: spm_write_sn (v4878)                        10:40:30 - 10/08/2017
========================================================================
Completed                               :          10:40:30 - 10/08/2017
Done    'Old Normalise: Estimate & Write'
Running 'Smooth'
Done    'Smooth'
Done

