37

                            < M A T L A B (R) >
                  Copyright 1984-2016 The MathWorks, Inc.
                   R2016b (9.1.0.441655) 64-bit (glnxa64)
                             September 7, 2016

 
To get started, type one of these: helpwin, helpdesk, or demo.
For product information, visit www.mathworks.com.
 
JOB ID: /projects/dsnlab/SFIC_Faces3/scripts/fMRI/ppc/spm/ppc_jobs/sub-L024_t1_ppc_job.mat


------------------------------------------------------------------------
Running job #1
------------------------------------------------------------------------
Running 'File Selector (Batch Mode)'
Done    'File Selector (Batch Mode)'
Running 'Realign: Estimate & Reslice'

SPM12: spm_realign (v6070)                         10:38:50 - 10/08/2017
========================================================================
Completed                               :          10:39:20 - 10/08/2017

SPM12: spm_reslice (v5929)                         10:39:20 - 10/08/2017
========================================================================
Completed                               :          10:39:27 - 10/08/2017
Done    'Realign: Estimate & Reslice'
Running 'Coregister: Estimate'

SPM12: spm_coreg (v6435)                           10:39:27 - 10/08/2017
========================================================================
Completed                               :          10:39:34 - 10/08/2017
Done    'Coregister: Estimate'
Running 'Reorient Images'
Done    'Reorient Images'
Item 'Source Image', field 'val': Number of matching files larger than max allowed, keeping 1/97 files.
Running 'Reorient Images'
Done    'Reorient Images'
Running 'Old Normalise: Estimate & Write'
Smoothing by 0 & 8mm..
Coarse Affine Registration..
Fine Affine Registration..
3D CT Norm...
 iteration  1:  FWHM =  7.191 Var = 0.719253
 iteration  2:  FWHM =  4.703 Var = 0.453445
 iteration  3:  FWHM =  4.585 Var = 0.439363
 iteration  4:  FWHM =  4.582 Var = 0.438295
 iteration  5:  FWHM =   4.58 Var = 0.437744
 iteration  6:  FWHM =   4.58 Var = 0.437551
 iteration  7:  FWHM =   4.58 Var = 0.437551
 iteration  8:  FWHM =   4.58 Var = 0.437471
 iteration  9:  FWHM =   4.58 Var = 0.437471
 iteration 10:  FWHM =   4.58 Var = 0.437385
 iteration 11:  FWHM =   4.58 Var = 0.437385
 iteration 12:  FWHM =   4.58 Var = 0.437385
 iteration 13:  FWHM =   4.58 Var = 0.437385
 iteration 14:  FWHM =   4.58 Var = 0.437385
 iteration 15:  FWHM =   4.58 Var = 0.437385
 iteration 16:  FWHM =   4.58 Var = 0.437385
Saving Parameters..

SPM12: spm_write_sn (v4878)                        10:39:51 - 10/08/2017
========================================================================
Completed                               :          10:39:57 - 10/08/2017
Done    'Old Normalise: Estimate & Write'
Running 'Old Normalise: Estimate & Write'
Smoothing by 0 & 8mm..
Coarse Affine Registration..
Fine Affine Registration..
3D CT Norm...
 iteration  1:  FWHM =  6.683 Var = 0.602091
 iteration  2:  FWHM =  4.325 Var = 0.372622
 iteration  3:  FWHM =  4.245 Var = 0.362156
 iteration  4:  FWHM =  4.245 Var = 0.361437
 iteration  5:  FWHM =  4.245 Var = 0.361361
 iteration  6:  FWHM =  4.244 Var = 0.361302
 iteration  7:  FWHM =  4.244 Var = 0.361302
 iteration  8:  FWHM =  4.244 Var = 0.361302
 iteration  9:  FWHM =  4.244 Var = 0.361302
 iteration 10:  FWHM =  4.244 Var = 0.361302
 iteration 11:  FWHM =  4.244 Var = 0.361302
 iteration 12:  FWHM =  4.244 Var = 0.361302
 iteration 13:  FWHM =  4.244 Var = 0.361302
 iteration 14:  FWHM =  4.244 Var = 0.361301
 iteration 15:  FWHM =  4.244 Var = 0.361301
 iteration 16:  FWHM =  4.244 Var = 0.361301
Saving Parameters..

SPM12: spm_write_sn (v4878)                        10:40:09 - 10/08/2017
========================================================================
Completed                               :          10:40:09 - 10/08/2017
Done    'Old Normalise: Estimate & Write'
Running 'Smooth'
Done    'Smooth'
Done

