108

                            < M A T L A B (R) >
                  Copyright 1984-2016 The MathWorks, Inc.
                   R2016b (9.1.0.441655) 64-bit (glnxa64)
                             September 7, 2016

 
To get started, type one of these: helpwin, helpdesk, or demo.
For product information, visit www.mathworks.com.
 
JOB ID: /projects/dsnlab/SFIC_Faces3/scripts/fMRI/ppc/spm/ppc_jobs/sub-L060_t1_ppc_job.mat


------------------------------------------------------------------------
Running job #1
------------------------------------------------------------------------
Running 'File Selector (Batch Mode)'
Done    'File Selector (Batch Mode)'
Running 'Realign: Estimate & Reslice'

SPM12: spm_realign (v6070)                         10:38:49 - 10/08/2017
========================================================================
Completed                               :          10:39:17 - 10/08/2017

SPM12: spm_reslice (v5929)                         10:39:17 - 10/08/2017
========================================================================
Completed                               :          10:39:24 - 10/08/2017
Done    'Realign: Estimate & Reslice'
Running 'Coregister: Estimate'

SPM12: spm_coreg (v6435)                           10:39:24 - 10/08/2017
========================================================================
Completed                               :          10:39:34 - 10/08/2017
Done    'Coregister: Estimate'
Running 'Reorient Images'
Done    'Reorient Images'
Item 'Source Image', field 'val': Number of matching files larger than max allowed, keeping 1/97 files.
Running 'Reorient Images'
Done    'Reorient Images'
Running 'Old Normalise: Estimate & Write'
Smoothing by 0 & 8mm..
Coarse Affine Registration..
Fine Affine Registration..
3D CT Norm...
 iteration  1:  FWHM =  6.934 Var = 0.687282
 iteration  2:  FWHM =   4.63 Var = 0.445732
 iteration  3:  FWHM =  4.547 Var = 0.437987
 iteration  4:  FWHM =  4.559 Var = 0.437097
 iteration  5:  FWHM =  4.545 Var = 0.43686
 iteration  6:  FWHM =  4.556 Var = 0.43673
 iteration  7:  FWHM =  4.547 Var = 0.43673
 iteration  8:  FWHM =  4.552 Var = 0.436668
 iteration  9:  FWHM =  4.547 Var = 0.436668
 iteration 10:  FWHM =   4.55 Var = 0.436666
 iteration 11:  FWHM =  4.547 Var = 0.436666
 iteration 12:  FWHM =   4.55 Var = 0.436664
 iteration 13:  FWHM =  4.547 Var = 0.436664
 iteration 14:  FWHM =  4.552 Var = 0.436664
 iteration 15:  FWHM =  4.547 Var = 0.436664
 iteration 16:  FWHM =  4.552 Var = 0.436637
Saving Parameters..

SPM12: spm_write_sn (v4878)                        10:39:50 - 10/08/2017
========================================================================
Completed                               :          10:39:56 - 10/08/2017
Done    'Old Normalise: Estimate & Write'
Running 'Old Normalise: Estimate & Write'
Smoothing by 0 & 8mm..
Coarse Affine Registration..
Fine Affine Registration..
3D CT Norm...
 iteration  1:  FWHM =  6.403 Var = 0.558399
 iteration  2:  FWHM =   4.24 Var = 0.352083
 iteration  3:  FWHM =  4.174 Var = 0.343643
 iteration  4:  FWHM =  4.176 Var = 0.343123
 iteration  5:  FWHM =  4.171 Var = 0.342778
 iteration  6:  FWHM =  4.173 Var = 0.34255
 iteration  7:  FWHM =   4.17 Var = 0.34255
 iteration  8:  FWHM =  4.173 Var = 0.34255
 iteration  9:  FWHM =  4.172 Var = 0.34255
 iteration 10:  FWHM =  4.174 Var = 0.34255
 iteration 11:  FWHM =  4.172 Var = 0.34255
 iteration 12:  FWHM =  4.174 Var = 0.34255
 iteration 13:  FWHM =  4.172 Var = 0.34255
 iteration 14:  FWHM =  4.174 Var = 0.34255
 iteration 15:  FWHM =  4.172 Var = 0.34255
 iteration 16:  FWHM =  4.174 Var = 0.34255
Saving Parameters..

SPM12: spm_write_sn (v4878)                        10:40:08 - 10/08/2017
========================================================================
Completed                               :          10:40:08 - 10/08/2017
Done    'Old Normalise: Estimate & Write'
Running 'Smooth'
Done    'Smooth'
Done

