39

                            < M A T L A B (R) >
                  Copyright 1984-2016 The MathWorks, Inc.
                   R2016b (9.1.0.441655) 64-bit (glnxa64)
                             September 7, 2016

 
To get started, type one of these: helpwin, helpdesk, or demo.
For product information, visit www.mathworks.com.
 
JOB ID: /projects/dsnlab/SFIC_Faces3/scripts/fMRI/ppc/spm/ppc_jobs/sub-L024_t3_ppc_job.mat


------------------------------------------------------------------------
Running job #1
------------------------------------------------------------------------
Running 'File Selector (Batch Mode)'
Done    'File Selector (Batch Mode)'
Running 'Realign: Estimate & Reslice'

SPM12: spm_realign (v6070)                         10:38:50 - 10/08/2017
========================================================================
Completed                               :          10:39:20 - 10/08/2017

SPM12: spm_reslice (v5929)                         10:39:20 - 10/08/2017
========================================================================
Completed                               :          10:39:27 - 10/08/2017
Done    'Realign: Estimate & Reslice'
Running 'Coregister: Estimate'

SPM12: spm_coreg (v6435)                           10:39:27 - 10/08/2017
========================================================================
Completed                               :          10:39:34 - 10/08/2017
Done    'Coregister: Estimate'
Running 'Reorient Images'
Done    'Reorient Images'
Item 'Source Image', field 'val': Number of matching files larger than max allowed, keeping 1/97 files.
Running 'Reorient Images'
Done    'Reorient Images'
Running 'Old Normalise: Estimate & Write'
Smoothing by 0 & 8mm..
Coarse Affine Registration..
Fine Affine Registration..
3D CT Norm...
 iteration  1:  FWHM =  7.136 Var = 0.704641
 iteration  2:  FWHM =  4.631 Var = 0.439889
 iteration  3:  FWHM =  4.502 Var = 0.425304
 iteration  4:  FWHM =  4.505 Var = 0.423993
 iteration  5:  FWHM =    4.5 Var = 0.423993
 iteration  6:  FWHM =  4.503 Var = 0.423993
 iteration  7:  FWHM =  4.498 Var = 0.423993
 iteration  8:  FWHM =  4.502 Var = 0.423744
 iteration  9:  FWHM =    4.5 Var = 0.423744
 iteration 10:  FWHM =  4.502 Var = 0.423744
 iteration 11:  FWHM =    4.5 Var = 0.423744
 iteration 12:  FWHM =  4.502 Var = 0.423744
 iteration 13:  FWHM =    4.5 Var = 0.423744
 iteration 14:  FWHM =  4.502 Var = 0.423744
 iteration 15:  FWHM =    4.5 Var = 0.423744
 iteration 16:  FWHM =  4.503 Var = 0.423744
Saving Parameters..

SPM12: spm_write_sn (v4878)                        10:39:50 - 10/08/2017
========================================================================
Completed                               :          10:39:56 - 10/08/2017
Done    'Old Normalise: Estimate & Write'
Running 'Old Normalise: Estimate & Write'
Smoothing by 0 & 8mm..
Coarse Affine Registration..
Fine Affine Registration..
3D CT Norm...
 iteration  1:  FWHM =  6.605 Var = 0.569558
 iteration  2:  FWHM =  4.268 Var = 0.348377
 iteration  3:  FWHM =  4.182 Var = 0.336875
 iteration  4:  FWHM =  4.183 Var = 0.336156
 iteration  5:  FWHM =  4.182 Var = 0.335971
 iteration  6:  FWHM =   4.18 Var = 0.33565
 iteration  7:  FWHM =   4.18 Var = 0.33565
 iteration  8:  FWHM =   4.18 Var = 0.335459
 iteration  9:  FWHM =   4.18 Var = 0.335459
 iteration 10:  FWHM =   4.18 Var = 0.335459
 iteration 11:  FWHM =   4.18 Var = 0.335459
 iteration 12:  FWHM =   4.18 Var = 0.335459
 iteration 13:  FWHM =   4.18 Var = 0.335459
 iteration 14:  FWHM =   4.18 Var = 0.335459
 iteration 15:  FWHM =   4.18 Var = 0.335459
 iteration 16:  FWHM =   4.18 Var = 0.335459
Saving Parameters..

SPM12: spm_write_sn (v4878)                        10:40:06 - 10/08/2017
========================================================================
Completed                               :          10:40:06 - 10/08/2017
Done    'Old Normalise: Estimate & Write'
Running 'Smooth'
Done    'Smooth'
Done

