34

                            < M A T L A B (R) >
                  Copyright 1984-2016 The MathWorks, Inc.
                   R2016b (9.1.0.441655) 64-bit (glnxa64)
                             September 7, 2016

 
To get started, type one of these: helpwin, helpdesk, or demo.
For product information, visit www.mathworks.com.
 
JOB ID: /projects/dsnlab/SFIC_Faces3/scripts/fMRI/ppc/spm/ppc_jobs/sub-L023_t1_ppc_job.mat


------------------------------------------------------------------------
Running job #1
------------------------------------------------------------------------
Running 'File Selector (Batch Mode)'
Done    'File Selector (Batch Mode)'
Running 'Realign: Estimate & Reslice'

SPM12: spm_realign (v6070)                         10:38:47 - 10/08/2017
========================================================================
Completed                               :          10:39:15 - 10/08/2017

SPM12: spm_reslice (v5929)                         10:39:15 - 10/08/2017
========================================================================
Completed                               :          10:39:23 - 10/08/2017
Done    'Realign: Estimate & Reslice'
Running 'Coregister: Estimate'

SPM12: spm_coreg (v6435)                           10:39:24 - 10/08/2017
========================================================================
Completed                               :          10:39:31 - 10/08/2017
Done    'Coregister: Estimate'
Running 'Reorient Images'
Done    'Reorient Images'
Item 'Source Image', field 'val': Number of matching files larger than max allowed, keeping 1/97 files.
Running 'Reorient Images'
Done    'Reorient Images'
Running 'Old Normalise: Estimate & Write'
Smoothing by 0 & 8mm..
Coarse Affine Registration..
Fine Affine Registration..
3D CT Norm...
 iteration  1:  FWHM =  7.201 Var = 0.674512
 iteration  2:  FWHM =  4.633 Var = 0.421975
 iteration  3:  FWHM =  4.545 Var = 0.410593
 iteration  4:  FWHM =  4.547 Var = 0.410593
 iteration  5:  FWHM =  4.542 Var = 0.409977
 iteration  6:  FWHM =  4.546 Var = 0.409977
 iteration  7:  FWHM =  4.542 Var = 0.409977
 iteration  8:  FWHM =  4.545 Var = 0.409977
 iteration  9:  FWHM =  4.542 Var = 0.409977
 iteration 10:  FWHM =  4.546 Var = 0.409977
 iteration 11:  FWHM =  4.542 Var = 0.409977
 iteration 12:  FWHM =  4.546 Var = 0.409977
 iteration 13:  FWHM =  4.542 Var = 0.409977
 iteration 14:  FWHM =  4.546 Var = 0.409977
 iteration 15:  FWHM =  4.542 Var = 0.409977
 iteration 16:  FWHM =  4.546 Var = 0.409977
Saving Parameters..

SPM12: spm_write_sn (v4878)                        10:39:48 - 10/08/2017
========================================================================
Completed                               :          10:39:54 - 10/08/2017
Done    'Old Normalise: Estimate & Write'
Running 'Old Normalise: Estimate & Write'
Smoothing by 0 & 8mm..
Coarse Affine Registration..
Fine Affine Registration..
3D CT Norm...
 iteration  1:  FWHM =  6.677 Var = 0.573193
 iteration  2:  FWHM =  4.276 Var = 0.352995
 iteration  3:  FWHM =  4.235 Var = 0.343353
 iteration  4:  FWHM =  4.221 Var = 0.342822
 iteration  5:  FWHM =  4.228 Var = 0.342395
 iteration  6:  FWHM =   4.22 Var = 0.342395
 iteration  7:  FWHM =  4.225 Var = 0.342345
 iteration  8:  FWHM =  4.221 Var = 0.342332
 iteration  9:  FWHM =  4.224 Var = 0.342289
 iteration 10:  FWHM =  4.221 Var = 0.342237
 iteration 11:  FWHM =  4.222 Var = 0.342237
 iteration 12:  FWHM =  4.221 Var = 0.342237
 iteration 13:  FWHM =  4.222 Var = 0.342237
 iteration 14:  FWHM =  4.222 Var = 0.342237
 iteration 15:  FWHM =  4.222 Var = 0.342236
 iteration 16:  FWHM =  4.222 Var = 0.342236
Saving Parameters..

SPM12: spm_write_sn (v4878)                        10:40:05 - 10/08/2017
========================================================================
Completed                               :          10:40:05 - 10/08/2017
Done    'Old Normalise: Estimate & Write'
Running 'Smooth'
Done    'Smooth'
Done

