61

                            < M A T L A B (R) >
                  Copyright 1984-2016 The MathWorks, Inc.
                   R2016b (9.1.0.441655) 64-bit (glnxa64)
                             September 7, 2016

 
To get started, type one of these: helpwin, helpdesk, or demo.
For product information, visit www.mathworks.com.
 
JOB ID: /projects/dsnlab/SFIC_Faces3/scripts/fMRI/ppc/spm/ppc_jobs/sub-L035_t1_ppc_job.mat


------------------------------------------------------------------------
Running job #1
------------------------------------------------------------------------
Running 'File Selector (Batch Mode)'
Done    'File Selector (Batch Mode)'
Running 'Realign: Estimate & Reslice'

SPM12: spm_realign (v6070)                         10:38:52 - 10/08/2017
========================================================================
Completed                               :          10:39:20 - 10/08/2017

SPM12: spm_reslice (v5929)                         10:39:20 - 10/08/2017
========================================================================
Completed                               :          10:39:29 - 10/08/2017
Done    'Realign: Estimate & Reslice'
Running 'Coregister: Estimate'

SPM12: spm_coreg (v6435)                           10:39:29 - 10/08/2017
========================================================================
Completed                               :          10:39:43 - 10/08/2017
Done    'Coregister: Estimate'
Running 'Reorient Images'
Done    'Reorient Images'
Item 'Source Image', field 'val': Number of matching files larger than max allowed, keeping 1/97 files.
Running 'Reorient Images'
Done    'Reorient Images'
Running 'Old Normalise: Estimate & Write'
Smoothing by 0 & 8mm..
Coarse Affine Registration..
Fine Affine Registration..
3D CT Norm...
 iteration  1:  FWHM =  7.152 Var = 0.689268
 iteration  2:  FWHM =  4.587 Var = 0.425844
 iteration  3:  FWHM =  4.508 Var = 0.416483
 iteration  4:  FWHM =  4.507 Var = 0.415753
 iteration  5:  FWHM =  4.504 Var = 0.415673
 iteration  6:  FWHM =  4.505 Var = 0.415456
 iteration  7:  FWHM =  4.503 Var = 0.415456
 iteration  8:  FWHM =  4.505 Var = 0.415456
 iteration  9:  FWHM =  4.504 Var = 0.415374
 iteration 10:  FWHM =  4.504 Var = 0.415374
 iteration 11:  FWHM =  4.504 Var = 0.415374
 iteration 12:  FWHM =  4.504 Var = 0.415374
 iteration 13:  FWHM =  4.504 Var = 0.415314
 iteration 14:  FWHM =  4.504 Var = 0.415314
 iteration 15:  FWHM =  4.504 Var = 0.415314
 iteration 16:  FWHM =  4.504 Var = 0.415314
Saving Parameters..

SPM12: spm_write_sn (v4878)                        10:40:01 - 10/08/2017
========================================================================
Completed                               :          10:40:07 - 10/08/2017
Done    'Old Normalise: Estimate & Write'
Running 'Old Normalise: Estimate & Write'
Smoothing by 0 & 8mm..
Coarse Affine Registration..
Fine Affine Registration..
3D CT Norm...
 iteration  1:  FWHM =  6.671 Var = 0.577617
 iteration  2:  FWHM =   4.28 Var = 0.349259
 iteration  3:  FWHM =  4.217 Var = 0.34051
 iteration  4:  FWHM =  4.218 Var = 0.340215
 iteration  5:  FWHM =  4.216 Var = 0.340049
 iteration  6:  FWHM =  4.216 Var = 0.340049
 iteration  7:  FWHM =  4.216 Var = 0.340049
 iteration  8:  FWHM =  4.215 Var = 0.340049
 iteration  9:  FWHM =  4.216 Var = 0.340049
 iteration 10:  FWHM =  4.215 Var = 0.340049
 iteration 11:  FWHM =  4.216 Var = 0.340049
 iteration 12:  FWHM =  4.215 Var = 0.340049
 iteration 13:  FWHM =  4.216 Var = 0.340049
 iteration 14:  FWHM =  4.215 Var = 0.340049
 iteration 15:  FWHM =  4.216 Var = 0.340049
 iteration 16:  FWHM =  4.215 Var = 0.340049
Saving Parameters..

SPM12: spm_write_sn (v4878)                        10:40:17 - 10/08/2017
========================================================================
Completed                               :          10:40:17 - 10/08/2017
Done    'Old Normalise: Estimate & Write'
Running 'Smooth'
Done    'Smooth'
Done

