18

                            < M A T L A B (R) >
                  Copyright 1984-2016 The MathWorks, Inc.
                   R2016b (9.1.0.441655) 64-bit (glnxa64)
                             September 7, 2016

 
To get started, type one of these: helpwin, helpdesk, or demo.
For product information, visit www.mathworks.com.
 
JOB ID: /projects/dsnlab/SFIC_Faces3/scripts/fMRI/ppc/spm/ppc_jobs/sub-L011_t2_ppc_job.mat


------------------------------------------------------------------------
Running job #1
------------------------------------------------------------------------
Running 'File Selector (Batch Mode)'
Done    'File Selector (Batch Mode)'
Running 'Realign: Estimate & Reslice'

SPM12: spm_realign (v6070)                         10:38:50 - 10/08/2017
========================================================================
Completed                               :          10:39:21 - 10/08/2017

SPM12: spm_reslice (v5929)                         10:39:21 - 10/08/2017
========================================================================
Completed                               :          10:39:29 - 10/08/2017
Done    'Realign: Estimate & Reslice'
Running 'Coregister: Estimate'

SPM12: spm_coreg (v6435)                           10:39:30 - 10/08/2017
========================================================================
Completed                               :          10:39:39 - 10/08/2017
Done    'Coregister: Estimate'
Running 'Reorient Images'
Done    'Reorient Images'
Item 'Source Image', field 'val': Number of matching files larger than max allowed, keeping 1/97 files.
Running 'Reorient Images'
Done    'Reorient Images'
Running 'Old Normalise: Estimate & Write'
Smoothing by 0 & 8mm..
Coarse Affine Registration..
Fine Affine Registration..
3D CT Norm...
 iteration  1:  FWHM =   6.84 Var = 0.627193
 iteration  2:  FWHM =  4.617 Var = 0.41644
 iteration  3:  FWHM =  4.524 Var = 0.40428
 iteration  4:  FWHM =  4.521 Var = 0.403346
 iteration  5:  FWHM =  4.514 Var = 0.402424
 iteration  6:  FWHM =  4.515 Var = 0.402424
 iteration  7:  FWHM =  4.513 Var = 0.402364
 iteration  8:  FWHM =  4.514 Var = 0.402364
 iteration  9:  FWHM =  4.514 Var = 0.402364
 iteration 10:  FWHM =  4.514 Var = 0.402364
 iteration 11:  FWHM =  4.514 Var = 0.402344
 iteration 12:  FWHM =  4.514 Var = 0.402344
 iteration 13:  FWHM =  4.514 Var = 0.402344
 iteration 14:  FWHM =  4.514 Var = 0.402344
 iteration 15:  FWHM =  4.514 Var = 0.402344
 iteration 16:  FWHM =  4.514 Var = 0.402344
Saving Parameters..

SPM12: spm_write_sn (v4878)                        10:39:54 - 10/08/2017
========================================================================
Completed                               :          10:40:04 - 10/08/2017
Done    'Old Normalise: Estimate & Write'
Running 'Old Normalise: Estimate & Write'
Smoothing by 0 & 8mm..
Coarse Affine Registration..
Fine Affine Registration..
3D CT Norm...
 iteration  1:  FWHM =  6.207 Var = 0.537386
 iteration  2:  FWHM =  4.184 Var = 0.351912
 iteration  3:  FWHM =   4.13 Var = 0.345556
 iteration  4:  FWHM =  4.131 Var = 0.344351
 iteration  5:  FWHM =  4.129 Var = 0.344351
 iteration  6:  FWHM =   4.13 Var = 0.344254
 iteration  7:  FWHM =  4.128 Var = 0.344254
 iteration  8:  FWHM =   4.13 Var = 0.344235
 iteration  9:  FWHM =  4.128 Var = 0.34423
 iteration 10:  FWHM =   4.13 Var = 0.344212
 iteration 11:  FWHM =  4.128 Var = 0.344212
 iteration 12:  FWHM =   4.13 Var = 0.344212
 iteration 13:  FWHM =  4.128 Var = 0.344212
 iteration 14:  FWHM =   4.13 Var = 0.344208
 iteration 15:  FWHM =  4.128 Var = 0.344208
 iteration 16:  FWHM =   4.13 Var = 0.344208
Saving Parameters..

SPM12: spm_write_sn (v4878)                        10:40:13 - 10/08/2017
========================================================================
Completed                               :          10:40:14 - 10/08/2017
Done    'Old Normalise: Estimate & Write'
Running 'Smooth'
Done    'Smooth'
Done

