82

                            < M A T L A B (R) >
                  Copyright 1984-2016 The MathWorks, Inc.
                   R2016b (9.1.0.441655) 64-bit (glnxa64)
                             September 7, 2016

 
To get started, type one of these: helpwin, helpdesk, or demo.
For product information, visit www.mathworks.com.
 
JOB ID: /projects/dsnlab/SFIC_Faces3/scripts/fMRI/ppc/spm/ppc_jobs/sub-L046_t2_ppc_job.mat


------------------------------------------------------------------------
Running job #1
------------------------------------------------------------------------
Running 'File Selector (Batch Mode)'
Done    'File Selector (Batch Mode)'
Running 'Realign: Estimate & Reslice'

SPM12: spm_realign (v6070)                         10:38:52 - 10/08/2017
========================================================================
Completed                               :          10:39:20 - 10/08/2017

SPM12: spm_reslice (v5929)                         10:39:20 - 10/08/2017
========================================================================
Completed                               :          10:39:29 - 10/08/2017
Done    'Realign: Estimate & Reslice'
Running 'Coregister: Estimate'

SPM12: spm_coreg (v6435)                           10:39:29 - 10/08/2017
========================================================================
Completed                               :          10:39:37 - 10/08/2017
Done    'Coregister: Estimate'
Running 'Reorient Images'
Done    'Reorient Images'
Item 'Source Image', field 'val': Number of matching files larger than max allowed, keeping 1/97 files.
Running 'Reorient Images'
Done    'Reorient Images'
Running 'Old Normalise: Estimate & Write'
Smoothing by 0 & 8mm..
Coarse Affine Registration..
Fine Affine Registration..
3D CT Norm...
 iteration  1:  FWHM =  7.634 Var = 0.806585
 iteration  2:  FWHM =  4.816 Var = 0.4677
 iteration  3:  FWHM =  4.615 Var = 0.442138
 iteration  4:  FWHM =  4.593 Var = 0.437499
 iteration  5:  FWHM =  4.586 Var = 0.43679
 iteration  6:  FWHM =  4.587 Var = 0.436542
 iteration  7:  FWHM =  4.584 Var = 0.436536
 iteration  8:  FWHM =  4.586 Var = 0.436338
 iteration  9:  FWHM =  4.584 Var = 0.436338
 iteration 10:  FWHM =  4.586 Var = 0.436336
 iteration 11:  FWHM =  4.584 Var = 0.436336
 iteration 12:  FWHM =  4.586 Var = 0.436336
 iteration 13:  FWHM =  4.584 Var = 0.436336
 iteration 14:  FWHM =  4.586 Var = 0.436336
 iteration 15:  FWHM =  4.584 Var = 0.436336
 iteration 16:  FWHM =  4.586 Var = 0.436336
Saving Parameters..

SPM12: spm_write_sn (v4878)                        10:39:56 - 10/08/2017
========================================================================
Completed                               :          10:40:02 - 10/08/2017
Done    'Old Normalise: Estimate & Write'
Running 'Old Normalise: Estimate & Write'
Smoothing by 0 & 8mm..
Coarse Affine Registration..
Fine Affine Registration..
3D CT Norm...
 iteration  1:  FWHM =  6.893 Var = 0.628171
 iteration  2:  FWHM =  4.322 Var = 0.363432
 iteration  3:  FWHM =   4.23 Var = 0.34923
 iteration  4:  FWHM =  4.231 Var = 0.348421
 iteration  5:  FWHM =  4.229 Var = 0.348319
 iteration  6:  FWHM =   4.23 Var = 0.348289
 iteration  7:  FWHM =  4.229 Var = 0.348289
 iteration  8:  FWHM =  4.229 Var = 0.348289
 iteration  9:  FWHM =  4.229 Var = 0.348279
 iteration 10:  FWHM =  4.229 Var = 0.348279
 iteration 11:  FWHM =  4.229 Var = 0.348279
 iteration 12:  FWHM =  4.229 Var = 0.348279
 iteration 13:  FWHM =  4.229 Var = 0.348279
 iteration 14:  FWHM =  4.229 Var = 0.348279
 iteration 15:  FWHM =  4.229 Var = 0.348279
 iteration 16:  FWHM =  4.229 Var = 0.348279
Saving Parameters..

SPM12: spm_write_sn (v4878)                        10:40:12 - 10/08/2017
========================================================================
Completed                               :          10:40:12 - 10/08/2017
Done    'Old Normalise: Estimate & Write'
Running 'Smooth'
Done    'Smooth'
Done

