87

                            < M A T L A B (R) >
                  Copyright 1984-2016 The MathWorks, Inc.
                   R2016b (9.1.0.441655) 64-bit (glnxa64)
                             September 7, 2016

 
To get started, type one of these: helpwin, helpdesk, or demo.
For product information, visit www.mathworks.com.
 
JOB ID: /projects/dsnlab/SFIC_Faces3/scripts/fMRI/ppc/spm/ppc_jobs/sub-L049_t2_ppc_job.mat


------------------------------------------------------------------------
Running job #1
------------------------------------------------------------------------
Running 'File Selector (Batch Mode)'
Done    'File Selector (Batch Mode)'
Running 'Realign: Estimate & Reslice'

SPM12: spm_realign (v6070)                         10:38:47 - 10/08/2017
========================================================================
Completed                               :          10:39:13 - 10/08/2017

SPM12: spm_reslice (v5929)                         10:39:13 - 10/08/2017
========================================================================
Completed                               :          10:39:20 - 10/08/2017
Done    'Realign: Estimate & Reslice'
Running 'Coregister: Estimate'

SPM12: spm_coreg (v6435)                           10:39:21 - 10/08/2017
========================================================================
Completed                               :          10:39:30 - 10/08/2017
Done    'Coregister: Estimate'
Running 'Reorient Images'
Done    'Reorient Images'
Item 'Source Image', field 'val': Number of matching files larger than max allowed, keeping 1/97 files.
Running 'Reorient Images'
Done    'Reorient Images'
Running 'Old Normalise: Estimate & Write'
Smoothing by 0 & 8mm..
Coarse Affine Registration..
Fine Affine Registration..
3D CT Norm...
 iteration  1:  FWHM =  7.231 Var = 0.753107
 iteration  2:  FWHM =  4.784 Var = 0.479046
 iteration  3:  FWHM =  4.666 Var = 0.461974
 iteration  4:  FWHM =   4.65 Var = 0.459168
 iteration  5:  FWHM =  4.643 Var = 0.458001
 iteration  6:  FWHM =  4.644 Var = 0.457986
 iteration  7:  FWHM =  4.642 Var = 0.457738
 iteration  8:  FWHM =  4.643 Var = 0.457738
 iteration  9:  FWHM =  4.643 Var = 0.457699
 iteration 10:  FWHM =  4.643 Var = 0.457699
 iteration 11:  FWHM =  4.646 Var = 0.457699
 iteration 12:  FWHM =  4.644 Var = 0.457699
 iteration 13:  FWHM =  4.647 Var = 0.457699
 iteration 14:  FWHM =  4.644 Var = 0.457699
 iteration 15:  FWHM =  4.647 Var = 0.457699
 iteration 16:  FWHM =  4.644 Var = 0.457699
Saving Parameters..

SPM12: spm_write_sn (v4878)                        10:39:46 - 10/08/2017
========================================================================
Completed                               :          10:39:51 - 10/08/2017
Done    'Old Normalise: Estimate & Write'
Running 'Old Normalise: Estimate & Write'
Smoothing by 0 & 8mm..
Coarse Affine Registration..
Fine Affine Registration..
3D CT Norm...
 iteration  1:  FWHM =  6.518 Var = 0.5865
 iteration  2:  FWHM =  4.336 Var = 0.372482
 iteration  3:  FWHM =  4.257 Var = 0.361328
 iteration  4:  FWHM =  4.258 Var = 0.359965
 iteration  5:  FWHM =  4.251 Var = 0.359264
 iteration  6:  FWHM =  4.245 Var = 0.35915
 iteration  7:  FWHM =  4.247 Var = 0.358772
 iteration  8:  FWHM =  4.241 Var = 0.358772
 iteration  9:  FWHM =  4.247 Var = 0.358772
 iteration 10:  FWHM =  4.245 Var = 0.358772
 iteration 11:  FWHM =  4.247 Var = 0.358772
 iteration 12:  FWHM =  4.245 Var = 0.358772
 iteration 13:  FWHM =  4.247 Var = 0.358772
 iteration 14:  FWHM =  4.245 Var = 0.358772
 iteration 15:  FWHM =  4.247 Var = 0.358772
 iteration 16:  FWHM =  4.245 Var = 0.358772
Saving Parameters..

SPM12: spm_write_sn (v4878)                        10:40:00 - 10/08/2017
========================================================================
Completed                               :          10:40:00 - 10/08/2017
Done    'Old Normalise: Estimate & Write'
Running 'Smooth'
Done    'Smooth'
Done

