162

                            < M A T L A B (R) >
                  Copyright 1984-2016 The MathWorks, Inc.
                   R2016b (9.1.0.441655) 64-bit (glnxa64)
                             September 7, 2016

 
To get started, type one of these: helpwin, helpdesk, or demo.
For product information, visit www.mathworks.com.
 
JOB ID: /projects/dsnlab/SFIC_Faces3/scripts/fMRI/ppc/spm/ppc_jobs/sub-L089_t1_ppc_job.mat


------------------------------------------------------------------------
Running job #1
------------------------------------------------------------------------
Running 'File Selector (Batch Mode)'
Done    'File Selector (Batch Mode)'
Running 'Realign: Estimate & Reslice'

SPM12: spm_realign (v6070)                         10:39:11 - 10/08/2017
========================================================================
Completed                               :          10:39:36 - 10/08/2017

SPM12: spm_reslice (v5929)                         10:39:36 - 10/08/2017
========================================================================
Completed                               :          10:39:45 - 10/08/2017
Done    'Realign: Estimate & Reslice'
Running 'Coregister: Estimate'

SPM12: spm_coreg (v6435)                           10:39:46 - 10/08/2017
========================================================================
Completed                               :          10:39:55 - 10/08/2017
Done    'Coregister: Estimate'
Running 'Reorient Images'
Done    'Reorient Images'
Item 'Source Image', field 'val': Number of matching files larger than max allowed, keeping 1/97 files.
Running 'Reorient Images'
Done    'Reorient Images'
Running 'Old Normalise: Estimate & Write'
Smoothing by 0 & 8mm..
Coarse Affine Registration..
Fine Affine Registration..
3D CT Norm...
 iteration  1:  FWHM =  7.031 Var = 0.703153
 iteration  2:  FWHM =  4.563 Var = 0.438916
 iteration  3:  FWHM =  4.509 Var = 0.429511
 iteration  4:  FWHM =  4.507 Var = 0.428945
 iteration  5:  FWHM =  4.507 Var = 0.428245
 iteration  6:  FWHM =  4.503 Var = 0.428245
 iteration  7:  FWHM =  4.507 Var = 0.428091
 iteration  8:  FWHM =  4.502 Var = 0.428091
 iteration  9:  FWHM =  4.502 Var = 0.428091
 iteration 10:  FWHM =  4.502 Var = 0.428091
 iteration 11:  FWHM =  4.502 Var = 0.428091
 iteration 12:  FWHM =  4.503 Var = 0.428091
 iteration 13:  FWHM =  4.502 Var = 0.428091
 iteration 14:  FWHM =  4.502 Var = 0.428091
 iteration 15:  FWHM =  4.502 Var = 0.428091
 iteration 16:  FWHM =  4.502 Var = 0.428091
Saving Parameters..

SPM12: spm_write_sn (v4878)                        10:40:11 - 10/08/2017
========================================================================
Completed                               :          10:40:16 - 10/08/2017
Done    'Old Normalise: Estimate & Write'
Running 'Old Normalise: Estimate & Write'
Smoothing by 0 & 8mm..
Coarse Affine Registration..
Fine Affine Registration..
3D CT Norm...
 iteration  1:  FWHM =  6.585 Var = 0.591734
 iteration  2:  FWHM =  4.199 Var = 0.348949
 iteration  3:  FWHM =  4.137 Var = 0.339396
 iteration  4:  FWHM =  4.138 Var = 0.337482
 iteration  5:  FWHM =  4.134 Var = 0.337482
 iteration  6:  FWHM =  4.137 Var = 0.337434
 iteration  7:  FWHM =  4.134 Var = 0.337434
 iteration  8:  FWHM =  4.137 Var = 0.337434
 iteration  9:  FWHM =  4.134 Var = 0.337434
 iteration 10:  FWHM =  4.137 Var = 0.337434
 iteration 11:  FWHM =  4.134 Var = 0.337434
 iteration 12:  FWHM =  4.137 Var = 0.337434
 iteration 13:  FWHM =  4.134 Var = 0.337434
 iteration 14:  FWHM =  4.137 Var = 0.337434
 iteration 15:  FWHM =  4.134 Var = 0.337434
 iteration 16:  FWHM =  4.137 Var = 0.337434
Saving Parameters..

SPM12: spm_write_sn (v4878)                        10:40:28 - 10/08/2017
========================================================================
Completed                               :          10:40:28 - 10/08/2017
Done    'Old Normalise: Estimate & Write'
Running 'Smooth'
Done    'Smooth'
Done

