117

                            < M A T L A B (R) >
                  Copyright 1984-2016 The MathWorks, Inc.
                   R2016b (9.1.0.441655) 64-bit (glnxa64)
                             September 7, 2016

 
To get started, type one of these: helpwin, helpdesk, or demo.
For product information, visit www.mathworks.com.
 
JOB ID: /projects/dsnlab/SFIC_Faces3/scripts/fMRI/ppc/spm/ppc_jobs/sub-L067_t1_ppc_job.mat


------------------------------------------------------------------------
Running job #1
------------------------------------------------------------------------
Running 'File Selector (Batch Mode)'
Done    'File Selector (Batch Mode)'
Running 'Realign: Estimate & Reslice'

SPM12: spm_realign (v6070)                         10:39:09 - 10/08/2017
========================================================================
Completed                               :          10:39:36 - 10/08/2017

SPM12: spm_reslice (v5929)                         10:39:36 - 10/08/2017
========================================================================
Completed                               :          10:39:46 - 10/08/2017
Done    'Realign: Estimate & Reslice'
Running 'Coregister: Estimate'

SPM12: spm_coreg (v6435)                           10:39:47 - 10/08/2017
========================================================================
Completed                               :          10:39:55 - 10/08/2017
Done    'Coregister: Estimate'
Running 'Reorient Images'
Done    'Reorient Images'
Item 'Source Image', field 'val': Number of matching files larger than max allowed, keeping 1/97 files.
Running 'Reorient Images'
Done    'Reorient Images'
Running 'Old Normalise: Estimate & Write'
Smoothing by 0 & 8mm..
Coarse Affine Registration..
Fine Affine Registration..
3D CT Norm...
 iteration  1:  FWHM =   6.66 Var = 0.664999
 iteration  2:  FWHM =  4.549 Var = 0.442238
 iteration  3:  FWHM =  4.491 Var = 0.434757
 iteration  4:  FWHM =  4.487 Var = 0.433466
 iteration  5:  FWHM =  4.487 Var = 0.433464
 iteration  6:  FWHM =  4.487 Var = 0.433455
 iteration  7:  FWHM =  4.487 Var = 0.433408
 iteration  8:  FWHM =  4.488 Var = 0.433344
 iteration  9:  FWHM =  4.487 Var = 0.433344
 iteration 10:  FWHM =  4.488 Var = 0.433344
 iteration 11:  FWHM =  4.487 Var = 0.433344
 iteration 12:  FWHM =  4.488 Var = 0.433344
 iteration 13:  FWHM =  4.487 Var = 0.433323
 iteration 14:  FWHM =  4.488 Var = 0.433323
 iteration 15:  FWHM =  4.487 Var = 0.433323
 iteration 16:  FWHM =  4.488 Var = 0.433323
Saving Parameters..

SPM12: spm_write_sn (v4878)                        10:40:10 - 10/08/2017
========================================================================
Completed                               :          10:40:16 - 10/08/2017
Done    'Old Normalise: Estimate & Write'
Running 'Old Normalise: Estimate & Write'
Smoothing by 0 & 8mm..
Coarse Affine Registration..
Fine Affine Registration..
3D CT Norm...
 iteration  1:  FWHM =  6.147 Var = 0.55907
 iteration  2:  FWHM =  4.163 Var = 0.358246
 iteration  3:  FWHM =  4.114 Var = 0.350912
 iteration  4:  FWHM =  4.115 Var = 0.350148
 iteration  5:  FWHM =  4.116 Var = 0.350148
 iteration  6:  FWHM =  4.114 Var = 0.350148
 iteration  7:  FWHM =  4.117 Var = 0.350148
 iteration  8:  FWHM =  4.114 Var = 0.350148
 iteration  9:  FWHM =  4.117 Var = 0.350148
 iteration 10:  FWHM =  4.114 Var = 0.350148
 iteration 11:  FWHM =  4.117 Var = 0.350148
 iteration 12:  FWHM =  4.114 Var = 0.350114
 iteration 13:  FWHM =  4.117 Var = 0.350114
 iteration 14:  FWHM =  4.114 Var = 0.350114
 iteration 15:  FWHM =  4.117 Var = 0.350114
 iteration 16:  FWHM =  4.114 Var = 0.350114
Saving Parameters..

SPM12: spm_write_sn (v4878)                        10:40:27 - 10/08/2017
========================================================================
Completed                               :          10:40:28 - 10/08/2017
Done    'Old Normalise: Estimate & Write'
Running 'Smooth'
Done    'Smooth'
Done

