28

                            < M A T L A B (R) >
                  Copyright 1984-2016 The MathWorks, Inc.
                   R2016b (9.1.0.441655) 64-bit (glnxa64)
                             September 7, 2016

 
To get started, type one of these: helpwin, helpdesk, or demo.
For product information, visit www.mathworks.com.
 
JOB ID: /projects/dsnlab/SFIC_Faces3/scripts/fMRI/ppc/spm/ppc_jobs/sub-L019_t3_ppc_job.mat


------------------------------------------------------------------------
Running job #1
------------------------------------------------------------------------
Running 'File Selector (Batch Mode)'
Done    'File Selector (Batch Mode)'
Running 'Realign: Estimate & Reslice'

SPM12: spm_realign (v6070)                         10:38:50 - 10/08/2017
========================================================================
Completed                               :          10:39:20 - 10/08/2017

SPM12: spm_reslice (v5929)                         10:39:20 - 10/08/2017
========================================================================
Completed                               :          10:39:29 - 10/08/2017
Done    'Realign: Estimate & Reslice'
Running 'Coregister: Estimate'

SPM12: spm_coreg (v6435)                           10:39:29 - 10/08/2017
========================================================================
Completed                               :          10:39:37 - 10/08/2017
Done    'Coregister: Estimate'
Running 'Reorient Images'
Done    'Reorient Images'
Item 'Source Image', field 'val': Number of matching files larger than max allowed, keeping 1/97 files.
Running 'Reorient Images'
Done    'Reorient Images'
Running 'Old Normalise: Estimate & Write'
Smoothing by 0 & 8mm..
Coarse Affine Registration..
Fine Affine Registration..
3D CT Norm...
 iteration  1:  FWHM =  6.904 Var = 0.687192
 iteration  2:  FWHM =  4.639 Var = 0.457994
 iteration  3:  FWHM =   4.56 Var = 0.448588
 iteration  4:  FWHM =  4.557 Var = 0.447117
 iteration  5:  FWHM =   4.55 Var = 0.446887
 iteration  6:  FWHM =  4.552 Var = 0.446755
 iteration  7:  FWHM =   4.55 Var = 0.446755
 iteration  8:  FWHM =  4.551 Var = 0.446755
 iteration  9:  FWHM =   4.55 Var = 0.446747
 iteration 10:  FWHM =  4.551 Var = 0.446688
 iteration 11:  FWHM =   4.55 Var = 0.446688
 iteration 12:  FWHM =  4.551 Var = 0.446688
 iteration 13:  FWHM =   4.55 Var = 0.446688
 iteration 14:  FWHM =  4.551 Var = 0.446688
 iteration 15:  FWHM =   4.55 Var = 0.446688
 iteration 16:  FWHM =   4.55 Var = 0.446688
Saving Parameters..

SPM12: spm_write_sn (v4878)                        10:39:53 - 10/08/2017
========================================================================
Completed                               :          10:40:03 - 10/08/2017
Done    'Old Normalise: Estimate & Write'
Running 'Old Normalise: Estimate & Write'
Smoothing by 0 & 8mm..
Coarse Affine Registration..
Fine Affine Registration..
3D CT Norm...
 iteration  1:  FWHM =  6.293 Var = 0.550272
 iteration  2:  FWHM =  4.234 Var = 0.36019
 iteration  3:  FWHM =  4.185 Var = 0.353995
 iteration  4:  FWHM =  4.186 Var = 0.353228
 iteration  5:  FWHM =  4.184 Var = 0.353228
 iteration  6:  FWHM =  4.185 Var = 0.353124
 iteration  7:  FWHM =  4.184 Var = 0.353124
 iteration  8:  FWHM =  4.185 Var = 0.353076
 iteration  9:  FWHM =  4.184 Var = 0.353076
 iteration 10:  FWHM =  4.184 Var = 0.353076
 iteration 11:  FWHM =  4.184 Var = 0.353076
 iteration 12:  FWHM =  4.185 Var = 0.353076
 iteration 13:  FWHM =  4.184 Var = 0.353076
 iteration 14:  FWHM =  4.184 Var = 0.353076
 iteration 15:  FWHM =  4.184 Var = 0.353076
 iteration 16:  FWHM =  4.184 Var = 0.353076
Saving Parameters..

SPM12: spm_write_sn (v4878)                        10:40:13 - 10/08/2017
========================================================================
Completed                               :          10:40:14 - 10/08/2017
Done    'Old Normalise: Estimate & Write'
Running 'Smooth'
Done    'Smooth'
Done

