145

                            < M A T L A B (R) >
                  Copyright 1984-2016 The MathWorks, Inc.
                   R2016b (9.1.0.441655) 64-bit (glnxa64)
                             September 7, 2016

 
To get started, type one of these: helpwin, helpdesk, or demo.
For product information, visit www.mathworks.com.
 
JOB ID: /projects/dsnlab/SFIC_Faces3/scripts/fMRI/ppc/spm/ppc_jobs/sub-L082_t1_ppc_job.mat


------------------------------------------------------------------------
Running job #1
------------------------------------------------------------------------
Running 'File Selector (Batch Mode)'
Done    'File Selector (Batch Mode)'
Running 'Realign: Estimate & Reslice'

SPM12: spm_realign (v6070)                         10:39:11 - 10/08/2017
========================================================================
Completed                               :          10:39:35 - 10/08/2017

SPM12: spm_reslice (v5929)                         10:39:35 - 10/08/2017
========================================================================
Completed                               :          10:39:45 - 10/08/2017
Done    'Realign: Estimate & Reslice'
Running 'Coregister: Estimate'

SPM12: spm_coreg (v6435)                           10:39:45 - 10/08/2017
========================================================================
Completed                               :          10:39:55 - 10/08/2017
Done    'Coregister: Estimate'
Running 'Reorient Images'
Done    'Reorient Images'
Item 'Source Image', field 'val': Number of matching files larger than max allowed, keeping 1/97 files.
Running 'Reorient Images'
Done    'Reorient Images'
Running 'Old Normalise: Estimate & Write'
Smoothing by 0 & 8mm..
Coarse Affine Registration..
Fine Affine Registration..
3D CT Norm...
 iteration  1:  FWHM =  7.122 Var = 0.733098
 iteration  2:  FWHM =  4.629 Var = 0.447313
 iteration  3:  FWHM =  4.567 Var = 0.438706
 iteration  4:  FWHM =  4.564 Var = 0.437264
 iteration  5:  FWHM =  4.561 Var = 0.437112
 iteration  6:  FWHM =  4.561 Var = 0.437112
 iteration  7:  FWHM =   4.56 Var = 0.437014
 iteration  8:  FWHM =  4.561 Var = 0.437014
 iteration  9:  FWHM =   4.56 Var = 0.437014
 iteration 10:  FWHM =   4.56 Var = 0.437014
 iteration 11:  FWHM =  4.561 Var = 0.437014
 iteration 12:  FWHM =   4.56 Var = 0.437014
 iteration 13:  FWHM =  4.561 Var = 0.437014
 iteration 14:  FWHM =   4.56 Var = 0.437014
 iteration 15:  FWHM =  4.561 Var = 0.437014
 iteration 16:  FWHM =   4.56 Var = 0.437014
Saving Parameters..

SPM12: spm_write_sn (v4878)                        10:40:13 - 10/08/2017
========================================================================
Completed                               :          10:40:19 - 10/08/2017
Done    'Old Normalise: Estimate & Write'
Running 'Old Normalise: Estimate & Write'
Smoothing by 0 & 8mm..
Coarse Affine Registration..
Fine Affine Registration..
3D CT Norm...
 iteration  1:  FWHM =  6.532 Var = 0.589959
 iteration  2:  FWHM =  4.194 Var = 0.348905
 iteration  3:  FWHM =  4.135 Var = 0.340364
 iteration  4:  FWHM =   4.14 Var = 0.339635
 iteration  5:  FWHM =  4.134 Var = 0.339473
 iteration  6:  FWHM =   4.14 Var = 0.339425
 iteration  7:  FWHM =  4.137 Var = 0.339393
 iteration  8:  FWHM =  4.136 Var = 0.339393
 iteration  9:  FWHM =  4.137 Var = 0.339388
 iteration 10:  FWHM =  4.136 Var = 0.339388
 iteration 11:  FWHM =  4.137 Var = 0.339388
 iteration 12:  FWHM =  4.136 Var = 0.339388
 iteration 13:  FWHM =  4.137 Var = 0.339377
 iteration 14:  FWHM =  4.136 Var = 0.339377
 iteration 15:  FWHM =  4.137 Var = 0.339377
 iteration 16:  FWHM =  4.136 Var = 0.339377
Saving Parameters..

SPM12: spm_write_sn (v4878)                        10:40:30 - 10/08/2017
========================================================================
Completed                               :          10:40:30 - 10/08/2017
Done    'Old Normalise: Estimate & Write'
Running 'Smooth'
Done    'Smooth'
Done

