142

                            < M A T L A B (R) >
                  Copyright 1984-2016 The MathWorks, Inc.
                   R2016b (9.1.0.441655) 64-bit (glnxa64)
                             September 7, 2016

 
To get started, type one of these: helpwin, helpdesk, or demo.
For product information, visit www.mathworks.com.
 
JOB ID: /projects/dsnlab/SFIC_Faces3/scripts/fMRI/ppc/spm/ppc_jobs/sub-L080_t3_ppc_job.mat


------------------------------------------------------------------------
Running job #1
------------------------------------------------------------------------
Running 'File Selector (Batch Mode)'
Done    'File Selector (Batch Mode)'
Running 'Realign: Estimate & Reslice'

SPM12: spm_realign (v6070)                         10:39:11 - 10/08/2017
========================================================================
Completed                               :          10:39:34 - 10/08/2017

SPM12: spm_reslice (v5929)                         10:39:34 - 10/08/2017
========================================================================
Completed                               :          10:39:44 - 10/08/2017
Done    'Realign: Estimate & Reslice'
Running 'Coregister: Estimate'

SPM12: spm_coreg (v6435)                           10:39:45 - 10/08/2017
========================================================================
Completed                               :          10:39:53 - 10/08/2017
Done    'Coregister: Estimate'
Running 'Reorient Images'
Done    'Reorient Images'
Item 'Source Image', field 'val': Number of matching files larger than max allowed, keeping 1/97 files.
Running 'Reorient Images'
Done    'Reorient Images'
Running 'Old Normalise: Estimate & Write'
Smoothing by 0 & 8mm..
Coarse Affine Registration..
Fine Affine Registration..
3D CT Norm...
 iteration  1:  FWHM =  7.198 Var = 0.697134
 iteration  2:  FWHM =  4.626 Var = 0.433916
 iteration  3:  FWHM =  4.511 Var = 0.419329
 iteration  4:  FWHM =  4.508 Var = 0.418601
 iteration  5:  FWHM =    4.5 Var = 0.417633
 iteration  6:  FWHM =  4.503 Var = 0.417633
 iteration  7:  FWHM =  4.501 Var = 0.417633
 iteration  8:  FWHM =  4.501 Var = 0.417633
 iteration  9:  FWHM =    4.5 Var = 0.417633
 iteration 10:  FWHM =  4.499 Var = 0.417633
 iteration 11:  FWHM =    4.5 Var = 0.417633
 iteration 12:  FWHM =  4.499 Var = 0.417633
 iteration 13:  FWHM =  4.501 Var = 0.417633
 iteration 14:  FWHM =  4.499 Var = 0.417633
 iteration 15:  FWHM =    4.5 Var = 0.417633
 iteration 16:  FWHM =  4.499 Var = 0.417633
Saving Parameters..

SPM12: spm_write_sn (v4878)                        10:40:10 - 10/08/2017
========================================================================
Completed                               :          10:40:15 - 10/08/2017
Done    'Old Normalise: Estimate & Write'
Running 'Old Normalise: Estimate & Write'
Smoothing by 0 & 8mm..
Coarse Affine Registration..
Fine Affine Registration..
3D CT Norm...
 iteration  1:  FWHM =  6.447 Var = 0.5408
 iteration  2:  FWHM =  4.166 Var = 0.337023
 iteration  3:  FWHM =  4.094 Var = 0.327069
 iteration  4:  FWHM =  4.089 Var = 0.325298
 iteration  5:  FWHM =  4.086 Var = 0.325176
 iteration  6:  FWHM =  4.087 Var = 0.325014
 iteration  7:  FWHM =  4.086 Var = 0.325014
 iteration  8:  FWHM =  4.087 Var = 0.325009
 iteration  9:  FWHM =  4.086 Var = 0.325009
 iteration 10:  FWHM =  4.086 Var = 0.324926
 iteration 11:  FWHM =  4.086 Var = 0.324926
 iteration 12:  FWHM =  4.086 Var = 0.324926
 iteration 13:  FWHM =  4.086 Var = 0.324926
 iteration 14:  FWHM =  4.086 Var = 0.324926
 iteration 15:  FWHM =  4.086 Var = 0.324926
 iteration 16:  FWHM =  4.086 Var = 0.324926
Saving Parameters..

SPM12: spm_write_sn (v4878)                        10:40:27 - 10/08/2017
========================================================================
Completed                               :          10:40:27 - 10/08/2017
Done    'Old Normalise: Estimate & Write'
Running 'Smooth'
Done    'Smooth'
Done

