149

                            < M A T L A B (R) >
                  Copyright 1984-2016 The MathWorks, Inc.
                   R2016b (9.1.0.441655) 64-bit (glnxa64)
                             September 7, 2016

 
To get started, type one of these: helpwin, helpdesk, or demo.
For product information, visit www.mathworks.com.
 
JOB ID: /projects/dsnlab/SFIC_Faces3/scripts/fMRI/ppc/spm/ppc_jobs/sub-L083_t2_ppc_job.mat


------------------------------------------------------------------------
Running job #1
------------------------------------------------------------------------
Running 'File Selector (Batch Mode)'
Done    'File Selector (Batch Mode)'
Running 'Realign: Estimate & Reslice'

SPM12: spm_realign (v6070)                         10:39:11 - 10/08/2017
========================================================================
Completed                               :          10:39:34 - 10/08/2017

SPM12: spm_reslice (v5929)                         10:39:34 - 10/08/2017
========================================================================
Completed                               :          10:39:44 - 10/08/2017
Done    'Realign: Estimate & Reslice'
Running 'Coregister: Estimate'

SPM12: spm_coreg (v6435)                           10:39:45 - 10/08/2017
========================================================================
Completed                               :          10:39:57 - 10/08/2017
Done    'Coregister: Estimate'
Running 'Reorient Images'
Done    'Reorient Images'
Item 'Source Image', field 'val': Number of matching files larger than max allowed, keeping 1/97 files.
Running 'Reorient Images'
Done    'Reorient Images'
Running 'Old Normalise: Estimate & Write'
Smoothing by 0 & 8mm..
Coarse Affine Registration..
Fine Affine Registration..
3D CT Norm...
 iteration  1:  FWHM =  7.294 Var = 0.748043
 iteration  2:  FWHM =  4.676 Var = 0.455289
 iteration  3:  FWHM =  4.563 Var = 0.440106
 iteration  4:  FWHM =   4.56 Var = 0.439121
 iteration  5:  FWHM =  4.555 Var = 0.438424
 iteration  6:  FWHM =  4.557 Var = 0.438424
 iteration  7:  FWHM =  4.553 Var = 0.438261
 iteration  8:  FWHM =  4.558 Var = 0.438261
 iteration  9:  FWHM =  4.556 Var = 0.438261
 iteration 10:  FWHM =  4.558 Var = 0.438261
 iteration 11:  FWHM =  4.555 Var = 0.438261
 iteration 12:  FWHM =  4.559 Var = 0.438261
 iteration 13:  FWHM =  4.556 Var = 0.438261
 iteration 14:  FWHM =  4.558 Var = 0.438261
 iteration 15:  FWHM =  4.556 Var = 0.438261
 iteration 16:  FWHM =   4.56 Var = 0.438261
Saving Parameters..

SPM12: spm_write_sn (v4878)                        10:40:15 - 10/08/2017
========================================================================
Completed                               :          10:40:20 - 10/08/2017
Done    'Old Normalise: Estimate & Write'
Running 'Old Normalise: Estimate & Write'
Smoothing by 0 & 8mm..
Coarse Affine Registration..
Fine Affine Registration..
3D CT Norm...
 iteration  1:  FWHM =  6.659 Var = 0.584274
 iteration  2:  FWHM =  4.287 Var = 0.35537
 iteration  3:  FWHM =  4.219 Var = 0.346503
 iteration  4:  FWHM =  4.226 Var = 0.346503
 iteration  5:  FWHM =  4.222 Var = 0.346313
 iteration  6:  FWHM =  4.223 Var = 0.346313
 iteration  7:  FWHM =  4.226 Var = 0.346313
 iteration  8:  FWHM =  4.223 Var = 0.346313
 iteration  9:  FWHM =  4.229 Var = 0.346313
 iteration 10:  FWHM =  4.223 Var = 0.346313
 iteration 11:  FWHM =  4.231 Var = 0.346313
 iteration 12:  FWHM =  4.229 Var = 0.346313
 iteration 13:  FWHM =  4.233 Var = 0.346313
 iteration 14:  FWHM =   4.23 Var = 0.346313
 iteration 15:  FWHM =  4.234 Var = 0.346313
 iteration 16:  FWHM =   4.23 Var = 0.346313
Saving Parameters..

SPM12: spm_write_sn (v4878)                        10:40:31 - 10/08/2017
========================================================================
Completed                               :          10:40:32 - 10/08/2017
Done    'Old Normalise: Estimate & Write'
Running 'Smooth'
Done    'Smooth'
Done

