30

                            < M A T L A B (R) >
                  Copyright 1984-2016 The MathWorks, Inc.
                   R2016b (9.1.0.441655) 64-bit (glnxa64)
                             September 7, 2016

 
To get started, type one of these: helpwin, helpdesk, or demo.
For product information, visit www.mathworks.com.
 
JOB ID: /projects/dsnlab/SFIC_Faces3/scripts/fMRI/ppc/spm/ppc_jobs/sub-L020_t2_ppc_job.mat


------------------------------------------------------------------------
Running job #1
------------------------------------------------------------------------
Running 'File Selector (Batch Mode)'
Done    'File Selector (Batch Mode)'
Running 'Realign: Estimate & Reslice'

SPM12: spm_realign (v6070)                         10:38:50 - 10/08/2017
========================================================================
Completed                               :          10:39:18 - 10/08/2017

SPM12: spm_reslice (v5929)                         10:39:18 - 10/08/2017
========================================================================
Completed                               :          10:39:26 - 10/08/2017
Done    'Realign: Estimate & Reslice'
Running 'Coregister: Estimate'

SPM12: spm_coreg (v6435)                           10:39:26 - 10/08/2017
========================================================================
Completed                               :          10:39:33 - 10/08/2017
Done    'Coregister: Estimate'
Running 'Reorient Images'
Done    'Reorient Images'
Item 'Source Image', field 'val': Number of matching files larger than max allowed, keeping 1/97 files.
Running 'Reorient Images'
Done    'Reorient Images'
Running 'Old Normalise: Estimate & Write'
Smoothing by 0 & 8mm..
Coarse Affine Registration..
Fine Affine Registration..
3D CT Norm...
 iteration  1:  FWHM =   6.75 Var = 0.631694
 iteration  2:  FWHM =  4.542 Var = 0.412384
 iteration  3:  FWHM =  4.467 Var = 0.40195
 iteration  4:  FWHM =  4.459 Var = 0.401174
 iteration  5:  FWHM =  4.457 Var = 0.400972
 iteration  6:  FWHM =  4.457 Var = 0.400943
 iteration  7:  FWHM =  4.456 Var = 0.400895
 iteration  8:  FWHM =  4.457 Var = 0.400895
 iteration  9:  FWHM =  4.456 Var = 0.400895
 iteration 10:  FWHM =  4.457 Var = 0.400895
 iteration 11:  FWHM =  4.456 Var = 0.400895
 iteration 12:  FWHM =  4.456 Var = 0.400895
 iteration 13:  FWHM =  4.456 Var = 0.400895
 iteration 14:  FWHM =  4.456 Var = 0.400895
 iteration 15:  FWHM =  4.456 Var = 0.400895
 iteration 16:  FWHM =  4.456 Var = 0.400895
Saving Parameters..

SPM12: spm_write_sn (v4878)                        10:39:49 - 10/08/2017
========================================================================
Completed                               :          10:39:55 - 10/08/2017
Done    'Old Normalise: Estimate & Write'
Running 'Old Normalise: Estimate & Write'
Smoothing by 0 & 8mm..
Coarse Affine Registration..
Fine Affine Registration..
3D CT Norm...
 iteration  1:  FWHM =  6.121 Var = 0.543119
 iteration  2:  FWHM =  4.126 Var = 0.350451
 iteration  3:  FWHM =  4.089 Var = 0.344112
 iteration  4:  FWHM =  4.086 Var = 0.343184
 iteration  5:  FWHM =  4.086 Var = 0.343184
 iteration  6:  FWHM =  4.086 Var = 0.343184
 iteration  7:  FWHM =  4.085 Var = 0.343184
 iteration  8:  FWHM =  4.086 Var = 0.343184
 iteration  9:  FWHM =  4.085 Var = 0.343184
 iteration 10:  FWHM =  4.086 Var = 0.343184
 iteration 11:  FWHM =  4.085 Var = 0.343184
 iteration 12:  FWHM =  4.086 Var = 0.343184
 iteration 13:  FWHM =  4.085 Var = 0.343184
 iteration 14:  FWHM =  4.086 Var = 0.343184
 iteration 15:  FWHM =  4.085 Var = 0.343184
 iteration 16:  FWHM =  4.086 Var = 0.343184
Saving Parameters..

SPM12: spm_write_sn (v4878)                        10:40:05 - 10/08/2017
========================================================================
Completed                               :          10:40:05 - 10/08/2017
Done    'Old Normalise: Estimate & Write'
Running 'Smooth'
Done    'Smooth'
Done

