146

                            < M A T L A B (R) >
                  Copyright 1984-2016 The MathWorks, Inc.
                   R2016b (9.1.0.441655) 64-bit (glnxa64)
                             September 7, 2016

 
To get started, type one of these: helpwin, helpdesk, or demo.
For product information, visit www.mathworks.com.
 
JOB ID: /projects/dsnlab/SFIC_Faces3/scripts/fMRI/ppc/spm/ppc_jobs/sub-L082_t2_ppc_job.mat


------------------------------------------------------------------------
Running job #1
------------------------------------------------------------------------
Running 'File Selector (Batch Mode)'
Done    'File Selector (Batch Mode)'
Running 'Realign: Estimate & Reslice'

SPM12: spm_realign (v6070)                         10:39:11 - 10/08/2017
========================================================================
Completed                               :          10:39:36 - 10/08/2017

SPM12: spm_reslice (v5929)                         10:39:36 - 10/08/2017
========================================================================
Completed                               :          10:39:45 - 10/08/2017
Done    'Realign: Estimate & Reslice'
Running 'Coregister: Estimate'

SPM12: spm_coreg (v6435)                           10:39:46 - 10/08/2017
========================================================================
Completed                               :          10:39:55 - 10/08/2017
Done    'Coregister: Estimate'
Running 'Reorient Images'
Done    'Reorient Images'
Item 'Source Image', field 'val': Number of matching files larger than max allowed, keeping 1/97 files.
Running 'Reorient Images'
Done    'Reorient Images'
Running 'Old Normalise: Estimate & Write'
Smoothing by 0 & 8mm..
Coarse Affine Registration..
Fine Affine Registration..
3D CT Norm...
 iteration  1:  FWHM =  7.085 Var = 0.708995
 iteration  2:  FWHM =  4.654 Var = 0.436593
 iteration  3:  FWHM =  4.587 Var = 0.428612
 iteration  4:  FWHM =  4.583 Var = 0.427292
 iteration  5:  FWHM =  4.582 Var = 0.427292
 iteration  6:  FWHM =  4.581 Var = 0.426978
 iteration  7:  FWHM =  4.582 Var = 0.426978
 iteration  8:  FWHM =   4.58 Var = 0.426789
 iteration  9:  FWHM =  4.581 Var = 0.426789
 iteration 10:  FWHM =   4.58 Var = 0.426763
 iteration 11:  FWHM =  4.581 Var = 0.426763
 iteration 12:  FWHM =   4.58 Var = 0.426763
 iteration 13:  FWHM =  4.581 Var = 0.426763
 iteration 14:  FWHM =   4.58 Var = 0.426763
 iteration 15:  FWHM =  4.582 Var = 0.426763
 iteration 16:  FWHM =   4.58 Var = 0.426763
Saving Parameters..

SPM12: spm_write_sn (v4878)                        10:40:12 - 10/08/2017
========================================================================
Completed                               :          10:40:17 - 10/08/2017
Done    'Old Normalise: Estimate & Write'
Running 'Old Normalise: Estimate & Write'
Smoothing by 0 & 8mm..
Coarse Affine Registration..
Fine Affine Registration..
3D CT Norm...
 iteration  1:  FWHM =  6.596 Var = 0.603724
 iteration  2:  FWHM =  4.298 Var = 0.367984
 iteration  3:  FWHM =  4.264 Var = 0.360381
 iteration  4:  FWHM =  4.259 Var = 0.35947
 iteration  5:  FWHM =  4.261 Var = 0.35947
 iteration  6:  FWHM =   4.26 Var = 0.35947
 iteration  7:  FWHM =   4.26 Var = 0.35947
 iteration  8:  FWHM =   4.26 Var = 0.35947
 iteration  9:  FWHM =   4.26 Var = 0.35944
 iteration 10:  FWHM =   4.26 Var = 0.35944
 iteration 11:  FWHM =   4.26 Var = 0.35944
 iteration 12:  FWHM =   4.26 Var = 0.35944
 iteration 13:  FWHM =   4.26 Var = 0.359439
 iteration 14:  FWHM =   4.26 Var = 0.359439
 iteration 15:  FWHM =   4.26 Var = 0.359439
 iteration 16:  FWHM =   4.26 Var = 0.359439
Saving Parameters..

SPM12: spm_write_sn (v4878)                        10:40:28 - 10/08/2017
========================================================================
Completed                               :          10:40:29 - 10/08/2017
Done    'Old Normalise: Estimate & Write'
Running 'Smooth'
Done    'Smooth'
Done

