92

                            < M A T L A B (R) >
                  Copyright 1984-2016 The MathWorks, Inc.
                   R2016b (9.1.0.441655) 64-bit (glnxa64)
                             September 7, 2016

 
To get started, type one of these: helpwin, helpdesk, or demo.
For product information, visit www.mathworks.com.
 
JOB ID: /projects/dsnlab/SFIC_Faces3/scripts/fMRI/ppc/spm/ppc_jobs/sub-L053_t1_ppc_job.mat


------------------------------------------------------------------------
Running job #1
------------------------------------------------------------------------
Running 'File Selector (Batch Mode)'
Done    'File Selector (Batch Mode)'
Running 'Realign: Estimate & Reslice'

SPM12: spm_realign (v6070)                         10:38:47 - 10/08/2017
========================================================================
Completed                               :          10:39:12 - 10/08/2017

SPM12: spm_reslice (v5929)                         10:39:12 - 10/08/2017
========================================================================
Completed                               :          10:39:20 - 10/08/2017
Done    'Realign: Estimate & Reslice'
Running 'Coregister: Estimate'

SPM12: spm_coreg (v6435)                           10:39:21 - 10/08/2017
========================================================================
Completed                               :          10:39:28 - 10/08/2017
Done    'Coregister: Estimate'
Running 'Reorient Images'
Done    'Reorient Images'
Item 'Source Image', field 'val': Number of matching files larger than max allowed, keeping 1/97 files.
Running 'Reorient Images'
Done    'Reorient Images'
Running 'Old Normalise: Estimate & Write'
Smoothing by 0 & 8mm..
Coarse Affine Registration..
Fine Affine Registration..
3D CT Norm...
 iteration  1:  FWHM =  7.017 Var = 0.702024
 iteration  2:  FWHM =  4.738 Var = 0.466419
 iteration  3:  FWHM =  4.605 Var = 0.448672
 iteration  4:  FWHM =  4.594 Var = 0.44645
 iteration  5:  FWHM =  4.581 Var = 0.445538
 iteration  6:  FWHM =  4.581 Var = 0.445478
 iteration  7:  FWHM =  4.578 Var = 0.445303
 iteration  8:  FWHM =  4.579 Var = 0.445303
 iteration  9:  FWHM =  4.578 Var = 0.445278
 iteration 10:  FWHM =  4.578 Var = 0.445278
 iteration 11:  FWHM =  4.578 Var = 0.445278
 iteration 12:  FWHM =  4.578 Var = 0.445278
 iteration 13:  FWHM =  4.578 Var = 0.445278
 iteration 14:  FWHM =  4.578 Var = 0.445278
 iteration 15:  FWHM =  4.578 Var = 0.445278
 iteration 16:  FWHM =  4.578 Var = 0.445278
Saving Parameters..

SPM12: spm_write_sn (v4878)                        10:39:46 - 10/08/2017
========================================================================
Completed                               :          10:39:51 - 10/08/2017
Done    'Old Normalise: Estimate & Write'
Running 'Old Normalise: Estimate & Write'
Smoothing by 0 & 8mm..
Coarse Affine Registration..
Fine Affine Registration..
3D CT Norm...
 iteration  1:  FWHM =  6.308 Var = 0.53607
 iteration  2:  FWHM =  4.211 Var = 0.350248
 iteration  3:  FWHM =  4.131 Var = 0.339331
 iteration  4:  FWHM =  4.127 Var = 0.33844
 iteration  5:  FWHM =  4.128 Var = 0.338358
 iteration  6:  FWHM =  4.124 Var = 0.33827
 iteration  7:  FWHM =  4.127 Var = 0.33827
 iteration  8:  FWHM =  4.123 Var = 0.33827
 iteration  9:  FWHM =  4.126 Var = 0.33827
 iteration 10:  FWHM =  4.123 Var = 0.33827
 iteration 11:  FWHM =  4.126 Var = 0.33827
 iteration 12:  FWHM =  4.123 Var = 0.33827
 iteration 13:  FWHM =  4.126 Var = 0.33827
 iteration 14:  FWHM =  4.124 Var = 0.33827
 iteration 15:  FWHM =  4.125 Var = 0.33827
 iteration 16:  FWHM =  4.124 Var = 0.33827
Saving Parameters..

SPM12: spm_write_sn (v4878)                        10:40:01 - 10/08/2017
========================================================================
Completed                               :          10:40:02 - 10/08/2017
Done    'Old Normalise: Estimate & Write'
Running 'Smooth'
Done    'Smooth'
Done

