13

                            < M A T L A B (R) >
                  Copyright 1984-2016 The MathWorks, Inc.
                   R2016b (9.1.0.441655) 64-bit (glnxa64)
                             September 7, 2016

 
To get started, type one of these: helpwin, helpdesk, or demo.
For product information, visit www.mathworks.com.
 
JOB ID: /projects/dsnlab/SFIC_Faces3/scripts/fMRI/ppc/spm/ppc_jobs/sub-L008_t2_ppc_job.mat


------------------------------------------------------------------------
Running job #1
------------------------------------------------------------------------
Running 'File Selector (Batch Mode)'
Done    'File Selector (Batch Mode)'
Running 'Realign: Estimate & Reslice'

SPM12: spm_realign (v6070)                         10:38:51 - 10/08/2017
========================================================================
Completed                               :          10:39:20 - 10/08/2017

SPM12: spm_reslice (v5929)                         10:39:20 - 10/08/2017
========================================================================
Completed                               :          10:39:29 - 10/08/2017
Done    'Realign: Estimate & Reslice'
Running 'Coregister: Estimate'

SPM12: spm_coreg (v6435)                           10:39:29 - 10/08/2017
========================================================================
Completed                               :          10:39:38 - 10/08/2017
Done    'Coregister: Estimate'
Running 'Reorient Images'
Done    'Reorient Images'
Item 'Source Image', field 'val': Number of matching files larger than max allowed, keeping 1/97 files.
Running 'Reorient Images'
Done    'Reorient Images'
Running 'Old Normalise: Estimate & Write'
Smoothing by 0 & 8mm..
Coarse Affine Registration..
Fine Affine Registration..
3D CT Norm...
 iteration  1:  FWHM =  7.296 Var = 0.649335
 iteration  2:  FWHM =  4.663 Var = 0.401322
 iteration  3:  FWHM =  4.568 Var = 0.39118
 iteration  4:  FWHM =  4.558 Var = 0.390257
 iteration  5:  FWHM =  4.554 Var = 0.389772
 iteration  6:  FWHM =  4.553 Var = 0.389772
 iteration  7:  FWHM =  4.552 Var = 0.389652
 iteration  8:  FWHM =  4.553 Var = 0.389652
 iteration  9:  FWHM =  4.552 Var = 0.389652
 iteration 10:  FWHM =  4.553 Var = 0.389652
 iteration 11:  FWHM =  4.552 Var = 0.389652
 iteration 12:  FWHM =  4.553 Var = 0.389652
 iteration 13:  FWHM =  4.552 Var = 0.389652
 iteration 14:  FWHM =  4.552 Var = 0.389652
 iteration 15:  FWHM =  4.552 Var = 0.389652
 iteration 16:  FWHM =  4.552 Var = 0.389652
Saving Parameters..

SPM12: spm_write_sn (v4878)                        10:39:57 - 10/08/2017
========================================================================
Completed                               :          10:40:05 - 10/08/2017
Done    'Old Normalise: Estimate & Write'
Running 'Old Normalise: Estimate & Write'
Smoothing by 0 & 8mm..
Coarse Affine Registration..
Fine Affine Registration..
3D CT Norm...
 iteration  1:  FWHM =  6.554 Var = 0.534583
 iteration  2:  FWHM =  4.242 Var = 0.332201
 iteration  3:  FWHM =  4.192 Var = 0.325346
 iteration  4:  FWHM =   4.19 Var = 0.325233
 iteration  5:  FWHM =  4.189 Var = 0.324967
 iteration  6:  FWHM =  4.189 Var = 0.324967
 iteration  7:  FWHM =  4.188 Var = 0.324923
 iteration  8:  FWHM =  4.189 Var = 0.324923
 iteration  9:  FWHM =  4.188 Var = 0.324923
 iteration 10:  FWHM =  4.189 Var = 0.324923
 iteration 11:  FWHM =  4.188 Var = 0.324908
 iteration 12:  FWHM =  4.189 Var = 0.324908
 iteration 13:  FWHM =  4.188 Var = 0.324908
 iteration 14:  FWHM =  4.189 Var = 0.324908
 iteration 15:  FWHM =  4.188 Var = 0.324905
 iteration 16:  FWHM =  4.189 Var = 0.324905
Saving Parameters..

SPM12: spm_write_sn (v4878)                        10:40:15 - 10/08/2017
========================================================================
Completed                               :          10:40:15 - 10/08/2017
Done    'Old Normalise: Estimate & Write'
Running 'Smooth'
Done    'Smooth'
Done

