109

                            < M A T L A B (R) >
                  Copyright 1984-2016 The MathWorks, Inc.
                   R2016b (9.1.0.441655) 64-bit (glnxa64)
                             September 7, 2016

 
To get started, type one of these: helpwin, helpdesk, or demo.
For product information, visit www.mathworks.com.
 
JOB ID: /projects/dsnlab/SFIC_Faces3/scripts/fMRI/ppc/spm/ppc_jobs/sub-L060_t2_ppc_job.mat


------------------------------------------------------------------------
Running job #1
------------------------------------------------------------------------
Running 'File Selector (Batch Mode)'
Done    'File Selector (Batch Mode)'
Running 'Realign: Estimate & Reslice'

SPM12: spm_realign (v6070)                         10:38:49 - 10/08/2017
========================================================================
Completed                               :          10:39:17 - 10/08/2017

SPM12: spm_reslice (v5929)                         10:39:17 - 10/08/2017
========================================================================
Completed                               :          10:39:24 - 10/08/2017
Done    'Realign: Estimate & Reslice'
Running 'Coregister: Estimate'

SPM12: spm_coreg (v6435)                           10:39:24 - 10/08/2017
========================================================================
Completed                               :          10:39:34 - 10/08/2017
Done    'Coregister: Estimate'
Running 'Reorient Images'
Done    'Reorient Images'
Item 'Source Image', field 'val': Number of matching files larger than max allowed, keeping 1/97 files.
Running 'Reorient Images'
Done    'Reorient Images'
Running 'Old Normalise: Estimate & Write'
Smoothing by 0 & 8mm..
Coarse Affine Registration..
Fine Affine Registration..
3D CT Norm...
 iteration  1:  FWHM =  7.162 Var = 0.699475
 iteration  2:  FWHM =  4.687 Var = 0.441717
 iteration  3:  FWHM =  4.591 Var = 0.432733
 iteration  4:  FWHM =  4.584 Var = 0.430939
 iteration  5:  FWHM =  4.584 Var = 0.430939
 iteration  6:  FWHM =  4.582 Var = 0.430592
 iteration  7:  FWHM =  4.585 Var = 0.430592
 iteration  8:  FWHM =  4.583 Var = 0.430446
 iteration  9:  FWHM =  4.586 Var = 0.430446
 iteration 10:  FWHM =  4.583 Var = 0.430446
 iteration 11:  FWHM =  4.587 Var = 0.430446
 iteration 12:  FWHM =  4.584 Var = 0.430446
 iteration 13:  FWHM =  4.587 Var = 0.430446
 iteration 14:  FWHM =  4.584 Var = 0.430446
 iteration 15:  FWHM =  4.587 Var = 0.430446
 iteration 16:  FWHM =  4.584 Var = 0.430446
Saving Parameters..

SPM12: spm_write_sn (v4878)                        10:39:52 - 10/08/2017
========================================================================
Completed                               :          10:39:58 - 10/08/2017
Done    'Old Normalise: Estimate & Write'
Running 'Old Normalise: Estimate & Write'
Smoothing by 0 & 8mm..
Coarse Affine Registration..
Fine Affine Registration..
3D CT Norm...
 iteration  1:  FWHM =  6.649 Var = 0.597916
 iteration  2:  FWHM =  4.355 Var = 0.373622
 iteration  3:  FWHM =  4.289 Var = 0.36609
 iteration  4:  FWHM =  4.291 Var = 0.36609
 iteration  5:  FWHM =  4.292 Var = 0.36609
 iteration  6:  FWHM =  4.292 Var = 0.36609
 iteration  7:  FWHM =  4.294 Var = 0.36609
 iteration  8:  FWHM =  4.292 Var = 0.36609
 iteration  9:  FWHM =  4.295 Var = 0.36609
 iteration 10:  FWHM =  4.293 Var = 0.36609
 iteration 11:  FWHM =  4.295 Var = 0.36609
 iteration 12:  FWHM =  4.297 Var = 0.36609
 iteration 13:  FWHM =  4.296 Var = 0.36609
 iteration 14:  FWHM =  4.297 Var = 0.36609
 iteration 15:  FWHM =  4.296 Var = 0.36609
 iteration 16:  FWHM =  4.297 Var = 0.36609
Saving Parameters..

SPM12: spm_write_sn (v4878)                        10:40:10 - 10/08/2017
========================================================================
Completed                               :          10:40:10 - 10/08/2017
Done    'Old Normalise: Estimate & Write'
Running 'Smooth'
Done    'Smooth'
Done

