75

                            < M A T L A B (R) >
                  Copyright 1984-2016 The MathWorks, Inc.
                   R2016b (9.1.0.441655) 64-bit (glnxa64)
                             September 7, 2016

 
To get started, type one of these: helpwin, helpdesk, or demo.
For product information, visit www.mathworks.com.
 
JOB ID: /projects/dsnlab/SFIC_Faces3/scripts/fMRI/ppc/spm/ppc_jobs/sub-L042_t2_ppc_job.mat


------------------------------------------------------------------------
Running job #1
------------------------------------------------------------------------
Running 'File Selector (Batch Mode)'
Done    'File Selector (Batch Mode)'
Running 'Realign: Estimate & Reslice'

SPM12: spm_realign (v6070)                         10:38:51 - 10/08/2017
========================================================================
Completed                               :          10:39:19 - 10/08/2017

SPM12: spm_reslice (v5929)                         10:39:19 - 10/08/2017
========================================================================
Completed                               :          10:39:28 - 10/08/2017
Done    'Realign: Estimate & Reslice'
Running 'Coregister: Estimate'

SPM12: spm_coreg (v6435)                           10:39:28 - 10/08/2017
========================================================================
Completed                               :          10:39:39 - 10/08/2017
Done    'Coregister: Estimate'
Running 'Reorient Images'
Done    'Reorient Images'
Item 'Source Image', field 'val': Number of matching files larger than max allowed, keeping 1/97 files.
Running 'Reorient Images'
Done    'Reorient Images'
Running 'Old Normalise: Estimate & Write'
Smoothing by 0 & 8mm..
Coarse Affine Registration..
Fine Affine Registration..
3D CT Norm...
 iteration  1:  FWHM =  7.077 Var = 0.701521
 iteration  2:  FWHM =  4.659 Var = 0.449753
 iteration  3:  FWHM =  4.568 Var = 0.440695
 iteration  4:  FWHM =  4.564 Var = 0.438704
 iteration  5:  FWHM =  4.559 Var = 0.438704
 iteration  6:  FWHM =   4.56 Var = 0.438353
 iteration  7:  FWHM =  4.557 Var = 0.438353
 iteration  8:  FWHM =  4.558 Var = 0.438304
 iteration  9:  FWHM =  4.557 Var = 0.438304
 iteration 10:  FWHM =  4.559 Var = 0.438304
 iteration 11:  FWHM =  4.556 Var = 0.438302
 iteration 12:  FWHM =  4.559 Var = 0.438276
 iteration 13:  FWHM =  4.556 Var = 0.438276
 iteration 14:  FWHM =  4.559 Var = 0.438276
 iteration 15:  FWHM =  4.557 Var = 0.438276
 iteration 16:  FWHM =  4.559 Var = 0.438276
Saving Parameters..

SPM12: spm_write_sn (v4878)                        10:39:58 - 10/08/2017
========================================================================
Completed                               :          10:40:04 - 10/08/2017
Done    'Old Normalise: Estimate & Write'
Running 'Old Normalise: Estimate & Write'
Smoothing by 0 & 8mm..
Coarse Affine Registration..
Fine Affine Registration..
3D CT Norm...
 iteration  1:  FWHM =  6.506 Var = 0.562156
 iteration  2:  FWHM =   4.32 Var = 0.361542
 iteration  3:  FWHM =  4.258 Var = 0.353496
 iteration  4:  FWHM =  4.258 Var = 0.3531
 iteration  5:  FWHM =  4.258 Var = 0.352709
 iteration  6:  FWHM =  4.257 Var = 0.352709
 iteration  7:  FWHM =  4.257 Var = 0.352594
 iteration  8:  FWHM =  4.255 Var = 0.352594
 iteration  9:  FWHM =  4.255 Var = 0.352539
 iteration 10:  FWHM =  4.255 Var = 0.352539
 iteration 11:  FWHM =  4.255 Var = 0.352529
 iteration 12:  FWHM =  4.255 Var = 0.352529
 iteration 13:  FWHM =  4.255 Var = 0.352491
 iteration 14:  FWHM =  4.255 Var = 0.352491
 iteration 15:  FWHM =  4.255 Var = 0.352491
 iteration 16:  FWHM =  4.255 Var = 0.352491
Saving Parameters..

SPM12: spm_write_sn (v4878)                        10:40:14 - 10/08/2017
========================================================================
Completed                               :          10:40:14 - 10/08/2017
Done    'Old Normalise: Estimate & Write'
Running 'Smooth'
Done    'Smooth'
Done

