66

                            < M A T L A B (R) >
                  Copyright 1984-2016 The MathWorks, Inc.
                   R2016b (9.1.0.441655) 64-bit (glnxa64)
                             September 7, 2016

 
To get started, type one of these: helpwin, helpdesk, or demo.
For product information, visit www.mathworks.com.
 
JOB ID: /projects/dsnlab/SFIC_Faces3/scripts/fMRI/ppc/spm/ppc_jobs/sub-L038_t2_ppc_job.mat


------------------------------------------------------------------------
Running job #1
------------------------------------------------------------------------
Running 'File Selector (Batch Mode)'
Done    'File Selector (Batch Mode)'
Running 'Realign: Estimate & Reslice'

SPM12: spm_realign (v6070)                         10:38:51 - 10/08/2017
========================================================================
Completed                               :          10:39:18 - 10/08/2017

SPM12: spm_reslice (v5929)                         10:39:18 - 10/08/2017
========================================================================
Completed                               :          10:39:28 - 10/08/2017
Done    'Realign: Estimate & Reslice'
Running 'Coregister: Estimate'

SPM12: spm_coreg (v6435)                           10:39:28 - 10/08/2017
========================================================================
Completed                               :          10:39:38 - 10/08/2017
Done    'Coregister: Estimate'
Running 'Reorient Images'
Done    'Reorient Images'
Item 'Source Image', field 'val': Number of matching files larger than max allowed, keeping 1/97 files.
Running 'Reorient Images'
Done    'Reorient Images'
Running 'Old Normalise: Estimate & Write'
Smoothing by 0 & 8mm..
Coarse Affine Registration..
Fine Affine Registration..
3D CT Norm...
 iteration  1:  FWHM =  7.268 Var = 0.722513
 iteration  2:  FWHM =    4.8 Var = 0.458861
 iteration  3:  FWHM =  4.652 Var = 0.438794
 iteration  4:  FWHM =  4.644 Var = 0.436374
 iteration  5:  FWHM =  4.638 Var = 0.435096
 iteration  6:  FWHM =  4.639 Var = 0.435096
 iteration  7:  FWHM =  4.637 Var = 0.434816
 iteration  8:  FWHM =  4.637 Var = 0.43473
 iteration  9:  FWHM =  4.637 Var = 0.434706
 iteration 10:  FWHM =  4.636 Var = 0.43439
 iteration 11:  FWHM =  4.637 Var = 0.43439
 iteration 12:  FWHM =  4.636 Var = 0.434292
 iteration 13:  FWHM =  4.637 Var = 0.434292
 iteration 14:  FWHM =  4.636 Var = 0.434255
 iteration 15:  FWHM =  4.637 Var = 0.434255
 iteration 16:  FWHM =  4.636 Var = 0.43424
Saving Parameters..

SPM12: spm_write_sn (v4878)                        10:39:56 - 10/08/2017
========================================================================
Completed                               :          10:40:02 - 10/08/2017
Done    'Old Normalise: Estimate & Write'
Running 'Old Normalise: Estimate & Write'
Smoothing by 0 & 8mm..
Coarse Affine Registration..
Fine Affine Registration..
3D CT Norm...
 iteration  1:  FWHM =  6.511 Var = 0.574427
 iteration  2:  FWHM =  4.257 Var = 0.358266
 iteration  3:  FWHM =  4.176 Var = 0.345874
 iteration  4:  FWHM =  4.168 Var = 0.34367
 iteration  5:  FWHM =  4.169 Var = 0.34367
 iteration  6:  FWHM =  4.165 Var = 0.343343
 iteration  7:  FWHM =  4.168 Var = 0.343343
 iteration  8:  FWHM =  4.164 Var = 0.343155
 iteration  9:  FWHM =  4.167 Var = 0.343155
 iteration 10:  FWHM =  4.163 Var = 0.343069
 iteration 11:  FWHM =  4.167 Var = 0.343069
 iteration 12:  FWHM =  4.164 Var = 0.343069
 iteration 13:  FWHM =  4.167 Var = 0.343069
 iteration 14:  FWHM =  4.163 Var = 0.343069
 iteration 15:  FWHM =  4.166 Var = 0.343069
 iteration 16:  FWHM =  4.163 Var = 0.343069
Saving Parameters..

SPM12: spm_write_sn (v4878)                        10:40:15 - 10/08/2017
========================================================================
Completed                               :          10:40:15 - 10/08/2017
Done    'Old Normalise: Estimate & Write'
Running 'Smooth'
Done    'Smooth'
Done

