126

                            < M A T L A B (R) >
                  Copyright 1984-2016 The MathWorks, Inc.
                   R2016b (9.1.0.441655) 64-bit (glnxa64)
                             September 7, 2016

 
To get started, type one of these: helpwin, helpdesk, or demo.
For product information, visit www.mathworks.com.
 
JOB ID: /projects/dsnlab/SFIC_Faces3/scripts/fMRI/ppc/spm/ppc_jobs/sub-L072_t3_ppc_job.mat


------------------------------------------------------------------------
Running job #1
------------------------------------------------------------------------
Running 'File Selector (Batch Mode)'
Done    'File Selector (Batch Mode)'
Running 'Realign: Estimate & Reslice'

SPM12: spm_realign (v6070)                         10:39:09 - 10/08/2017
========================================================================
Completed                               :          10:39:36 - 10/08/2017

SPM12: spm_reslice (v5929)                         10:39:36 - 10/08/2017
========================================================================
Completed                               :          10:39:46 - 10/08/2017
Done    'Realign: Estimate & Reslice'
Running 'Coregister: Estimate'

SPM12: spm_coreg (v6435)                           10:39:46 - 10/08/2017
========================================================================
Completed                               :          10:39:54 - 10/08/2017
Done    'Coregister: Estimate'
Running 'Reorient Images'
Done    'Reorient Images'
Item 'Source Image', field 'val': Number of matching files larger than max allowed, keeping 1/97 files.
Running 'Reorient Images'
Done    'Reorient Images'
Running 'Old Normalise: Estimate & Write'
Smoothing by 0 & 8mm..
Coarse Affine Registration..
Fine Affine Registration..
3D CT Norm...
 iteration  1:  FWHM =  6.942 Var = 0.693966
 iteration  2:  FWHM =   4.59 Var = 0.438292
 iteration  3:  FWHM =  4.504 Var = 0.427859
 iteration  4:  FWHM =  4.501 Var = 0.426838
 iteration  5:  FWHM =  4.499 Var = 0.426655
 iteration  6:  FWHM =  4.496 Var = 0.426578
 iteration  7:  FWHM =  4.499 Var = 0.426541
 iteration  8:  FWHM =  4.496 Var = 0.426541
 iteration  9:  FWHM =  4.499 Var = 0.426541
 iteration 10:  FWHM =  4.496 Var = 0.426541
 iteration 11:  FWHM =  4.499 Var = 0.426541
 iteration 12:  FWHM =  4.495 Var = 0.426541
 iteration 13:  FWHM =  4.499 Var = 0.426541
 iteration 14:  FWHM =  4.496 Var = 0.426541
 iteration 15:  FWHM =  4.499 Var = 0.426541
 iteration 16:  FWHM =  4.495 Var = 0.426541
Saving Parameters..

SPM12: spm_write_sn (v4878)                        10:40:11 - 10/08/2017
========================================================================
Completed                               :          10:40:17 - 10/08/2017
Done    'Old Normalise: Estimate & Write'
Running 'Old Normalise: Estimate & Write'
Smoothing by 0 & 8mm..
Coarse Affine Registration..
Fine Affine Registration..
3D CT Norm...
 iteration  1:  FWHM =  6.295 Var = 0.545749
 iteration  2:  FWHM =  4.209 Var = 0.345712
 iteration  3:  FWHM =   4.16 Var = 0.337405
 iteration  4:  FWHM =  4.165 Var = 0.337405
 iteration  5:  FWHM =  4.161 Var = 0.336975
 iteration  6:  FWHM =  4.163 Var = 0.336975
 iteration  7:  FWHM =  4.161 Var = 0.336922
 iteration  8:  FWHM =  4.162 Var = 0.336922
 iteration  9:  FWHM =  4.162 Var = 0.336922
 iteration 10:  FWHM =  4.161 Var = 0.336922
 iteration 11:  FWHM =  4.163 Var = 0.336922
 iteration 12:  FWHM =  4.161 Var = 0.336922
 iteration 13:  FWHM =  4.163 Var = 0.336922
 iteration 14:  FWHM =  4.161 Var = 0.336922
 iteration 15:  FWHM =  4.162 Var = 0.336922
 iteration 16:  FWHM =  4.161 Var = 0.336922
Saving Parameters..

SPM12: spm_write_sn (v4878)                        10:40:27 - 10/08/2017
========================================================================
Completed                               :          10:40:27 - 10/08/2017
Done    'Old Normalise: Estimate & Write'
Running 'Smooth'
Done    'Smooth'
Done

