54

                            < M A T L A B (R) >
                  Copyright 1984-2016 The MathWorks, Inc.
                   R2016b (9.1.0.441655) 64-bit (glnxa64)
                             September 7, 2016

 
To get started, type one of these: helpwin, helpdesk, or demo.
For product information, visit www.mathworks.com.
 
JOB ID: /projects/dsnlab/SFIC_Faces3/scripts/fMRI/ppc/spm/ppc_jobs/sub-L032_t2_ppc_job.mat


------------------------------------------------------------------------
Running job #1
------------------------------------------------------------------------
Running 'File Selector (Batch Mode)'
Done    'File Selector (Batch Mode)'
Running 'Realign: Estimate & Reslice'

SPM12: spm_realign (v6070)                         10:38:47 - 10/08/2017
========================================================================
Completed                               :          10:39:14 - 10/08/2017

SPM12: spm_reslice (v5929)                         10:39:14 - 10/08/2017
========================================================================
Completed                               :          10:39:22 - 10/08/2017
Done    'Realign: Estimate & Reslice'
Running 'Coregister: Estimate'

SPM12: spm_coreg (v6435)                           10:39:22 - 10/08/2017
========================================================================
Completed                               :          10:39:29 - 10/08/2017
Done    'Coregister: Estimate'
Running 'Reorient Images'
Done    'Reorient Images'
Item 'Source Image', field 'val': Number of matching files larger than max allowed, keeping 1/97 files.
Running 'Reorient Images'
Done    'Reorient Images'
Running 'Old Normalise: Estimate & Write'
Smoothing by 0 & 8mm..
Coarse Affine Registration..
Fine Affine Registration..
3D CT Norm...
 iteration  1:  FWHM =  7.031 Var = 0.697684
 iteration  2:  FWHM =  4.591 Var = 0.445139
 iteration  3:  FWHM =   4.52 Var = 0.436422
 iteration  4:  FWHM =  4.531 Var = 0.43404
 iteration  5:  FWHM =  4.517 Var = 0.43404
 iteration  6:  FWHM =  4.527 Var = 0.433663
 iteration  7:  FWHM =  4.518 Var = 0.433663
 iteration  8:  FWHM =  4.525 Var = 0.433663
 iteration  9:  FWHM =  4.519 Var = 0.433663
 iteration 10:  FWHM =  4.525 Var = 0.433663
 iteration 11:  FWHM =  4.519 Var = 0.433663
 iteration 12:  FWHM =  4.524 Var = 0.433663
 iteration 13:  FWHM =  4.519 Var = 0.433663
 iteration 14:  FWHM =  4.524 Var = 0.433663
 iteration 15:  FWHM =  4.519 Var = 0.433663
 iteration 16:  FWHM =  4.524 Var = 0.433663
Saving Parameters..

SPM12: spm_write_sn (v4878)                        10:39:45 - 10/08/2017
========================================================================
Completed                               :          10:39:51 - 10/08/2017
Done    'Old Normalise: Estimate & Write'
Running 'Old Normalise: Estimate & Write'
Smoothing by 0 & 8mm..
Coarse Affine Registration..
Fine Affine Registration..
3D CT Norm...
 iteration  1:  FWHM =  6.548 Var = 0.587175
 iteration  2:  FWHM =  4.231 Var = 0.359711
 iteration  3:  FWHM =  4.173 Var = 0.348699
 iteration  4:  FWHM =  4.171 Var = 0.347088
 iteration  5:  FWHM =  4.168 Var = 0.347088
 iteration  6:  FWHM =  4.168 Var = 0.346706
 iteration  7:  FWHM =  4.168 Var = 0.346706
 iteration  8:  FWHM =  4.168 Var = 0.346706
 iteration  9:  FWHM =  4.168 Var = 0.346706
 iteration 10:  FWHM =  4.167 Var = 0.34664
 iteration 11:  FWHM =  4.168 Var = 0.34664
 iteration 12:  FWHM =  4.167 Var = 0.34664
 iteration 13:  FWHM =  4.168 Var = 0.34664
 iteration 14:  FWHM =  4.167 Var = 0.34664
 iteration 15:  FWHM =  4.168 Var = 0.34664
 iteration 16:  FWHM =  4.167 Var = 0.34664
Saving Parameters..

SPM12: spm_write_sn (v4878)                        10:40:01 - 10/08/2017
========================================================================
Completed                               :          10:40:02 - 10/08/2017
Done    'Old Normalise: Estimate & Write'
Running 'Smooth'
Done    'Smooth'
Done

