57

                            < M A T L A B (R) >
                  Copyright 1984-2016 The MathWorks, Inc.
                   R2016b (9.1.0.441655) 64-bit (glnxa64)
                             September 7, 2016

 
To get started, type one of these: helpwin, helpdesk, or demo.
For product information, visit www.mathworks.com.
 
JOB ID: /projects/dsnlab/SFIC_Faces3/scripts/fMRI/ppc/spm/ppc_jobs/sub-L033_t2_ppc_job.mat


------------------------------------------------------------------------
Running job #1
------------------------------------------------------------------------
Running 'File Selector (Batch Mode)'
Done    'File Selector (Batch Mode)'
Running 'Realign: Estimate & Reslice'

SPM12: spm_realign (v6070)                         10:38:50 - 10/08/2017
========================================================================
Completed                               :          10:39:20 - 10/08/2017

SPM12: spm_reslice (v5929)                         10:39:20 - 10/08/2017
========================================================================
Completed                               :          10:39:27 - 10/08/2017
Done    'Realign: Estimate & Reslice'
Running 'Coregister: Estimate'

SPM12: spm_coreg (v6435)                           10:39:27 - 10/08/2017
========================================================================
Completed                               :          10:39:36 - 10/08/2017
Done    'Coregister: Estimate'
Running 'Reorient Images'
Done    'Reorient Images'
Item 'Source Image', field 'val': Number of matching files larger than max allowed, keeping 1/97 files.
Running 'Reorient Images'
Done    'Reorient Images'
Running 'Old Normalise: Estimate & Write'
Smoothing by 0 & 8mm..
Coarse Affine Registration..
Fine Affine Registration..
3D CT Norm...
 iteration  1:  FWHM =  6.712 Var = 0.626663
 iteration  2:  FWHM =   4.54 Var = 0.42489
 iteration  3:  FWHM =  4.492 Var = 0.416215
 iteration  4:  FWHM =  4.484 Var = 0.416215
 iteration  5:  FWHM =   4.49 Var = 0.41581
 iteration  6:  FWHM =  4.482 Var = 0.41581
 iteration  7:  FWHM =  4.491 Var = 0.41581
 iteration  8:  FWHM =  4.482 Var = 0.41581
 iteration  9:  FWHM =  4.492 Var = 0.41581
 iteration 10:  FWHM =  4.478 Var = 0.41581
 iteration 11:  FWHM =  4.492 Var = 0.41581
 iteration 12:  FWHM =  4.478 Var = 0.41581
 iteration 13:  FWHM =  4.492 Var = 0.415697
 iteration 14:  FWHM =  4.478 Var = 0.415697
 iteration 15:  FWHM =  4.492 Var = 0.415697
 iteration 16:  FWHM =  4.478 Var = 0.415697
Saving Parameters..

SPM12: spm_write_sn (v4878)                        10:39:52 - 10/08/2017
========================================================================
Completed                               :          10:39:58 - 10/08/2017
Done    'Old Normalise: Estimate & Write'
Running 'Old Normalise: Estimate & Write'
Smoothing by 0 & 8mm..
Coarse Affine Registration..
Fine Affine Registration..
3D CT Norm...
 iteration  1:  FWHM =  6.209 Var = 0.569968
 iteration  2:  FWHM =  4.177 Var = 0.367014
 iteration  3:  FWHM =  4.127 Var = 0.357874
 iteration  4:  FWHM =  4.125 Var = 0.356962
 iteration  5:  FWHM =  4.126 Var = 0.356962
 iteration  6:  FWHM =  4.126 Var = 0.356962
 iteration  7:  FWHM =  4.129 Var = 0.356962
 iteration  8:  FWHM =   4.13 Var = 0.356962
 iteration  9:  FWHM =   4.13 Var = 0.356962
 iteration 10:  FWHM =   4.13 Var = 0.356962
 iteration 11:  FWHM =   4.13 Var = 0.356962
 iteration 12:  FWHM =   4.13 Var = 0.356962
 iteration 13:  FWHM =   4.13 Var = 0.356962
 iteration 14:  FWHM =   4.13 Var = 0.356962
 iteration 15:  FWHM =   4.13 Var = 0.356962
 iteration 16:  FWHM =   4.13 Var = 0.356962
Saving Parameters..

SPM12: spm_write_sn (v4878)                        10:40:08 - 10/08/2017
========================================================================
Completed                               :          10:40:08 - 10/08/2017
Done    'Old Normalise: Estimate & Write'
Running 'Smooth'
Done    'Smooth'
Done

