132

                            < M A T L A B (R) >
                  Copyright 1984-2016 The MathWorks, Inc.
                   R2016b (9.1.0.441655) 64-bit (glnxa64)
                             September 7, 2016

 
To get started, type one of these: helpwin, helpdesk, or demo.
For product information, visit www.mathworks.com.
 
JOB ID: /projects/dsnlab/SFIC_Faces3/scripts/fMRI/ppc/spm/ppc_jobs/sub-L074_t3_ppc_job.mat


------------------------------------------------------------------------
Running job #1
------------------------------------------------------------------------
Running 'File Selector (Batch Mode)'
Done    'File Selector (Batch Mode)'
Running 'Realign: Estimate & Reslice'

SPM12: spm_realign (v6070)                         10:39:09 - 10/08/2017
========================================================================
Completed                               :          10:39:35 - 10/08/2017

SPM12: spm_reslice (v5929)                         10:39:35 - 10/08/2017
========================================================================
Completed                               :          10:39:45 - 10/08/2017
Done    'Realign: Estimate & Reslice'
Running 'Coregister: Estimate'

SPM12: spm_coreg (v6435)                           10:39:46 - 10/08/2017
========================================================================
Completed                               :          10:39:54 - 10/08/2017
Done    'Coregister: Estimate'
Running 'Reorient Images'
Done    'Reorient Images'
Item 'Source Image', field 'val': Number of matching files larger than max allowed, keeping 1/97 files.
Running 'Reorient Images'
Done    'Reorient Images'
Running 'Old Normalise: Estimate & Write'
Smoothing by 0 & 8mm..
Coarse Affine Registration..
Fine Affine Registration..
3D CT Norm...
 iteration  1:  FWHM =  6.635 Var = 0.680936
 iteration  2:  FWHM =  4.487 Var = 0.420296
 iteration  3:  FWHM =  4.393 Var = 0.40677
 iteration  4:  FWHM =  4.386 Var = 0.404632
 iteration  5:  FWHM =   4.38 Var = 0.404632
 iteration  6:  FWHM =  4.386 Var = 0.404632
 iteration  7:  FWHM =  4.381 Var = 0.404632
 iteration  8:  FWHM =  4.385 Var = 0.404507
 iteration  9:  FWHM =  4.381 Var = 0.404507
 iteration 10:  FWHM =  4.385 Var = 0.404507
 iteration 11:  FWHM =  4.381 Var = 0.404507
 iteration 12:  FWHM =  4.384 Var = 0.404443
 iteration 13:  FWHM =  4.381 Var = 0.404443
 iteration 14:  FWHM =  4.385 Var = 0.404443
 iteration 15:  FWHM =   4.38 Var = 0.404443
 iteration 16:  FWHM =  4.385 Var = 0.404443
Saving Parameters..

SPM12: spm_write_sn (v4878)                        10:40:13 - 10/08/2017
========================================================================
Completed                               :          10:40:19 - 10/08/2017
Done    'Old Normalise: Estimate & Write'
Running 'Old Normalise: Estimate & Write'
Smoothing by 0 & 8mm..
Coarse Affine Registration..
Fine Affine Registration..
3D CT Norm...
 iteration  1:  FWHM =  6.109 Var = 0.566444
 iteration  2:  FWHM =  4.154 Var = 0.341699
 iteration  3:  FWHM =  4.069 Var = 0.33311
 iteration  4:  FWHM =  4.077 Var = 0.331396
 iteration  5:  FWHM =  4.072 Var = 0.331256
 iteration  6:  FWHM =  4.075 Var = 0.331112
 iteration  7:  FWHM =  4.071 Var = 0.331112
 iteration  8:  FWHM =  4.075 Var = 0.331112
 iteration  9:  FWHM =  4.072 Var = 0.331075
 iteration 10:  FWHM =  4.074 Var = 0.331075
 iteration 11:  FWHM =  4.073 Var = 0.331007
 iteration 12:  FWHM =  4.074 Var = 0.331007
 iteration 13:  FWHM =  4.073 Var = 0.331001
 iteration 14:  FWHM =  4.073 Var = 0.331001
 iteration 15:  FWHM =  4.073 Var = 0.331001
 iteration 16:  FWHM =  4.074 Var = 0.331001
Saving Parameters..

SPM12: spm_write_sn (v4878)                        10:40:31 - 10/08/2017
========================================================================
Completed                               :          10:40:31 - 10/08/2017
Done    'Old Normalise: Estimate & Write'
Running 'Smooth'
Done    'Smooth'
Done

