90

                            < M A T L A B (R) >
                  Copyright 1984-2016 The MathWorks, Inc.
                   R2016b (9.1.0.441655) 64-bit (glnxa64)
                             September 7, 2016

 
To get started, type one of these: helpwin, helpdesk, or demo.
For product information, visit www.mathworks.com.
 
JOB ID: /projects/dsnlab/SFIC_Faces3/scripts/fMRI/ppc/spm/ppc_jobs/sub-L051_t3_ppc_job.mat


------------------------------------------------------------------------
Running job #1
------------------------------------------------------------------------
Running 'File Selector (Batch Mode)'
Done    'File Selector (Batch Mode)'
Running 'Realign: Estimate & Reslice'

SPM12: spm_realign (v6070)                         10:38:48 - 10/08/2017
========================================================================
Completed                               :          10:39:12 - 10/08/2017

SPM12: spm_reslice (v5929)                         10:39:12 - 10/08/2017
========================================================================
Completed                               :          10:39:20 - 10/08/2017
Done    'Realign: Estimate & Reslice'
Running 'Coregister: Estimate'

SPM12: spm_coreg (v6435)                           10:39:20 - 10/08/2017
========================================================================
Completed                               :          10:39:28 - 10/08/2017
Done    'Coregister: Estimate'
Running 'Reorient Images'
Done    'Reorient Images'
Item 'Source Image', field 'val': Number of matching files larger than max allowed, keeping 1/97 files.
Running 'Reorient Images'
Done    'Reorient Images'
Running 'Old Normalise: Estimate & Write'
Smoothing by 0 & 8mm..
Coarse Affine Registration..
Fine Affine Registration..
3D CT Norm...
 iteration  1:  FWHM =  7.372 Var = 0.734251
 iteration  2:  FWHM =  4.787 Var = 0.465681
 iteration  3:  FWHM =  4.672 Var = 0.452451
 iteration  4:  FWHM =  4.658 Var = 0.449774
 iteration  5:  FWHM =  4.657 Var = 0.449774
 iteration  6:  FWHM =  4.653 Var = 0.449127
 iteration  7:  FWHM =  4.657 Var = 0.449127
 iteration  8:  FWHM =  4.652 Var = 0.449
 iteration  9:  FWHM =  4.657 Var = 0.449
 iteration 10:  FWHM =  4.652 Var = 0.449
 iteration 11:  FWHM =  4.657 Var = 0.449
 iteration 12:  FWHM =  4.652 Var = 0.448961
 iteration 13:  FWHM =  4.657 Var = 0.448961
 iteration 14:  FWHM =  4.652 Var = 0.448961
 iteration 15:  FWHM =  4.657 Var = 0.448961
 iteration 16:  FWHM =  4.652 Var = 0.448961
Saving Parameters..

SPM12: spm_write_sn (v4878)                        10:39:47 - 10/08/2017
========================================================================
Completed                               :          10:39:52 - 10/08/2017
Done    'Old Normalise: Estimate & Write'
Running 'Old Normalise: Estimate & Write'
Smoothing by 0 & 8mm..
Coarse Affine Registration..
Fine Affine Registration..
3D CT Norm...
 iteration  1:  FWHM =  6.509 Var = 0.54978
 iteration  2:  FWHM =  4.268 Var = 0.347802
 iteration  3:  FWHM =  4.206 Var = 0.340384
 iteration  4:  FWHM =  4.207 Var = 0.339882
 iteration  5:  FWHM =  4.206 Var = 0.339882
 iteration  6:  FWHM =  4.206 Var = 0.339882
 iteration  7:  FWHM =  4.206 Var = 0.339882
 iteration  8:  FWHM =  4.206 Var = 0.339882
 iteration  9:  FWHM =  4.206 Var = 0.339882
 iteration 10:  FWHM =  4.206 Var = 0.339882
 iteration 11:  FWHM =  4.207 Var = 0.339882
 iteration 12:  FWHM =  4.206 Var = 0.339882
 iteration 13:  FWHM =  4.207 Var = 0.339882
 iteration 14:  FWHM =  4.206 Var = 0.339882
 iteration 15:  FWHM =  4.207 Var = 0.339882
 iteration 16:  FWHM =  4.206 Var = 0.339882
Saving Parameters..

SPM12: spm_write_sn (v4878)                        10:40:04 - 10/08/2017
========================================================================
Completed                               :          10:40:05 - 10/08/2017
Done    'Old Normalise: Estimate & Write'
Running 'Smooth'
Done    'Smooth'
Done

