10

                            < M A T L A B (R) >
                  Copyright 1984-2016 The MathWorks, Inc.
                   R2016b (9.1.0.441655) 64-bit (glnxa64)
                             September 7, 2016

 
To get started, type one of these: helpwin, helpdesk, or demo.
For product information, visit www.mathworks.com.
 
JOB ID: /projects/dsnlab/SFIC_Faces3/scripts/fMRI/ppc/spm/ppc_jobs/sub-L007_t1_ppc_job.mat


------------------------------------------------------------------------
Running job #1
------------------------------------------------------------------------
Running 'File Selector (Batch Mode)'
Done    'File Selector (Batch Mode)'
Running 'Realign: Estimate & Reslice'

SPM12: spm_realign (v6070)                         10:38:32 - 10/08/2017
========================================================================
Completed                               :          10:39:01 - 10/08/2017

SPM12: spm_reslice (v5929)                         10:39:01 - 10/08/2017
========================================================================
Completed                               :          10:39:10 - 10/08/2017
Done    'Realign: Estimate & Reslice'
Running 'Coregister: Estimate'

SPM12: spm_coreg (v6435)                           10:39:10 - 10/08/2017
========================================================================
Completed                               :          10:39:18 - 10/08/2017
Done    'Coregister: Estimate'
Running 'Reorient Images'
Done    'Reorient Images'
Item 'Source Image', field 'val': Number of matching files larger than max allowed, keeping 1/97 files.
Running 'Reorient Images'
Done    'Reorient Images'
Running 'Old Normalise: Estimate & Write'
Smoothing by 0 & 8mm..
Coarse Affine Registration..
Fine Affine Registration..
3D CT Norm...
 iteration  1:  FWHM =  7.137 Var = 0.713762
 iteration  2:  FWHM =   4.72 Var = 0.45727
 iteration  3:  FWHM =   4.63 Var = 0.446994
 iteration  4:  FWHM =  4.624 Var = 0.445819
 iteration  5:  FWHM =   4.62 Var = 0.444959
 iteration  6:  FWHM =   4.62 Var = 0.444959
 iteration  7:  FWHM =  4.619 Var = 0.444818
 iteration  8:  FWHM =   4.62 Var = 0.444818
 iteration  9:  FWHM =  4.619 Var = 0.444803
 iteration 10:  FWHM =   4.62 Var = 0.444803
 iteration 11:  FWHM =   4.62 Var = 0.444772
 iteration 12:  FWHM =  4.619 Var = 0.444772
 iteration 13:  FWHM =   4.62 Var = 0.444757
 iteration 14:  FWHM =  4.619 Var = 0.444757
 iteration 15:  FWHM =   4.62 Var = 0.444757
 iteration 16:  FWHM =  4.619 Var = 0.444757
Saving Parameters..

SPM12: spm_write_sn (v4878)                        10:39:38 - 10/08/2017
========================================================================
Completed                               :          10:39:43 - 10/08/2017
Done    'Old Normalise: Estimate & Write'
Running 'Old Normalise: Estimate & Write'
Smoothing by 0 & 8mm..
Coarse Affine Registration..
Fine Affine Registration..
3D CT Norm...
 iteration  1:  FWHM =  6.498 Var = 0.581762
 iteration  2:  FWHM =  4.281 Var = 0.367013
 iteration  3:  FWHM =  4.232 Var = 0.358174
 iteration  4:  FWHM =  4.233 Var = 0.357627
 iteration  5:  FWHM =  4.232 Var = 0.357393
 iteration  6:  FWHM =  4.232 Var = 0.357393
 iteration  7:  FWHM =  4.231 Var = 0.35733
 iteration  8:  FWHM =  4.233 Var = 0.35733
 iteration  9:  FWHM =  4.231 Var = 0.357248
 iteration 10:  FWHM =  4.233 Var = 0.357248
 iteration 11:  FWHM =  4.231 Var = 0.357248
 iteration 12:  FWHM =  4.234 Var = 0.357248
 iteration 13:  FWHM =   4.23 Var = 0.357226
 iteration 14:  FWHM =  4.235 Var = 0.357226
 iteration 15:  FWHM =  4.231 Var = 0.357226
 iteration 16:  FWHM =  4.236 Var = 0.357226
Saving Parameters..

SPM12: spm_write_sn (v4878)                        10:39:54 - 10/08/2017
========================================================================
Completed                               :          10:39:54 - 10/08/2017
Done    'Old Normalise: Estimate & Write'
Running 'Smooth'
Done    'Smooth'
Done

