140

                            < M A T L A B (R) >
                  Copyright 1984-2016 The MathWorks, Inc.
                   R2016b (9.1.0.441655) 64-bit (glnxa64)
                             September 7, 2016

 
To get started, type one of these: helpwin, helpdesk, or demo.
For product information, visit www.mathworks.com.
 
JOB ID: /projects/dsnlab/SFIC_Faces3/scripts/fMRI/ppc/spm/ppc_jobs/sub-L080_t1_ppc_job.mat


------------------------------------------------------------------------
Running job #1
------------------------------------------------------------------------
Running 'File Selector (Batch Mode)'
Done    'File Selector (Batch Mode)'
Running 'Realign: Estimate & Reslice'

SPM12: spm_realign (v6070)                         10:39:11 - 10/08/2017
========================================================================
Completed                               :          10:39:35 - 10/08/2017

SPM12: spm_reslice (v5929)                         10:39:35 - 10/08/2017
========================================================================
Completed                               :          10:39:45 - 10/08/2017
Done    'Realign: Estimate & Reslice'
Running 'Coregister: Estimate'

SPM12: spm_coreg (v6435)                           10:39:45 - 10/08/2017
========================================================================
Completed                               :          10:39:56 - 10/08/2017
Done    'Coregister: Estimate'
Running 'Reorient Images'
Done    'Reorient Images'
Item 'Source Image', field 'val': Number of matching files larger than max allowed, keeping 1/97 files.
Running 'Reorient Images'
Done    'Reorient Images'
Running 'Old Normalise: Estimate & Write'
Smoothing by 0 & 8mm..
Coarse Affine Registration..
Fine Affine Registration..
3D CT Norm...
 iteration  1:  FWHM =  7.387 Var = 0.70327
 iteration  2:  FWHM =  4.663 Var = 0.424964
 iteration  3:  FWHM =  4.568 Var = 0.414231
 iteration  4:  FWHM =  4.563 Var = 0.412993
 iteration  5:  FWHM =  4.561 Var = 0.412791
 iteration  6:  FWHM =   4.56 Var = 0.412686
 iteration  7:  FWHM =  4.561 Var = 0.412676
 iteration  8:  FWHM =   4.56 Var = 0.412553
 iteration  9:  FWHM =  4.561 Var = 0.412553
 iteration 10:  FWHM =  4.561 Var = 0.412543
 iteration 11:  FWHM =  4.561 Var = 0.412543
 iteration 12:  FWHM =   4.56 Var = 0.412543
 iteration 13:  FWHM =  4.561 Var = 0.412543
 iteration 14:  FWHM =   4.56 Var = 0.412543
 iteration 15:  FWHM =  4.561 Var = 0.412543
 iteration 16:  FWHM =   4.56 Var = 0.412543
Saving Parameters..

SPM12: spm_write_sn (v4878)                        10:40:16 - 10/08/2017
========================================================================
Completed                               :          10:40:22 - 10/08/2017
Done    'Old Normalise: Estimate & Write'
Running 'Old Normalise: Estimate & Write'
Smoothing by 0 & 8mm..
Coarse Affine Registration..
Fine Affine Registration..
3D CT Norm...
 iteration  1:  FWHM =  6.921 Var = 0.59915
 iteration  2:  FWHM =  4.383 Var = 0.36539
 iteration  3:  FWHM =  4.325 Var = 0.356982
 iteration  4:  FWHM =   4.32 Var = 0.356938
 iteration  5:  FWHM =  4.322 Var = 0.356687
 iteration  6:  FWHM =   4.32 Var = 0.356687
 iteration  7:  FWHM =  4.321 Var = 0.356687
 iteration  8:  FWHM =   4.32 Var = 0.356603
 iteration  9:  FWHM =  4.321 Var = 0.356603
 iteration 10:  FWHM =   4.32 Var = 0.356575
 iteration 11:  FWHM =  4.321 Var = 0.356575
 iteration 12:  FWHM =   4.32 Var = 0.356575
 iteration 13:  FWHM =  4.321 Var = 0.356575
 iteration 14:  FWHM =   4.32 Var = 0.356575
 iteration 15:  FWHM =  4.321 Var = 0.356575
 iteration 16:  FWHM =   4.32 Var = 0.356575
Saving Parameters..

SPM12: spm_write_sn (v4878)                        10:40:34 - 10/08/2017
========================================================================
Completed                               :          10:40:34 - 10/08/2017
Done    'Old Normalise: Estimate & Write'
Running 'Smooth'
Done    'Smooth'
Done

