25

                            < M A T L A B (R) >
                  Copyright 1984-2016 The MathWorks, Inc.
                   R2016b (9.1.0.441655) 64-bit (glnxa64)
                             September 7, 2016

 
To get started, type one of these: helpwin, helpdesk, or demo.
For product information, visit www.mathworks.com.
 
JOB ID: /projects/dsnlab/SFIC_Faces3/scripts/fMRI/ppc/spm/ppc_jobs/sub-L017_t2_ppc_job.mat


------------------------------------------------------------------------
Running job #1
------------------------------------------------------------------------
Running 'File Selector (Batch Mode)'
Done    'File Selector (Batch Mode)'
Running 'Realign: Estimate & Reslice'

SPM12: spm_realign (v6070)                         10:38:50 - 10/08/2017
========================================================================
Completed                               :          10:39:22 - 10/08/2017

SPM12: spm_reslice (v5929)                         10:39:22 - 10/08/2017
========================================================================
Completed                               :          10:39:30 - 10/08/2017
Done    'Realign: Estimate & Reslice'
Running 'Coregister: Estimate'

SPM12: spm_coreg (v6435)                           10:39:31 - 10/08/2017
========================================================================
Completed                               :          10:39:39 - 10/08/2017
Done    'Coregister: Estimate'
Running 'Reorient Images'
Done    'Reorient Images'
Item 'Source Image', field 'val': Number of matching files larger than max allowed, keeping 1/97 files.
Running 'Reorient Images'
Done    'Reorient Images'
Running 'Old Normalise: Estimate & Write'
Smoothing by 0 & 8mm..
Coarse Affine Registration..
Fine Affine Registration..
3D CT Norm...
 iteration  1:  FWHM =  6.661 Var = 0.693436
 iteration  2:  FWHM =   4.62 Var = 0.470476
 iteration  3:  FWHM =  4.534 Var = 0.459189
 iteration  4:  FWHM =  4.523 Var = 0.457853
 iteration  5:  FWHM =  4.524 Var = 0.45746
 iteration  6:  FWHM =  4.521 Var = 0.45746
 iteration  7:  FWHM =  4.523 Var = 0.457372
 iteration  8:  FWHM =   4.52 Var = 0.457372
 iteration  9:  FWHM =  4.523 Var = 0.457372
 iteration 10:  FWHM =   4.52 Var = 0.457372
 iteration 11:  FWHM =  4.523 Var = 0.457372
 iteration 12:  FWHM =  4.521 Var = 0.457372
 iteration 13:  FWHM =  4.523 Var = 0.457359
 iteration 14:  FWHM =  4.521 Var = 0.457359
 iteration 15:  FWHM =  4.523 Var = 0.457359
 iteration 16:  FWHM =  4.521 Var = 0.457359
Saving Parameters..

SPM12: spm_write_sn (v4878)                        10:39:55 - 10/08/2017
========================================================================
Completed                               :          10:40:03 - 10/08/2017
Done    'Old Normalise: Estimate & Write'
Running 'Old Normalise: Estimate & Write'
Smoothing by 0 & 8mm..
Coarse Affine Registration..
Fine Affine Registration..
3D CT Norm...
 iteration  1:  FWHM =  6.136 Var = 0.558127
 iteration  2:  FWHM =   4.21 Var = 0.371801
 iteration  3:  FWHM =  4.154 Var = 0.367504
 iteration  4:  FWHM =  4.163 Var = 0.366229
 iteration  5:  FWHM =  4.156 Var = 0.366229
 iteration  6:  FWHM =  4.163 Var = 0.366088
 iteration  7:  FWHM =  4.156 Var = 0.366088
 iteration  8:  FWHM =  4.159 Var = 0.366068
 iteration  9:  FWHM =  4.156 Var = 0.366068
 iteration 10:  FWHM =   4.16 Var = 0.366044
 iteration 11:  FWHM =  4.156 Var = 0.366044
 iteration 12:  FWHM =  4.159 Var = 0.366044
 iteration 13:  FWHM =  4.156 Var = 0.366044
 iteration 14:  FWHM =   4.16 Var = 0.366044
 iteration 15:  FWHM =  4.156 Var = 0.366044
 iteration 16:  FWHM =  4.159 Var = 0.366044
Saving Parameters..

SPM12: spm_write_sn (v4878)                        10:40:12 - 10/08/2017
========================================================================
Completed                               :          10:40:12 - 10/08/2017
Done    'Old Normalise: Estimate & Write'
Running 'Smooth'
Done    'Smooth'
Done

