166

                            < M A T L A B (R) >
                  Copyright 1984-2016 The MathWorks, Inc.
                   R2016b (9.1.0.441655) 64-bit (glnxa64)
                             September 7, 2016

 
To get started, type one of these: helpwin, helpdesk, or demo.
For product information, visit www.mathworks.com.
 
JOB ID: /projects/dsnlab/SFIC_Faces3/scripts/fMRI/ppc/spm/ppc_jobs/sub-L090_t2_ppc_job.mat


------------------------------------------------------------------------
Running job #1
------------------------------------------------------------------------
Running 'File Selector (Batch Mode)'
Done    'File Selector (Batch Mode)'
Running 'Realign: Estimate & Reslice'

SPM12: spm_realign (v6070)                         10:39:12 - 10/08/2017
========================================================================
Completed                               :          10:39:39 - 10/08/2017

SPM12: spm_reslice (v5929)                         10:39:39 - 10/08/2017
========================================================================
Completed                               :          10:39:46 - 10/08/2017
Done    'Realign: Estimate & Reslice'
Running 'Coregister: Estimate'

SPM12: spm_coreg (v6435)                           10:39:46 - 10/08/2017
========================================================================
Completed                               :          10:39:54 - 10/08/2017
Done    'Coregister: Estimate'
Running 'Reorient Images'
Done    'Reorient Images'
Item 'Source Image', field 'val': Number of matching files larger than max allowed, keeping 1/97 files.
Running 'Reorient Images'
Done    'Reorient Images'
Running 'Old Normalise: Estimate & Write'
Smoothing by 0 & 8mm..
Coarse Affine Registration..
Fine Affine Registration..
3D CT Norm...
 iteration  1:  FWHM =  7.154 Var = 0.704059
 iteration  2:  FWHM =  4.679 Var = 0.437808
 iteration  3:  FWHM =  4.583 Var = 0.42552
 iteration  4:  FWHM =   4.56 Var = 0.422167
 iteration  5:  FWHM =  4.558 Var = 0.422167
 iteration  6:  FWHM =  4.554 Var = 0.421565
 iteration  7:  FWHM =  4.559 Var = 0.421565
 iteration  8:  FWHM =  4.554 Var = 0.421565
 iteration  9:  FWHM =   4.56 Var = 0.421565
 iteration 10:  FWHM =  4.554 Var = 0.421565
 iteration 11:  FWHM =   4.56 Var = 0.421565
 iteration 12:  FWHM =  4.554 Var = 0.421565
 iteration 13:  FWHM =   4.56 Var = 0.421565
 iteration 14:  FWHM =  4.554 Var = 0.421565
 iteration 15:  FWHM =   4.56 Var = 0.421565
 iteration 16:  FWHM =  4.555 Var = 0.421565
Saving Parameters..

SPM12: spm_write_sn (v4878)                        10:40:11 - 10/08/2017
========================================================================
Completed                               :          10:40:17 - 10/08/2017
Done    'Old Normalise: Estimate & Write'
Running 'Old Normalise: Estimate & Write'
Smoothing by 0 & 8mm..
Coarse Affine Registration..
Fine Affine Registration..
3D CT Norm...
 iteration  1:  FWHM =  6.586 Var = 0.600555
 iteration  2:  FWHM =  4.392 Var = 0.391316
 iteration  3:  FWHM =  4.335 Var = 0.381708
 iteration  4:  FWHM =  4.328 Var = 0.381115
 iteration  5:  FWHM =  4.323 Var = 0.379819
 iteration  6:  FWHM =  4.324 Var = 0.379819
 iteration  7:  FWHM =  4.319 Var = 0.379307
 iteration  8:  FWHM =   4.32 Var = 0.379307
 iteration  9:  FWHM =  4.319 Var = 0.37921
 iteration 10:  FWHM =  4.319 Var = 0.37921
 iteration 11:  FWHM =  4.319 Var = 0.37921
 iteration 12:  FWHM =  4.318 Var = 0.37921
 iteration 13:  FWHM =  4.319 Var = 0.37921
 iteration 14:  FWHM =  4.318 Var = 0.37921
 iteration 15:  FWHM =   4.32 Var = 0.37921
 iteration 16:  FWHM =  4.319 Var = 0.37921
Saving Parameters..

SPM12: spm_write_sn (v4878)                        10:40:27 - 10/08/2017
========================================================================
Completed                               :          10:40:27 - 10/08/2017
Done    'Old Normalise: Estimate & Write'
Running 'Smooth'
Done    'Smooth'
Done

