15

                            < M A T L A B (R) >
                  Copyright 1984-2016 The MathWorks, Inc.
                   R2016b (9.1.0.441655) 64-bit (glnxa64)
                             September 7, 2016

 
To get started, type one of these: helpwin, helpdesk, or demo.
For product information, visit www.mathworks.com.
 
JOB ID: /projects/dsnlab/SFIC_Faces3/scripts/fMRI/ppc/spm/ppc_jobs/sub-L009_t2_ppc_job.mat


------------------------------------------------------------------------
Running job #1
------------------------------------------------------------------------
Running 'File Selector (Batch Mode)'
Done    'File Selector (Batch Mode)'
Running 'Realign: Estimate & Reslice'

SPM12: spm_realign (v6070)                         10:38:32 - 10/08/2017
========================================================================
Completed                               :          10:38:59 - 10/08/2017

SPM12: spm_reslice (v5929)                         10:38:59 - 10/08/2017
========================================================================
Completed                               :          10:39:09 - 10/08/2017
Done    'Realign: Estimate & Reslice'
Running 'Coregister: Estimate'

SPM12: spm_coreg (v6435)                           10:39:10 - 10/08/2017
========================================================================
Completed                               :          10:39:18 - 10/08/2017
Done    'Coregister: Estimate'
Running 'Reorient Images'
Done    'Reorient Images'
Item 'Source Image', field 'val': Number of matching files larger than max allowed, keeping 1/97 files.
Running 'Reorient Images'
Done    'Reorient Images'
Running 'Old Normalise: Estimate & Write'
Smoothing by 0 & 8mm..
Coarse Affine Registration..
Fine Affine Registration..
3D CT Norm...
 iteration  1:  FWHM =  7.181 Var = 0.657025
 iteration  2:  FWHM =  4.674 Var = 0.418249
 iteration  3:  FWHM =  4.584 Var = 0.408644
 iteration  4:  FWHM =  4.587 Var = 0.408644
 iteration  5:  FWHM =  4.579 Var = 0.407792
 iteration  6:  FWHM =  4.585 Var = 0.407792
 iteration  7:  FWHM =  4.578 Var = 0.407712
 iteration  8:  FWHM =  4.585 Var = 0.407712
 iteration  9:  FWHM =  4.579 Var = 0.407712
 iteration 10:  FWHM =  4.584 Var = 0.407712
 iteration 11:  FWHM =  4.578 Var = 0.407712
 iteration 12:  FWHM =  4.584 Var = 0.407712
 iteration 13:  FWHM =  4.578 Var = 0.4077
 iteration 14:  FWHM =  4.584 Var = 0.4077
 iteration 15:  FWHM =  4.578 Var = 0.4077
 iteration 16:  FWHM =  4.585 Var = 0.4077
Saving Parameters..

SPM12: spm_write_sn (v4878)                        10:39:34 - 10/08/2017
========================================================================
Completed                               :          10:39:39 - 10/08/2017
Done    'Old Normalise: Estimate & Write'
Running 'Old Normalise: Estimate & Write'
Smoothing by 0 & 8mm..
Coarse Affine Registration..
Fine Affine Registration..
3D CT Norm...
 iteration  1:  FWHM =  6.465 Var = 0.544224
 iteration  2:  FWHM =  4.251 Var = 0.345868
 iteration  3:  FWHM =  4.193 Var = 0.338447
 iteration  4:  FWHM =  4.199 Var = 0.336745
 iteration  5:  FWHM =  4.191 Var = 0.336745
 iteration  6:  FWHM =  4.191 Var = 0.336354
 iteration  7:  FWHM =  4.191 Var = 0.336354
 iteration  8:  FWHM =   4.19 Var = 0.336314
 iteration  9:  FWHM =  4.191 Var = 0.336314
 iteration 10:  FWHM =   4.19 Var = 0.336279
 iteration 11:  FWHM =  4.191 Var = 0.336279
 iteration 12:  FWHM =  4.189 Var = 0.336272
 iteration 13:  FWHM =  4.191 Var = 0.336272
 iteration 14:  FWHM =  4.189 Var = 0.336193
 iteration 15:  FWHM =  4.191 Var = 0.336193
 iteration 16:  FWHM =  4.189 Var = 0.336193
Saving Parameters..

SPM12: spm_write_sn (v4878)                        10:39:49 - 10/08/2017
========================================================================
Completed                               :          10:39:49 - 10/08/2017
Done    'Old Normalise: Estimate & Write'
Running 'Smooth'
Done    'Smooth'
Done

