40

                            < M A T L A B (R) >
                  Copyright 1984-2016 The MathWorks, Inc.
                   R2016b (9.1.0.441655) 64-bit (glnxa64)
                             September 7, 2016

 
To get started, type one of these: helpwin, helpdesk, or demo.
For product information, visit www.mathworks.com.
 
JOB ID: /projects/dsnlab/SFIC_Faces3/scripts/fMRI/ppc/spm/ppc_jobs/sub-L025_t1_ppc_job.mat


------------------------------------------------------------------------
Running job #1
------------------------------------------------------------------------
Running 'File Selector (Batch Mode)'
Done    'File Selector (Batch Mode)'
Running 'Realign: Estimate & Reslice'

SPM12: spm_realign (v6070)                         10:38:50 - 10/08/2017
========================================================================
Completed                               :          10:39:19 - 10/08/2017

SPM12: spm_reslice (v5929)                         10:39:19 - 10/08/2017
========================================================================
Completed                               :          10:39:26 - 10/08/2017
Done    'Realign: Estimate & Reslice'
Running 'Coregister: Estimate'

SPM12: spm_coreg (v6435)                           10:39:26 - 10/08/2017
========================================================================
Completed                               :          10:39:34 - 10/08/2017
Done    'Coregister: Estimate'
Running 'Reorient Images'
Done    'Reorient Images'
Item 'Source Image', field 'val': Number of matching files larger than max allowed, keeping 1/97 files.
Running 'Reorient Images'
Done    'Reorient Images'
Running 'Old Normalise: Estimate & Write'
Smoothing by 0 & 8mm..
Coarse Affine Registration..
Fine Affine Registration..
3D CT Norm...
 iteration  1:  FWHM =  7.218 Var = 0.687513
 iteration  2:  FWHM =  4.715 Var = 0.448193
 iteration  3:  FWHM =  4.611 Var = 0.436604
 iteration  4:  FWHM =  4.618 Var = 0.436257
 iteration  5:  FWHM =  4.609 Var = 0.435663
 iteration  6:  FWHM =  4.612 Var = 0.435663
 iteration  7:  FWHM =  4.609 Var = 0.435574
 iteration  8:  FWHM =   4.61 Var = 0.435574
 iteration  9:  FWHM =  4.609 Var = 0.435514
 iteration 10:  FWHM =   4.61 Var = 0.435514
 iteration 11:  FWHM =  4.609 Var = 0.435513
 iteration 12:  FWHM =   4.61 Var = 0.435513
 iteration 13:  FWHM =  4.609 Var = 0.435513
 iteration 14:  FWHM =   4.61 Var = 0.435513
 iteration 15:  FWHM =  4.609 Var = 0.435499
 iteration 16:  FWHM =  4.609 Var = 0.435499
Saving Parameters..

SPM12: spm_write_sn (v4878)                        10:39:50 - 10/08/2017
========================================================================
Completed                               :          10:39:55 - 10/08/2017
Done    'Old Normalise: Estimate & Write'
Running 'Old Normalise: Estimate & Write'
Smoothing by 0 & 8mm..
Coarse Affine Registration..
Fine Affine Registration..
3D CT Norm...
 iteration  1:  FWHM =  6.622 Var = 0.560282
 iteration  2:  FWHM =  4.309 Var = 0.353689
 iteration  3:  FWHM =  4.234 Var = 0.344607
 iteration  4:  FWHM =  4.242 Var = 0.343636
 iteration  5:  FWHM =  4.234 Var = 0.343636
 iteration  6:  FWHM =  4.239 Var = 0.343369
 iteration  7:  FWHM =  4.235 Var = 0.343369
 iteration  8:  FWHM =  4.239 Var = 0.343369
 iteration  9:  FWHM =  4.235 Var = 0.343369
 iteration 10:  FWHM =  4.237 Var = 0.343369
 iteration 11:  FWHM =  4.235 Var = 0.343369
 iteration 12:  FWHM =  4.236 Var = 0.343332
 iteration 13:  FWHM =  4.235 Var = 0.343332
 iteration 14:  FWHM =  4.237 Var = 0.343325
 iteration 15:  FWHM =  4.235 Var = 0.343325
 iteration 16:  FWHM =  4.237 Var = 0.343325
Saving Parameters..

SPM12: spm_write_sn (v4878)                        10:40:06 - 10/08/2017
========================================================================
Completed                               :          10:40:06 - 10/08/2017
Done    'Old Normalise: Estimate & Write'
Running 'Smooth'
Done    'Smooth'
Done

