50

                            < M A T L A B (R) >
                  Copyright 1984-2016 The MathWorks, Inc.
                   R2016b (9.1.0.441655) 64-bit (glnxa64)
                             September 7, 2016

 
To get started, type one of these: helpwin, helpdesk, or demo.
For product information, visit www.mathworks.com.
 
JOB ID: /projects/dsnlab/SFIC_Faces3/scripts/fMRI/ppc/spm/ppc_jobs/sub-L030_t2_ppc_job.mat


------------------------------------------------------------------------
Running job #1
------------------------------------------------------------------------
Running 'File Selector (Batch Mode)'
Done    'File Selector (Batch Mode)'
Running 'Realign: Estimate & Reslice'

SPM12: spm_realign (v6070)                         10:38:47 - 10/08/2017
========================================================================
Completed                               :          10:39:14 - 10/08/2017

SPM12: spm_reslice (v5929)                         10:39:14 - 10/08/2017
========================================================================
Completed                               :          10:39:22 - 10/08/2017
Done    'Realign: Estimate & Reslice'
Running 'Coregister: Estimate'

SPM12: spm_coreg (v6435)                           10:39:22 - 10/08/2017
========================================================================
Completed                               :          10:39:30 - 10/08/2017
Done    'Coregister: Estimate'
Running 'Reorient Images'
Done    'Reorient Images'
Item 'Source Image', field 'val': Number of matching files larger than max allowed, keeping 1/97 files.
Running 'Reorient Images'
Done    'Reorient Images'
Running 'Old Normalise: Estimate & Write'
Smoothing by 0 & 8mm..
Coarse Affine Registration..
Fine Affine Registration..
3D CT Norm...
 iteration  1:  FWHM =  7.541 Var = 0.756764
 iteration  2:  FWHM =  4.813 Var = 0.464562
 iteration  3:  FWHM =  4.661 Var = 0.444317
 iteration  4:  FWHM =  4.644 Var = 0.44112
 iteration  5:  FWHM =  4.639 Var = 0.440473
 iteration  6:  FWHM =  4.638 Var = 0.440306
 iteration  7:  FWHM =  4.638 Var = 0.440306
 iteration  8:  FWHM =  4.637 Var = 0.440303
 iteration  9:  FWHM =  4.637 Var = 0.440303
 iteration 10:  FWHM =  4.637 Var = 0.440303
 iteration 11:  FWHM =  4.637 Var = 0.440303
 iteration 12:  FWHM =  4.636 Var = 0.440303
 iteration 13:  FWHM =  4.637 Var = 0.440303
 iteration 14:  FWHM =  4.636 Var = 0.440303
 iteration 15:  FWHM =  4.636 Var = 0.440303
 iteration 16:  FWHM =  4.636 Var = 0.440303
Saving Parameters..

SPM12: spm_write_sn (v4878)                        10:39:46 - 10/08/2017
========================================================================
Completed                               :          10:39:51 - 10/08/2017
Done    'Old Normalise: Estimate & Write'
Running 'Old Normalise: Estimate & Write'
Smoothing by 0 & 8mm..
Coarse Affine Registration..
Fine Affine Registration..
3D CT Norm...
 iteration  1:  FWHM =  6.738 Var = 0.587412
 iteration  2:  FWHM =  4.279 Var = 0.354728
 iteration  3:  FWHM =  4.201 Var = 0.343769
 iteration  4:  FWHM =  4.199 Var = 0.3429
 iteration  5:  FWHM =  4.197 Var = 0.3429
 iteration  6:  FWHM =  4.197 Var = 0.34266
 iteration  7:  FWHM =  4.197 Var = 0.34266
 iteration  8:  FWHM =  4.196 Var = 0.342585
 iteration  9:  FWHM =  4.197 Var = 0.342585
 iteration 10:  FWHM =  4.196 Var = 0.342585
 iteration 11:  FWHM =  4.197 Var = 0.342585
 iteration 12:  FWHM =  4.196 Var = 0.342585
 iteration 13:  FWHM =  4.197 Var = 0.342585
 iteration 14:  FWHM =  4.196 Var = 0.342585
 iteration 15:  FWHM =  4.197 Var = 0.342585
 iteration 16:  FWHM =  4.196 Var = 0.342585
Saving Parameters..

SPM12: spm_write_sn (v4878)                        10:40:02 - 10/08/2017
========================================================================
Completed                               :          10:40:02 - 10/08/2017
Done    'Old Normalise: Estimate & Write'
Running 'Smooth'
Done    'Smooth'
Done

