72

                            < M A T L A B (R) >
                  Copyright 1984-2016 The MathWorks, Inc.
                   R2016b (9.1.0.441655) 64-bit (glnxa64)
                             September 7, 2016

 
To get started, type one of these: helpwin, helpdesk, or demo.
For product information, visit www.mathworks.com.
 
JOB ID: /projects/dsnlab/SFIC_Faces3/scripts/fMRI/ppc/spm/ppc_jobs/sub-L041_t2_ppc_job.mat


------------------------------------------------------------------------
Running job #1
------------------------------------------------------------------------
Running 'File Selector (Batch Mode)'
Done    'File Selector (Batch Mode)'
Running 'Realign: Estimate & Reslice'

SPM12: spm_realign (v6070)                         10:38:52 - 10/08/2017
========================================================================
Completed                               :          10:39:22 - 10/08/2017

SPM12: spm_reslice (v5929)                         10:39:22 - 10/08/2017
========================================================================
Completed                               :          10:39:30 - 10/08/2017
Done    'Realign: Estimate & Reslice'
Running 'Coregister: Estimate'

SPM12: spm_coreg (v6435)                           10:39:30 - 10/08/2017
========================================================================
Completed                               :          10:39:38 - 10/08/2017
Done    'Coregister: Estimate'
Running 'Reorient Images'
Done    'Reorient Images'
Item 'Source Image', field 'val': Number of matching files larger than max allowed, keeping 1/97 files.
Running 'Reorient Images'
Done    'Reorient Images'
Running 'Old Normalise: Estimate & Write'
Smoothing by 0 & 8mm..
Coarse Affine Registration..
Fine Affine Registration..
3D CT Norm...
 iteration  1:  FWHM =  6.973 Var = 0.62822
 iteration  2:  FWHM =  4.631 Var = 0.412077
 iteration  3:  FWHM =   4.55 Var = 0.40243
 iteration  4:  FWHM =  4.545 Var = 0.401087
 iteration  5:  FWHM =  4.539 Var = 0.400186
 iteration  6:  FWHM =   4.54 Var = 0.400009
 iteration  7:  FWHM =  4.538 Var = 0.399896
 iteration  8:  FWHM =  4.539 Var = 0.399758
 iteration  9:  FWHM =  4.538 Var = 0.399758
 iteration 10:  FWHM =  4.538 Var = 0.399758
 iteration 11:  FWHM =  4.538 Var = 0.399758
 iteration 12:  FWHM =  4.538 Var = 0.399758
 iteration 13:  FWHM =  4.538 Var = 0.399758
 iteration 14:  FWHM =  4.538 Var = 0.399748
 iteration 15:  FWHM =  4.537 Var = 0.399748
 iteration 16:  FWHM =  4.538 Var = 0.399748
Saving Parameters..

SPM12: spm_write_sn (v4878)                        10:39:57 - 10/08/2017
========================================================================
Completed                               :          10:40:03 - 10/08/2017
Done    'Old Normalise: Estimate & Write'
Running 'Old Normalise: Estimate & Write'
Smoothing by 0 & 8mm..
Coarse Affine Registration..
Fine Affine Registration..
3D CT Norm...
 iteration  1:  FWHM =  6.284 Var = 0.526009
 iteration  2:  FWHM =  4.171 Var = 0.340203
 iteration  3:  FWHM =  4.131 Var = 0.333674
 iteration  4:  FWHM =  4.121 Var = 0.332897
 iteration  5:  FWHM =  4.126 Var = 0.332862
 iteration  6:  FWHM =  4.121 Var = 0.332721
 iteration  7:  FWHM =  4.124 Var = 0.332721
 iteration  8:  FWHM =  4.121 Var = 0.332721
 iteration  9:  FWHM =  4.124 Var = 0.332721
 iteration 10:  FWHM =  4.121 Var = 0.332721
 iteration 11:  FWHM =  4.124 Var = 0.332721
 iteration 12:  FWHM =  4.121 Var = 0.332721
 iteration 13:  FWHM =  4.124 Var = 0.332721
 iteration 14:  FWHM =  4.121 Var = 0.332721
 iteration 15:  FWHM =  4.124 Var = 0.332721
 iteration 16:  FWHM =  4.121 Var = 0.332721
Saving Parameters..

SPM12: spm_write_sn (v4878)                        10:40:12 - 10/08/2017
========================================================================
Completed                               :          10:40:13 - 10/08/2017
Done    'Old Normalise: Estimate & Write'
Running 'Smooth'
Done    'Smooth'
Done

