38

                            < M A T L A B (R) >
                  Copyright 1984-2016 The MathWorks, Inc.
                   R2016b (9.1.0.441655) 64-bit (glnxa64)
                             September 7, 2016

 
To get started, type one of these: helpwin, helpdesk, or demo.
For product information, visit www.mathworks.com.
 
JOB ID: /projects/dsnlab/SFIC_Faces3/scripts/fMRI/ppc/spm/ppc_jobs/sub-L024_t2_ppc_job.mat


------------------------------------------------------------------------
Running job #1
------------------------------------------------------------------------
Running 'File Selector (Batch Mode)'
Done    'File Selector (Batch Mode)'
Running 'Realign: Estimate & Reslice'

SPM12: spm_realign (v6070)                         10:38:50 - 10/08/2017
========================================================================
Completed                               :          10:39:18 - 10/08/2017

SPM12: spm_reslice (v5929)                         10:39:18 - 10/08/2017
========================================================================
Completed                               :          10:39:26 - 10/08/2017
Done    'Realign: Estimate & Reslice'
Running 'Coregister: Estimate'

SPM12: spm_coreg (v6435)                           10:39:26 - 10/08/2017
========================================================================
Completed                               :          10:39:36 - 10/08/2017
Done    'Coregister: Estimate'
Running 'Reorient Images'
Done    'Reorient Images'
Item 'Source Image', field 'val': Number of matching files larger than max allowed, keeping 1/97 files.
Running 'Reorient Images'
Done    'Reorient Images'
Running 'Old Normalise: Estimate & Write'
Smoothing by 0 & 8mm..
Coarse Affine Registration..
Fine Affine Registration..
3D CT Norm...
 iteration  1:  FWHM =  7.037 Var = 0.676709
 iteration  2:  FWHM =  4.632 Var = 0.431715
 iteration  3:  FWHM =    4.5 Var = 0.417274
 iteration  4:  FWHM =  4.499 Var = 0.415072
 iteration  5:  FWHM =  4.493 Var = 0.415072
 iteration  6:  FWHM =  4.496 Var = 0.414859
 iteration  7:  FWHM =  4.493 Var = 0.414859
 iteration  8:  FWHM =  4.495 Var = 0.414859
 iteration  9:  FWHM =  4.494 Var = 0.414859
 iteration 10:  FWHM =  4.495 Var = 0.41482
 iteration 11:  FWHM =  4.493 Var = 0.41482
 iteration 12:  FWHM =  4.494 Var = 0.414655
 iteration 13:  FWHM =  4.493 Var = 0.414655
 iteration 14:  FWHM =  4.494 Var = 0.414655
 iteration 15:  FWHM =  4.492 Var = 0.414655
 iteration 16:  FWHM =  4.492 Var = 0.414655
Saving Parameters..

SPM12: spm_write_sn (v4878)                        10:39:54 - 10/08/2017
========================================================================
Completed                               :          10:40:00 - 10/08/2017
Done    'Old Normalise: Estimate & Write'
Running 'Old Normalise: Estimate & Write'
Smoothing by 0 & 8mm..
Coarse Affine Registration..
Fine Affine Registration..
3D CT Norm...
 iteration  1:  FWHM =  6.538 Var = 0.564194
 iteration  2:  FWHM =  4.271 Var = 0.350168
 iteration  3:  FWHM =   4.18 Var = 0.338741
 iteration  4:  FWHM =  4.177 Var = 0.337027
 iteration  5:  FWHM =  4.179 Var = 0.337027
 iteration  6:  FWHM =  4.174 Var = 0.336656
 iteration  7:  FWHM =  4.179 Var = 0.336656
 iteration  8:  FWHM =  4.174 Var = 0.336656
 iteration  9:  FWHM =  4.178 Var = 0.336656
 iteration 10:  FWHM =  4.174 Var = 0.336656
 iteration 11:  FWHM =  4.178 Var = 0.336656
 iteration 12:  FWHM =  4.174 Var = 0.336656
 iteration 13:  FWHM =  4.178 Var = 0.336656
 iteration 14:  FWHM =  4.174 Var = 0.336656
 iteration 15:  FWHM =  4.178 Var = 0.336656
 iteration 16:  FWHM =  4.174 Var = 0.336656
Saving Parameters..

SPM12: spm_write_sn (v4878)                        10:40:11 - 10/08/2017
========================================================================
Completed                               :          10:40:12 - 10/08/2017
Done    'Old Normalise: Estimate & Write'
Running 'Smooth'
Done    'Smooth'
Done

