45

                            < M A T L A B (R) >
                  Copyright 1984-2016 The MathWorks, Inc.
                   R2016b (9.1.0.441655) 64-bit (glnxa64)
                             September 7, 2016

 
To get started, type one of these: helpwin, helpdesk, or demo.
For product information, visit www.mathworks.com.
 
JOB ID: /projects/dsnlab/SFIC_Faces3/scripts/fMRI/ppc/spm/ppc_jobs/sub-L028_t3_ppc_job.mat


------------------------------------------------------------------------
Running job #1
------------------------------------------------------------------------
Running 'File Selector (Batch Mode)'
Done    'File Selector (Batch Mode)'
Running 'Realign: Estimate & Reslice'

SPM12: spm_realign (v6070)                         10:38:50 - 10/08/2017
========================================================================
Completed                               :          10:39:20 - 10/08/2017

SPM12: spm_reslice (v5929)                         10:39:20 - 10/08/2017
========================================================================
Completed                               :          10:39:27 - 10/08/2017
Done    'Realign: Estimate & Reslice'
Running 'Coregister: Estimate'

SPM12: spm_coreg (v6435)                           10:39:27 - 10/08/2017
========================================================================
Completed                               :          10:39:36 - 10/08/2017
Done    'Coregister: Estimate'
Running 'Reorient Images'
Done    'Reorient Images'
Item 'Source Image', field 'val': Number of matching files larger than max allowed, keeping 1/97 files.
Running 'Reorient Images'
Done    'Reorient Images'
Running 'Old Normalise: Estimate & Write'
Smoothing by 0 & 8mm..
Coarse Affine Registration..
Fine Affine Registration..
3D CT Norm...
 iteration  1:  FWHM =  7.098 Var = 0.666784
 iteration  2:  FWHM =  4.714 Var = 0.436441
 iteration  3:  FWHM =  4.602 Var = 0.421697
 iteration  4:  FWHM =  4.582 Var = 0.419667
 iteration  5:  FWHM =  4.575 Var = 0.41893
 iteration  6:  FWHM =  4.574 Var = 0.41881
 iteration  7:  FWHM =  4.573 Var = 0.41881
 iteration  8:  FWHM =  4.573 Var = 0.418578
 iteration  9:  FWHM =  4.573 Var = 0.418578
 iteration 10:  FWHM =  4.573 Var = 0.418578
 iteration 11:  FWHM =  4.572 Var = 0.418578
 iteration 12:  FWHM =  4.572 Var = 0.418578
 iteration 13:  FWHM =  4.571 Var = 0.418578
 iteration 14:  FWHM =   4.57 Var = 0.418564
 iteration 15:  FWHM =  4.569 Var = 0.418564
 iteration 16:  FWHM =  4.569 Var = 0.418467
Saving Parameters..

SPM12: spm_write_sn (v4878)                        10:39:53 - 10/08/2017
========================================================================
Completed                               :          10:40:00 - 10/08/2017
Done    'Old Normalise: Estimate & Write'
Running 'Old Normalise: Estimate & Write'
Smoothing by 0 & 8mm..
Coarse Affine Registration..
Fine Affine Registration..
3D CT Norm...
 iteration  1:  FWHM =  6.344 Var = 0.522067
 iteration  2:  FWHM =  4.167 Var = 0.331002
 iteration  3:  FWHM =  4.097 Var = 0.321571
 iteration  4:  FWHM =  4.095 Var = 0.320896
 iteration  5:  FWHM =  4.098 Var = 0.320896
 iteration  6:  FWHM =  4.095 Var = 0.320628
 iteration  7:  FWHM =  4.101 Var = 0.320628
 iteration  8:  FWHM =  4.097 Var = 0.320628
 iteration  9:  FWHM =  4.101 Var = 0.320628
 iteration 10:  FWHM =  4.097 Var = 0.320628
 iteration 11:  FWHM =  4.101 Var = 0.320628
 iteration 12:  FWHM =  4.097 Var = 0.320628
 iteration 13:  FWHM =    4.1 Var = 0.320628
 iteration 14:  FWHM =  4.097 Var = 0.320628
 iteration 15:  FWHM =  4.101 Var = 0.320628
 iteration 16:  FWHM =  4.097 Var = 0.320628
Saving Parameters..

SPM12: spm_write_sn (v4878)                        10:40:11 - 10/08/2017
========================================================================
Completed                               :          10:40:12 - 10/08/2017
Done    'Old Normalise: Estimate & Write'
Running 'Smooth'
Done    'Smooth'
Done

