85

                            < M A T L A B (R) >
                  Copyright 1984-2016 The MathWorks, Inc.
                   R2016b (9.1.0.441655) 64-bit (glnxa64)
                             September 7, 2016

 
To get started, type one of these: helpwin, helpdesk, or demo.
For product information, visit www.mathworks.com.
 
JOB ID: /projects/dsnlab/SFIC_Faces3/scripts/fMRI/ppc/spm/ppc_jobs/sub-L048_t1_ppc_job.mat


------------------------------------------------------------------------
Running job #1
------------------------------------------------------------------------
Running 'File Selector (Batch Mode)'
Done    'File Selector (Batch Mode)'
Running 'Realign: Estimate & Reslice'

SPM12: spm_realign (v6070)                         10:38:47 - 10/08/2017
========================================================================
Completed                               :          10:39:12 - 10/08/2017

SPM12: spm_reslice (v5929)                         10:39:12 - 10/08/2017
========================================================================
Completed                               :          10:39:20 - 10/08/2017
Done    'Realign: Estimate & Reslice'
Running 'Coregister: Estimate'

SPM12: spm_coreg (v6435)                           10:39:20 - 10/08/2017
========================================================================
Completed                               :          10:39:30 - 10/08/2017
Done    'Coregister: Estimate'
Running 'Reorient Images'
Done    'Reorient Images'
Item 'Source Image', field 'val': Number of matching files larger than max allowed, keeping 1/97 files.
Running 'Reorient Images'
Done    'Reorient Images'
Running 'Old Normalise: Estimate & Write'
Smoothing by 0 & 8mm..
Coarse Affine Registration..
Fine Affine Registration..
3D CT Norm...
 iteration  1:  FWHM =  7.651 Var = 0.797504
 iteration  2:  FWHM =  4.843 Var = 0.476634
 iteration  3:  FWHM =  4.704 Var = 0.456993
 iteration  4:  FWHM =  4.685 Var = 0.453537
 iteration  5:  FWHM =  4.681 Var = 0.452897
 iteration  6:  FWHM =  4.679 Var = 0.452532
 iteration  7:  FWHM =  4.679 Var = 0.452371
 iteration  8:  FWHM =  4.678 Var = 0.452359
 iteration  9:  FWHM =  4.678 Var = 0.452359
 iteration 10:  FWHM =  4.677 Var = 0.452295
 iteration 11:  FWHM =  4.678 Var = 0.452295
 iteration 12:  FWHM =  4.677 Var = 0.452291
 iteration 13:  FWHM =  4.678 Var = 0.452288
 iteration 14:  FWHM =  4.677 Var = 0.452288
 iteration 15:  FWHM =  4.678 Var = 0.452267
 iteration 16:  FWHM =  4.677 Var = 0.452267
Saving Parameters..

SPM12: spm_write_sn (v4878)                        10:39:48 - 10/08/2017
========================================================================
Completed                               :          10:39:54 - 10/08/2017
Done    'Old Normalise: Estimate & Write'
Running 'Old Normalise: Estimate & Write'
Smoothing by 0 & 8mm..
Coarse Affine Registration..
Fine Affine Registration..
3D CT Norm...
 iteration  1:  FWHM =  6.862 Var = 0.606523
 iteration  2:  FWHM =  4.377 Var = 0.370545
 iteration  3:  FWHM =  4.313 Var = 0.361373
 iteration  4:  FWHM =  4.315 Var = 0.360836
 iteration  5:  FWHM =  4.312 Var = 0.360836
 iteration  6:  FWHM =  4.315 Var = 0.360798
 iteration  7:  FWHM =  4.312 Var = 0.360798
 iteration  8:  FWHM =  4.315 Var = 0.360775
 iteration  9:  FWHM =  4.312 Var = 0.360775
 iteration 10:  FWHM =  4.315 Var = 0.360723
 iteration 11:  FWHM =  4.312 Var = 0.360723
 iteration 12:  FWHM =  4.315 Var = 0.360723
 iteration 13:  FWHM =  4.311 Var = 0.360723
 iteration 14:  FWHM =  4.311 Var = 0.360723
 iteration 15:  FWHM =  4.312 Var = 0.360723
 iteration 16:  FWHM =  4.311 Var = 0.360723
Saving Parameters..

SPM12: spm_write_sn (v4878)                        10:40:06 - 10/08/2017
========================================================================
Completed                               :          10:40:06 - 10/08/2017
Done    'Old Normalise: Estimate & Write'
Running 'Smooth'
Done    'Smooth'
Done

