98

                            < M A T L A B (R) >
                  Copyright 1984-2016 The MathWorks, Inc.
                   R2016b (9.1.0.441655) 64-bit (glnxa64)
                             September 7, 2016

 
To get started, type one of these: helpwin, helpdesk, or demo.
For product information, visit www.mathworks.com.
 
JOB ID: /projects/dsnlab/SFIC_Faces3/scripts/fMRI/ppc/spm/ppc_jobs/sub-L056_t1_ppc_job.mat


------------------------------------------------------------------------
Running job #1
------------------------------------------------------------------------
Running 'File Selector (Batch Mode)'
Done    'File Selector (Batch Mode)'
Running 'Realign: Estimate & Reslice'

SPM12: spm_realign (v6070)                         10:38:49 - 10/08/2017
========================================================================
Completed                               :          10:39:18 - 10/08/2017

SPM12: spm_reslice (v5929)                         10:39:18 - 10/08/2017
========================================================================
Completed                               :          10:39:25 - 10/08/2017
Done    'Realign: Estimate & Reslice'
Running 'Coregister: Estimate'

SPM12: spm_coreg (v6435)                           10:39:25 - 10/08/2017
========================================================================
Completed                               :          10:39:34 - 10/08/2017
Done    'Coregister: Estimate'
Running 'Reorient Images'
Done    'Reorient Images'
Item 'Source Image', field 'val': Number of matching files larger than max allowed, keeping 1/97 files.
Running 'Reorient Images'
Done    'Reorient Images'
Running 'Old Normalise: Estimate & Write'
Smoothing by 0 & 8mm..
Coarse Affine Registration..
Fine Affine Registration..
3D CT Norm...
 iteration  1:  FWHM =   7.08 Var = 0.694054
 iteration  2:  FWHM =  4.699 Var = 0.448494
 iteration  3:  FWHM =  4.614 Var = 0.437499
 iteration  4:  FWHM =  4.608 Var = 0.436404
 iteration  5:  FWHM =  4.601 Var = 0.435619
 iteration  6:  FWHM =  4.601 Var = 0.435619
 iteration  7:  FWHM =    4.6 Var = 0.435466
 iteration  8:  FWHM =    4.6 Var = 0.435466
 iteration  9:  FWHM =    4.6 Var = 0.435462
 iteration 10:  FWHM =  4.599 Var = 0.435462
 iteration 11:  FWHM =    4.6 Var = 0.435462
 iteration 12:  FWHM =    4.6 Var = 0.435462
 iteration 13:  FWHM =    4.6 Var = 0.435462
 iteration 14:  FWHM =  4.599 Var = 0.435462
 iteration 15:  FWHM =    4.6 Var = 0.435462
 iteration 16:  FWHM =    4.6 Var = 0.435462
Saving Parameters..

SPM12: spm_write_sn (v4878)                        10:39:51 - 10/08/2017
========================================================================
Completed                               :          10:39:57 - 10/08/2017
Done    'Old Normalise: Estimate & Write'
Running 'Old Normalise: Estimate & Write'
Smoothing by 0 & 8mm..
Coarse Affine Registration..
Fine Affine Registration..
3D CT Norm...
 iteration  1:  FWHM =  6.468 Var = 0.556118
 iteration  2:  FWHM =  4.242 Var = 0.344954
 iteration  3:  FWHM =   4.18 Var = 0.33512
 iteration  4:  FWHM =   4.18 Var = 0.334519
 iteration  5:  FWHM =  4.175 Var = 0.333854
 iteration  6:  FWHM =  4.175 Var = 0.333839
 iteration  7:  FWHM =  4.175 Var = 0.333694
 iteration  8:  FWHM =  4.175 Var = 0.333694
 iteration  9:  FWHM =  4.175 Var = 0.333646
 iteration 10:  FWHM =  4.175 Var = 0.333646
 iteration 11:  FWHM =  4.175 Var = 0.333646
 iteration 12:  FWHM =  4.175 Var = 0.333646
 iteration 13:  FWHM =  4.175 Var = 0.333642
 iteration 14:  FWHM =  4.175 Var = 0.333642
 iteration 15:  FWHM =  4.175 Var = 0.333642
 iteration 16:  FWHM =  4.175 Var = 0.333642
Saving Parameters..

SPM12: spm_write_sn (v4878)                        10:40:07 - 10/08/2017
========================================================================
Completed                               :          10:40:08 - 10/08/2017
Done    'Old Normalise: Estimate & Write'
Running 'Smooth'
Done    'Smooth'
Done

