125

                            < M A T L A B (R) >
                  Copyright 1984-2016 The MathWorks, Inc.
                   R2016b (9.1.0.441655) 64-bit (glnxa64)
                             September 7, 2016

 
To get started, type one of these: helpwin, helpdesk, or demo.
For product information, visit www.mathworks.com.
 
JOB ID: /projects/dsnlab/SFIC_Faces3/scripts/fMRI/ppc/spm/ppc_jobs/sub-L072_t2_ppc_job.mat


------------------------------------------------------------------------
Running job #1
------------------------------------------------------------------------
Running 'File Selector (Batch Mode)'
Done    'File Selector (Batch Mode)'
Running 'Realign: Estimate & Reslice'

SPM12: spm_realign (v6070)                         10:39:09 - 10/08/2017
========================================================================
Completed                               :          10:39:38 - 10/08/2017

SPM12: spm_reslice (v5929)                         10:39:38 - 10/08/2017
========================================================================
Completed                               :          10:39:46 - 10/08/2017
Done    'Realign: Estimate & Reslice'
Running 'Coregister: Estimate'

SPM12: spm_coreg (v6435)                           10:39:47 - 10/08/2017
========================================================================
Completed                               :          10:39:57 - 10/08/2017
Done    'Coregister: Estimate'
Running 'Reorient Images'
Done    'Reorient Images'
Item 'Source Image', field 'val': Number of matching files larger than max allowed, keeping 1/97 files.
Running 'Reorient Images'
Done    'Reorient Images'
Running 'Old Normalise: Estimate & Write'
Smoothing by 0 & 8mm..
Coarse Affine Registration..
Fine Affine Registration..
3D CT Norm...
 iteration  1:  FWHM =  7.077 Var = 0.700035
 iteration  2:  FWHM =  4.645 Var = 0.445857
 iteration  3:  FWHM =  4.564 Var = 0.433857
 iteration  4:  FWHM =  4.553 Var = 0.431881
 iteration  5:  FWHM =  4.552 Var = 0.431562
 iteration  6:  FWHM =  4.552 Var = 0.431388
 iteration  7:  FWHM =  4.552 Var = 0.431324
 iteration  8:  FWHM =  4.552 Var = 0.431181
 iteration  9:  FWHM =  4.552 Var = 0.431181
 iteration 10:  FWHM =  4.552 Var = 0.431119
 iteration 11:  FWHM =  4.552 Var = 0.431119
 iteration 12:  FWHM =  4.552 Var = 0.431119
 iteration 13:  FWHM =  4.552 Var = 0.431119
 iteration 14:  FWHM =  4.551 Var = 0.431119
 iteration 15:  FWHM =  4.552 Var = 0.431119
 iteration 16:  FWHM =  4.552 Var = 0.431119
Saving Parameters..

SPM12: spm_write_sn (v4878)                        10:40:18 - 10/08/2017
========================================================================
Completed                               :          10:40:24 - 10/08/2017
Done    'Old Normalise: Estimate & Write'
Running 'Old Normalise: Estimate & Write'
Smoothing by 0 & 8mm..
Coarse Affine Registration..
Fine Affine Registration..
3D CT Norm...
 iteration  1:  FWHM =  6.397 Var = 0.562288
 iteration  2:  FWHM =    4.2 Var = 0.352714
 iteration  3:  FWHM =  4.151 Var = 0.345966
 iteration  4:  FWHM =  4.146 Var = 0.345193
 iteration  5:  FWHM =  4.149 Var = 0.34517
 iteration  6:  FWHM =  4.147 Var = 0.345018
 iteration  7:  FWHM =  4.149 Var = 0.345018
 iteration  8:  FWHM =  4.149 Var = 0.345018
 iteration  9:  FWHM =  4.149 Var = 0.345018
 iteration 10:  FWHM =  4.149 Var = 0.345018
 iteration 11:  FWHM =  4.149 Var = 0.345018
 iteration 12:  FWHM =  4.149 Var = 0.345018
 iteration 13:  FWHM =  4.149 Var = 0.345018
 iteration 14:  FWHM =  4.149 Var = 0.345018
 iteration 15:  FWHM =  4.149 Var = 0.345018
 iteration 16:  FWHM =  4.149 Var = 0.345018
Saving Parameters..

SPM12: spm_write_sn (v4878)                        10:40:35 - 10/08/2017
========================================================================
Completed                               :          10:40:35 - 10/08/2017
Done    'Old Normalise: Estimate & Write'
Running 'Smooth'
Done    'Smooth'
Done

