53

                            < M A T L A B (R) >
                  Copyright 1984-2016 The MathWorks, Inc.
                   R2016b (9.1.0.441655) 64-bit (glnxa64)
                             September 7, 2016

 
To get started, type one of these: helpwin, helpdesk, or demo.
For product information, visit www.mathworks.com.
 
JOB ID: /projects/dsnlab/SFIC_Faces3/scripts/fMRI/ppc/spm/ppc_jobs/sub-L032_t1_ppc_job.mat


------------------------------------------------------------------------
Running job #1
------------------------------------------------------------------------
Running 'File Selector (Batch Mode)'
Done    'File Selector (Batch Mode)'
Running 'Realign: Estimate & Reslice'

SPM12: spm_realign (v6070)                         10:38:47 - 10/08/2017
========================================================================
Completed                               :          10:39:16 - 10/08/2017

SPM12: spm_reslice (v5929)                         10:39:16 - 10/08/2017
========================================================================
Completed                               :          10:39:23 - 10/08/2017
Done    'Realign: Estimate & Reslice'
Running 'Coregister: Estimate'

SPM12: spm_coreg (v6435)                           10:39:24 - 10/08/2017
========================================================================
Completed                               :          10:39:32 - 10/08/2017
Done    'Coregister: Estimate'
Running 'Reorient Images'
Done    'Reorient Images'
Item 'Source Image', field 'val': Number of matching files larger than max allowed, keeping 1/97 files.
Running 'Reorient Images'
Done    'Reorient Images'
Running 'Old Normalise: Estimate & Write'
Smoothing by 0 & 8mm..
Coarse Affine Registration..
Fine Affine Registration..
3D CT Norm...
 iteration  1:  FWHM =  7.161 Var = 0.719451
 iteration  2:  FWHM =   4.67 Var = 0.465494
 iteration  3:  FWHM =  4.603 Var = 0.458152
 iteration  4:  FWHM =  4.609 Var = 0.457312
 iteration  5:  FWHM =  4.602 Var = 0.457312
 iteration  6:  FWHM =  4.606 Var = 0.457312
 iteration  7:  FWHM =  4.603 Var = 0.457312
 iteration  8:  FWHM =  4.605 Var = 0.457312
 iteration  9:  FWHM =  4.604 Var = 0.457312
 iteration 10:  FWHM =  4.605 Var = 0.457312
 iteration 11:  FWHM =  4.604 Var = 0.457312
 iteration 12:  FWHM =  4.605 Var = 0.457312
 iteration 13:  FWHM =  4.604 Var = 0.457312
 iteration 14:  FWHM =  4.605 Var = 0.457312
 iteration 15:  FWHM =  4.604 Var = 0.457312
 iteration 16:  FWHM =  4.604 Var = 0.457312
Saving Parameters..

SPM12: spm_write_sn (v4878)                        10:39:48 - 10/08/2017
========================================================================
Completed                               :          10:39:54 - 10/08/2017
Done    'Old Normalise: Estimate & Write'
Running 'Old Normalise: Estimate & Write'
Smoothing by 0 & 8mm..
Coarse Affine Registration..
Fine Affine Registration..
3D CT Norm...
 iteration  1:  FWHM =  6.722 Var = 0.622359
 iteration  2:  FWHM =  4.344 Var = 0.382272
 iteration  3:  FWHM =   4.26 Var = 0.370968
 iteration  4:  FWHM =  4.268 Var = 0.37022
 iteration  5:  FWHM =  4.262 Var = 0.370047
 iteration  6:  FWHM =  4.264 Var = 0.369838
 iteration  7:  FWHM =  4.262 Var = 0.369838
 iteration  8:  FWHM =  4.263 Var = 0.369836
 iteration  9:  FWHM =  4.262 Var = 0.369836
 iteration 10:  FWHM =  4.262 Var = 0.36982
 iteration 11:  FWHM =  4.262 Var = 0.36982
 iteration 12:  FWHM =  4.262 Var = 0.36982
 iteration 13:  FWHM =  4.262 Var = 0.36982
 iteration 14:  FWHM =  4.263 Var = 0.369778
 iteration 15:  FWHM =  4.263 Var = 0.369778
 iteration 16:  FWHM =  4.262 Var = 0.369778
Saving Parameters..

SPM12: spm_write_sn (v4878)                        10:40:04 - 10/08/2017
========================================================================
Completed                               :          10:40:05 - 10/08/2017
Done    'Old Normalise: Estimate & Write'
Running 'Smooth'
Done    'Smooth'
Done

