177

                            < M A T L A B (R) >
                  Copyright 1984-2016 The MathWorks, Inc.
                   R2016b (9.1.0.441655) 64-bit (glnxa64)
                             September 7, 2016

 
To get started, type one of these: helpwin, helpdesk, or demo.
For product information, visit www.mathworks.com.
 
JOB ID: /projects/dsnlab/SFIC_Faces3/scripts/fMRI/ppc/spm/ppc_jobs/sub-L096_t2_ppc_job.mat


------------------------------------------------------------------------
Running job #1
------------------------------------------------------------------------
Running 'File Selector (Batch Mode)'
Done    'File Selector (Batch Mode)'
Running 'Realign: Estimate & Reslice'

SPM12: spm_realign (v6070)                         10:39:12 - 10/08/2017
========================================================================
Completed                               :          10:39:45 - 10/08/2017

SPM12: spm_reslice (v5929)                         10:39:45 - 10/08/2017
========================================================================
Completed                               :          10:39:52 - 10/08/2017
Done    'Realign: Estimate & Reslice'
Running 'Coregister: Estimate'

SPM12: spm_coreg (v6435)                           10:39:52 - 10/08/2017
========================================================================
Completed                               :          10:40:01 - 10/08/2017
Done    'Coregister: Estimate'
Running 'Reorient Images'
Done    'Reorient Images'
Item 'Source Image', field 'val': Number of matching files larger than max allowed, keeping 1/97 files.
Running 'Reorient Images'
Done    'Reorient Images'
Running 'Old Normalise: Estimate & Write'
Smoothing by 0 & 8mm..
Coarse Affine Registration..
Fine Affine Registration..
3D CT Norm...
 iteration  1:  FWHM =  6.914 Var = 0.716498
 iteration  2:  FWHM =  4.633 Var = 0.460131
 iteration  3:  FWHM =   4.55 Var = 0.445296
 iteration  4:  FWHM =  4.533 Var = 0.443663
 iteration  5:  FWHM =  4.532 Var = 0.442506
 iteration  6:  FWHM =  4.529 Var = 0.442506
 iteration  7:  FWHM =  4.531 Var = 0.442212
 iteration  8:  FWHM =  4.529 Var = 0.442212
 iteration  9:  FWHM =   4.53 Var = 0.442162
 iteration 10:  FWHM =  4.529 Var = 0.442162
 iteration 11:  FWHM =   4.53 Var = 0.442162
 iteration 12:  FWHM =  4.529 Var = 0.442162
 iteration 13:  FWHM =   4.53 Var = 0.442109
 iteration 14:  FWHM =  4.529 Var = 0.442109
 iteration 15:  FWHM =   4.53 Var = 0.442109
 iteration 16:  FWHM =  4.529 Var = 0.442109
Saving Parameters..

SPM12: spm_write_sn (v4878)                        10:40:15 - 10/08/2017
========================================================================
Completed                               :          10:40:21 - 10/08/2017
Done    'Old Normalise: Estimate & Write'
Running 'Old Normalise: Estimate & Write'
Smoothing by 0 & 8mm..
Coarse Affine Registration..
Fine Affine Registration..
3D CT Norm...
 iteration  1:  FWHM =   6.29 Var = 0.556163
 iteration  2:  FWHM =  4.169 Var = 0.346901
 iteration  3:  FWHM =  4.103 Var = 0.337919
 iteration  4:  FWHM =  4.098 Var = 0.335969
 iteration  5:  FWHM =  4.093 Var = 0.335685
 iteration  6:  FWHM =  4.094 Var = 0.335589
 iteration  7:  FWHM =  4.094 Var = 0.335589
 iteration  8:  FWHM =  4.093 Var = 0.335581
 iteration  9:  FWHM =  4.094 Var = 0.335581
 iteration 10:  FWHM =  4.094 Var = 0.335495
 iteration 11:  FWHM =  4.094 Var = 0.335495
 iteration 12:  FWHM =  4.094 Var = 0.335495
 iteration 13:  FWHM =  4.094 Var = 0.335495
 iteration 14:  FWHM =  4.094 Var = 0.335489
 iteration 15:  FWHM =  4.094 Var = 0.335489
 iteration 16:  FWHM =  4.094 Var = 0.335472
Saving Parameters..

SPM12: spm_write_sn (v4878)                        10:40:33 - 10/08/2017
========================================================================
Completed                               :          10:40:33 - 10/08/2017
Done    'Old Normalise: Estimate & Write'
Running 'Smooth'
Done    'Smooth'
Done

