9

                            < M A T L A B (R) >
                  Copyright 1984-2016 The MathWorks, Inc.
                   R2016b (9.1.0.441655) 64-bit (glnxa64)
                             September 7, 2016

 
To get started, type one of these: helpwin, helpdesk, or demo.
For product information, visit www.mathworks.com.
 
JOB ID: /projects/dsnlab/SFIC_Faces3/scripts/fMRI/ppc/spm/ppc_jobs/sub-L006_t1_ppc_job.mat


------------------------------------------------------------------------
Running job #1
------------------------------------------------------------------------
Running 'File Selector (Batch Mode)'
Done    'File Selector (Batch Mode)'
Running 'Realign: Estimate & Reslice'

SPM12: spm_realign (v6070)                         10:38:50 - 10/08/2017
========================================================================
Completed                               :          10:39:21 - 10/08/2017

SPM12: spm_reslice (v5929)                         10:39:21 - 10/08/2017
========================================================================
Completed                               :          10:39:29 - 10/08/2017
Done    'Realign: Estimate & Reslice'
Running 'Coregister: Estimate'

SPM12: spm_coreg (v6435)                           10:39:30 - 10/08/2017
========================================================================
Completed                               :          10:39:38 - 10/08/2017
Done    'Coregister: Estimate'
Running 'Reorient Images'
Done    'Reorient Images'
Item 'Source Image', field 'val': Number of matching files larger than max allowed, keeping 1/97 files.
Running 'Reorient Images'
Done    'Reorient Images'
Running 'Old Normalise: Estimate & Write'
Smoothing by 0 & 8mm..
Coarse Affine Registration..
Fine Affine Registration..
3D CT Norm...
 iteration  1:  FWHM =  7.035 Var = 0.707028
 iteration  2:  FWHM =  4.703 Var = 0.465974
 iteration  3:  FWHM =  4.626 Var = 0.45565
 iteration  4:  FWHM =   4.62 Var = 0.454843
 iteration  5:  FWHM =  4.613 Var = 0.453938
 iteration  6:  FWHM =  4.616 Var = 0.453938
 iteration  7:  FWHM =  4.613 Var = 0.453909
 iteration  8:  FWHM =  4.615 Var = 0.453909
 iteration  9:  FWHM =  4.612 Var = 0.453788
 iteration 10:  FWHM =  4.614 Var = 0.453788
 iteration 11:  FWHM =  4.612 Var = 0.453775
 iteration 12:  FWHM =  4.615 Var = 0.453775
 iteration 13:  FWHM =  4.612 Var = 0.453775
 iteration 14:  FWHM =  4.615 Var = 0.453775
 iteration 15:  FWHM =  4.612 Var = 0.453775
 iteration 16:  FWHM =  4.615 Var = 0.453775
Saving Parameters..

SPM12: spm_write_sn (v4878)                        10:39:57 - 10/08/2017
========================================================================
Completed                               :          10:40:04 - 10/08/2017
Done    'Old Normalise: Estimate & Write'
Running 'Old Normalise: Estimate & Write'
Smoothing by 0 & 8mm..
Coarse Affine Registration..
Fine Affine Registration..
3D CT Norm...
 iteration  1:  FWHM =  6.475 Var = 0.572504
 iteration  2:  FWHM =  4.302 Var = 0.373867
 iteration  3:  FWHM =  4.259 Var = 0.36706
 iteration  4:  FWHM =  4.264 Var = 0.366626
 iteration  5:  FWHM =   4.26 Var = 0.366489
 iteration  6:  FWHM =  4.263 Var = 0.366327
 iteration  7:  FWHM =  4.257 Var = 0.366241
 iteration  8:  FWHM =  4.261 Var = 0.366187
 iteration  9:  FWHM =  4.257 Var = 0.366123
 iteration 10:  FWHM =  4.261 Var = 0.366123
 iteration 11:  FWHM =  4.256 Var = 0.366097
 iteration 12:  FWHM =  4.261 Var = 0.366097
 iteration 13:  FWHM =  4.256 Var = 0.366097
 iteration 14:  FWHM =  4.261 Var = 0.366097
 iteration 15:  FWHM =  4.257 Var = 0.366097
 iteration 16:  FWHM =  4.261 Var = 0.366097
Saving Parameters..

SPM12: spm_write_sn (v4878)                        10:40:15 - 10/08/2017
========================================================================
Completed                               :          10:40:15 - 10/08/2017
Done    'Old Normalise: Estimate & Write'
Running 'Smooth'
Done    'Smooth'
Done

