133

                            < M A T L A B (R) >
                  Copyright 1984-2016 The MathWorks, Inc.
                   R2016b (9.1.0.441655) 64-bit (glnxa64)
                             September 7, 2016

 
To get started, type one of these: helpwin, helpdesk, or demo.
For product information, visit www.mathworks.com.
 
JOB ID: /projects/dsnlab/SFIC_Faces3/scripts/fMRI/ppc/spm/ppc_jobs/sub-L075_t1_ppc_job.mat


------------------------------------------------------------------------
Running job #1
------------------------------------------------------------------------
Running 'File Selector (Batch Mode)'
Done    'File Selector (Batch Mode)'
Running 'Realign: Estimate & Reslice'

SPM12: spm_realign (v6070)                         10:39:10 - 10/08/2017
========================================================================
Completed                               :          10:39:35 - 10/08/2017

SPM12: spm_reslice (v5929)                         10:39:35 - 10/08/2017
========================================================================
Completed                               :          10:39:45 - 10/08/2017
Done    'Realign: Estimate & Reslice'
Running 'Coregister: Estimate'

SPM12: spm_coreg (v6435)                           10:39:46 - 10/08/2017
========================================================================
Completed                               :          10:39:54 - 10/08/2017
Done    'Coregister: Estimate'
Running 'Reorient Images'
Done    'Reorient Images'
Item 'Source Image', field 'val': Number of matching files larger than max allowed, keeping 1/97 files.
Running 'Reorient Images'
Done    'Reorient Images'
Running 'Old Normalise: Estimate & Write'
Smoothing by 0 & 8mm..
Coarse Affine Registration..
Fine Affine Registration..
3D CT Norm...
 iteration  1:  FWHM =  6.842 Var = 0.689754
 iteration  2:  FWHM =  4.595 Var = 0.452564
 iteration  3:  FWHM =  4.506 Var = 0.443674
 iteration  4:  FWHM =  4.506 Var = 0.443312
 iteration  5:  FWHM =  4.502 Var = 0.442717
 iteration  6:  FWHM =  4.502 Var = 0.442717
 iteration  7:  FWHM =  4.501 Var = 0.442638
 iteration  8:  FWHM =  4.501 Var = 0.442638
 iteration  9:  FWHM =    4.5 Var = 0.44262
 iteration 10:  FWHM =  4.501 Var = 0.44262
 iteration 11:  FWHM =  4.501 Var = 0.442596
 iteration 12:  FWHM =  4.501 Var = 0.442596
 iteration 13:  FWHM =  4.501 Var = 0.442596
 iteration 14:  FWHM =  4.501 Var = 0.442596
 iteration 15:  FWHM =  4.501 Var = 0.442596
 iteration 16:  FWHM =  4.501 Var = 0.442596
Saving Parameters..

SPM12: spm_write_sn (v4878)                        10:40:12 - 10/08/2017
========================================================================
Completed                               :          10:40:18 - 10/08/2017
Done    'Old Normalise: Estimate & Write'
Running 'Old Normalise: Estimate & Write'
Smoothing by 0 & 8mm..
Coarse Affine Registration..
Fine Affine Registration..
3D CT Norm...
 iteration  1:  FWHM =  6.367 Var = 0.577988
 iteration  2:  FWHM =  4.288 Var = 0.380676
 iteration  3:  FWHM =  4.236 Var = 0.373522
 iteration  4:  FWHM =  4.235 Var = 0.372747
 iteration  5:  FWHM =  4.237 Var = 0.372747
 iteration  6:  FWHM =  4.233 Var = 0.372236
 iteration  7:  FWHM =  4.233 Var = 0.372236
 iteration  8:  FWHM =  4.233 Var = 0.371983
 iteration  9:  FWHM =  4.234 Var = 0.371983
 iteration 10:  FWHM =  4.237 Var = 0.371943
 iteration 11:  FWHM =  4.233 Var = 0.371943
 iteration 12:  FWHM =  4.245 Var = 0.371943
 iteration 13:  FWHM =  4.234 Var = 0.371943
 iteration 14:  FWHM =  4.245 Var = 0.371943
 iteration 15:  FWHM =  4.234 Var = 0.371943
 iteration 16:  FWHM =  4.246 Var = 0.371943
Saving Parameters..

SPM12: spm_write_sn (v4878)                        10:40:29 - 10/08/2017
========================================================================
Completed                               :          10:40:29 - 10/08/2017
Done    'Old Normalise: Estimate & Write'
Running 'Smooth'
Done    'Smooth'
Done

