156

                            < M A T L A B (R) >
                  Copyright 1984-2016 The MathWorks, Inc.
                   R2016b (9.1.0.441655) 64-bit (glnxa64)
                             September 7, 2016

 
To get started, type one of these: helpwin, helpdesk, or demo.
For product information, visit www.mathworks.com.
 
JOB ID: /projects/dsnlab/SFIC_Faces3/scripts/fMRI/ppc/spm/ppc_jobs/sub-L086_t3_ppc_job.mat


------------------------------------------------------------------------
Running job #1
------------------------------------------------------------------------
Running 'File Selector (Batch Mode)'
Done    'File Selector (Batch Mode)'
Running 'Realign: Estimate & Reslice'

SPM12: spm_realign (v6070)                         10:39:11 - 10/08/2017
========================================================================
Completed                               :          10:39:36 - 10/08/2017

SPM12: spm_reslice (v5929)                         10:39:36 - 10/08/2017
========================================================================
Completed                               :          10:39:45 - 10/08/2017
Done    'Realign: Estimate & Reslice'
Running 'Coregister: Estimate'

SPM12: spm_coreg (v6435)                           10:39:46 - 10/08/2017
========================================================================
Completed                               :          10:39:57 - 10/08/2017
Done    'Coregister: Estimate'
Running 'Reorient Images'
Done    'Reorient Images'
Item 'Source Image', field 'val': Number of matching files larger than max allowed, keeping 1/97 files.
Running 'Reorient Images'
Done    'Reorient Images'
Running 'Old Normalise: Estimate & Write'
Smoothing by 0 & 8mm..
Coarse Affine Registration..
Fine Affine Registration..
3D CT Norm...
 iteration  1:  FWHM =  6.597 Var = 0.640858
 iteration  2:  FWHM =  4.467 Var = 0.42855
 iteration  3:  FWHM =  4.412 Var = 0.421319
 iteration  4:  FWHM =  4.405 Var = 0.419019
 iteration  5:  FWHM =  4.407 Var = 0.419019
 iteration  6:  FWHM =  4.404 Var = 0.418618
 iteration  7:  FWHM =  4.407 Var = 0.418618
 iteration  8:  FWHM =  4.404 Var = 0.418517
 iteration  9:  FWHM =  4.407 Var = 0.418517
 iteration 10:  FWHM =  4.405 Var = 0.418498
 iteration 11:  FWHM =  4.407 Var = 0.418498
 iteration 12:  FWHM =  4.405 Var = 0.418498
 iteration 13:  FWHM =  4.407 Var = 0.418498
 iteration 14:  FWHM =  4.405 Var = 0.418498
 iteration 15:  FWHM =  4.407 Var = 0.418498
 iteration 16:  FWHM =  4.405 Var = 0.418473
Saving Parameters..

SPM12: spm_write_sn (v4878)                        10:40:13 - 10/08/2017
========================================================================
Completed                               :          10:40:18 - 10/08/2017
Done    'Old Normalise: Estimate & Write'
Running 'Old Normalise: Estimate & Write'
Smoothing by 0 & 8mm..
Coarse Affine Registration..
Fine Affine Registration..
3D CT Norm...
 iteration  1:  FWHM =  6.034 Var = 0.54149
 iteration  2:  FWHM =  4.089 Var = 0.348951
 iteration  3:  FWHM =  4.047 Var = 0.340974
 iteration  4:  FWHM =  4.043 Var = 0.339879
 iteration  5:  FWHM =  4.042 Var = 0.339662
 iteration  6:  FWHM =  4.043 Var = 0.339662
 iteration  7:  FWHM =  4.041 Var = 0.33951
 iteration  8:  FWHM =  4.043 Var = 0.33951
 iteration  9:  FWHM =  4.041 Var = 0.33951
 iteration 10:  FWHM =  4.045 Var = 0.33951
 iteration 11:  FWHM =  4.042 Var = 0.33951
 iteration 12:  FWHM =  4.045 Var = 0.33951
 iteration 13:  FWHM =  4.041 Var = 0.33951
 iteration 14:  FWHM =  4.046 Var = 0.33951
 iteration 15:  FWHM =  4.041 Var = 0.33951
 iteration 16:  FWHM =  4.046 Var = 0.33951
Saving Parameters..

SPM12: spm_write_sn (v4878)                        10:40:29 - 10/08/2017
========================================================================
Completed                               :          10:40:30 - 10/08/2017
Done    'Old Normalise: Estimate & Write'
Running 'Smooth'
Done    'Smooth'
Done

