2

                            < M A T L A B (R) >
                  Copyright 1984-2016 The MathWorks, Inc.
                   R2016b (9.1.0.441655) 64-bit (glnxa64)
                             September 7, 2016

 
To get started, type one of these: helpwin, helpdesk, or demo.
For product information, visit www.mathworks.com.
 
JOB ID: /projects/dsnlab/SFIC_Faces3/scripts/fMRI/ppc/spm/ppc_jobs/sub-L001_t2_ppc_job.mat


------------------------------------------------------------------------
Running job #1
------------------------------------------------------------------------
Running 'File Selector (Batch Mode)'
Done    'File Selector (Batch Mode)'
Running 'Realign: Estimate & Reslice'

SPM12: spm_realign (v6070)                         10:38:32 - 10/08/2017
========================================================================
Completed                               :          10:39:01 - 10/08/2017

SPM12: spm_reslice (v5929)                         10:39:01 - 10/08/2017
========================================================================
Completed                               :          10:39:10 - 10/08/2017
Done    'Realign: Estimate & Reslice'
Running 'Coregister: Estimate'

SPM12: spm_coreg (v6435)                           10:39:11 - 10/08/2017
========================================================================
Completed                               :          10:39:18 - 10/08/2017
Done    'Coregister: Estimate'
Running 'Reorient Images'
Done    'Reorient Images'
Item 'Source Image', field 'val': Number of matching files larger than max allowed, keeping 1/97 files.
Running 'Reorient Images'
Done    'Reorient Images'
Running 'Old Normalise: Estimate & Write'
Smoothing by 0 & 8mm..
Coarse Affine Registration..
Fine Affine Registration..
3D CT Norm...
 iteration  1:  FWHM =  7.069 Var = 0.678186
 iteration  2:  FWHM =  4.564 Var = 0.420028
 iteration  3:  FWHM =  4.455 Var = 0.408463
 iteration  4:  FWHM =   4.44 Var = 0.403881
 iteration  5:  FWHM =  4.434 Var = 0.403881
 iteration  6:  FWHM =  4.434 Var = 0.403028
 iteration  7:  FWHM =  4.432 Var = 0.403028
 iteration  8:  FWHM =  4.434 Var = 0.403028
 iteration  9:  FWHM =  4.433 Var = 0.403028
 iteration 10:  FWHM =  4.436 Var = 0.403028
 iteration 11:  FWHM =  4.434 Var = 0.403028
 iteration 12:  FWHM =  4.437 Var = 0.403028
 iteration 13:  FWHM =  4.434 Var = 0.403028
 iteration 14:  FWHM =  4.437 Var = 0.403028
 iteration 15:  FWHM =  4.434 Var = 0.403028
 iteration 16:  FWHM =  4.437 Var = 0.403028
Saving Parameters..

SPM12: spm_write_sn (v4878)                        10:39:35 - 10/08/2017
========================================================================
Completed                               :          10:39:40 - 10/08/2017
Done    'Old Normalise: Estimate & Write'
Running 'Old Normalise: Estimate & Write'
Smoothing by 0 & 8mm..
Coarse Affine Registration..
Fine Affine Registration..
3D CT Norm...
 iteration  1:  FWHM =  6.404 Var = 0.538832
 iteration  2:  FWHM =  4.158 Var = 0.331
 iteration  3:  FWHM =  4.097 Var = 0.321755
 iteration  4:  FWHM =  4.094 Var = 0.320405
 iteration  5:  FWHM =  4.093 Var = 0.320254
 iteration  6:  FWHM =  4.093 Var = 0.320225
 iteration  7:  FWHM =  4.093 Var = 0.320225
 iteration  8:  FWHM =  4.093 Var = 0.320225
 iteration  9:  FWHM =  4.092 Var = 0.320225
 iteration 10:  FWHM =  4.092 Var = 0.320169
 iteration 11:  FWHM =  4.092 Var = 0.320169
 iteration 12:  FWHM =  4.092 Var = 0.320169
 iteration 13:  FWHM =  4.092 Var = 0.320169
 iteration 14:  FWHM =  4.092 Var = 0.320169
 iteration 15:  FWHM =  4.092 Var = 0.320169
 iteration 16:  FWHM =  4.092 Var = 0.320169
Saving Parameters..

SPM12: spm_write_sn (v4878)                        10:39:51 - 10/08/2017
========================================================================
Completed                               :          10:39:51 - 10/08/2017
Done    'Old Normalise: Estimate & Write'
Running 'Smooth'
Done    'Smooth'
Done

