14

                            < M A T L A B (R) >
                  Copyright 1984-2016 The MathWorks, Inc.
                   R2016b (9.1.0.441655) 64-bit (glnxa64)
                             September 7, 2016

 
To get started, type one of these: helpwin, helpdesk, or demo.
For product information, visit www.mathworks.com.
 
JOB ID: /projects/dsnlab/SFIC_Faces3/scripts/fMRI/ppc/spm/ppc_jobs/sub-L009_t1_ppc_job.mat


------------------------------------------------------------------------
Running job #1
------------------------------------------------------------------------
Running 'File Selector (Batch Mode)'
Done    'File Selector (Batch Mode)'
Running 'Realign: Estimate & Reslice'

SPM12: spm_realign (v6070)                         10:38:32 - 10/08/2017
========================================================================
Completed                               :          10:39:02 - 10/08/2017

SPM12: spm_reslice (v5929)                         10:39:02 - 10/08/2017
========================================================================
Completed                               :          10:39:11 - 10/08/2017
Done    'Realign: Estimate & Reslice'
Running 'Coregister: Estimate'

SPM12: spm_coreg (v6435)                           10:39:11 - 10/08/2017
========================================================================
Completed                               :          10:39:20 - 10/08/2017
Done    'Coregister: Estimate'
Running 'Reorient Images'
Done    'Reorient Images'
Item 'Source Image', field 'val': Number of matching files larger than max allowed, keeping 1/97 files.
Running 'Reorient Images'
Done    'Reorient Images'
Running 'Old Normalise: Estimate & Write'
Smoothing by 0 & 8mm..
Coarse Affine Registration..
Fine Affine Registration..
3D CT Norm...
 iteration  1:  FWHM =  7.048 Var = 0.714874
 iteration  2:  FWHM =  4.734 Var = 0.471425
 iteration  3:  FWHM =  4.617 Var = 0.457768
 iteration  4:  FWHM =  4.612 Var = 0.456034
 iteration  5:  FWHM =  4.607 Var = 0.455642
 iteration  6:  FWHM =  4.607 Var = 0.455506
 iteration  7:  FWHM =  4.605 Var = 0.455477
 iteration  8:  FWHM =  4.606 Var = 0.455404
 iteration  9:  FWHM =  4.605 Var = 0.455389
 iteration 10:  FWHM =  4.605 Var = 0.455363
 iteration 11:  FWHM =  4.605 Var = 0.455363
 iteration 12:  FWHM =  4.605 Var = 0.455319
 iteration 13:  FWHM =  4.605 Var = 0.455319
 iteration 14:  FWHM =  4.605 Var = 0.455319
 iteration 15:  FWHM =  4.605 Var = 0.455319
 iteration 16:  FWHM =  4.605 Var = 0.455319
Saving Parameters..

SPM12: spm_write_sn (v4878)                        10:39:38 - 10/08/2017
========================================================================
Completed                               :          10:39:43 - 10/08/2017
Done    'Old Normalise: Estimate & Write'
Running 'Old Normalise: Estimate & Write'
Smoothing by 0 & 8mm..
Coarse Affine Registration..
Fine Affine Registration..
3D CT Norm...
 iteration  1:  FWHM =  6.231 Var = 0.533221
 iteration  2:  FWHM =  4.128 Var = 0.338474
 iteration  3:  FWHM =  4.076 Var = 0.331989
 iteration  4:  FWHM =  4.073 Var = 0.330999
 iteration  5:  FWHM =  4.073 Var = 0.330999
 iteration  6:  FWHM =  4.073 Var = 0.33092
 iteration  7:  FWHM =  4.073 Var = 0.33092
 iteration  8:  FWHM =  4.073 Var = 0.330915
 iteration  9:  FWHM =  4.072 Var = 0.330915
 iteration 10:  FWHM =  4.072 Var = 0.330889
 iteration 11:  FWHM =  4.073 Var = 0.330889
 iteration 12:  FWHM =  4.072 Var = 0.330889
 iteration 13:  FWHM =  4.072 Var = 0.330889
 iteration 14:  FWHM =  4.072 Var = 0.330889
 iteration 15:  FWHM =  4.073 Var = 0.330889
 iteration 16:  FWHM =  4.072 Var = 0.330889
Saving Parameters..

SPM12: spm_write_sn (v4878)                        10:39:53 - 10/08/2017
========================================================================
Completed                               :          10:39:54 - 10/08/2017
Done    'Old Normalise: Estimate & Write'
Running 'Smooth'
Done    'Smooth'
Done

