147

                            < M A T L A B (R) >
                  Copyright 1984-2016 The MathWorks, Inc.
                   R2016b (9.1.0.441655) 64-bit (glnxa64)
                             September 7, 2016

 
To get started, type one of these: helpwin, helpdesk, or demo.
For product information, visit www.mathworks.com.
 
JOB ID: /projects/dsnlab/SFIC_Faces3/scripts/fMRI/ppc/spm/ppc_jobs/sub-L082_t3_ppc_job.mat


------------------------------------------------------------------------
Running job #1
------------------------------------------------------------------------
Running 'File Selector (Batch Mode)'
Done    'File Selector (Batch Mode)'
Running 'Realign: Estimate & Reslice'

SPM12: spm_realign (v6070)                         10:39:11 - 10/08/2017
========================================================================
Completed                               :          10:39:35 - 10/08/2017

SPM12: spm_reslice (v5929)                         10:39:35 - 10/08/2017
========================================================================
Completed                               :          10:39:44 - 10/08/2017
Done    'Realign: Estimate & Reslice'
Running 'Coregister: Estimate'

SPM12: spm_coreg (v6435)                           10:39:45 - 10/08/2017
========================================================================
Completed                               :          10:39:55 - 10/08/2017
Done    'Coregister: Estimate'
Running 'Reorient Images'
Done    'Reorient Images'
Item 'Source Image', field 'val': Number of matching files larger than max allowed, keeping 1/97 files.
Running 'Reorient Images'
Done    'Reorient Images'
Running 'Old Normalise: Estimate & Write'
Smoothing by 0 & 8mm..
Coarse Affine Registration..
Fine Affine Registration..
3D CT Norm...
 iteration  1:  FWHM =  6.974 Var = 0.738126
 iteration  2:  FWHM =  4.615 Var = 0.464938
 iteration  3:  FWHM =  4.551 Var = 0.456858
 iteration  4:  FWHM =  4.546 Var = 0.455381
 iteration  5:  FWHM =  4.548 Var = 0.455335
 iteration  6:  FWHM =  4.543 Var = 0.454982
 iteration  7:  FWHM =  4.545 Var = 0.454982
 iteration  8:  FWHM =  4.542 Var = 0.454982
 iteration  9:  FWHM =  4.546 Var = 0.454982
 iteration 10:  FWHM =  4.542 Var = 0.454982
 iteration 11:  FWHM =  4.546 Var = 0.454936
 iteration 12:  FWHM =  4.542 Var = 0.454936
 iteration 13:  FWHM =  4.543 Var = 0.454923
 iteration 14:  FWHM =  4.543 Var = 0.454894
 iteration 15:  FWHM =  4.543 Var = 0.454868
 iteration 16:  FWHM =  4.542 Var = 0.454868
Saving Parameters..

SPM12: spm_write_sn (v4878)                        10:40:11 - 10/08/2017
========================================================================
Completed                               :          10:40:16 - 10/08/2017
Done    'Old Normalise: Estimate & Write'
Running 'Old Normalise: Estimate & Write'
Smoothing by 0 & 8mm..
Coarse Affine Registration..
Fine Affine Registration..
3D CT Norm...
 iteration  1:  FWHM =   6.46 Var = 0.605152
 iteration  2:  FWHM =  4.262 Var = 0.377282
 iteration  3:  FWHM =  4.226 Var = 0.37056
 iteration  4:  FWHM =  4.222 Var = 0.369391
 iteration  5:  FWHM =  4.224 Var = 0.369391
 iteration  6:  FWHM =  4.223 Var = 0.369132
 iteration  7:  FWHM =  4.222 Var = 0.369132
 iteration  8:  FWHM =  4.223 Var = 0.369132
 iteration  9:  FWHM =  4.222 Var = 0.369132
 iteration 10:  FWHM =  4.222 Var = 0.369132
 iteration 11:  FWHM =  4.222 Var = 0.369132
 iteration 12:  FWHM =  4.223 Var = 0.369132
 iteration 13:  FWHM =  4.222 Var = 0.369132
 iteration 14:  FWHM =  4.222 Var = 0.369132
 iteration 15:  FWHM =  4.222 Var = 0.369132
 iteration 16:  FWHM =  4.223 Var = 0.369132
Saving Parameters..

SPM12: spm_write_sn (v4878)                        10:40:26 - 10/08/2017
========================================================================
Completed                               :          10:40:26 - 10/08/2017
Done    'Old Normalise: Estimate & Write'
Running 'Smooth'
Done    'Smooth'
Done

