163

                            < M A T L A B (R) >
                  Copyright 1984-2016 The MathWorks, Inc.
                   R2016b (9.1.0.441655) 64-bit (glnxa64)
                             September 7, 2016

 
To get started, type one of these: helpwin, helpdesk, or demo.
For product information, visit www.mathworks.com.
 
JOB ID: /projects/dsnlab/SFIC_Faces3/scripts/fMRI/ppc/spm/ppc_jobs/sub-L089_t2_ppc_job.mat


------------------------------------------------------------------------
Running job #1
------------------------------------------------------------------------
Running 'File Selector (Batch Mode)'
Done    'File Selector (Batch Mode)'
Running 'Realign: Estimate & Reslice'

SPM12: spm_realign (v6070)                         10:39:11 - 10/08/2017
========================================================================
Completed                               :          10:39:35 - 10/08/2017

SPM12: spm_reslice (v5929)                         10:39:35 - 10/08/2017
========================================================================
Completed                               :          10:39:45 - 10/08/2017
Done    'Realign: Estimate & Reslice'
Running 'Coregister: Estimate'

SPM12: spm_coreg (v6435)                           10:39:46 - 10/08/2017
========================================================================
Completed                               :          10:39:53 - 10/08/2017
Done    'Coregister: Estimate'
Running 'Reorient Images'
Done    'Reorient Images'
Item 'Source Image', field 'val': Number of matching files larger than max allowed, keeping 1/97 files.
Running 'Reorient Images'
Done    'Reorient Images'
Running 'Old Normalise: Estimate & Write'
Smoothing by 0 & 8mm..
Coarse Affine Registration..
Fine Affine Registration..
3D CT Norm...
 iteration  1:  FWHM =  6.982 Var = 0.628291
 iteration  2:  FWHM =  4.595 Var = 0.406165
 iteration  3:  FWHM =   4.53 Var = 0.398281
 iteration  4:  FWHM =  4.522 Var = 0.397374
 iteration  5:  FWHM =  4.518 Var = 0.397178
 iteration  6:  FWHM =  4.519 Var = 0.397147
 iteration  7:  FWHM =  4.518 Var = 0.397145
 iteration  8:  FWHM =  4.519 Var = 0.397145
 iteration  9:  FWHM =  4.518 Var = 0.397145
 iteration 10:  FWHM =  4.518 Var = 0.397109
 iteration 11:  FWHM =  4.518 Var = 0.397109
 iteration 12:  FWHM =  4.519 Var = 0.397109
 iteration 13:  FWHM =  4.518 Var = 0.397109
 iteration 14:  FWHM =  4.518 Var = 0.397109
 iteration 15:  FWHM =  4.519 Var = 0.397109
 iteration 16:  FWHM =  4.518 Var = 0.397109
Saving Parameters..

SPM12: spm_write_sn (v4878)                        10:40:10 - 10/08/2017
========================================================================
Completed                               :          10:40:15 - 10/08/2017
Done    'Old Normalise: Estimate & Write'
Running 'Old Normalise: Estimate & Write'
Smoothing by 0 & 8mm..
Coarse Affine Registration..
Fine Affine Registration..
3D CT Norm...
 iteration  1:  FWHM =  6.465 Var = 0.568129
 iteration  2:  FWHM =  4.196 Var = 0.345386
 iteration  3:  FWHM =  4.146 Var = 0.339015
 iteration  4:  FWHM =  4.143 Var = 0.338088
 iteration  5:  FWHM =  4.146 Var = 0.338088
 iteration  6:  FWHM =  4.145 Var = 0.337965
 iteration  7:  FWHM =  4.145 Var = 0.337965
 iteration  8:  FWHM =  4.145 Var = 0.337965
 iteration  9:  FWHM =  4.145 Var = 0.337965
 iteration 10:  FWHM =  4.145 Var = 0.337965
 iteration 11:  FWHM =  4.145 Var = 0.337965
 iteration 12:  FWHM =  4.145 Var = 0.337965
 iteration 13:  FWHM =  4.145 Var = 0.337965
 iteration 14:  FWHM =  4.145 Var = 0.337961
 iteration 15:  FWHM =  4.145 Var = 0.337961
 iteration 16:  FWHM =  4.145 Var = 0.337955
Saving Parameters..

SPM12: spm_write_sn (v4878)                        10:40:26 - 10/08/2017
========================================================================
Completed                               :          10:40:26 - 10/08/2017
Done    'Old Normalise: Estimate & Write'
Running 'Smooth'
Done    'Smooth'
Done

