74

                            < M A T L A B (R) >
                  Copyright 1984-2016 The MathWorks, Inc.
                   R2016b (9.1.0.441655) 64-bit (glnxa64)
                             September 7, 2016

 
To get started, type one of these: helpwin, helpdesk, or demo.
For product information, visit www.mathworks.com.
 
JOB ID: /projects/dsnlab/SFIC_Faces3/scripts/fMRI/ppc/spm/ppc_jobs/sub-L042_t1_ppc_job.mat


------------------------------------------------------------------------
Running job #1
------------------------------------------------------------------------
Running 'File Selector (Batch Mode)'
Done    'File Selector (Batch Mode)'
Running 'Realign: Estimate & Reslice'

SPM12: spm_realign (v6070)                         10:38:51 - 10/08/2017
========================================================================
Completed                               :          10:39:22 - 10/08/2017

SPM12: spm_reslice (v5929)                         10:39:22 - 10/08/2017
========================================================================
Completed                               :          10:39:30 - 10/08/2017
Done    'Realign: Estimate & Reslice'
Running 'Coregister: Estimate'

SPM12: spm_coreg (v6435)                           10:39:30 - 10/08/2017
========================================================================
Completed                               :          10:39:38 - 10/08/2017
Done    'Coregister: Estimate'
Running 'Reorient Images'
Done    'Reorient Images'
Item 'Source Image', field 'val': Number of matching files larger than max allowed, keeping 1/97 files.
Running 'Reorient Images'
Done    'Reorient Images'
Running 'Old Normalise: Estimate & Write'
Smoothing by 0 & 8mm..
Coarse Affine Registration..
Fine Affine Registration..
3D CT Norm...
 iteration  1:  FWHM =  7.125 Var = 0.718498
 iteration  2:  FWHM =  4.712 Var = 0.460483
 iteration  3:  FWHM =  4.602 Var = 0.447198
 iteration  4:  FWHM =  4.598 Var = 0.446
 iteration  5:  FWHM =  4.593 Var = 0.445322
 iteration  6:  FWHM =  4.593 Var = 0.445322
 iteration  7:  FWHM =  4.592 Var = 0.445228
 iteration  8:  FWHM =  4.593 Var = 0.445228
 iteration  9:  FWHM =  4.592 Var = 0.445228
 iteration 10:  FWHM =  4.593 Var = 0.445228
 iteration 11:  FWHM =  4.592 Var = 0.445228
 iteration 12:  FWHM =  4.593 Var = 0.445226
 iteration 13:  FWHM =  4.592 Var = 0.445226
 iteration 14:  FWHM =  4.592 Var = 0.445226
 iteration 15:  FWHM =  4.592 Var = 0.445226
 iteration 16:  FWHM =  4.593 Var = 0.445225
Saving Parameters..

SPM12: spm_write_sn (v4878)                        10:39:55 - 10/08/2017
========================================================================
Completed                               :          10:40:01 - 10/08/2017
Done    'Old Normalise: Estimate & Write'
Running 'Old Normalise: Estimate & Write'
Smoothing by 0 & 8mm..
Coarse Affine Registration..
Fine Affine Registration..
3D CT Norm...
 iteration  1:  FWHM =  6.524 Var = 0.570075
 iteration  2:  FWHM =  4.297 Var = 0.358224
 iteration  3:  FWHM =   4.23 Var = 0.350399
 iteration  4:  FWHM =  4.229 Var = 0.349548
 iteration  5:  FWHM =  4.226 Var = 0.349434
 iteration  6:  FWHM =  4.228 Var = 0.349326
 iteration  7:  FWHM =  4.226 Var = 0.349326
 iteration  8:  FWHM =  4.227 Var = 0.349326
 iteration  9:  FWHM =  4.226 Var = 0.349326
 iteration 10:  FWHM =  4.227 Var = 0.349323
 iteration 11:  FWHM =  4.226 Var = 0.349323
 iteration 12:  FWHM =  4.227 Var = 0.349323
 iteration 13:  FWHM =  4.226 Var = 0.349323
 iteration 14:  FWHM =  4.227 Var = 0.349323
 iteration 15:  FWHM =  4.226 Var = 0.349323
 iteration 16:  FWHM =  4.228 Var = 0.349323
Saving Parameters..

SPM12: spm_write_sn (v4878)                        10:40:14 - 10/08/2017
========================================================================
Completed                               :          10:40:14 - 10/08/2017
Done    'Old Normalise: Estimate & Write'
Running 'Smooth'
Done    'Smooth'
Done

