135

                            < M A T L A B (R) >
                  Copyright 1984-2016 The MathWorks, Inc.
                   R2016b (9.1.0.441655) 64-bit (glnxa64)
                             September 7, 2016

 
To get started, type one of these: helpwin, helpdesk, or demo.
For product information, visit www.mathworks.com.
 
JOB ID: /projects/dsnlab/SFIC_Faces3/scripts/fMRI/ppc/spm/ppc_jobs/sub-L076_t3_ppc_job.mat


------------------------------------------------------------------------
Running job #1
------------------------------------------------------------------------
Running 'File Selector (Batch Mode)'
Done    'File Selector (Batch Mode)'
Running 'Realign: Estimate & Reslice'

SPM12: spm_realign (v6070)                         10:39:09 - 10/08/2017
========================================================================
Completed                               :          10:39:35 - 10/08/2017

SPM12: spm_reslice (v5929)                         10:39:35 - 10/08/2017
========================================================================
Completed                               :          10:39:46 - 10/08/2017
Done    'Realign: Estimate & Reslice'
Running 'Coregister: Estimate'

SPM12: spm_coreg (v6435)                           10:39:46 - 10/08/2017
========================================================================
Completed                               :          10:39:57 - 10/08/2017
Done    'Coregister: Estimate'
Running 'Reorient Images'
Done    'Reorient Images'
Item 'Source Image', field 'val': Number of matching files larger than max allowed, keeping 1/97 files.
Running 'Reorient Images'
Done    'Reorient Images'
Running 'Old Normalise: Estimate & Write'
Smoothing by 0 & 8mm..
Coarse Affine Registration..
Fine Affine Registration..
3D CT Norm...
 iteration  1:  FWHM =  6.979 Var = 0.727507
 iteration  2:  FWHM =  4.647 Var = 0.45719
 iteration  3:  FWHM =   4.53 Var = 0.4459
 iteration  4:  FWHM =  4.547 Var = 0.443415
 iteration  5:  FWHM =  4.524 Var = 0.443415
 iteration  6:  FWHM =  4.549 Var = 0.443415
 iteration  7:  FWHM =  4.526 Var = 0.443415
 iteration  8:  FWHM =  4.549 Var = 0.443415
 iteration  9:  FWHM =  4.525 Var = 0.443415
 iteration 10:  FWHM =  4.549 Var = 0.443415
 iteration 11:  FWHM =  4.525 Var = 0.443415
 iteration 12:  FWHM =  4.549 Var = 0.443415
 iteration 13:  FWHM =  4.525 Var = 0.443415
 iteration 14:  FWHM =  4.549 Var = 0.443415
 iteration 15:  FWHM =  4.525 Var = 0.443415
 iteration 16:  FWHM =  4.549 Var = 0.443415
Saving Parameters..

SPM12: spm_write_sn (v4878)                        10:40:16 - 10/08/2017
========================================================================
Completed                               :          10:40:22 - 10/08/2017
Done    'Old Normalise: Estimate & Write'
Running 'Old Normalise: Estimate & Write'
Smoothing by 0 & 8mm..
Coarse Affine Registration..
Fine Affine Registration..
3D CT Norm...
 iteration  1:  FWHM =  6.375 Var = 0.60936
 iteration  2:  FWHM =  4.235 Var = 0.370347
 iteration  3:  FWHM =  4.156 Var = 0.358386
 iteration  4:  FWHM =  4.159 Var = 0.355036
 iteration  5:  FWHM =  4.151 Var = 0.355036
 iteration  6:  FWHM =  4.176 Var = 0.355036
 iteration  7:  FWHM =  4.157 Var = 0.355036
 iteration  8:  FWHM =   4.17 Var = 0.355036
 iteration  9:  FWHM =  4.154 Var = 0.355036
 iteration 10:  FWHM =   4.17 Var = 0.355036
 iteration 11:  FWHM =  4.154 Var = 0.355036
 iteration 12:  FWHM =  4.171 Var = 0.355036
 iteration 13:  FWHM =  4.154 Var = 0.355036
 iteration 14:  FWHM =  4.168 Var = 0.355036
 iteration 15:  FWHM =  4.155 Var = 0.355036
 iteration 16:  FWHM =  4.168 Var = 0.355036
Saving Parameters..

SPM12: spm_write_sn (v4878)                        10:40:32 - 10/08/2017
========================================================================
Completed                               :          10:40:32 - 10/08/2017
Done    'Old Normalise: Estimate & Write'
Running 'Smooth'
Done    'Smooth'
Done

