60

                            < M A T L A B (R) >
                  Copyright 1984-2016 The MathWorks, Inc.
                   R2016b (9.1.0.441655) 64-bit (glnxa64)
                             September 7, 2016

 
To get started, type one of these: helpwin, helpdesk, or demo.
For product information, visit www.mathworks.com.
 
JOB ID: /projects/dsnlab/SFIC_Faces3/scripts/fMRI/ppc/spm/ppc_jobs/sub-L034_t2_ppc_job.mat


------------------------------------------------------------------------
Running job #1
------------------------------------------------------------------------
Running 'File Selector (Batch Mode)'
Done    'File Selector (Batch Mode)'
Running 'Realign: Estimate & Reslice'

SPM12: spm_realign (v6070)                         10:38:33 - 10/08/2017
========================================================================
Completed                               :          10:39:03 - 10/08/2017

SPM12: spm_reslice (v5929)                         10:39:03 - 10/08/2017
========================================================================
Completed                               :          10:39:10 - 10/08/2017
Done    'Realign: Estimate & Reslice'
Running 'Coregister: Estimate'

SPM12: spm_coreg (v6435)                           10:39:11 - 10/08/2017
========================================================================
Completed                               :          10:39:19 - 10/08/2017
Done    'Coregister: Estimate'
Running 'Reorient Images'
Done    'Reorient Images'
Item 'Source Image', field 'val': Number of matching files larger than max allowed, keeping 1/97 files.
Running 'Reorient Images'
Done    'Reorient Images'
Running 'Old Normalise: Estimate & Write'
Smoothing by 0 & 8mm..
Coarse Affine Registration..
Fine Affine Registration..
3D CT Norm...
 iteration  1:  FWHM =  6.741 Var = 0.670775
 iteration  2:  FWHM =  4.667 Var = 0.461468
 iteration  3:  FWHM =  4.557 Var = 0.44748
 iteration  4:  FWHM =  4.558 Var = 0.447446
 iteration  5:  FWHM =  4.552 Var = 0.446743
 iteration  6:  FWHM =  4.554 Var = 0.446743
 iteration  7:  FWHM =  4.553 Var = 0.446676
 iteration  8:  FWHM =  4.554 Var = 0.446676
 iteration  9:  FWHM =  4.552 Var = 0.446549
 iteration 10:  FWHM =  4.553 Var = 0.446549
 iteration 11:  FWHM =  4.553 Var = 0.446549
 iteration 12:  FWHM =  4.553 Var = 0.446549
 iteration 13:  FWHM =  4.553 Var = 0.446549
 iteration 14:  FWHM =  4.553 Var = 0.446549
 iteration 15:  FWHM =  4.553 Var = 0.446549
 iteration 16:  FWHM =  4.553 Var = 0.446549
Saving Parameters..

SPM12: spm_write_sn (v4878)                        10:39:36 - 10/08/2017
========================================================================
Completed                               :          10:39:41 - 10/08/2017
Done    'Old Normalise: Estimate & Write'
Running 'Old Normalise: Estimate & Write'
Smoothing by 0 & 8mm..
Coarse Affine Registration..
Fine Affine Registration..
3D CT Norm...
 iteration  1:  FWHM =  6.163 Var = 0.539896
 iteration  2:  FWHM =  4.196 Var = 0.354558
 iteration  3:  FWHM =  4.138 Var = 0.347373
 iteration  4:  FWHM =  4.148 Var = 0.347179
 iteration  5:  FWHM =  4.142 Var = 0.346454
 iteration  6:  FWHM =  4.145 Var = 0.346454
 iteration  7:  FWHM =  4.142 Var = 0.346454
 iteration  8:  FWHM =  4.144 Var = 0.346454
 iteration  9:  FWHM =  4.143 Var = 0.346454
 iteration 10:  FWHM =  4.143 Var = 0.346454
 iteration 11:  FWHM =  4.144 Var = 0.346454
 iteration 12:  FWHM =  4.144 Var = 0.346454
 iteration 13:  FWHM =  4.144 Var = 0.346454
 iteration 14:  FWHM =  4.144 Var = 0.346454
 iteration 15:  FWHM =  4.144 Var = 0.346454
 iteration 16:  FWHM =  4.144 Var = 0.346454
Saving Parameters..

SPM12: spm_write_sn (v4878)                        10:39:52 - 10/08/2017
========================================================================
Completed                               :          10:39:52 - 10/08/2017
Done    'Old Normalise: Estimate & Write'
Running 'Smooth'
Done    'Smooth'
Done

