121

                            < M A T L A B (R) >
                  Copyright 1984-2016 The MathWorks, Inc.
                   R2016b (9.1.0.441655) 64-bit (glnxa64)
                             September 7, 2016

 
To get started, type one of these: helpwin, helpdesk, or demo.
For product information, visit www.mathworks.com.
 
JOB ID: /projects/dsnlab/SFIC_Faces3/scripts/fMRI/ppc/spm/ppc_jobs/sub-L070_t3_ppc_job.mat


------------------------------------------------------------------------
Running job #1
------------------------------------------------------------------------
Running 'File Selector (Batch Mode)'
Done    'File Selector (Batch Mode)'
Running 'Realign: Estimate & Reslice'

SPM12: spm_realign (v6070)                         10:39:10 - 10/08/2017
========================================================================
Completed                               :          10:39:34 - 10/08/2017

SPM12: spm_reslice (v5929)                         10:39:34 - 10/08/2017
========================================================================
Completed                               :          10:39:46 - 10/08/2017
Done    'Realign: Estimate & Reslice'
Running 'Coregister: Estimate'

SPM12: spm_coreg (v6435)                           10:39:46 - 10/08/2017
========================================================================
Completed                               :          10:39:56 - 10/08/2017
Done    'Coregister: Estimate'
Running 'Reorient Images'
Done    'Reorient Images'
Item 'Source Image', field 'val': Number of matching files larger than max allowed, keeping 1/97 files.
Running 'Reorient Images'
Done    'Reorient Images'
Running 'Old Normalise: Estimate & Write'
Smoothing by 0 & 8mm..
Coarse Affine Registration..
Fine Affine Registration..
3D CT Norm...
 iteration  1:  FWHM =  7.012 Var = 0.676316
 iteration  2:  FWHM =  4.666 Var = 0.436739
 iteration  3:  FWHM =   4.57 Var = 0.423609
 iteration  4:  FWHM =  4.569 Var = 0.423175
 iteration  5:  FWHM =  4.564 Var = 0.422665
 iteration  6:  FWHM =  4.567 Var = 0.422665
 iteration  7:  FWHM =  4.564 Var = 0.422577
 iteration  8:  FWHM =  4.566 Var = 0.422577
 iteration  9:  FWHM =  4.564 Var = 0.422577
 iteration 10:  FWHM =  4.566 Var = 0.422577
 iteration 11:  FWHM =  4.564 Var = 0.422577
 iteration 12:  FWHM =  4.566 Var = 0.422577
 iteration 13:  FWHM =  4.564 Var = 0.422535
 iteration 14:  FWHM =  4.566 Var = 0.422535
 iteration 15:  FWHM =  4.564 Var = 0.422535
 iteration 16:  FWHM =  4.566 Var = 0.422535
Saving Parameters..

SPM12: spm_write_sn (v4878)                        10:40:14 - 10/08/2017
========================================================================
Completed                               :          10:40:20 - 10/08/2017
Done    'Old Normalise: Estimate & Write'
Running 'Old Normalise: Estimate & Write'
Smoothing by 0 & 8mm..
Coarse Affine Registration..
Fine Affine Registration..
3D CT Norm...
 iteration  1:  FWHM =  6.348 Var = 0.576106
 iteration  2:  FWHM =   4.24 Var = 0.365094
 iteration  3:  FWHM =  4.184 Var = 0.356238
 iteration  4:  FWHM =  4.182 Var = 0.354718
 iteration  5:  FWHM =  4.182 Var = 0.354718
 iteration  6:  FWHM =   4.18 Var = 0.35468
 iteration  7:  FWHM =  4.182 Var = 0.35468
 iteration  8:  FWHM =  4.178 Var = 0.354558
 iteration  9:  FWHM =  4.182 Var = 0.354558
 iteration 10:  FWHM =  4.179 Var = 0.354558
 iteration 11:  FWHM =  4.182 Var = 0.354558
 iteration 12:  FWHM =  4.179 Var = 0.354558
 iteration 13:  FWHM =  4.182 Var = 0.354558
 iteration 14:  FWHM =  4.179 Var = 0.354558
 iteration 15:  FWHM =  4.182 Var = 0.354558
 iteration 16:  FWHM =  4.179 Var = 0.354558
Saving Parameters..

SPM12: spm_write_sn (v4878)                        10:40:30 - 10/08/2017
========================================================================
Completed                               :          10:40:31 - 10/08/2017
Done    'Old Normalise: Estimate & Write'
Running 'Smooth'
Done    'Smooth'
Done

