175

                            < M A T L A B (R) >
                  Copyright 1984-2016 The MathWorks, Inc.
                   R2016b (9.1.0.441655) 64-bit (glnxa64)
                             September 7, 2016

 
To get started, type one of these: helpwin, helpdesk, or demo.
For product information, visit www.mathworks.com.
 
JOB ID: /projects/dsnlab/SFIC_Faces3/scripts/fMRI/ppc/spm/ppc_jobs/sub-L095_t1_ppc_job.mat


------------------------------------------------------------------------
Running job #1
------------------------------------------------------------------------
Running 'File Selector (Batch Mode)'
Done    'File Selector (Batch Mode)'
Running 'Realign: Estimate & Reslice'

SPM12: spm_realign (v6070)                         10:39:12 - 10/08/2017
========================================================================
Completed                               :          10:39:41 - 10/08/2017

SPM12: spm_reslice (v5929)                         10:39:41 - 10/08/2017
========================================================================
Completed                               :          10:39:48 - 10/08/2017
Done    'Realign: Estimate & Reslice'
Running 'Coregister: Estimate'

SPM12: spm_coreg (v6435)                           10:39:48 - 10/08/2017
========================================================================
Completed                               :          10:39:58 - 10/08/2017
Done    'Coregister: Estimate'
Running 'Reorient Images'
Done    'Reorient Images'
Item 'Source Image', field 'val': Number of matching files larger than max allowed, keeping 1/97 files.
Running 'Reorient Images'
Done    'Reorient Images'
Running 'Old Normalise: Estimate & Write'
Smoothing by 0 & 8mm..
Coarse Affine Registration..
Fine Affine Registration..
3D CT Norm...
 iteration  1:  FWHM =   7.23 Var = 0.695394
 iteration  2:  FWHM =  4.663 Var = 0.435987
 iteration  3:  FWHM =  4.573 Var = 0.424518
 iteration  4:  FWHM =   4.57 Var = 0.422658
 iteration  5:  FWHM =  4.569 Var = 0.422658
 iteration  6:  FWHM =   4.57 Var = 0.422658
 iteration  7:  FWHM =   4.57 Var = 0.422658
 iteration  8:  FWHM =  4.569 Var = 0.422658
 iteration  9:  FWHM =   4.57 Var = 0.422658
 iteration 10:  FWHM =  4.569 Var = 0.422658
 iteration 11:  FWHM =   4.57 Var = 0.422658
 iteration 12:  FWHM =  4.569 Var = 0.422658
 iteration 13:  FWHM =   4.57 Var = 0.422658
 iteration 14:  FWHM =  4.569 Var = 0.422658
 iteration 15:  FWHM =   4.57 Var = 0.422658
 iteration 16:  FWHM =  4.569 Var = 0.422658
Saving Parameters..

SPM12: spm_write_sn (v4878)                        10:40:14 - 10/08/2017
========================================================================
Completed                               :          10:40:21 - 10/08/2017
Done    'Old Normalise: Estimate & Write'
Running 'Old Normalise: Estimate & Write'
Smoothing by 0 & 8mm..
Coarse Affine Registration..
Fine Affine Registration..
3D CT Norm...
 iteration  1:  FWHM =  6.523 Var = 0.551983
 iteration  2:  FWHM =  4.267 Var = 0.35101
 iteration  3:  FWHM =  4.212 Var = 0.342346
 iteration  4:  FWHM =  4.209 Var = 0.341781
 iteration  5:  FWHM =  4.208 Var = 0.341618
 iteration  6:  FWHM =  4.209 Var = 0.341618
 iteration  7:  FWHM =  4.206 Var = 0.34161
 iteration  8:  FWHM =  4.206 Var = 0.34161
 iteration  9:  FWHM =  4.206 Var = 0.341601
 iteration 10:  FWHM =  4.206 Var = 0.341601
 iteration 11:  FWHM =  4.206 Var = 0.341521
 iteration 12:  FWHM =  4.206 Var = 0.341521
 iteration 13:  FWHM =  4.206 Var = 0.341509
 iteration 14:  FWHM =  4.206 Var = 0.341509
 iteration 15:  FWHM =  4.206 Var = 0.341509
 iteration 16:  FWHM =  4.206 Var = 0.341509
Saving Parameters..

SPM12: spm_write_sn (v4878)                        10:40:31 - 10/08/2017
========================================================================
Completed                               :          10:40:31 - 10/08/2017
Done    'Old Normalise: Estimate & Write'
Running 'Smooth'
Done    'Smooth'
Done

