4

                            < M A T L A B (R) >
                  Copyright 1984-2016 The MathWorks, Inc.
                   R2016b (9.1.0.441655) 64-bit (glnxa64)
                             September 7, 2016

 
To get started, type one of these: helpwin, helpdesk, or demo.
For product information, visit www.mathworks.com.
 
JOB ID: /projects/dsnlab/SFIC_Faces3/scripts/fMRI/ppc/spm/ppc_jobs/sub-L003_t1_ppc_job.mat


------------------------------------------------------------------------
Running job #1
------------------------------------------------------------------------
Running 'File Selector (Batch Mode)'
Done    'File Selector (Batch Mode)'
Running 'Realign: Estimate & Reslice'

SPM12: spm_realign (v6070)                         10:38:32 - 10/08/2017
========================================================================
Completed                               :          10:38:59 - 10/08/2017

SPM12: spm_reslice (v5929)                         10:38:59 - 10/08/2017
========================================================================
Completed                               :          10:39:09 - 10/08/2017
Done    'Realign: Estimate & Reslice'
Running 'Coregister: Estimate'

SPM12: spm_coreg (v6435)                           10:39:10 - 10/08/2017
========================================================================
Completed                               :          10:39:21 - 10/08/2017
Done    'Coregister: Estimate'
Running 'Reorient Images'
Done    'Reorient Images'
Item 'Source Image', field 'val': Number of matching files larger than max allowed, keeping 1/97 files.
Running 'Reorient Images'
Done    'Reorient Images'
Running 'Old Normalise: Estimate & Write'
Smoothing by 0 & 8mm..
Coarse Affine Registration..
Fine Affine Registration..
3D CT Norm...
 iteration  1:  FWHM =  7.186 Var = 0.735017
 iteration  2:  FWHM =  4.673 Var = 0.462015
 iteration  3:  FWHM =  4.605 Var = 0.453723
 iteration  4:  FWHM =  4.604 Var = 0.452482
 iteration  5:  FWHM =    4.6 Var = 0.452146
 iteration  6:  FWHM =    4.6 Var = 0.452146
 iteration  7:  FWHM =    4.6 Var = 0.452004
 iteration  8:  FWHM =  4.599 Var = 0.451985
 iteration  9:  FWHM =  4.599 Var = 0.451969
 iteration 10:  FWHM =  4.599 Var = 0.451956
 iteration 11:  FWHM =  4.599 Var = 0.451956
 iteration 12:  FWHM =    4.6 Var = 0.451956
 iteration 13:  FWHM =  4.599 Var = 0.451956
 iteration 14:  FWHM =  4.601 Var = 0.451956
 iteration 15:  FWHM =    4.6 Var = 0.451956
 iteration 16:  FWHM =    4.6 Var = 0.451956
Saving Parameters..

SPM12: spm_write_sn (v4878)                        10:39:40 - 10/08/2017
========================================================================
Completed                               :          10:39:45 - 10/08/2017
Done    'Old Normalise: Estimate & Write'
Running 'Old Normalise: Estimate & Write'
Smoothing by 0 & 8mm..
Coarse Affine Registration..
Fine Affine Registration..
3D CT Norm...
 iteration  1:  FWHM =  6.943 Var = 0.657107
 iteration  2:  FWHM =  4.541 Var = 0.412404
 iteration  3:  FWHM =  4.476 Var = 0.399933
 iteration  4:  FWHM =  4.437 Var = 0.394795
 iteration  5:  FWHM =   4.44 Var = 0.393114
 iteration  6:  FWHM =  4.425 Var = 0.392378
 iteration  7:  FWHM =  4.425 Var = 0.391797
 iteration  8:  FWHM =  4.421 Var = 0.391401
 iteration  9:  FWHM =  4.421 Var = 0.39112
 iteration 10:  FWHM =  4.419 Var = 0.390853
 iteration 11:  FWHM =  4.418 Var = 0.390574
 iteration 12:  FWHM =  4.417 Var = 0.390488
 iteration 13:  FWHM =  4.416 Var = 0.390201
 iteration 14:  FWHM =  4.415 Var = 0.390201
 iteration 15:  FWHM =  4.416 Var = 0.390084
 iteration 16:  FWHM =  4.415 Var = 0.390084
Saving Parameters..

SPM12: spm_write_sn (v4878)                        10:39:56 - 10/08/2017
========================================================================
Completed                               :          10:39:56 - 10/08/2017
Done    'Old Normalise: Estimate & Write'
Running 'Smooth'
Done    'Smooth'
Done

