86

                            < M A T L A B (R) >
                  Copyright 1984-2016 The MathWorks, Inc.
                   R2016b (9.1.0.441655) 64-bit (glnxa64)
                             September 7, 2016

 
To get started, type one of these: helpwin, helpdesk, or demo.
For product information, visit www.mathworks.com.
 
JOB ID: /projects/dsnlab/SFIC_Faces3/scripts/fMRI/ppc/spm/ppc_jobs/sub-L049_t1_ppc_job.mat


------------------------------------------------------------------------
Running job #1
------------------------------------------------------------------------
Running 'File Selector (Batch Mode)'
Done    'File Selector (Batch Mode)'
Running 'Realign: Estimate & Reslice'

SPM12: spm_realign (v6070)                         10:38:47 - 10/08/2017
========================================================================
Completed                               :          10:39:14 - 10/08/2017

SPM12: spm_reslice (v5929)                         10:39:14 - 10/08/2017
========================================================================
Completed                               :          10:39:21 - 10/08/2017
Done    'Realign: Estimate & Reslice'
Running 'Coregister: Estimate'

SPM12: spm_coreg (v6435)                           10:39:22 - 10/08/2017
========================================================================
Completed                               :          10:39:29 - 10/08/2017
Done    'Coregister: Estimate'
Running 'Reorient Images'
Done    'Reorient Images'
Item 'Source Image', field 'val': Number of matching files larger than max allowed, keeping 1/97 files.
Running 'Reorient Images'
Done    'Reorient Images'
Running 'Old Normalise: Estimate & Write'
Smoothing by 0 & 8mm..
Coarse Affine Registration..
Fine Affine Registration..
3D CT Norm...
 iteration  1:  FWHM =  7.191 Var = 0.736697
 iteration  2:  FWHM =  4.786 Var = 0.478094
 iteration  3:  FWHM =  4.654 Var = 0.459814
 iteration  4:  FWHM =   4.65 Var = 0.457301
 iteration  5:  FWHM =  4.638 Var = 0.456277
 iteration  6:  FWHM =  4.641 Var = 0.456142
 iteration  7:  FWHM =  4.638 Var = 0.4561
 iteration  8:  FWHM =  4.639 Var = 0.45598
 iteration  9:  FWHM =  4.638 Var = 0.455941
 iteration 10:  FWHM =  4.639 Var = 0.455941
 iteration 11:  FWHM =  4.638 Var = 0.455941
 iteration 12:  FWHM =  4.639 Var = 0.455938
 iteration 13:  FWHM =  4.638 Var = 0.455938
 iteration 14:  FWHM =  4.639 Var = 0.455923
 iteration 15:  FWHM =  4.639 Var = 0.455923
 iteration 16:  FWHM =  4.638 Var = 0.455912
Saving Parameters..

SPM12: spm_write_sn (v4878)                        10:39:46 - 10/08/2017
========================================================================
Completed                               :          10:39:51 - 10/08/2017
Done    'Old Normalise: Estimate & Write'
Running 'Old Normalise: Estimate & Write'
Smoothing by 0 & 8mm..
Coarse Affine Registration..
Fine Affine Registration..
3D CT Norm...
 iteration  1:  FWHM =  6.579 Var = 0.594277
 iteration  2:  FWHM =  4.335 Var = 0.371405
 iteration  3:  FWHM =  4.235 Var = 0.359127
 iteration  4:  FWHM =  4.248 Var = 0.358106
 iteration  5:  FWHM =  4.231 Var = 0.357212
 iteration  6:  FWHM =  4.236 Var = 0.356966
 iteration  7:  FWHM =   4.23 Var = 0.356966
 iteration  8:  FWHM =  4.234 Var = 0.356966
 iteration  9:  FWHM =  4.231 Var = 0.356966
 iteration 10:  FWHM =  4.234 Var = 0.356966
 iteration 11:  FWHM =  4.231 Var = 0.356966
 iteration 12:  FWHM =  4.234 Var = 0.356933
 iteration 13:  FWHM =  4.232 Var = 0.356933
 iteration 14:  FWHM =  4.234 Var = 0.356933
 iteration 15:  FWHM =  4.232 Var = 0.356933
 iteration 16:  FWHM =  4.234 Var = 0.356915
Saving Parameters..

SPM12: spm_write_sn (v4878)                        10:40:01 - 10/08/2017
========================================================================
Completed                               :          10:40:01 - 10/08/2017
Done    'Old Normalise: Estimate & Write'
Running 'Smooth'
Done    'Smooth'
Done

