118

                            < M A T L A B (R) >
                  Copyright 1984-2016 The MathWorks, Inc.
                   R2016b (9.1.0.441655) 64-bit (glnxa64)
                             September 7, 2016

 
To get started, type one of these: helpwin, helpdesk, or demo.
For product information, visit www.mathworks.com.
 
JOB ID: /projects/dsnlab/SFIC_Faces3/scripts/fMRI/ppc/spm/ppc_jobs/sub-L068_t1_ppc_job.mat


------------------------------------------------------------------------
Running job #1
------------------------------------------------------------------------
Running 'File Selector (Batch Mode)'
Done    'File Selector (Batch Mode)'
Running 'Realign: Estimate & Reslice'

SPM12: spm_realign (v6070)                         10:39:10 - 10/08/2017
========================================================================
Completed                               :          10:39:35 - 10/08/2017

SPM12: spm_reslice (v5929)                         10:39:35 - 10/08/2017
========================================================================
Completed                               :          10:39:45 - 10/08/2017
Done    'Realign: Estimate & Reslice'
Running 'Coregister: Estimate'

SPM12: spm_coreg (v6435)                           10:39:46 - 10/08/2017
========================================================================
Completed                               :          10:39:54 - 10/08/2017
Done    'Coregister: Estimate'
Running 'Reorient Images'
Done    'Reorient Images'
Item 'Source Image', field 'val': Number of matching files larger than max allowed, keeping 1/97 files.
Running 'Reorient Images'
Done    'Reorient Images'
Running 'Old Normalise: Estimate & Write'
Smoothing by 0 & 8mm..
Coarse Affine Registration..
Fine Affine Registration..
3D CT Norm...
 iteration  1:  FWHM =  7.088 Var = 0.696337
 iteration  2:  FWHM =  4.547 Var = 0.434998
 iteration  3:  FWHM =  4.459 Var = 0.424658
 iteration  4:  FWHM =  4.457 Var = 0.423843
 iteration  5:  FWHM =  4.457 Var = 0.423661
 iteration  6:  FWHM =  4.454 Var = 0.423529
 iteration  7:  FWHM =  4.457 Var = 0.423529
 iteration  8:  FWHM =  4.457 Var = 0.423529
 iteration  9:  FWHM =  4.456 Var = 0.423512
 iteration 10:  FWHM =  4.457 Var = 0.423512
 iteration 11:  FWHM =  4.456 Var = 0.423512
 iteration 12:  FWHM =  4.457 Var = 0.42351
 iteration 13:  FWHM =  4.457 Var = 0.42351
 iteration 14:  FWHM =  4.457 Var = 0.42351
 iteration 15:  FWHM =  4.456 Var = 0.423466
 iteration 16:  FWHM =  4.457 Var = 0.423466
Saving Parameters..

SPM12: spm_write_sn (v4878)                        10:40:12 - 10/08/2017
========================================================================
Completed                               :          10:40:18 - 10/08/2017
Done    'Old Normalise: Estimate & Write'
Running 'Old Normalise: Estimate & Write'
Smoothing by 0 & 8mm..
Coarse Affine Registration..
Fine Affine Registration..
3D CT Norm...
 iteration  1:  FWHM =  6.538 Var = 0.56789
 iteration  2:  FWHM =  4.232 Var = 0.353619
 iteration  3:  FWHM =  4.182 Var = 0.345975
 iteration  4:  FWHM =  4.176 Var = 0.345517
 iteration  5:  FWHM =  4.178 Var = 0.345517
 iteration  6:  FWHM =  4.176 Var = 0.345516
 iteration  7:  FWHM =  4.177 Var = 0.345516
 iteration  8:  FWHM =  4.176 Var = 0.345516
 iteration  9:  FWHM =  4.177 Var = 0.345516
 iteration 10:  FWHM =  4.176 Var = 0.345478
 iteration 11:  FWHM =  4.177 Var = 0.345478
 iteration 12:  FWHM =  4.176 Var = 0.345475
 iteration 13:  FWHM =  4.177 Var = 0.345475
 iteration 14:  FWHM =  4.176 Var = 0.345465
 iteration 15:  FWHM =  4.177 Var = 0.345465
 iteration 16:  FWHM =  4.176 Var = 0.345465
Saving Parameters..

SPM12: spm_write_sn (v4878)                        10:40:28 - 10/08/2017
========================================================================
Completed                               :          10:40:28 - 10/08/2017
Done    'Old Normalise: Estimate & Write'
Running 'Smooth'
Done    'Smooth'
Done

