128

                            < M A T L A B (R) >
                  Copyright 1984-2016 The MathWorks, Inc.
                   R2016b (9.1.0.441655) 64-bit (glnxa64)
                             September 7, 2016

 
To get started, type one of these: helpwin, helpdesk, or demo.
For product information, visit www.mathworks.com.
 
JOB ID: /projects/dsnlab/SFIC_Faces3/scripts/fMRI/ppc/spm/ppc_jobs/sub-L073_t2_ppc_job.mat


------------------------------------------------------------------------
Running job #1
------------------------------------------------------------------------
Running 'File Selector (Batch Mode)'
Done    'File Selector (Batch Mode)'
Running 'Realign: Estimate & Reslice'

SPM12: spm_realign (v6070)                         10:39:09 - 10/08/2017
========================================================================
Completed                               :          10:39:35 - 10/08/2017

SPM12: spm_reslice (v5929)                         10:39:35 - 10/08/2017
========================================================================
Completed                               :          10:39:46 - 10/08/2017
Done    'Realign: Estimate & Reslice'
Running 'Coregister: Estimate'

SPM12: spm_coreg (v6435)                           10:39:46 - 10/08/2017
========================================================================
Completed                               :          10:39:55 - 10/08/2017
Done    'Coregister: Estimate'
Running 'Reorient Images'
Done    'Reorient Images'
Item 'Source Image', field 'val': Number of matching files larger than max allowed, keeping 1/97 files.
Running 'Reorient Images'
Done    'Reorient Images'
Running 'Old Normalise: Estimate & Write'
Smoothing by 0 & 8mm..
Coarse Affine Registration..
Fine Affine Registration..
3D CT Norm...
 iteration  1:  FWHM =  6.615 Var = 0.615674
 iteration  2:  FWHM =  4.553 Var = 0.416032
 iteration  3:  FWHM =  4.477 Var = 0.404971
 iteration  4:  FWHM =  4.474 Var = 0.40423
 iteration  5:  FWHM =  4.471 Var = 0.403508
 iteration  6:  FWHM =  4.471 Var = 0.403508
 iteration  7:  FWHM =   4.47 Var = 0.403352
 iteration  8:  FWHM =   4.47 Var = 0.403352
 iteration  9:  FWHM =   4.47 Var = 0.403318
 iteration 10:  FWHM =   4.47 Var = 0.403318
 iteration 11:  FWHM =  4.471 Var = 0.403294
 iteration 12:  FWHM =   4.47 Var = 0.403294
 iteration 13:  FWHM =  4.471 Var = 0.403294
 iteration 14:  FWHM =   4.47 Var = 0.403294
 iteration 15:  FWHM =  4.471 Var = 0.403294
 iteration 16:  FWHM =   4.47 Var = 0.403294
Saving Parameters..

SPM12: spm_write_sn (v4878)                        10:40:12 - 10/08/2017
========================================================================
Completed                               :          10:40:18 - 10/08/2017
Done    'Old Normalise: Estimate & Write'
Running 'Old Normalise: Estimate & Write'
Smoothing by 0 & 8mm..
Coarse Affine Registration..
Fine Affine Registration..
3D CT Norm...
 iteration  1:  FWHM =  6.064 Var = 0.530829
 iteration  2:  FWHM =  4.169 Var = 0.350639
 iteration  3:  FWHM =  4.129 Var = 0.343417
 iteration  4:  FWHM =  4.126 Var = 0.342945
 iteration  5:  FWHM =  4.126 Var = 0.342689
 iteration  6:  FWHM =  4.124 Var = 0.34262
 iteration  7:  FWHM =  4.126 Var = 0.34262
 iteration  8:  FWHM =  4.125 Var = 0.34262
 iteration  9:  FWHM =  4.125 Var = 0.34262
 iteration 10:  FWHM =  4.125 Var = 0.34262
 iteration 11:  FWHM =  4.125 Var = 0.342591
 iteration 12:  FWHM =  4.125 Var = 0.342591
 iteration 13:  FWHM =  4.125 Var = 0.342591
 iteration 14:  FWHM =  4.125 Var = 0.342572
 iteration 15:  FWHM =  4.125 Var = 0.342572
 iteration 16:  FWHM =  4.125 Var = 0.342562
Saving Parameters..

SPM12: spm_write_sn (v4878)                        10:40:26 - 10/08/2017
========================================================================
Completed                               :          10:40:26 - 10/08/2017
Done    'Old Normalise: Estimate & Write'
Running 'Smooth'
Done    'Smooth'
Done

