148

                            < M A T L A B (R) >
                  Copyright 1984-2016 The MathWorks, Inc.
                   R2016b (9.1.0.441655) 64-bit (glnxa64)
                             September 7, 2016

 
To get started, type one of these: helpwin, helpdesk, or demo.
For product information, visit www.mathworks.com.
 
JOB ID: /projects/dsnlab/SFIC_Faces3/scripts/fMRI/ppc/spm/ppc_jobs/sub-L083_t1_ppc_job.mat


------------------------------------------------------------------------
Running job #1
------------------------------------------------------------------------
Running 'File Selector (Batch Mode)'
Done    'File Selector (Batch Mode)'
Running 'Realign: Estimate & Reslice'

SPM12: spm_realign (v6070)                         10:39:11 - 10/08/2017
========================================================================
Completed                               :          10:39:35 - 10/08/2017

SPM12: spm_reslice (v5929)                         10:39:35 - 10/08/2017
========================================================================
Completed                               :          10:39:45 - 10/08/2017
Done    'Realign: Estimate & Reslice'
Running 'Coregister: Estimate'

SPM12: spm_coreg (v6435)                           10:39:45 - 10/08/2017
========================================================================
Completed                               :          10:39:54 - 10/08/2017
Done    'Coregister: Estimate'
Running 'Reorient Images'
Done    'Reorient Images'
Item 'Source Image', field 'val': Number of matching files larger than max allowed, keeping 1/97 files.
Running 'Reorient Images'
Done    'Reorient Images'
Running 'Old Normalise: Estimate & Write'
Smoothing by 0 & 8mm..
Coarse Affine Registration..
Fine Affine Registration..
3D CT Norm...
 iteration  1:  FWHM =  7.074 Var = 0.698828
 iteration  2:  FWHM =  4.671 Var = 0.449073
 iteration  3:  FWHM =  4.569 Var = 0.437561
 iteration  4:  FWHM =  4.574 Var = 0.436699
 iteration  5:  FWHM =  4.563 Var = 0.436452
 iteration  6:  FWHM =  4.569 Var = 0.436452
 iteration  7:  FWHM =  4.564 Var = 0.436452
 iteration  8:  FWHM =  4.568 Var = 0.436177
 iteration  9:  FWHM =  4.563 Var = 0.436177
 iteration 10:  FWHM =  4.568 Var = 0.436177
 iteration 11:  FWHM =  4.563 Var = 0.436177
 iteration 12:  FWHM =  4.568 Var = 0.436177
 iteration 13:  FWHM =  4.563 Var = 0.436177
 iteration 14:  FWHM =   4.57 Var = 0.436177
 iteration 15:  FWHM =  4.563 Var = 0.436177
 iteration 16:  FWHM =  4.568 Var = 0.436177
Saving Parameters..

SPM12: spm_write_sn (v4878)                        10:40:11 - 10/08/2017
========================================================================
Completed                               :          10:40:17 - 10/08/2017
Done    'Old Normalise: Estimate & Write'
Running 'Old Normalise: Estimate & Write'
Smoothing by 0 & 8mm..
Coarse Affine Registration..
Fine Affine Registration..
3D CT Norm...
 iteration  1:  FWHM =   6.39 Var = 0.542587
 iteration  2:  FWHM =   4.22 Var = 0.344067
 iteration  3:  FWHM =  4.165 Var = 0.335761
 iteration  4:  FWHM =  4.169 Var = 0.334933
 iteration  5:  FWHM =  4.164 Var = 0.334931
 iteration  6:  FWHM =  4.167 Var = 0.334645
 iteration  7:  FWHM =  4.164 Var = 0.334645
 iteration  8:  FWHM =  4.167 Var = 0.334587
 iteration  9:  FWHM =  4.164 Var = 0.334587
 iteration 10:  FWHM =  4.167 Var = 0.334587
 iteration 11:  FWHM =  4.163 Var = 0.334587
 iteration 12:  FWHM =  4.167 Var = 0.334587
 iteration 13:  FWHM =  4.163 Var = 0.334587
 iteration 14:  FWHM =  4.168 Var = 0.334563
 iteration 15:  FWHM =  4.163 Var = 0.334563
 iteration 16:  FWHM =  4.167 Var = 0.334563
Saving Parameters..

SPM12: spm_write_sn (v4878)                        10:40:28 - 10/08/2017
========================================================================
Completed                               :          10:40:28 - 10/08/2017
Done    'Old Normalise: Estimate & Write'
Running 'Smooth'
Done    'Smooth'
Done

