27

                            < M A T L A B (R) >
                  Copyright 1984-2016 The MathWorks, Inc.
                   R2016b (9.1.0.441655) 64-bit (glnxa64)
                             September 7, 2016

 
To get started, type one of these: helpwin, helpdesk, or demo.
For product information, visit www.mathworks.com.
 
JOB ID: /projects/dsnlab/SFIC_Faces3/scripts/fMRI/ppc/spm/ppc_jobs/sub-L019_t2_ppc_job.mat


------------------------------------------------------------------------
Running job #1
------------------------------------------------------------------------
Running 'File Selector (Batch Mode)'
Done    'File Selector (Batch Mode)'
Running 'Realign: Estimate & Reslice'

SPM12: spm_realign (v6070)                         10:38:50 - 10/08/2017
========================================================================
Completed                               :          10:39:22 - 10/08/2017

SPM12: spm_reslice (v5929)                         10:39:22 - 10/08/2017
========================================================================
Completed                               :          10:39:30 - 10/08/2017
Done    'Realign: Estimate & Reslice'
Running 'Coregister: Estimate'

SPM12: spm_coreg (v6435)                           10:39:31 - 10/08/2017
========================================================================
Completed                               :          10:39:40 - 10/08/2017
Done    'Coregister: Estimate'
Running 'Reorient Images'
Done    'Reorient Images'
Item 'Source Image', field 'val': Number of matching files larger than max allowed, keeping 1/97 files.
Running 'Reorient Images'
Done    'Reorient Images'
Running 'Old Normalise: Estimate & Write'
Smoothing by 0 & 8mm..
Coarse Affine Registration..
Fine Affine Registration..
3D CT Norm...
 iteration  1:  FWHM =  6.917 Var = 0.688194
 iteration  2:  FWHM =  4.621 Var = 0.453287
 iteration  3:  FWHM =  4.543 Var = 0.443683
 iteration  4:  FWHM =  4.538 Var = 0.442393
 iteration  5:  FWHM =  4.536 Var = 0.44211
 iteration  6:  FWHM =  4.534 Var = 0.441795
 iteration  7:  FWHM =  4.535 Var = 0.441795
 iteration  8:  FWHM =  4.534 Var = 0.441778
 iteration  9:  FWHM =  4.535 Var = 0.441778
 iteration 10:  FWHM =  4.533 Var = 0.441727
 iteration 11:  FWHM =  4.535 Var = 0.441727
 iteration 12:  FWHM =  4.533 Var = 0.441727
 iteration 13:  FWHM =  4.535 Var = 0.441727
 iteration 14:  FWHM =  4.533 Var = 0.441702
 iteration 15:  FWHM =  4.534 Var = 0.441702
 iteration 16:  FWHM =  4.533 Var = 0.441702
Saving Parameters..

SPM12: spm_write_sn (v4878)                        10:39:56 - 10/08/2017
========================================================================
Completed                               :          10:40:04 - 10/08/2017
Done    'Old Normalise: Estimate & Write'
Running 'Old Normalise: Estimate & Write'
Smoothing by 0 & 8mm..
Coarse Affine Registration..
Fine Affine Registration..
3D CT Norm...
 iteration  1:  FWHM =  6.319 Var = 0.558316
 iteration  2:  FWHM =  4.197 Var = 0.361271
 iteration  3:  FWHM =  4.161 Var = 0.354827
 iteration  4:  FWHM =  4.158 Var = 0.354542
 iteration  5:  FWHM =  4.156 Var = 0.354364
 iteration  6:  FWHM =  4.158 Var = 0.354364
 iteration  7:  FWHM =  4.156 Var = 0.354323
 iteration  8:  FWHM =  4.156 Var = 0.354323
 iteration  9:  FWHM =  4.156 Var = 0.354239
 iteration 10:  FWHM =  4.156 Var = 0.354239
 iteration 11:  FWHM =  4.156 Var = 0.354237
 iteration 12:  FWHM =  4.156 Var = 0.354237
 iteration 13:  FWHM =  4.156 Var = 0.354237
 iteration 14:  FWHM =  4.156 Var = 0.354237
 iteration 15:  FWHM =  4.156 Var = 0.354237
 iteration 16:  FWHM =  4.156 Var = 0.354237
Saving Parameters..

SPM12: spm_write_sn (v4878)                        10:40:15 - 10/08/2017
========================================================================
Completed                               :          10:40:15 - 10/08/2017
Done    'Old Normalise: Estimate & Write'
Running 'Smooth'
Done    'Smooth'
Done

