41

                            < M A T L A B (R) >
                  Copyright 1984-2016 The MathWorks, Inc.
                   R2016b (9.1.0.441655) 64-bit (glnxa64)
                             September 7, 2016

 
To get started, type one of these: helpwin, helpdesk, or demo.
For product information, visit www.mathworks.com.
 
JOB ID: /projects/dsnlab/SFIC_Faces3/scripts/fMRI/ppc/spm/ppc_jobs/sub-L026_t1_ppc_job.mat


------------------------------------------------------------------------
Running job #1
------------------------------------------------------------------------
Running 'File Selector (Batch Mode)'
Done    'File Selector (Batch Mode)'
Running 'Realign: Estimate & Reslice'

SPM12: spm_realign (v6070)                         10:38:49 - 10/08/2017
========================================================================
Completed                               :          10:39:20 - 10/08/2017

SPM12: spm_reslice (v5929)                         10:39:20 - 10/08/2017
========================================================================
Completed                               :          10:39:26 - 10/08/2017
Done    'Realign: Estimate & Reslice'
Running 'Coregister: Estimate'

SPM12: spm_coreg (v6435)                           10:39:27 - 10/08/2017
========================================================================
Completed                               :          10:39:36 - 10/08/2017
Done    'Coregister: Estimate'
Running 'Reorient Images'
Done    'Reorient Images'
Item 'Source Image', field 'val': Number of matching files larger than max allowed, keeping 1/97 files.
Running 'Reorient Images'
Done    'Reorient Images'
Running 'Old Normalise: Estimate & Write'
Smoothing by 0 & 8mm..
Coarse Affine Registration..
Fine Affine Registration..
3D CT Norm...
 iteration  1:  FWHM =  6.744 Var = 0.659014
 iteration  2:  FWHM =  4.516 Var = 0.425391
 iteration  3:  FWHM =  4.437 Var = 0.417496
 iteration  4:  FWHM =  4.435 Var = 0.416855
 iteration  5:  FWHM =  4.434 Var = 0.416703
 iteration  6:  FWHM =  4.433 Var = 0.416693
 iteration  7:  FWHM =  4.433 Var = 0.416693
 iteration  8:  FWHM =  4.433 Var = 0.416693
 iteration  9:  FWHM =  4.433 Var = 0.416677
 iteration 10:  FWHM =  4.433 Var = 0.41664
 iteration 11:  FWHM =  4.433 Var = 0.41664
 iteration 12:  FWHM =  4.433 Var = 0.41664
 iteration 13:  FWHM =  4.434 Var = 0.41664
 iteration 14:  FWHM =  4.433 Var = 0.41664
 iteration 15:  FWHM =  4.434 Var = 0.41664
 iteration 16:  FWHM =  4.433 Var = 0.41664
Saving Parameters..

SPM12: spm_write_sn (v4878)                        10:39:54 - 10/08/2017
========================================================================
Completed                               :          10:39:59 - 10/08/2017
Done    'Old Normalise: Estimate & Write'
Running 'Old Normalise: Estimate & Write'
Smoothing by 0 & 8mm..
Coarse Affine Registration..
Fine Affine Registration..
3D CT Norm...
 iteration  1:  FWHM =  6.268 Var = 0.556302
 iteration  2:  FWHM =  4.192 Var = 0.353697
 iteration  3:  FWHM =  4.144 Var = 0.347712
 iteration  4:  FWHM =  4.142 Var = 0.34761
 iteration  5:  FWHM =  4.144 Var = 0.347339
 iteration  6:  FWHM =  4.141 Var = 0.347339
 iteration  7:  FWHM =  4.146 Var = 0.347339
 iteration  8:  FWHM =  4.143 Var = 0.347339
 iteration  9:  FWHM =  4.146 Var = 0.347339
 iteration 10:  FWHM =  4.143 Var = 0.347339
 iteration 11:  FWHM =  4.146 Var = 0.347339
 iteration 12:  FWHM =  4.144 Var = 0.347339
 iteration 13:  FWHM =  4.146 Var = 0.347339
 iteration 14:  FWHM =  4.143 Var = 0.347339
 iteration 15:  FWHM =  4.146 Var = 0.347339
 iteration 16:  FWHM =  4.144 Var = 0.347339
Saving Parameters..

SPM12: spm_write_sn (v4878)                        10:40:10 - 10/08/2017
========================================================================
Completed                               :          10:40:10 - 10/08/2017
Done    'Old Normalise: Estimate & Write'
Running 'Smooth'
Done    'Smooth'
Done

