105

                            < M A T L A B (R) >
                  Copyright 1984-2016 The MathWorks, Inc.
                   R2016b (9.1.0.441655) 64-bit (glnxa64)
                             September 7, 2016

 
To get started, type one of these: helpwin, helpdesk, or demo.
For product information, visit www.mathworks.com.
 
JOB ID: /projects/dsnlab/SFIC_Faces3/scripts/fMRI/ppc/spm/ppc_jobs/sub-L059_t1_ppc_job.mat


------------------------------------------------------------------------
Running job #1
------------------------------------------------------------------------
Running 'File Selector (Batch Mode)'
Done    'File Selector (Batch Mode)'
Running 'Realign: Estimate & Reslice'

SPM12: spm_realign (v6070)                         10:38:49 - 10/08/2017
========================================================================
Completed                               :          10:39:16 - 10/08/2017

SPM12: spm_reslice (v5929)                         10:39:16 - 10/08/2017
========================================================================
Completed                               :          10:39:23 - 10/08/2017
Done    'Realign: Estimate & Reslice'
Running 'Coregister: Estimate'

SPM12: spm_coreg (v6435)                           10:39:23 - 10/08/2017
========================================================================
Completed                               :          10:39:32 - 10/08/2017
Done    'Coregister: Estimate'
Running 'Reorient Images'
Done    'Reorient Images'
Item 'Source Image', field 'val': Number of matching files larger than max allowed, keeping 1/97 files.
Running 'Reorient Images'
Done    'Reorient Images'
Running 'Old Normalise: Estimate & Write'
Smoothing by 0 & 8mm..
Coarse Affine Registration..
Fine Affine Registration..
3D CT Norm...
 iteration  1:  FWHM =   6.84 Var = 0.677602
 iteration  2:  FWHM =   4.53 Var = 0.435553
 iteration  3:  FWHM =  4.451 Var = 0.425211
 iteration  4:  FWHM =  4.456 Var = 0.424792
 iteration  5:  FWHM =  4.453 Var = 0.424261
 iteration  6:  FWHM =  4.454 Var = 0.424261
 iteration  7:  FWHM =  4.454 Var = 0.424222
 iteration  8:  FWHM =  4.452 Var = 0.424222
 iteration  9:  FWHM =  4.454 Var = 0.424201
 iteration 10:  FWHM =  4.453 Var = 0.424201
 iteration 11:  FWHM =  4.454 Var = 0.424201
 iteration 12:  FWHM =  4.451 Var = 0.424201
 iteration 13:  FWHM =  4.454 Var = 0.424197
 iteration 14:  FWHM =  4.451 Var = 0.424197
 iteration 15:  FWHM =  4.454 Var = 0.424181
 iteration 16:  FWHM =  4.451 Var = 0.424181
Saving Parameters..

SPM12: spm_write_sn (v4878)                        10:39:48 - 10/08/2017
========================================================================
Completed                               :          10:39:53 - 10/08/2017
Done    'Old Normalise: Estimate & Write'
Running 'Old Normalise: Estimate & Write'
Smoothing by 0 & 8mm..
Coarse Affine Registration..
Fine Affine Registration..
3D CT Norm...
 iteration  1:  FWHM =  6.279 Var = 0.543793
 iteration  2:  FWHM =  4.169 Var = 0.346652
 iteration  3:  FWHM =  4.123 Var = 0.338332
 iteration  4:  FWHM =   4.12 Var = 0.338332
 iteration  5:  FWHM =  4.117 Var = 0.33773
 iteration  6:  FWHM =  4.119 Var = 0.337575
 iteration  7:  FWHM =  4.116 Var = 0.33755
 iteration  8:  FWHM =  4.118 Var = 0.337454
 iteration  9:  FWHM =  4.116 Var = 0.337387
 iteration 10:  FWHM =  4.118 Var = 0.337387
 iteration 11:  FWHM =  4.117 Var = 0.337356
 iteration 12:  FWHM =  4.117 Var = 0.337356
 iteration 13:  FWHM =  4.117 Var = 0.337356
 iteration 14:  FWHM =  4.117 Var = 0.337356
 iteration 15:  FWHM =  4.117 Var = 0.337327
 iteration 16:  FWHM =  4.117 Var = 0.337327
Saving Parameters..

SPM12: spm_write_sn (v4878)                        10:40:03 - 10/08/2017
========================================================================
Completed                               :          10:40:03 - 10/08/2017
Done    'Old Normalise: Estimate & Write'
Running 'Smooth'
Done    'Smooth'
Done

