24

                            < M A T L A B (R) >
                  Copyright 1984-2016 The MathWorks, Inc.
                   R2016b (9.1.0.441655) 64-bit (glnxa64)
                             September 7, 2016

 
To get started, type one of these: helpwin, helpdesk, or demo.
For product information, visit www.mathworks.com.
 
JOB ID: /projects/dsnlab/SFIC_Faces3/scripts/fMRI/ppc/spm/ppc_jobs/sub-L017_t1_ppc_job.mat


------------------------------------------------------------------------
Running job #1
------------------------------------------------------------------------
Running 'File Selector (Batch Mode)'
Done    'File Selector (Batch Mode)'
Running 'Realign: Estimate & Reslice'

SPM12: spm_realign (v6070)                         10:38:31 - 10/08/2017
========================================================================
Completed                               :          10:39:01 - 10/08/2017

SPM12: spm_reslice (v5929)                         10:39:01 - 10/08/2017
========================================================================
Completed                               :          10:39:10 - 10/08/2017
Done    'Realign: Estimate & Reslice'
Running 'Coregister: Estimate'

SPM12: spm_coreg (v6435)                           10:39:11 - 10/08/2017
========================================================================
Completed                               :          10:39:18 - 10/08/2017
Done    'Coregister: Estimate'
Running 'Reorient Images'
Done    'Reorient Images'
Item 'Source Image', field 'val': Number of matching files larger than max allowed, keeping 1/97 files.
Running 'Reorient Images'
Done    'Reorient Images'
Running 'Old Normalise: Estimate & Write'
Smoothing by 0 & 8mm..
Coarse Affine Registration..
Fine Affine Registration..
3D CT Norm...
 iteration  1:  FWHM =  6.573 Var = 0.685764
 iteration  2:  FWHM =  4.589 Var = 0.474585
 iteration  3:  FWHM =  4.521 Var = 0.467189
 iteration  4:  FWHM =  4.524 Var = 0.466503
 iteration  5:  FWHM =  4.518 Var = 0.466334
 iteration  6:  FWHM =   4.52 Var = 0.466244
 iteration  7:  FWHM =  4.518 Var = 0.466244
 iteration  8:  FWHM =   4.52 Var = 0.466244
 iteration  9:  FWHM =  4.519 Var = 0.466244
 iteration 10:  FWHM =   4.52 Var = 0.466236
 iteration 11:  FWHM =   4.52 Var = 0.466236
 iteration 12:  FWHM =   4.52 Var = 0.466196
 iteration 13:  FWHM =   4.52 Var = 0.466196
 iteration 14:  FWHM =   4.52 Var = 0.466196
 iteration 15:  FWHM =   4.52 Var = 0.466196
 iteration 16:  FWHM =  4.519 Var = 0.466196
Saving Parameters..

SPM12: spm_write_sn (v4878)                        10:39:34 - 10/08/2017
========================================================================
Completed                               :          10:39:38 - 10/08/2017
Done    'Old Normalise: Estimate & Write'
Running 'Old Normalise: Estimate & Write'
Smoothing by 0 & 8mm..
Coarse Affine Registration..
Fine Affine Registration..
3D CT Norm...
 iteration  1:  FWHM =  6.131 Var = 0.574069
 iteration  2:  FWHM =  4.218 Var = 0.383789
 iteration  3:  FWHM =  4.169 Var = 0.376859
 iteration  4:  FWHM =  4.169 Var = 0.375975
 iteration  5:  FWHM =  4.168 Var = 0.375961
 iteration  6:  FWHM =  4.168 Var = 0.375938
 iteration  7:  FWHM =  4.167 Var = 0.375938
 iteration  8:  FWHM =  4.168 Var = 0.375919
 iteration  9:  FWHM =  4.168 Var = 0.375892
 iteration 10:  FWHM =  4.167 Var = 0.375892
 iteration 11:  FWHM =  4.167 Var = 0.375892
 iteration 12:  FWHM =  4.168 Var = 0.375892
 iteration 13:  FWHM =  4.167 Var = 0.375892
 iteration 14:  FWHM =  4.168 Var = 0.375892
 iteration 15:  FWHM =  4.167 Var = 0.375892
 iteration 16:  FWHM =  4.168 Var = 0.375892
Saving Parameters..

SPM12: spm_write_sn (v4878)                        10:39:47 - 10/08/2017
========================================================================
Completed                               :          10:39:47 - 10/08/2017
Done    'Old Normalise: Estimate & Write'
Running 'Smooth'
Done    'Smooth'
Done

