7

                            < M A T L A B (R) >
                  Copyright 1984-2016 The MathWorks, Inc.
                   R2016b (9.1.0.441655) 64-bit (glnxa64)
                             September 7, 2016

 
To get started, type one of these: helpwin, helpdesk, or demo.
For product information, visit www.mathworks.com.
 
JOB ID: /projects/dsnlab/SFIC_Faces3/scripts/fMRI/ppc/spm/ppc_jobs/sub-L005_t2_ppc_job.mat


------------------------------------------------------------------------
Running job #1
------------------------------------------------------------------------
Running 'File Selector (Batch Mode)'
Done    'File Selector (Batch Mode)'
Running 'Realign: Estimate & Reslice'

SPM12: spm_realign (v6070)                         10:38:50 - 10/08/2017
========================================================================
Completed                               :          10:39:21 - 10/08/2017

SPM12: spm_reslice (v5929)                         10:39:21 - 10/08/2017
========================================================================
Completed                               :          10:39:29 - 10/08/2017
Done    'Realign: Estimate & Reslice'
Running 'Coregister: Estimate'

SPM12: spm_coreg (v6435)                           10:39:29 - 10/08/2017
========================================================================
Completed                               :          10:39:38 - 10/08/2017
Done    'Coregister: Estimate'
Running 'Reorient Images'
Done    'Reorient Images'
Item 'Source Image', field 'val': Number of matching files larger than max allowed, keeping 1/97 files.
Running 'Reorient Images'
Done    'Reorient Images'
Running 'Old Normalise: Estimate & Write'
Smoothing by 0 & 8mm..
Coarse Affine Registration..
Fine Affine Registration..
3D CT Norm...
 iteration  1:  FWHM =  6.995 Var = 0.638693
 iteration  2:  FWHM =  4.654 Var = 0.414729
 iteration  3:  FWHM =   4.57 Var = 0.403996
 iteration  4:  FWHM =  4.564 Var = 0.403462
 iteration  5:  FWHM =  4.561 Var = 0.403011
 iteration  6:  FWHM =  4.561 Var = 0.403011
 iteration  7:  FWHM =   4.56 Var = 0.403011
 iteration  8:  FWHM =  4.561 Var = 0.403011
 iteration  9:  FWHM =   4.56 Var = 0.403011
 iteration 10:  FWHM =  4.561 Var = 0.403011
 iteration 11:  FWHM =   4.56 Var = 0.403011
 iteration 12:  FWHM =  4.561 Var = 0.403011
 iteration 13:  FWHM =   4.56 Var = 0.403011
 iteration 14:  FWHM =  4.561 Var = 0.403011
 iteration 15:  FWHM =   4.56 Var = 0.403011
 iteration 16:  FWHM =  4.561 Var = 0.403011
Saving Parameters..

SPM12: spm_write_sn (v4878)                        10:39:55 - 10/08/2017
========================================================================
Completed                               :          10:40:04 - 10/08/2017
Done    'Old Normalise: Estimate & Write'
Running 'Old Normalise: Estimate & Write'
Smoothing by 0 & 8mm..
Coarse Affine Registration..
Fine Affine Registration..
3D CT Norm...
 iteration  1:  FWHM =  6.433 Var = 0.565
 iteration  2:  FWHM =  4.223 Var = 0.356293
 iteration  3:  FWHM =  4.161 Var = 0.348511
 iteration  4:  FWHM =  4.161 Var = 0.348502
 iteration  5:  FWHM =  4.158 Var = 0.348342
 iteration  6:  FWHM =   4.16 Var = 0.348342
 iteration  7:  FWHM =  4.158 Var = 0.348342
 iteration  8:  FWHM =   4.16 Var = 0.348342
 iteration  9:  FWHM =  4.158 Var = 0.348342
 iteration 10:  FWHM =  4.159 Var = 0.348342
 iteration 11:  FWHM =  4.159 Var = 0.348342
 iteration 12:  FWHM =   4.16 Var = 0.348342
 iteration 13:  FWHM =  4.158 Var = 0.348342
 iteration 14:  FWHM =  4.159 Var = 0.348342
 iteration 15:  FWHM =  4.159 Var = 0.348342
 iteration 16:  FWHM =   4.16 Var = 0.348342
Saving Parameters..

SPM12: spm_write_sn (v4878)                        10:40:15 - 10/08/2017
========================================================================
Completed                               :          10:40:15 - 10/08/2017
Done    'Old Normalise: Estimate & Write'
Running 'Smooth'
Done    'Smooth'
Done

