62

                            < M A T L A B (R) >
                  Copyright 1984-2016 The MathWorks, Inc.
                   R2016b (9.1.0.441655) 64-bit (glnxa64)
                             September 7, 2016

 
To get started, type one of these: helpwin, helpdesk, or demo.
For product information, visit www.mathworks.com.
 
JOB ID: /projects/dsnlab/SFIC_Faces3/scripts/fMRI/ppc/spm/ppc_jobs/sub-L035_t2_ppc_job.mat


------------------------------------------------------------------------
Running job #1
------------------------------------------------------------------------
Running 'File Selector (Batch Mode)'
Done    'File Selector (Batch Mode)'
Running 'Realign: Estimate & Reslice'

SPM12: spm_realign (v6070)                         10:38:51 - 10/08/2017
========================================================================
Completed                               :          10:39:18 - 10/08/2017

SPM12: spm_reslice (v5929)                         10:39:18 - 10/08/2017
========================================================================
Completed                               :          10:39:28 - 10/08/2017
Done    'Realign: Estimate & Reslice'
Running 'Coregister: Estimate'

SPM12: spm_coreg (v6435)                           10:39:28 - 10/08/2017
========================================================================
Completed                               :          10:39:38 - 10/08/2017
Done    'Coregister: Estimate'
Running 'Reorient Images'
Done    'Reorient Images'
Item 'Source Image', field 'val': Number of matching files larger than max allowed, keeping 1/97 files.
Running 'Reorient Images'
Done    'Reorient Images'
Running 'Old Normalise: Estimate & Write'
Smoothing by 0 & 8mm..
Coarse Affine Registration..
Fine Affine Registration..
3D CT Norm...
 iteration  1:  FWHM =  7.571 Var = 0.764662
 iteration  2:  FWHM =  4.721 Var = 0.447083
 iteration  3:  FWHM =  4.614 Var = 0.436539
 iteration  4:  FWHM =  4.613 Var = 0.435797
 iteration  5:  FWHM =  4.611 Var = 0.435432
 iteration  6:  FWHM =  4.612 Var = 0.435432
 iteration  7:  FWHM =  4.612 Var = 0.435432
 iteration  8:  FWHM =  4.611 Var = 0.435432
 iteration  9:  FWHM =  4.612 Var = 0.435432
 iteration 10:  FWHM =  4.611 Var = 0.435432
 iteration 11:  FWHM =  4.612 Var = 0.435432
 iteration 12:  FWHM =  4.611 Var = 0.435432
 iteration 13:  FWHM =  4.612 Var = 0.435432
 iteration 14:  FWHM =  4.611 Var = 0.435432
 iteration 15:  FWHM =  4.612 Var = 0.435432
 iteration 16:  FWHM =  4.611 Var = 0.435432
Saving Parameters..

SPM12: spm_write_sn (v4878)                        10:39:56 - 10/08/2017
========================================================================
Completed                               :          10:40:02 - 10/08/2017
Done    'Old Normalise: Estimate & Write'
Running 'Old Normalise: Estimate & Write'
Smoothing by 0 & 8mm..
Coarse Affine Registration..
Fine Affine Registration..
3D CT Norm...
 iteration  1:  FWHM =  6.805 Var = 0.621503
 iteration  2:  FWHM =  4.361 Var = 0.375338
 iteration  3:  FWHM =  4.292 Var = 0.366317
 iteration  4:  FWHM =  4.294 Var = 0.366317
 iteration  5:  FWHM =  4.293 Var = 0.366248
 iteration  6:  FWHM =  4.293 Var = 0.366248
 iteration  7:  FWHM =  4.293 Var = 0.366248
 iteration  8:  FWHM =  4.293 Var = 0.366248
 iteration  9:  FWHM =  4.293 Var = 0.366248
 iteration 10:  FWHM =  4.293 Var = 0.366248
 iteration 11:  FWHM =  4.293 Var = 0.366248
 iteration 12:  FWHM =  4.293 Var = 0.366248
 iteration 13:  FWHM =  4.293 Var = 0.366248
 iteration 14:  FWHM =  4.293 Var = 0.366248
 iteration 15:  FWHM =  4.293 Var = 0.366248
 iteration 16:  FWHM =  4.293 Var = 0.366248
Saving Parameters..

SPM12: spm_write_sn (v4878)                        10:40:14 - 10/08/2017
========================================================================
Completed                               :          10:40:14 - 10/08/2017
Done    'Old Normalise: Estimate & Write'
Running 'Smooth'
Done    'Smooth'
Done

