124

                            < M A T L A B (R) >
                  Copyright 1984-2016 The MathWorks, Inc.
                   R2016b (9.1.0.441655) 64-bit (glnxa64)
                             September 7, 2016

 
To get started, type one of these: helpwin, helpdesk, or demo.
For product information, visit www.mathworks.com.
 
JOB ID: /projects/dsnlab/SFIC_Faces3/scripts/fMRI/ppc/spm/ppc_jobs/sub-L072_t1_ppc_job.mat


------------------------------------------------------------------------
Running job #1
------------------------------------------------------------------------
Running 'File Selector (Batch Mode)'
Done    'File Selector (Batch Mode)'
Running 'Realign: Estimate & Reslice'

SPM12: spm_realign (v6070)                         10:39:09 - 10/08/2017
========================================================================
Completed                               :          10:39:35 - 10/08/2017

SPM12: spm_reslice (v5929)                         10:39:35 - 10/08/2017
========================================================================
Completed                               :          10:39:46 - 10/08/2017
Done    'Realign: Estimate & Reslice'
Running 'Coregister: Estimate'

SPM12: spm_coreg (v6435)                           10:39:46 - 10/08/2017
========================================================================
Completed                               :          10:39:55 - 10/08/2017
Done    'Coregister: Estimate'
Running 'Reorient Images'
Done    'Reorient Images'
Item 'Source Image', field 'val': Number of matching files larger than max allowed, keeping 1/97 files.
Running 'Reorient Images'
Done    'Reorient Images'
Running 'Old Normalise: Estimate & Write'
Smoothing by 0 & 8mm..
Coarse Affine Registration..
Fine Affine Registration..
3D CT Norm...
 iteration  1:  FWHM =  7.146 Var = 0.733363
 iteration  2:  FWHM =  4.652 Var = 0.455931
 iteration  3:  FWHM =  4.558 Var = 0.444463
 iteration  4:  FWHM =  4.549 Var = 0.442702
 iteration  5:  FWHM =  4.547 Var = 0.442702
 iteration  6:  FWHM =  4.546 Var = 0.442373
 iteration  7:  FWHM =  4.547 Var = 0.442373
 iteration  8:  FWHM =  4.545 Var = 0.442241
 iteration  9:  FWHM =  4.548 Var = 0.442241
 iteration 10:  FWHM =  4.545 Var = 0.442186
 iteration 11:  FWHM =  4.548 Var = 0.442186
 iteration 12:  FWHM =  4.544 Var = 0.442104
 iteration 13:  FWHM =  4.548 Var = 0.442104
 iteration 14:  FWHM =  4.544 Var = 0.442104
 iteration 15:  FWHM =  4.549 Var = 0.442104
 iteration 16:  FWHM =  4.544 Var = 0.442104
Saving Parameters..

SPM12: spm_write_sn (v4878)                        10:40:13 - 10/08/2017
========================================================================
Completed                               :          10:40:19 - 10/08/2017
Done    'Old Normalise: Estimate & Write'
Running 'Old Normalise: Estimate & Write'
Smoothing by 0 & 8mm..
Coarse Affine Registration..
Fine Affine Registration..
3D CT Norm...
 iteration  1:  FWHM =  6.542 Var = 0.601228
 iteration  2:  FWHM =  4.286 Var = 0.369812
 iteration  3:  FWHM =  4.219 Var = 0.362136
 iteration  4:  FWHM =  4.223 Var = 0.361504
 iteration  5:  FWHM =  4.221 Var = 0.36139
 iteration  6:  FWHM =  4.222 Var = 0.36139
 iteration  7:  FWHM =  4.222 Var = 0.36139
 iteration  8:  FWHM =  4.222 Var = 0.36139
 iteration  9:  FWHM =  4.221 Var = 0.361377
 iteration 10:  FWHM =  4.222 Var = 0.361377
 iteration 11:  FWHM =  4.221 Var = 0.361377
 iteration 12:  FWHM =  4.223 Var = 0.361377
 iteration 13:  FWHM =  4.221 Var = 0.361377
 iteration 14:  FWHM =  4.223 Var = 0.361377
 iteration 15:  FWHM =  4.221 Var = 0.361377
 iteration 16:  FWHM =  4.223 Var = 0.361377
Saving Parameters..

SPM12: spm_write_sn (v4878)                        10:40:30 - 10/08/2017
========================================================================
Completed                               :          10:40:31 - 10/08/2017
Done    'Old Normalise: Estimate & Write'
Running 'Smooth'
Done    'Smooth'
Done

