79

                            < M A T L A B (R) >
                  Copyright 1984-2016 The MathWorks, Inc.
                   R2016b (9.1.0.441655) 64-bit (glnxa64)
                             September 7, 2016

 
To get started, type one of these: helpwin, helpdesk, or demo.
For product information, visit www.mathworks.com.
 
JOB ID: /projects/dsnlab/SFIC_Faces3/scripts/fMRI/ppc/spm/ppc_jobs/sub-L045_t2_ppc_job.mat


------------------------------------------------------------------------
Running job #1
------------------------------------------------------------------------
Running 'File Selector (Batch Mode)'
Done    'File Selector (Batch Mode)'
Running 'Realign: Estimate & Reslice'

SPM12: spm_realign (v6070)                         10:38:52 - 10/08/2017
========================================================================
Completed                               :          10:39:18 - 10/08/2017

SPM12: spm_reslice (v5929)                         10:39:18 - 10/08/2017
========================================================================
Completed                               :          10:39:28 - 10/08/2017
Done    'Realign: Estimate & Reslice'
Running 'Coregister: Estimate'

SPM12: spm_coreg (v6435)                           10:39:28 - 10/08/2017
========================================================================
Completed                               :          10:39:37 - 10/08/2017
Done    'Coregister: Estimate'
Running 'Reorient Images'
Done    'Reorient Images'
Item 'Source Image', field 'val': Number of matching files larger than max allowed, keeping 1/97 files.
Running 'Reorient Images'
Done    'Reorient Images'
Running 'Old Normalise: Estimate & Write'
Smoothing by 0 & 8mm..
Coarse Affine Registration..
Fine Affine Registration..
3D CT Norm...
 iteration  1:  FWHM =   6.89 Var = 0.699813
 iteration  2:  FWHM =  4.556 Var = 0.436767
 iteration  3:  FWHM =  4.477 Var = 0.425976
 iteration  4:  FWHM =  4.464 Var = 0.424583
 iteration  5:  FWHM =  4.466 Var = 0.42413
 iteration  6:  FWHM =  4.462 Var = 0.423713
 iteration  7:  FWHM =  4.465 Var = 0.423679
 iteration  8:  FWHM =   4.46 Var = 0.423588
 iteration  9:  FWHM =  4.464 Var = 0.423436
 iteration 10:  FWHM =  4.459 Var = 0.423436
 iteration 11:  FWHM =  4.464 Var = 0.423436
 iteration 12:  FWHM =   4.46 Var = 0.423382
 iteration 13:  FWHM =  4.464 Var = 0.423382
 iteration 14:  FWHM =  4.461 Var = 0.423382
 iteration 15:  FWHM =  4.463 Var = 0.423382
 iteration 16:  FWHM =  4.461 Var = 0.423311
Saving Parameters..

SPM12: spm_write_sn (v4878)                        10:39:54 - 10/08/2017
========================================================================
Completed                               :          10:40:01 - 10/08/2017
Done    'Old Normalise: Estimate & Write'
Running 'Old Normalise: Estimate & Write'
Smoothing by 0 & 8mm..
Coarse Affine Registration..
Fine Affine Registration..
3D CT Norm...
 iteration  1:  FWHM =  6.352 Var = 0.560331
 iteration  2:  FWHM =  4.171 Var = 0.347492
 iteration  3:  FWHM =  4.124 Var = 0.340403
 iteration  4:  FWHM =  4.121 Var = 0.339689
 iteration  5:  FWHM =  4.122 Var = 0.339621
 iteration  6:  FWHM =  4.121 Var = 0.339461
 iteration  7:  FWHM =  4.121 Var = 0.339461
 iteration  8:  FWHM =  4.121 Var = 0.339461
 iteration  9:  FWHM =   4.12 Var = 0.339461
 iteration 10:  FWHM =  4.121 Var = 0.339461
 iteration 11:  FWHM =   4.12 Var = 0.339461
 iteration 12:  FWHM =  4.121 Var = 0.339452
 iteration 13:  FWHM =   4.12 Var = 0.339452
 iteration 14:  FWHM =  4.121 Var = 0.339452
 iteration 15:  FWHM =   4.12 Var = 0.339452
 iteration 16:  FWHM =  4.121 Var = 0.339452
Saving Parameters..

SPM12: spm_write_sn (v4878)                        10:40:13 - 10/08/2017
========================================================================
Completed                               :          10:40:13 - 10/08/2017
Done    'Old Normalise: Estimate & Write'
Running 'Smooth'
Done    'Smooth'
Done

