158

                            < M A T L A B (R) >
                  Copyright 1984-2016 The MathWorks, Inc.
                   R2016b (9.1.0.441655) 64-bit (glnxa64)
                             September 7, 2016

 
To get started, type one of these: helpwin, helpdesk, or demo.
For product information, visit www.mathworks.com.
 
JOB ID: /projects/dsnlab/SFIC_Faces3/scripts/fMRI/ppc/spm/ppc_jobs/sub-L087_t2_ppc_job.mat


------------------------------------------------------------------------
Running job #1
------------------------------------------------------------------------
Running 'File Selector (Batch Mode)'
Done    'File Selector (Batch Mode)'
Running 'Realign: Estimate & Reslice'

SPM12: spm_realign (v6070)                         10:39:11 - 10/08/2017
========================================================================
Completed                               :          10:39:36 - 10/08/2017

SPM12: spm_reslice (v5929)                         10:39:36 - 10/08/2017
========================================================================
Completed                               :          10:39:45 - 10/08/2017
Done    'Realign: Estimate & Reslice'
Running 'Coregister: Estimate'

SPM12: spm_coreg (v6435)                           10:39:46 - 10/08/2017
========================================================================
Completed                               :          10:39:55 - 10/08/2017
Done    'Coregister: Estimate'
Running 'Reorient Images'
Done    'Reorient Images'
Item 'Source Image', field 'val': Number of matching files larger than max allowed, keeping 1/97 files.
Running 'Reorient Images'
Done    'Reorient Images'
Running 'Old Normalise: Estimate & Write'
Smoothing by 0 & 8mm..
Coarse Affine Registration..
Fine Affine Registration..
3D CT Norm...
 iteration  1:  FWHM =   6.73 Var = 0.681698
 iteration  2:  FWHM =  4.483 Var = 0.426213
 iteration  3:  FWHM =  4.392 Var = 0.414363
 iteration  4:  FWHM =  4.379 Var = 0.411761
 iteration  5:  FWHM =  4.378 Var = 0.411555
 iteration  6:  FWHM =  4.376 Var = 0.411555
 iteration  7:  FWHM =  4.376 Var = 0.411555
 iteration  8:  FWHM =  4.375 Var = 0.411555
 iteration  9:  FWHM =  4.375 Var = 0.411507
 iteration 10:  FWHM =  4.376 Var = 0.411507
 iteration 11:  FWHM =  4.376 Var = 0.411507
 iteration 12:  FWHM =  4.376 Var = 0.411507
 iteration 13:  FWHM =  4.378 Var = 0.411507
 iteration 14:  FWHM =  4.375 Var = 0.411507
 iteration 15:  FWHM =  4.377 Var = 0.411507
 iteration 16:  FWHM =  4.375 Var = 0.411507
Saving Parameters..

SPM12: spm_write_sn (v4878)                        10:40:14 - 10/08/2017
========================================================================
Completed                               :          10:40:19 - 10/08/2017
Done    'Old Normalise: Estimate & Write'
Running 'Old Normalise: Estimate & Write'
Smoothing by 0 & 8mm..
Coarse Affine Registration..
Fine Affine Registration..
3D CT Norm...
 iteration  1:  FWHM =  6.242 Var = 0.555993
 iteration  2:  FWHM =  4.147 Var = 0.342612
 iteration  3:  FWHM =  4.099 Var = 0.337441
 iteration  4:  FWHM =  4.098 Var = 0.335911
 iteration  5:  FWHM =  4.098 Var = 0.335911
 iteration  6:  FWHM =  4.098 Var = 0.335855
 iteration  7:  FWHM =  4.099 Var = 0.335855
 iteration  8:  FWHM =  4.099 Var = 0.335848
 iteration  9:  FWHM =    4.1 Var = 0.335848
 iteration 10:  FWHM =  4.098 Var = 0.335797
 iteration 11:  FWHM =  4.099 Var = 0.335797
 iteration 12:  FWHM =  4.099 Var = 0.335797
 iteration 13:  FWHM =  4.099 Var = 0.335797
 iteration 14:  FWHM =  4.099 Var = 0.335797
 iteration 15:  FWHM =  4.099 Var = 0.335787
 iteration 16:  FWHM =  4.098 Var = 0.335787
Saving Parameters..

SPM12: spm_write_sn (v4878)                        10:40:30 - 10/08/2017
========================================================================
Completed                               :          10:40:30 - 10/08/2017
Done    'Old Normalise: Estimate & Write'
Running 'Smooth'
Done    'Smooth'
Done

