161

                            < M A T L A B (R) >
                  Copyright 1984-2016 The MathWorks, Inc.
                   R2016b (9.1.0.441655) 64-bit (glnxa64)
                             September 7, 2016

 
To get started, type one of these: helpwin, helpdesk, or demo.
For product information, visit www.mathworks.com.
 
JOB ID: /projects/dsnlab/SFIC_Faces3/scripts/fMRI/ppc/spm/ppc_jobs/sub-L088_t2_ppc_job.mat


------------------------------------------------------------------------
Running job #1
------------------------------------------------------------------------
Running 'File Selector (Batch Mode)'
Done    'File Selector (Batch Mode)'
Running 'Realign: Estimate & Reslice'

SPM12: spm_realign (v6070)                         10:39:11 - 10/08/2017
========================================================================
Completed                               :          10:39:36 - 10/08/2017

SPM12: spm_reslice (v5929)                         10:39:36 - 10/08/2017
========================================================================
Completed                               :          10:39:45 - 10/08/2017
Done    'Realign: Estimate & Reslice'
Running 'Coregister: Estimate'

SPM12: spm_coreg (v6435)                           10:39:46 - 10/08/2017
========================================================================
Completed                               :          10:39:55 - 10/08/2017
Done    'Coregister: Estimate'
Running 'Reorient Images'
Done    'Reorient Images'
Item 'Source Image', field 'val': Number of matching files larger than max allowed, keeping 1/97 files.
Running 'Reorient Images'
Done    'Reorient Images'
Running 'Old Normalise: Estimate & Write'
Smoothing by 0 & 8mm..
Coarse Affine Registration..
Fine Affine Registration..
3D CT Norm...
 iteration  1:  FWHM =   6.79 Var = 0.684232
 iteration  2:  FWHM =   4.64 Var = 0.450917
 iteration  3:  FWHM =  4.539 Var = 0.437118
 iteration  4:  FWHM =  4.532 Var = 0.435661
 iteration  5:  FWHM =  4.528 Var = 0.435102
 iteration  6:  FWHM =  4.528 Var = 0.435102
 iteration  7:  FWHM =  4.528 Var = 0.435018
 iteration  8:  FWHM =  4.528 Var = 0.434879
 iteration  9:  FWHM =  4.528 Var = 0.434847
 iteration 10:  FWHM =  4.528 Var = 0.4347
 iteration 11:  FWHM =  4.528 Var = 0.434644
 iteration 12:  FWHM =  4.528 Var = 0.434418
 iteration 13:  FWHM =  4.527 Var = 0.434418
 iteration 14:  FWHM =  4.527 Var = 0.434271
 iteration 15:  FWHM =  4.527 Var = 0.434271
 iteration 16:  FWHM =  4.527 Var = 0.434167
Saving Parameters..

SPM12: spm_write_sn (v4878)                        10:40:15 - 10/08/2017
========================================================================
Completed                               :          10:40:20 - 10/08/2017
Done    'Old Normalise: Estimate & Write'
Running 'Old Normalise: Estimate & Write'
Smoothing by 0 & 8mm..
Coarse Affine Registration..
Fine Affine Registration..
3D CT Norm...
 iteration  1:  FWHM =  6.079 Var = 0.566892
 iteration  2:  FWHM =  4.182 Var = 0.374039
 iteration  3:  FWHM =  4.133 Var = 0.365829
 iteration  4:  FWHM =   4.13 Var = 0.364832
 iteration  5:  FWHM =  4.128 Var = 0.364455
 iteration  6:  FWHM =  4.128 Var = 0.364284
 iteration  7:  FWHM =  4.128 Var = 0.364284
 iteration  8:  FWHM =  4.127 Var = 0.364129
 iteration  9:  FWHM =  4.128 Var = 0.364129
 iteration 10:  FWHM =  4.129 Var = 0.364129
 iteration 11:  FWHM =  4.128 Var = 0.364129
 iteration 12:  FWHM =  4.129 Var = 0.364129
 iteration 13:  FWHM =  4.129 Var = 0.364129
 iteration 14:  FWHM =  4.129 Var = 0.364129
 iteration 15:  FWHM =  4.128 Var = 0.364129
 iteration 16:  FWHM =  4.129 Var = 0.364129
Saving Parameters..

SPM12: spm_write_sn (v4878)                        10:40:29 - 10/08/2017
========================================================================
Completed                               :          10:40:30 - 10/08/2017
Done    'Old Normalise: Estimate & Write'
Running 'Smooth'
Done    'Smooth'
Done

