150

                            < M A T L A B (R) >
                  Copyright 1984-2016 The MathWorks, Inc.
                   R2016b (9.1.0.441655) 64-bit (glnxa64)
                             September 7, 2016

 
To get started, type one of these: helpwin, helpdesk, or demo.
For product information, visit www.mathworks.com.
 
JOB ID: /projects/dsnlab/SFIC_Faces3/scripts/fMRI/ppc/spm/ppc_jobs/sub-L084_t1_ppc_job.mat


------------------------------------------------------------------------
Running job #1
------------------------------------------------------------------------
Running 'File Selector (Batch Mode)'
Done    'File Selector (Batch Mode)'
Running 'Realign: Estimate & Reslice'

SPM12: spm_realign (v6070)                         10:39:11 - 10/08/2017
========================================================================
Completed                               :          10:39:37 - 10/08/2017

SPM12: spm_reslice (v5929)                         10:39:37 - 10/08/2017
========================================================================
Completed                               :          10:39:46 - 10/08/2017
Done    'Realign: Estimate & Reslice'
Running 'Coregister: Estimate'

SPM12: spm_coreg (v6435)                           10:39:46 - 10/08/2017
========================================================================
Completed                               :          10:39:54 - 10/08/2017
Done    'Coregister: Estimate'
Running 'Reorient Images'
Done    'Reorient Images'
Item 'Source Image', field 'val': Number of matching files larger than max allowed, keeping 1/97 files.
Running 'Reorient Images'
Done    'Reorient Images'
Running 'Old Normalise: Estimate & Write'
Smoothing by 0 & 8mm..
Coarse Affine Registration..
Fine Affine Registration..
3D CT Norm...
 iteration  1:  FWHM =  6.696 Var = 0.676457
 iteration  2:  FWHM =  4.549 Var = 0.441025
 iteration  3:  FWHM =  4.457 Var = 0.428882
 iteration  4:  FWHM =  4.448 Var = 0.427154
 iteration  5:  FWHM =  4.443 Var = 0.426522
 iteration  6:  FWHM =  4.444 Var = 0.426376
 iteration  7:  FWHM =  4.442 Var = 0.426332
 iteration  8:  FWHM =  4.444 Var = 0.426274
 iteration  9:  FWHM =  4.442 Var = 0.426259
 iteration 10:  FWHM =  4.443 Var = 0.426162
 iteration 11:  FWHM =  4.442 Var = 0.426162
 iteration 12:  FWHM =  4.443 Var = 0.42615
 iteration 13:  FWHM =  4.442 Var = 0.42615
 iteration 14:  FWHM =  4.443 Var = 0.426072
 iteration 15:  FWHM =  4.442 Var = 0.426072
 iteration 16:  FWHM =  4.443 Var = 0.426072
Saving Parameters..

SPM12: spm_write_sn (v4878)                        10:40:11 - 10/08/2017
========================================================================
Completed                               :          10:40:16 - 10/08/2017
Done    'Old Normalise: Estimate & Write'
Running 'Old Normalise: Estimate & Write'
Smoothing by 0 & 8mm..
Coarse Affine Registration..
Fine Affine Registration..
3D CT Norm...
 iteration  1:  FWHM =  6.123 Var = 0.538986
 iteration  2:  FWHM =  4.144 Var = 0.345053
 iteration  3:  FWHM =   4.09 Var = 0.33849
 iteration  4:  FWHM =  4.092 Var = 0.337323
 iteration  5:  FWHM =  4.088 Var = 0.337323
 iteration  6:  FWHM =   4.09 Var = 0.337323
 iteration  7:  FWHM =  4.088 Var = 0.337323
 iteration  8:  FWHM =  4.089 Var = 0.33731
 iteration  9:  FWHM =  4.089 Var = 0.33731
 iteration 10:  FWHM =   4.09 Var = 0.33731
 iteration 11:  FWHM =  4.089 Var = 0.33731
 iteration 12:  FWHM =  4.088 Var = 0.337303
 iteration 13:  FWHM =  4.089 Var = 0.337303
 iteration 14:  FWHM =  4.088 Var = 0.337303
 iteration 15:  FWHM =  4.089 Var = 0.337303
 iteration 16:  FWHM =  4.087 Var = 0.337303
Saving Parameters..

SPM12: spm_write_sn (v4878)                        10:40:26 - 10/08/2017
========================================================================
Completed                               :          10:40:26 - 10/08/2017
Done    'Old Normalise: Estimate & Write'
Running 'Smooth'
Done    'Smooth'
Done

