139

                            < M A T L A B (R) >
                  Copyright 1984-2016 The MathWorks, Inc.
                   R2016b (9.1.0.441655) 64-bit (glnxa64)
                             September 7, 2016

 
To get started, type one of these: helpwin, helpdesk, or demo.
For product information, visit www.mathworks.com.
 
JOB ID: /projects/dsnlab/SFIC_Faces3/scripts/fMRI/ppc/spm/ppc_jobs/sub-L078_t3_ppc_job.mat


------------------------------------------------------------------------
Running job #1
------------------------------------------------------------------------
Running 'File Selector (Batch Mode)'
Done    'File Selector (Batch Mode)'
Running 'Realign: Estimate & Reslice'

SPM12: spm_realign (v6070)                         10:39:11 - 10/08/2017
========================================================================
Completed                               :          10:39:37 - 10/08/2017

SPM12: spm_reslice (v5929)                         10:39:37 - 10/08/2017
========================================================================
Completed                               :          10:39:46 - 10/08/2017
Done    'Realign: Estimate & Reslice'
Running 'Coregister: Estimate'

SPM12: spm_coreg (v6435)                           10:39:46 - 10/08/2017
========================================================================
Completed                               :          10:39:57 - 10/08/2017
Done    'Coregister: Estimate'
Running 'Reorient Images'
Done    'Reorient Images'
Item 'Source Image', field 'val': Number of matching files larger than max allowed, keeping 1/97 files.
Running 'Reorient Images'
Done    'Reorient Images'
Running 'Old Normalise: Estimate & Write'
Smoothing by 0 & 8mm..
Coarse Affine Registration..
Fine Affine Registration..
3D CT Norm...
 iteration  1:  FWHM =  7.075 Var = 0.71105
 iteration  2:  FWHM =  4.675 Var = 0.446744
 iteration  3:  FWHM =  4.592 Var = 0.43753
 iteration  4:  FWHM =  4.588 Var = 0.437113
 iteration  5:  FWHM =  4.586 Var = 0.436906
 iteration  6:  FWHM =  4.586 Var = 0.43679
 iteration  7:  FWHM =  4.586 Var = 0.43679
 iteration  8:  FWHM =  4.586 Var = 0.43679
 iteration  9:  FWHM =  4.586 Var = 0.43679
 iteration 10:  FWHM =  4.587 Var = 0.43679
 iteration 11:  FWHM =  4.586 Var = 0.43679
 iteration 12:  FWHM =  4.587 Var = 0.43679
 iteration 13:  FWHM =  4.586 Var = 0.43679
 iteration 14:  FWHM =  4.588 Var = 0.43679
 iteration 15:  FWHM =  4.587 Var = 0.43679
 iteration 16:  FWHM =  4.589 Var = 0.43679
Saving Parameters..

SPM12: spm_write_sn (v4878)                        10:40:12 - 10/08/2017
========================================================================
Completed                               :          10:40:18 - 10/08/2017
Done    'Old Normalise: Estimate & Write'
Running 'Old Normalise: Estimate & Write'
Smoothing by 0 & 8mm..
Coarse Affine Registration..
Fine Affine Registration..
3D CT Norm...
 iteration  1:  FWHM =  6.392 Var = 0.586588
 iteration  2:  FWHM =  4.345 Var = 0.383301
 iteration  3:  FWHM =    4.3 Var = 0.375235
 iteration  4:  FWHM =  4.295 Var = 0.374625
 iteration  5:  FWHM =  4.295 Var = 0.374578
 iteration  6:  FWHM =  4.295 Var = 0.374496
 iteration  7:  FWHM =  4.293 Var = 0.374359
 iteration  8:  FWHM =  4.294 Var = 0.374359
 iteration  9:  FWHM =  4.294 Var = 0.374359
 iteration 10:  FWHM =  4.294 Var = 0.374359
 iteration 11:  FWHM =  4.294 Var = 0.374359
 iteration 12:  FWHM =  4.294 Var = 0.374359
 iteration 13:  FWHM =  4.294 Var = 0.374359
 iteration 14:  FWHM =  4.294 Var = 0.374359
 iteration 15:  FWHM =  4.294 Var = 0.374359
 iteration 16:  FWHM =  4.294 Var = 0.374359
Saving Parameters..

SPM12: spm_write_sn (v4878)                        10:40:27 - 10/08/2017
========================================================================
Completed                               :          10:40:28 - 10/08/2017
Done    'Old Normalise: Estimate & Write'
Running 'Smooth'
Done    'Smooth'
Done

