136

                            < M A T L A B (R) >
                  Copyright 1984-2016 The MathWorks, Inc.
                   R2016b (9.1.0.441655) 64-bit (glnxa64)
                             September 7, 2016

 
To get started, type one of these: helpwin, helpdesk, or demo.
For product information, visit www.mathworks.com.
 
JOB ID: /projects/dsnlab/SFIC_Faces3/scripts/fMRI/ppc/spm/ppc_jobs/sub-L077_t1_ppc_job.mat


------------------------------------------------------------------------
Running job #1
------------------------------------------------------------------------
Running 'File Selector (Batch Mode)'
Done    'File Selector (Batch Mode)'
Running 'Realign: Estimate & Reslice'

SPM12: spm_realign (v6070)                         10:39:09 - 10/08/2017
========================================================================
Completed                               :          10:39:35 - 10/08/2017

SPM12: spm_reslice (v5929)                         10:39:35 - 10/08/2017
========================================================================
Completed                               :          10:39:46 - 10/08/2017
Done    'Realign: Estimate & Reslice'
Running 'Coregister: Estimate'

SPM12: spm_coreg (v6435)                           10:39:46 - 10/08/2017
========================================================================
Completed                               :          10:39:54 - 10/08/2017
Done    'Coregister: Estimate'
Running 'Reorient Images'
Done    'Reorient Images'
Item 'Source Image', field 'val': Number of matching files larger than max allowed, keeping 1/97 files.
Running 'Reorient Images'
Done    'Reorient Images'
Running 'Old Normalise: Estimate & Write'
Smoothing by 0 & 8mm..
Coarse Affine Registration..
Fine Affine Registration..
3D CT Norm...
 iteration  1:  FWHM =  6.877 Var = 0.666242
 iteration  2:  FWHM =  4.537 Var = 0.432448
 iteration  3:  FWHM =  4.456 Var = 0.423401
 iteration  4:  FWHM =  4.461 Var = 0.423401
 iteration  5:  FWHM =  4.454 Var = 0.42271
 iteration  6:  FWHM =  4.457 Var = 0.42271
 iteration  7:  FWHM =  4.456 Var = 0.42271
 iteration  8:  FWHM =  4.457 Var = 0.42271
 iteration  9:  FWHM =  4.456 Var = 0.42271
 iteration 10:  FWHM =  4.457 Var = 0.42271
 iteration 11:  FWHM =  4.456 Var = 0.42271
 iteration 12:  FWHM =  4.457 Var = 0.42271
 iteration 13:  FWHM =  4.456 Var = 0.42271
 iteration 14:  FWHM =  4.457 Var = 0.42271
 iteration 15:  FWHM =  4.456 Var = 0.42271
 iteration 16:  FWHM =  4.457 Var = 0.42271
Saving Parameters..

SPM12: spm_write_sn (v4878)                        10:40:10 - 10/08/2017
========================================================================
Completed                               :          10:40:17 - 10/08/2017
Done    'Old Normalise: Estimate & Write'
Running 'Old Normalise: Estimate & Write'
Smoothing by 0 & 8mm..
Coarse Affine Registration..
Fine Affine Registration..
3D CT Norm...
 iteration  1:  FWHM =  6.419 Var = 0.574287
 iteration  2:  FWHM =  4.177 Var = 0.355187
 iteration  3:  FWHM =  4.125 Var = 0.347621
 iteration  4:  FWHM =  4.126 Var = 0.347491
 iteration  5:  FWHM =  4.122 Var = 0.347274
 iteration  6:  FWHM =  4.124 Var = 0.347249
 iteration  7:  FWHM =  4.123 Var = 0.347249
 iteration  8:  FWHM =  4.124 Var = 0.347249
 iteration  9:  FWHM =  4.123 Var = 0.347249
 iteration 10:  FWHM =  4.123 Var = 0.347249
 iteration 11:  FWHM =  4.123 Var = 0.347232
 iteration 12:  FWHM =  4.123 Var = 0.347232
 iteration 13:  FWHM =  4.123 Var = 0.347232
 iteration 14:  FWHM =  4.123 Var = 0.347232
 iteration 15:  FWHM =  4.123 Var = 0.347232
 iteration 16:  FWHM =  4.123 Var = 0.347232
Saving Parameters..

SPM12: spm_write_sn (v4878)                        10:40:28 - 10/08/2017
========================================================================
Completed                               :          10:40:28 - 10/08/2017
Done    'Old Normalise: Estimate & Write'
Running 'Smooth'
Done    'Smooth'
Done

