170

                            < M A T L A B (R) >
                  Copyright 1984-2016 The MathWorks, Inc.
                   R2016b (9.1.0.441655) 64-bit (glnxa64)
                             September 7, 2016

 
To get started, type one of these: helpwin, helpdesk, or demo.
For product information, visit www.mathworks.com.
 
JOB ID: /projects/dsnlab/SFIC_Faces3/scripts/fMRI/ppc/spm/ppc_jobs/sub-L092_t2_ppc_job.mat


------------------------------------------------------------------------
Running job #1
------------------------------------------------------------------------
Running 'File Selector (Batch Mode)'
Done    'File Selector (Batch Mode)'
Running 'Realign: Estimate & Reslice'

SPM12: spm_realign (v6070)                         10:39:12 - 10/08/2017
========================================================================
Completed                               :          10:39:43 - 10/08/2017

SPM12: spm_reslice (v5929)                         10:39:43 - 10/08/2017
========================================================================
Completed                               :          10:39:50 - 10/08/2017
Done    'Realign: Estimate & Reslice'
Running 'Coregister: Estimate'

SPM12: spm_coreg (v6435)                           10:39:50 - 10/08/2017
========================================================================
Completed                               :          10:39:59 - 10/08/2017
Done    'Coregister: Estimate'
Running 'Reorient Images'
Done    'Reorient Images'
Item 'Source Image', field 'val': Number of matching files larger than max allowed, keeping 1/97 files.
Running 'Reorient Images'
Done    'Reorient Images'
Running 'Old Normalise: Estimate & Write'
Smoothing by 0 & 8mm..
Coarse Affine Registration..
Fine Affine Registration..
3D CT Norm...
 iteration  1:  FWHM =  6.665 Var = 0.625269
 iteration  2:  FWHM =  4.426 Var = 0.402261
 iteration  3:  FWHM =  4.367 Var = 0.394606
 iteration  4:  FWHM =  4.362 Var = 0.393713
 iteration  5:  FWHM =  4.361 Var = 0.39367
 iteration  6:  FWHM =   4.36 Var = 0.393131
 iteration  7:  FWHM =  4.359 Var = 0.393131
 iteration  8:  FWHM =  4.362 Var = 0.393131
 iteration  9:  FWHM =  4.359 Var = 0.393131
 iteration 10:  FWHM =  4.362 Var = 0.393131
 iteration 11:  FWHM =  4.359 Var = 0.393131
 iteration 12:  FWHM =  4.362 Var = 0.393131
 iteration 13:  FWHM =   4.36 Var = 0.393131
 iteration 14:  FWHM =  4.361 Var = 0.393101
 iteration 15:  FWHM =   4.36 Var = 0.393101
 iteration 16:  FWHM =  4.361 Var = 0.393101
Saving Parameters..

SPM12: spm_write_sn (v4878)                        10:40:13 - 10/08/2017
========================================================================
Completed                               :          10:40:19 - 10/08/2017
Done    'Old Normalise: Estimate & Write'
Running 'Old Normalise: Estimate & Write'
Smoothing by 0 & 8mm..
Coarse Affine Registration..
Fine Affine Registration..
3D CT Norm...
 iteration  1:  FWHM =  6.194 Var = 0.533999
 iteration  2:  FWHM =  4.163 Var = 0.337975
 iteration  3:  FWHM =  4.107 Var = 0.330598
 iteration  4:  FWHM =  4.106 Var = 0.329468
 iteration  5:  FWHM =  4.104 Var = 0.329426
 iteration  6:  FWHM =  4.103 Var = 0.329149
 iteration  7:  FWHM =  4.104 Var = 0.329149
 iteration  8:  FWHM =  4.103 Var = 0.329118
 iteration  9:  FWHM =  4.104 Var = 0.329118
 iteration 10:  FWHM =  4.103 Var = 0.32909
 iteration 11:  FWHM =  4.104 Var = 0.32909
 iteration 12:  FWHM =  4.103 Var = 0.329079
 iteration 13:  FWHM =  4.104 Var = 0.329079
 iteration 14:  FWHM =  4.103 Var = 0.329058
 iteration 15:  FWHM =  4.104 Var = 0.329058
 iteration 16:  FWHM =  4.103 Var = 0.329058
Saving Parameters..

SPM12: spm_write_sn (v4878)                        10:40:28 - 10/08/2017
========================================================================
Completed                               :          10:40:28 - 10/08/2017
Done    'Old Normalise: Estimate & Write'
Running 'Smooth'
Done    'Smooth'
Done

