137

                            < M A T L A B (R) >
                  Copyright 1984-2016 The MathWorks, Inc.
                   R2016b (9.1.0.441655) 64-bit (glnxa64)
                             September 7, 2016

 
To get started, type one of these: helpwin, helpdesk, or demo.
For product information, visit www.mathworks.com.
 
JOB ID: /projects/dsnlab/SFIC_Faces3/scripts/fMRI/ppc/spm/ppc_jobs/sub-L078_t1_ppc_job.mat


------------------------------------------------------------------------
Running job #1
------------------------------------------------------------------------
Running 'File Selector (Batch Mode)'
Done    'File Selector (Batch Mode)'
Running 'Realign: Estimate & Reslice'

SPM12: spm_realign (v6070)                         10:39:09 - 10/08/2017
========================================================================
Completed                               :          10:39:34 - 10/08/2017

SPM12: spm_reslice (v5929)                         10:39:35 - 10/08/2017
========================================================================
Completed                               :          10:39:45 - 10/08/2017
Done    'Realign: Estimate & Reslice'
Running 'Coregister: Estimate'

SPM12: spm_coreg (v6435)                           10:39:46 - 10/08/2017
========================================================================
Completed                               :          10:39:55 - 10/08/2017
Done    'Coregister: Estimate'
Running 'Reorient Images'
Done    'Reorient Images'
Item 'Source Image', field 'val': Number of matching files larger than max allowed, keeping 1/97 files.
Running 'Reorient Images'
Done    'Reorient Images'
Running 'Old Normalise: Estimate & Write'
Smoothing by 0 & 8mm..
Coarse Affine Registration..
Fine Affine Registration..
3D CT Norm...
 iteration  1:  FWHM =  6.689 Var = 0.638408
 iteration  2:  FWHM =  4.547 Var = 0.426454
 iteration  3:  FWHM =  4.481 Var = 0.420257
 iteration  4:  FWHM =  4.473 Var = 0.419209
 iteration  5:  FWHM =   4.47 Var = 0.418913
 iteration  6:  FWHM =  4.471 Var = 0.418801
 iteration  7:  FWHM =  4.471 Var = 0.418594
 iteration  8:  FWHM =  4.466 Var = 0.418594
 iteration  9:  FWHM =   4.47 Var = 0.418473
 iteration 10:  FWHM =  4.466 Var = 0.418473
 iteration 11:  FWHM =   4.47 Var = 0.418473
 iteration 12:  FWHM =  4.466 Var = 0.418473
 iteration 13:  FWHM =   4.47 Var = 0.41841
 iteration 14:  FWHM =  4.466 Var = 0.41841
 iteration 15:  FWHM =   4.47 Var = 0.418401
 iteration 16:  FWHM =  4.466 Var = 0.418401
Saving Parameters..

SPM12: spm_write_sn (v4878)                        10:40:12 - 10/08/2017
========================================================================
Completed                               :          10:40:18 - 10/08/2017
Done    'Old Normalise: Estimate & Write'
Running 'Old Normalise: Estimate & Write'
Smoothing by 0 & 8mm..
Coarse Affine Registration..
Fine Affine Registration..
3D CT Norm...
 iteration  1:  FWHM =   6.15 Var = 0.526976
 iteration  2:  FWHM =  4.193 Var = 0.349502
 iteration  3:  FWHM =   4.16 Var = 0.344154
 iteration  4:  FWHM =  4.147 Var = 0.343465
 iteration  5:  FWHM =   4.15 Var = 0.343465
 iteration  6:  FWHM =  4.145 Var = 0.343448
 iteration  7:  FWHM =  4.149 Var = 0.343448
 iteration  8:  FWHM =  4.147 Var = 0.343448
 iteration  9:  FWHM =  4.149 Var = 0.343299
 iteration 10:  FWHM =  4.146 Var = 0.343201
 iteration 11:  FWHM =  4.148 Var = 0.34319
 iteration 12:  FWHM =  4.146 Var = 0.34319
 iteration 13:  FWHM =  4.148 Var = 0.34319
 iteration 14:  FWHM =  4.146 Var = 0.343146
 iteration 15:  FWHM =  4.148 Var = 0.343146
 iteration 16:  FWHM =  4.147 Var = 0.343117
Saving Parameters..

SPM12: spm_write_sn (v4878)                        10:40:30 - 10/08/2017
========================================================================
Completed                               :          10:40:30 - 10/08/2017
Done    'Old Normalise: Estimate & Write'
Running 'Smooth'
Done    'Smooth'
Done

