89

                            < M A T L A B (R) >
                  Copyright 1984-2016 The MathWorks, Inc.
                   R2016b (9.1.0.441655) 64-bit (glnxa64)
                             September 7, 2016

 
To get started, type one of these: helpwin, helpdesk, or demo.
For product information, visit www.mathworks.com.
 
JOB ID: /projects/dsnlab/SFIC_Faces3/scripts/fMRI/ppc/spm/ppc_jobs/sub-L051_t2_ppc_job.mat


------------------------------------------------------------------------
Running job #1
------------------------------------------------------------------------
Running 'File Selector (Batch Mode)'
Done    'File Selector (Batch Mode)'
Running 'Realign: Estimate & Reslice'

SPM12: spm_realign (v6070)                         10:38:47 - 10/08/2017
========================================================================
Completed                               :          10:39:12 - 10/08/2017

SPM12: spm_reslice (v5929)                         10:39:12 - 10/08/2017
========================================================================
Completed                               :          10:39:20 - 10/08/2017
Done    'Realign: Estimate & Reslice'
Running 'Coregister: Estimate'

SPM12: spm_coreg (v6435)                           10:39:20 - 10/08/2017
========================================================================
Completed                               :          10:39:31 - 10/08/2017
Done    'Coregister: Estimate'
Running 'Reorient Images'
Done    'Reorient Images'
Item 'Source Image', field 'val': Number of matching files larger than max allowed, keeping 1/97 files.
Running 'Reorient Images'
Done    'Reorient Images'
Running 'Old Normalise: Estimate & Write'
Smoothing by 0 & 8mm..
Coarse Affine Registration..
Fine Affine Registration..
3D CT Norm...
 iteration  1:  FWHM =  7.368 Var = 0.759665
 iteration  2:  FWHM =  4.809 Var = 0.478483
 iteration  3:  FWHM =  4.685 Var = 0.463538
 iteration  4:  FWHM =  4.673 Var = 0.461661
 iteration  5:  FWHM =  4.669 Var = 0.461023
 iteration  6:  FWHM =  4.668 Var = 0.460914
 iteration  7:  FWHM =  4.668 Var = 0.460844
 iteration  8:  FWHM =  4.668 Var = 0.4608
 iteration  9:  FWHM =  4.668 Var = 0.4608
 iteration 10:  FWHM =  4.668 Var = 0.4608
 iteration 11:  FWHM =  4.668 Var = 0.4608
 iteration 12:  FWHM =  4.668 Var = 0.460716
 iteration 13:  FWHM =  4.667 Var = 0.460716
 iteration 14:  FWHM =  4.667 Var = 0.460716
 iteration 15:  FWHM =  4.667 Var = 0.460646
 iteration 16:  FWHM =  4.667 Var = 0.460646
Saving Parameters..

SPM12: spm_write_sn (v4878)                        10:39:46 - 10/08/2017
========================================================================
Completed                               :          10:39:51 - 10/08/2017
Done    'Old Normalise: Estimate & Write'
Running 'Old Normalise: Estimate & Write'
Smoothing by 0 & 8mm..
Coarse Affine Registration..
Fine Affine Registration..
3D CT Norm...
 iteration  1:  FWHM =  6.617 Var = 0.579988
 iteration  2:  FWHM =  4.289 Var = 0.360018
 iteration  3:  FWHM =  4.218 Var = 0.352079
 iteration  4:  FWHM =  4.223 Var = 0.351865
 iteration  5:  FWHM =  4.219 Var = 0.3515
 iteration  6:  FWHM =  4.221 Var = 0.3515
 iteration  7:  FWHM =  4.219 Var = 0.351453
 iteration  8:  FWHM =   4.22 Var = 0.351453
 iteration  9:  FWHM =  4.219 Var = 0.351443
 iteration 10:  FWHM =   4.22 Var = 0.351443
 iteration 11:  FWHM =  4.219 Var = 0.351443
 iteration 12:  FWHM =   4.22 Var = 0.351443
 iteration 13:  FWHM =  4.219 Var = 0.351409
 iteration 14:  FWHM =   4.22 Var = 0.351409
 iteration 15:  FWHM =  4.219 Var = 0.351409
 iteration 16:  FWHM =   4.22 Var = 0.351409
Saving Parameters..

SPM12: spm_write_sn (v4878)                        10:40:01 - 10/08/2017
========================================================================
Completed                               :          10:40:01 - 10/08/2017
Done    'Old Normalise: Estimate & Write'
Running 'Smooth'
Done    'Smooth'
Done

