153

                            < M A T L A B (R) >
                  Copyright 1984-2016 The MathWorks, Inc.
                   R2016b (9.1.0.441655) 64-bit (glnxa64)
                             September 7, 2016

 
To get started, type one of these: helpwin, helpdesk, or demo.
For product information, visit www.mathworks.com.
 
JOB ID: /projects/dsnlab/SFIC_Faces3/scripts/fMRI/ppc/spm/ppc_jobs/sub-L085_t1_ppc_job.mat


------------------------------------------------------------------------
Running job #1
------------------------------------------------------------------------
Running 'File Selector (Batch Mode)'
Done    'File Selector (Batch Mode)'
Running 'Realign: Estimate & Reslice'

SPM12: spm_realign (v6070)                         10:39:11 - 10/08/2017
========================================================================
Completed                               :          10:39:36 - 10/08/2017

SPM12: spm_reslice (v5929)                         10:39:36 - 10/08/2017
========================================================================
Completed                               :          10:39:46 - 10/08/2017
Done    'Realign: Estimate & Reslice'
Running 'Coregister: Estimate'

SPM12: spm_coreg (v6435)                           10:39:46 - 10/08/2017
========================================================================
Completed                               :          10:39:55 - 10/08/2017
Done    'Coregister: Estimate'
Running 'Reorient Images'
Done    'Reorient Images'
Item 'Source Image', field 'val': Number of matching files larger than max allowed, keeping 1/97 files.
Running 'Reorient Images'
Done    'Reorient Images'
Running 'Old Normalise: Estimate & Write'
Smoothing by 0 & 8mm..
Coarse Affine Registration..
Fine Affine Registration..
3D CT Norm...
 iteration  1:  FWHM =  6.774 Var = 0.675695
 iteration  2:  FWHM =  4.598 Var = 0.448922
 iteration  3:  FWHM =   4.53 Var = 0.441407
 iteration  4:  FWHM =  4.524 Var = 0.440184
 iteration  5:  FWHM =  4.525 Var = 0.440184
 iteration  6:  FWHM =  4.522 Var = 0.43977
 iteration  7:  FWHM =  4.527 Var = 0.43977
 iteration  8:  FWHM =  4.522 Var = 0.43977
 iteration  9:  FWHM =  4.528 Var = 0.43977
 iteration 10:  FWHM =  4.522 Var = 0.43977
 iteration 11:  FWHM =  4.528 Var = 0.43977
 iteration 12:  FWHM =  4.522 Var = 0.43977
 iteration 13:  FWHM =  4.529 Var = 0.43977
 iteration 14:  FWHM =  4.522 Var = 0.43977
 iteration 15:  FWHM =  4.529 Var = 0.43977
 iteration 16:  FWHM =  4.522 Var = 0.43977
Saving Parameters..

SPM12: spm_write_sn (v4878)                        10:40:14 - 10/08/2017
========================================================================
Completed                               :          10:40:20 - 10/08/2017
Done    'Old Normalise: Estimate & Write'
Running 'Old Normalise: Estimate & Write'
Smoothing by 0 & 8mm..
Coarse Affine Registration..
Fine Affine Registration..
3D CT Norm...
 iteration  1:  FWHM =  6.404 Var = 0.576129
 iteration  2:  FWHM =  4.318 Var = 0.372075
 iteration  3:  FWHM =  4.281 Var = 0.365093
 iteration  4:  FWHM =  4.278 Var = 0.364759
 iteration  5:  FWHM =  4.277 Var = 0.364627
 iteration  6:  FWHM =  4.278 Var = 0.364624
 iteration  7:  FWHM =  4.277 Var = 0.364597
 iteration  8:  FWHM =  4.277 Var = 0.364527
 iteration  9:  FWHM =  4.277 Var = 0.364527
 iteration 10:  FWHM =  4.277 Var = 0.364514
 iteration 11:  FWHM =  4.277 Var = 0.364514
 iteration 12:  FWHM =  4.277 Var = 0.364493
 iteration 13:  FWHM =  4.277 Var = 0.364493
 iteration 14:  FWHM =  4.277 Var = 0.364444
 iteration 15:  FWHM =  4.277 Var = 0.364444
 iteration 16:  FWHM =  4.277 Var = 0.364411
Saving Parameters..

SPM12: spm_write_sn (v4878)                        10:40:30 - 10/08/2017
========================================================================
Completed                               :          10:40:30 - 10/08/2017
Done    'Old Normalise: Estimate & Write'
Running 'Smooth'
Done    'Smooth'
Done

