134

                            < M A T L A B (R) >
                  Copyright 1984-2016 The MathWorks, Inc.
                   R2016b (9.1.0.441655) 64-bit (glnxa64)
                             September 7, 2016

 
To get started, type one of these: helpwin, helpdesk, or demo.
For product information, visit www.mathworks.com.
 
JOB ID: /projects/dsnlab/SFIC_Faces3/scripts/fMRI/ppc/spm/ppc_jobs/sub-L076_t1_ppc_job.mat


------------------------------------------------------------------------
Running job #1
------------------------------------------------------------------------
Running 'File Selector (Batch Mode)'
Done    'File Selector (Batch Mode)'
Running 'Realign: Estimate & Reslice'

SPM12: spm_realign (v6070)                         10:39:10 - 10/08/2017
========================================================================
Completed                               :          10:39:35 - 10/08/2017

SPM12: spm_reslice (v5929)                         10:39:35 - 10/08/2017
========================================================================
Completed                               :          10:39:46 - 10/08/2017
Done    'Realign: Estimate & Reslice'
Running 'Coregister: Estimate'

SPM12: spm_coreg (v6435)                           10:39:46 - 10/08/2017
========================================================================
Completed                               :          10:39:54 - 10/08/2017
Done    'Coregister: Estimate'
Running 'Reorient Images'
Done    'Reorient Images'
Item 'Source Image', field 'val': Number of matching files larger than max allowed, keeping 1/97 files.
Running 'Reorient Images'
Done    'Reorient Images'
Running 'Old Normalise: Estimate & Write'
Smoothing by 0 & 8mm..
Coarse Affine Registration..
Fine Affine Registration..
3D CT Norm...
 iteration  1:  FWHM =  6.897 Var = 0.701895
 iteration  2:  FWHM =   4.62 Var = 0.460838
 iteration  3:  FWHM =  4.523 Var = 0.446901
 iteration  4:  FWHM =  4.522 Var = 0.445359
 iteration  5:  FWHM =  4.513 Var = 0.44451
 iteration  6:  FWHM =  4.518 Var = 0.44451
 iteration  7:  FWHM =  4.514 Var = 0.44451
 iteration  8:  FWHM =  4.517 Var = 0.44451
 iteration  9:  FWHM =  4.515 Var = 0.44451
 iteration 10:  FWHM =  4.515 Var = 0.44451
 iteration 11:  FWHM =  4.515 Var = 0.44451
 iteration 12:  FWHM =  4.515 Var = 0.44451
 iteration 13:  FWHM =  4.515 Var = 0.44451
 iteration 14:  FWHM =  4.515 Var = 0.44451
 iteration 15:  FWHM =  4.515 Var = 0.44451
 iteration 16:  FWHM =  4.514 Var = 0.44451
Saving Parameters..

SPM12: spm_write_sn (v4878)                        10:40:14 - 10/08/2017
========================================================================
Completed                               :          10:40:20 - 10/08/2017
Done    'Old Normalise: Estimate & Write'
Running 'Old Normalise: Estimate & Write'
Smoothing by 0 & 8mm..
Coarse Affine Registration..
Fine Affine Registration..
3D CT Norm...
 iteration  1:  FWHM =  6.398 Var = 0.588473
 iteration  2:  FWHM =  4.284 Var = 0.372255
 iteration  3:  FWHM =  4.205 Var = 0.362608
 iteration  4:  FWHM =  4.217 Var = 0.361617
 iteration  5:  FWHM =  4.207 Var = 0.361492
 iteration  6:  FWHM =  4.216 Var = 0.36127
 iteration  7:  FWHM =  4.207 Var = 0.36127
 iteration  8:  FWHM =  4.214 Var = 0.361241
 iteration  9:  FWHM =  4.207 Var = 0.361241
 iteration 10:  FWHM =  4.215 Var = 0.361208
 iteration 11:  FWHM =  4.207 Var = 0.361208
 iteration 12:  FWHM =  4.214 Var = 0.361196
 iteration 13:  FWHM =  4.206 Var = 0.361196
 iteration 14:  FWHM =  4.215 Var = 0.361158
 iteration 15:  FWHM =  4.205 Var = 0.361158
 iteration 16:  FWHM =  4.213 Var = 0.361158
Saving Parameters..

SPM12: spm_write_sn (v4878)                        10:40:30 - 10/08/2017
========================================================================
Completed                               :          10:40:31 - 10/08/2017
Done    'Old Normalise: Estimate & Write'
Running 'Smooth'
Done    'Smooth'
Done

