1

                            < M A T L A B (R) >
                  Copyright 1984-2016 The MathWorks, Inc.
                   R2016b (9.1.0.441655) 64-bit (glnxa64)
                             September 7, 2016

 
To get started, type one of these: helpwin, helpdesk, or demo.
For product information, visit www.mathworks.com.
 
JOB ID: /projects/dsnlab/SFIC_Faces3/scripts/fMRI/ppc/spm/ppc_jobs/sub-L001_t1_ppc_job.mat


------------------------------------------------------------------------
Running job #1
------------------------------------------------------------------------
Running 'File Selector (Batch Mode)'
Done    'File Selector (Batch Mode)'
Running 'Realign: Estimate & Reslice'

SPM12: spm_realign (v6070)                         10:32:26 - 10/08/2017
========================================================================
Completed                               :          10:32:44 - 10/08/2017

SPM12: spm_reslice (v5929)                         10:32:44 - 10/08/2017
========================================================================
Completed                               :          10:32:49 - 10/08/2017
Done    'Realign: Estimate & Reslice'
Running 'Coregister: Estimate'

SPM12: spm_coreg (v6435)                           10:32:49 - 10/08/2017
========================================================================
Completed                               :          10:32:56 - 10/08/2017
Done    'Coregister: Estimate'
Running 'Reorient Images'
Done    'Reorient Images'
Item 'Source Image', field 'val': Number of matching files larger than max allowed, keeping 1/97 files.
Running 'Reorient Images'
Done    'Reorient Images'
Running 'Old Normalise: Estimate & Write'
Smoothing by 0 & 8mm..
Coarse Affine Registration..
Fine Affine Registration..
3D CT Norm...
 iteration  1:  FWHM =  7.096 Var = 0.714577
 iteration  2:  FWHM =  4.691 Var = 0.46169
 iteration  3:  FWHM =  4.584 Var = 0.448215
 iteration  4:  FWHM =  4.577 Var = 0.445961
 iteration  5:  FWHM =  4.569 Var = 0.445137
 iteration  6:  FWHM =  4.568 Var = 0.444486
 iteration  7:  FWHM =  4.566 Var = 0.444486
 iteration  8:  FWHM =  4.566 Var = 0.444228
 iteration  9:  FWHM =  4.566 Var = 0.444228
 iteration 10:  FWHM =  4.565 Var = 0.444122
 iteration 11:  FWHM =  4.566 Var = 0.444122
 iteration 12:  FWHM =  4.565 Var = 0.444119
 iteration 13:  FWHM =  4.566 Var = 0.444119
 iteration 14:  FWHM =  4.565 Var = 0.444115
 iteration 15:  FWHM =  4.566 Var = 0.444115
 iteration 16:  FWHM =  4.565 Var = 0.444115
Saving Parameters..

SPM12: spm_write_sn (v4878)                        10:33:08 - 10/08/2017
========================================================================
Completed                               :          10:33:12 - 10/08/2017
Done    'Old Normalise: Estimate & Write'
Running 'Old Normalise: Estimate & Write'
Smoothing by 0 & 8mm..
Coarse Affine Registration..
Fine Affine Registration..
3D CT Norm...
 iteration  1:  FWHM =  6.627 Var = 0.614809
 iteration  2:  FWHM =  4.359 Var = 0.388581
 iteration  3:  FWHM =  4.284 Var = 0.37905
 iteration  4:  FWHM =   4.29 Var = 0.378807
 iteration  5:  FWHM =  4.284 Var = 0.378514
 iteration  6:  FWHM =  4.287 Var = 0.378455
 iteration  7:  FWHM =  4.285 Var = 0.378432
 iteration  8:  FWHM =  4.286 Var = 0.378432
 iteration  9:  FWHM =  4.285 Var = 0.378432
 iteration 10:  FWHM =  4.286 Var = 0.378369
 iteration 11:  FWHM =  4.285 Var = 0.378369
 iteration 12:  FWHM =  4.286 Var = 0.378312
 iteration 13:  FWHM =  4.285 Var = 0.378312
 iteration 14:  FWHM =  4.286 Var = 0.378312
 iteration 15:  FWHM =  4.285 Var = 0.378312
 iteration 16:  FWHM =  4.286 Var = 0.378286
Saving Parameters..

SPM12: spm_write_sn (v4878)                        10:33:18 - 10/08/2017
========================================================================
Completed                               :          10:33:18 - 10/08/2017
Done    'Old Normalise: Estimate & Write'
Running 'Smooth'
Done    'Smooth'
Done

