78

                            < M A T L A B (R) >
                  Copyright 1984-2016 The MathWorks, Inc.
                   R2016b (9.1.0.441655) 64-bit (glnxa64)
                             September 7, 2016

 
To get started, type one of these: helpwin, helpdesk, or demo.
For product information, visit www.mathworks.com.
 
JOB ID: /projects/dsnlab/SFIC_Faces3/scripts/fMRI/ppc/spm/ppc_jobs/sub-L045_t1_ppc_job.mat


------------------------------------------------------------------------
Running job #1
------------------------------------------------------------------------
Running 'File Selector (Batch Mode)'
Done    'File Selector (Batch Mode)'
Running 'Realign: Estimate & Reslice'

SPM12: spm_realign (v6070)                         10:38:51 - 10/08/2017
========================================================================
Completed                               :          10:39:17 - 10/08/2017

SPM12: spm_reslice (v5929)                         10:39:17 - 10/08/2017
========================================================================
Completed                               :          10:39:25 - 10/08/2017
Done    'Realign: Estimate & Reslice'
Running 'Coregister: Estimate'

SPM12: spm_coreg (v6435)                           10:39:26 - 10/08/2017
========================================================================
Completed                               :          10:39:33 - 10/08/2017
Done    'Coregister: Estimate'
Running 'Reorient Images'
Done    'Reorient Images'
Item 'Source Image', field 'val': Number of matching files larger than max allowed, keeping 1/97 files.
Running 'Reorient Images'
Done    'Reorient Images'
Running 'Old Normalise: Estimate & Write'
Smoothing by 0 & 8mm..
Coarse Affine Registration..
Fine Affine Registration..
3D CT Norm...
 iteration  1:  FWHM =   6.81 Var = 0.655691
 iteration  2:  FWHM =   4.54 Var = 0.430336
 iteration  3:  FWHM =  4.471 Var = 0.42176
 iteration  4:  FWHM =  4.474 Var = 0.421386
 iteration  5:  FWHM =  4.468 Var = 0.420829
 iteration  6:  FWHM =   4.47 Var = 0.420829
 iteration  7:  FWHM =  4.468 Var = 0.420667
 iteration  8:  FWHM =  4.469 Var = 0.420667
 iteration  9:  FWHM =  4.467 Var = 0.420638
 iteration 10:  FWHM =  4.468 Var = 0.420638
 iteration 11:  FWHM =  4.467 Var = 0.420621
 iteration 12:  FWHM =  4.468 Var = 0.420621
 iteration 13:  FWHM =  4.468 Var = 0.420594
 iteration 14:  FWHM =  4.468 Var = 0.420594
 iteration 15:  FWHM =  4.468 Var = 0.420594
 iteration 16:  FWHM =  4.468 Var = 0.420594
Saving Parameters..

SPM12: spm_write_sn (v4878)                        10:39:49 - 10/08/2017
========================================================================
Completed                               :          10:39:55 - 10/08/2017
Done    'Old Normalise: Estimate & Write'
Running 'Old Normalise: Estimate & Write'
Smoothing by 0 & 8mm..
Coarse Affine Registration..
Fine Affine Registration..
3D CT Norm...
 iteration  1:  FWHM =  6.402 Var = 0.55188
 iteration  2:  FWHM =  4.228 Var = 0.34963
 iteration  3:  FWHM =  4.161 Var = 0.342387
 iteration  4:  FWHM =  4.161 Var = 0.341981
 iteration  5:  FWHM =  4.159 Var = 0.341729
 iteration  6:  FWHM =  4.159 Var = 0.341729
 iteration  7:  FWHM =   4.16 Var = 0.34165
 iteration  8:  FWHM =  4.158 Var = 0.34165
 iteration  9:  FWHM =  4.159 Var = 0.34165
 iteration 10:  FWHM =  4.159 Var = 0.341628
 iteration 11:  FWHM =  4.159 Var = 0.341628
 iteration 12:  FWHM =  4.159 Var = 0.341628
 iteration 13:  FWHM =  4.159 Var = 0.341628
 iteration 14:  FWHM =  4.158 Var = 0.341549
 iteration 15:  FWHM =  4.159 Var = 0.341549
 iteration 16:  FWHM =  4.158 Var = 0.341506
Saving Parameters..

SPM12: spm_write_sn (v4878)                        10:40:04 - 10/08/2017
========================================================================
Completed                               :          10:40:05 - 10/08/2017
Done    'Old Normalise: Estimate & Write'
Running 'Smooth'
Done    'Smooth'
Done

