29

                            < M A T L A B (R) >
                  Copyright 1984-2016 The MathWorks, Inc.
                   R2016b (9.1.0.441655) 64-bit (glnxa64)
                             September 7, 2016

 
To get started, type one of these: helpwin, helpdesk, or demo.
For product information, visit www.mathworks.com.
 
JOB ID: /projects/dsnlab/SFIC_Faces3/scripts/fMRI/ppc/spm/ppc_jobs/sub-L020_t1_ppc_job.mat


------------------------------------------------------------------------
Running job #1
------------------------------------------------------------------------
Running 'File Selector (Batch Mode)'
Done    'File Selector (Batch Mode)'
Running 'Realign: Estimate & Reslice'

SPM12: spm_realign (v6070)                         10:38:50 - 10/08/2017
========================================================================
Completed                               :          10:39:21 - 10/08/2017

SPM12: spm_reslice (v5929)                         10:39:21 - 10/08/2017
========================================================================
Completed                               :          10:39:29 - 10/08/2017
Done    'Realign: Estimate & Reslice'
Running 'Coregister: Estimate'

SPM12: spm_coreg (v6435)                           10:39:30 - 10/08/2017
========================================================================
Completed                               :          10:39:36 - 10/08/2017
Done    'Coregister: Estimate'
Running 'Reorient Images'
Done    'Reorient Images'
Item 'Source Image', field 'val': Number of matching files larger than max allowed, keeping 1/97 files.
Running 'Reorient Images'
Done    'Reorient Images'
Running 'Old Normalise: Estimate & Write'
Smoothing by 0 & 8mm..
Coarse Affine Registration..
Fine Affine Registration..
3D CT Norm...
 iteration  1:  FWHM =  6.766 Var = 0.700412
 iteration  2:  FWHM =  4.562 Var = 0.457948
 iteration  3:  FWHM =  4.484 Var = 0.446956
 iteration  4:  FWHM =  4.483 Var = 0.445897
 iteration  5:  FWHM =  4.478 Var = 0.445362
 iteration  6:  FWHM =   4.48 Var = 0.445362
 iteration  7:  FWHM =  4.477 Var = 0.445218
 iteration  8:  FWHM =  4.479 Var = 0.445218
 iteration  9:  FWHM =  4.477 Var = 0.445218
 iteration 10:  FWHM =  4.478 Var = 0.445218
 iteration 11:  FWHM =  4.478 Var = 0.445218
 iteration 12:  FWHM =  4.478 Var = 0.445218
 iteration 13:  FWHM =  4.478 Var = 0.445218
 iteration 14:  FWHM =  4.478 Var = 0.445218
 iteration 15:  FWHM =  4.477 Var = 0.445218
 iteration 16:  FWHM =  4.478 Var = 0.445218
Saving Parameters..

SPM12: spm_write_sn (v4878)                        10:39:53 - 10/08/2017
========================================================================
Completed                               :          10:40:02 - 10/08/2017
Done    'Old Normalise: Estimate & Write'
Running 'Old Normalise: Estimate & Write'
Smoothing by 0 & 8mm..
Coarse Affine Registration..
Fine Affine Registration..
3D CT Norm...
 iteration  1:  FWHM =   6.19 Var = 0.564385
 iteration  2:  FWHM =  4.176 Var = 0.366067
 iteration  3:  FWHM =  4.138 Var = 0.359221
 iteration  4:  FWHM =  4.134 Var = 0.358154
 iteration  5:  FWHM =  4.133 Var = 0.358154
 iteration  6:  FWHM =  4.133 Var = 0.358137
 iteration  7:  FWHM =  4.133 Var = 0.358137
 iteration  8:  FWHM =  4.133 Var = 0.358137
 iteration  9:  FWHM =  4.134 Var = 0.358137
 iteration 10:  FWHM =  4.133 Var = 0.358137
 iteration 11:  FWHM =  4.133 Var = 0.358137
 iteration 12:  FWHM =  4.133 Var = 0.358137
 iteration 13:  FWHM =  4.133 Var = 0.358137
 iteration 14:  FWHM =  4.133 Var = 0.358137
 iteration 15:  FWHM =  4.133 Var = 0.358137
 iteration 16:  FWHM =  4.133 Var = 0.358137
Saving Parameters..

SPM12: spm_write_sn (v4878)                        10:40:14 - 10/08/2017
========================================================================
Completed                               :          10:40:14 - 10/08/2017
Done    'Old Normalise: Estimate & Write'
Running 'Smooth'
Done    'Smooth'
Done

