122

                            < M A T L A B (R) >
                  Copyright 1984-2016 The MathWorks, Inc.
                   R2016b (9.1.0.441655) 64-bit (glnxa64)
                             September 7, 2016

 
To get started, type one of these: helpwin, helpdesk, or demo.
For product information, visit www.mathworks.com.
 
JOB ID: /projects/dsnlab/SFIC_Faces3/scripts/fMRI/ppc/spm/ppc_jobs/sub-L071_t1_ppc_job.mat


------------------------------------------------------------------------
Running job #1
------------------------------------------------------------------------
Running 'File Selector (Batch Mode)'
Done    'File Selector (Batch Mode)'
Running 'Realign: Estimate & Reslice'

SPM12: spm_realign (v6070)                         10:39:09 - 10/08/2017
========================================================================
Completed                               :          10:39:37 - 10/08/2017

SPM12: spm_reslice (v5929)                         10:39:37 - 10/08/2017
========================================================================
Completed                               :          10:39:46 - 10/08/2017
Done    'Realign: Estimate & Reslice'
Running 'Coregister: Estimate'

SPM12: spm_coreg (v6435)                           10:39:46 - 10/08/2017
========================================================================
Completed                               :          10:39:55 - 10/08/2017
Done    'Coregister: Estimate'
Running 'Reorient Images'
Done    'Reorient Images'
Item 'Source Image', field 'val': Number of matching files larger than max allowed, keeping 1/97 files.
Running 'Reorient Images'
Done    'Reorient Images'
Running 'Old Normalise: Estimate & Write'
Smoothing by 0 & 8mm..
Coarse Affine Registration..
Fine Affine Registration..
3D CT Norm...
 iteration  1:  FWHM =  6.776 Var = 0.701228
 iteration  2:  FWHM =  4.676 Var = 0.480994
 iteration  3:  FWHM =   4.59 Var = 0.46942
 iteration  4:  FWHM =   4.59 Var = 0.468569
 iteration  5:  FWHM =  4.581 Var = 0.467814
 iteration  6:  FWHM =  4.585 Var = 0.467814
 iteration  7:  FWHM =  4.581 Var = 0.467628
 iteration  8:  FWHM =  4.582 Var = 0.467628
 iteration  9:  FWHM =  4.581 Var = 0.46752
 iteration 10:  FWHM =  4.582 Var = 0.46752
 iteration 11:  FWHM =  4.581 Var = 0.4675
 iteration 12:  FWHM =  4.582 Var = 0.4675
 iteration 13:  FWHM =  4.581 Var = 0.4675
 iteration 14:  FWHM =  4.582 Var = 0.4675
 iteration 15:  FWHM =  4.581 Var = 0.4675
 iteration 16:  FWHM =  4.582 Var = 0.4675
Saving Parameters..

SPM12: spm_write_sn (v4878)                        10:40:12 - 10/08/2017
========================================================================
Completed                               :          10:40:18 - 10/08/2017
Done    'Old Normalise: Estimate & Write'
Running 'Old Normalise: Estimate & Write'
Smoothing by 0 & 8mm..
Coarse Affine Registration..
Fine Affine Registration..
3D CT Norm...
 iteration  1:  FWHM =  6.274 Var = 0.573253
 iteration  2:  FWHM =  4.328 Var = 0.386783
 iteration  3:  FWHM =  4.266 Var = 0.380054
 iteration  4:  FWHM =  4.275 Var = 0.379609
 iteration  5:  FWHM =  4.265 Var = 0.379055
 iteration  6:  FWHM =  4.269 Var = 0.379055
 iteration  7:  FWHM =  4.266 Var = 0.379055
 iteration  8:  FWHM =  4.268 Var = 0.379055
 iteration  9:  FWHM =  4.266 Var = 0.379055
 iteration 10:  FWHM =  4.268 Var = 0.379055
 iteration 11:  FWHM =  4.266 Var = 0.379055
 iteration 12:  FWHM =  4.268 Var = 0.379055
 iteration 13:  FWHM =  4.266 Var = 0.379055
 iteration 14:  FWHM =  4.268 Var = 0.379055
 iteration 15:  FWHM =  4.266 Var = 0.379055
 iteration 16:  FWHM =  4.268 Var = 0.379055
Saving Parameters..

SPM12: spm_write_sn (v4878)                        10:40:28 - 10/08/2017
========================================================================
Completed                               :          10:40:28 - 10/08/2017
Done    'Old Normalise: Estimate & Write'
Running 'Smooth'
Done    'Smooth'
Done

