168

                            < M A T L A B (R) >
                  Copyright 1984-2016 The MathWorks, Inc.
                   R2016b (9.1.0.441655) 64-bit (glnxa64)
                             September 7, 2016

 
To get started, type one of these: helpwin, helpdesk, or demo.
For product information, visit www.mathworks.com.
 
JOB ID: /projects/dsnlab/SFIC_Faces3/scripts/fMRI/ppc/spm/ppc_jobs/sub-L091_t1_ppc_job.mat


------------------------------------------------------------------------
Running job #1
------------------------------------------------------------------------
Running 'File Selector (Batch Mode)'
Done    'File Selector (Batch Mode)'
Running 'Realign: Estimate & Reslice'

SPM12: spm_realign (v6070)                         10:39:12 - 10/08/2017
========================================================================
Completed                               :          10:39:46 - 10/08/2017

SPM12: spm_reslice (v5929)                         10:39:46 - 10/08/2017
========================================================================
Completed                               :          10:39:53 - 10/08/2017
Done    'Realign: Estimate & Reslice'
Running 'Coregister: Estimate'

SPM12: spm_coreg (v6435)                           10:39:53 - 10/08/2017
========================================================================
Completed                               :          10:40:01 - 10/08/2017
Done    'Coregister: Estimate'
Running 'Reorient Images'
Done    'Reorient Images'
Item 'Source Image', field 'val': Number of matching files larger than max allowed, keeping 1/97 files.
Running 'Reorient Images'
Done    'Reorient Images'
Running 'Old Normalise: Estimate & Write'
Smoothing by 0 & 8mm..
Coarse Affine Registration..
Fine Affine Registration..
3D CT Norm...
 iteration  1:  FWHM =  7.221 Var = 0.713506
 iteration  2:  FWHM =  4.726 Var = 0.458278
 iteration  3:  FWHM =  4.633 Var = 0.447647
 iteration  4:  FWHM =  4.623 Var = 0.445429
 iteration  5:  FWHM =  4.624 Var = 0.445429
 iteration  6:  FWHM =   4.62 Var = 0.445009
 iteration  7:  FWHM =  4.624 Var = 0.445009
 iteration  8:  FWHM =   4.62 Var = 0.445009
 iteration  9:  FWHM =  4.623 Var = 0.445009
 iteration 10:  FWHM =   4.62 Var = 0.445009
 iteration 11:  FWHM =  4.623 Var = 0.445009
 iteration 12:  FWHM =   4.62 Var = 0.445009
 iteration 13:  FWHM =  4.623 Var = 0.445009
 iteration 14:  FWHM =   4.62 Var = 0.444974
 iteration 15:  FWHM =  4.623 Var = 0.444974
 iteration 16:  FWHM =   4.62 Var = 0.444974
Saving Parameters..

SPM12: spm_write_sn (v4878)                        10:40:19 - 10/08/2017
========================================================================
Completed                               :          10:40:25 - 10/08/2017
Done    'Old Normalise: Estimate & Write'
Running 'Old Normalise: Estimate & Write'
Smoothing by 0 & 8mm..
Coarse Affine Registration..
Fine Affine Registration..
3D CT Norm...
 iteration  1:  FWHM =   6.48 Var = 0.563415
 iteration  2:  FWHM =  4.279 Var = 0.36416
 iteration  3:  FWHM =  4.229 Var = 0.356189
 iteration  4:  FWHM =  4.225 Var = 0.355589
 iteration  5:  FWHM =  4.228 Var = 0.355167
 iteration  6:  FWHM =  4.223 Var = 0.355167
 iteration  7:  FWHM =  4.222 Var = 0.355124
 iteration  8:  FWHM =  4.223 Var = 0.355124
 iteration  9:  FWHM =  4.222 Var = 0.355073
 iteration 10:  FWHM =  4.222 Var = 0.355073
 iteration 11:  FWHM =  4.222 Var = 0.355073
 iteration 12:  FWHM =  4.222 Var = 0.355073
 iteration 13:  FWHM =  4.222 Var = 0.355073
 iteration 14:  FWHM =  4.222 Var = 0.355073
 iteration 15:  FWHM =  4.222 Var = 0.355073
 iteration 16:  FWHM =  4.222 Var = 0.355073
Saving Parameters..

SPM12: spm_write_sn (v4878)                        10:40:35 - 10/08/2017
========================================================================
Completed                               :          10:40:35 - 10/08/2017
Done    'Old Normalise: Estimate & Write'
Running 'Smooth'
Done    'Smooth'
Done

