70

                            < M A T L A B (R) >
                  Copyright 1984-2016 The MathWorks, Inc.
                   R2016b (9.1.0.441655) 64-bit (glnxa64)
                             September 7, 2016

 
To get started, type one of these: helpwin, helpdesk, or demo.
For product information, visit www.mathworks.com.
 
JOB ID: /projects/dsnlab/SFIC_Faces3/scripts/fMRI/ppc/spm/ppc_jobs/sub-L040_t2_ppc_job.mat


------------------------------------------------------------------------
Running job #1
------------------------------------------------------------------------
Running 'File Selector (Batch Mode)'
Done    'File Selector (Batch Mode)'
Running 'Realign: Estimate & Reslice'

SPM12: spm_realign (v6070)                         10:38:51 - 10/08/2017
========================================================================
Completed                               :          10:39:20 - 10/08/2017

SPM12: spm_reslice (v5929)                         10:39:20 - 10/08/2017
========================================================================
Completed                               :          10:39:29 - 10/08/2017
Done    'Realign: Estimate & Reslice'
Running 'Coregister: Estimate'

SPM12: spm_coreg (v6435)                           10:39:29 - 10/08/2017
========================================================================
Completed                               :          10:39:37 - 10/08/2017
Done    'Coregister: Estimate'
Running 'Reorient Images'
Done    'Reorient Images'
Item 'Source Image', field 'val': Number of matching files larger than max allowed, keeping 1/97 files.
Running 'Reorient Images'
Done    'Reorient Images'
Running 'Old Normalise: Estimate & Write'
Smoothing by 0 & 8mm..
Coarse Affine Registration..
Fine Affine Registration..
3D CT Norm...
 iteration  1:  FWHM =  7.077 Var = 0.709149
 iteration  2:  FWHM =  4.668 Var = 0.459174
 iteration  3:  FWHM =  4.576 Var = 0.446976
 iteration  4:  FWHM =  4.566 Var = 0.446134
 iteration  5:  FWHM =  4.563 Var = 0.445396
 iteration  6:  FWHM =  4.561 Var = 0.445396
 iteration  7:  FWHM =  4.562 Var = 0.445241
 iteration  8:  FWHM =   4.56 Var = 0.445241
 iteration  9:  FWHM =  4.562 Var = 0.445175
 iteration 10:  FWHM =   4.56 Var = 0.445175
 iteration 11:  FWHM =  4.562 Var = 0.445124
 iteration 12:  FWHM =   4.56 Var = 0.445124
 iteration 13:  FWHM =  4.562 Var = 0.445117
 iteration 14:  FWHM =   4.56 Var = 0.445117
 iteration 15:  FWHM =  4.562 Var = 0.445117
 iteration 16:  FWHM =   4.56 Var = 0.445117
Saving Parameters..

SPM12: spm_write_sn (v4878)                        10:39:53 - 10/08/2017
========================================================================
Completed                               :          10:40:00 - 10/08/2017
Done    'Old Normalise: Estimate & Write'
Running 'Old Normalise: Estimate & Write'
Smoothing by 0 & 8mm..
Coarse Affine Registration..
Fine Affine Registration..
3D CT Norm...
 iteration  1:  FWHM =  6.442 Var = 0.574216
 iteration  2:  FWHM =   4.28 Var = 0.370698
 iteration  3:  FWHM =  4.223 Var = 0.362009
 iteration  4:  FWHM =  4.221 Var = 0.361422
 iteration  5:  FWHM =   4.22 Var = 0.361223
 iteration  6:  FWHM =   4.22 Var = 0.361181
 iteration  7:  FWHM =  4.219 Var = 0.361067
 iteration  8:  FWHM =  4.219 Var = 0.361067
 iteration  9:  FWHM =  4.219 Var = 0.360985
 iteration 10:  FWHM =  4.219 Var = 0.360985
 iteration 11:  FWHM =  4.219 Var = 0.360985
 iteration 12:  FWHM =   4.22 Var = 0.360985
 iteration 13:  FWHM =  4.219 Var = 0.360985
 iteration 14:  FWHM =  4.219 Var = 0.360985
 iteration 15:  FWHM =  4.219 Var = 0.360985
 iteration 16:  FWHM =  4.219 Var = 0.360985
Saving Parameters..

SPM12: spm_write_sn (v4878)                        10:40:11 - 10/08/2017
========================================================================
Completed                               :          10:40:11 - 10/08/2017
Done    'Old Normalise: Estimate & Write'
Running 'Smooth'
Done    'Smooth'
Done

