67

                            < M A T L A B (R) >
                  Copyright 1984-2016 The MathWorks, Inc.
                   R2016b (9.1.0.441655) 64-bit (glnxa64)
                             September 7, 2016

 
To get started, type one of these: helpwin, helpdesk, or demo.
For product information, visit www.mathworks.com.
 
JOB ID: /projects/dsnlab/SFIC_Faces3/scripts/fMRI/ppc/spm/ppc_jobs/sub-L038_t3_ppc_job.mat


------------------------------------------------------------------------
Running job #1
------------------------------------------------------------------------
Running 'File Selector (Batch Mode)'
Done    'File Selector (Batch Mode)'
Running 'Realign: Estimate & Reslice'

SPM12: spm_realign (v6070)                         10:38:52 - 10/08/2017
========================================================================
Completed                               :          10:39:20 - 10/08/2017

SPM12: spm_reslice (v5929)                         10:39:20 - 10/08/2017
========================================================================
Completed                               :          10:39:29 - 10/08/2017
Done    'Realign: Estimate & Reslice'
Running 'Coregister: Estimate'

SPM12: spm_coreg (v6435)                           10:39:29 - 10/08/2017
========================================================================
Completed                               :          10:39:38 - 10/08/2017
Done    'Coregister: Estimate'
Running 'Reorient Images'
Done    'Reorient Images'
Item 'Source Image', field 'val': Number of matching files larger than max allowed, keeping 1/97 files.
Running 'Reorient Images'
Done    'Reorient Images'
Running 'Old Normalise: Estimate & Write'
Smoothing by 0 & 8mm..
Coarse Affine Registration..
Fine Affine Registration..
3D CT Norm...
 iteration  1:  FWHM =  7.372 Var = 0.769516
 iteration  2:  FWHM =  4.769 Var = 0.477161
 iteration  3:  FWHM =  4.609 Var = 0.453598
 iteration  4:  FWHM =  4.598 Var = 0.450085
 iteration  5:  FWHM =   4.59 Var = 0.449286
 iteration  6:  FWHM =  4.588 Var = 0.448563
 iteration  7:  FWHM =  4.584 Var = 0.448317
 iteration  8:  FWHM =  4.584 Var = 0.448212
 iteration  9:  FWHM =  4.584 Var = 0.448125
 iteration 10:  FWHM =  4.583 Var = 0.448125
 iteration 11:  FWHM =  4.584 Var = 0.448022
 iteration 12:  FWHM =  4.583 Var = 0.448022
 iteration 13:  FWHM =  4.583 Var = 0.448022
 iteration 14:  FWHM =  4.583 Var = 0.448022
 iteration 15:  FWHM =  4.583 Var = 0.448009
 iteration 16:  FWHM =  4.583 Var = 0.448009
Saving Parameters..

SPM12: spm_write_sn (v4878)                        10:39:56 - 10/08/2017
========================================================================
Completed                               :          10:40:02 - 10/08/2017
Done    'Old Normalise: Estimate & Write'
Running 'Old Normalise: Estimate & Write'
Smoothing by 0 & 8mm..
Coarse Affine Registration..
Fine Affine Registration..
3D CT Norm...
 iteration  1:  FWHM =  6.563 Var = 0.589082
 iteration  2:  FWHM =  4.277 Var = 0.360489
 iteration  3:  FWHM =  4.188 Var = 0.348273
 iteration  4:  FWHM =  4.189 Var = 0.346462
 iteration  5:  FWHM =  4.188 Var = 0.346462
 iteration  6:  FWHM =  4.191 Var = 0.346175
 iteration  7:  FWHM =  4.189 Var = 0.346175
 iteration  8:  FWHM =  4.193 Var = 0.346011
 iteration  9:  FWHM =   4.19 Var = 0.346011
 iteration 10:  FWHM =  4.194 Var = 0.346011
 iteration 11:  FWHM =  4.191 Var = 0.346011
 iteration 12:  FWHM =  4.193 Var = 0.346011
 iteration 13:  FWHM =  4.191 Var = 0.346011
 iteration 14:  FWHM =  4.193 Var = 0.346011
 iteration 15:  FWHM =  4.191 Var = 0.346011
 iteration 16:  FWHM =  4.193 Var = 0.346011
Saving Parameters..

SPM12: spm_write_sn (v4878)                        10:40:14 - 10/08/2017
========================================================================
Completed                               :          10:40:14 - 10/08/2017
Done    'Old Normalise: Estimate & Write'
Running 'Smooth'
Done    'Smooth'
Done

