143

                            < M A T L A B (R) >
                  Copyright 1984-2016 The MathWorks, Inc.
                   R2016b (9.1.0.441655) 64-bit (glnxa64)
                             September 7, 2016

 
To get started, type one of these: helpwin, helpdesk, or demo.
For product information, visit www.mathworks.com.
 
JOB ID: /projects/dsnlab/SFIC_Faces3/scripts/fMRI/ppc/spm/ppc_jobs/sub-L081_t1_ppc_job.mat


------------------------------------------------------------------------
Running job #1
------------------------------------------------------------------------
Running 'File Selector (Batch Mode)'
Done    'File Selector (Batch Mode)'
Running 'Realign: Estimate & Reslice'

SPM12: spm_realign (v6070)                         10:39:11 - 10/08/2017
========================================================================
Completed                               :          10:39:37 - 10/08/2017

SPM12: spm_reslice (v5929)                         10:39:37 - 10/08/2017
========================================================================
Completed                               :          10:39:46 - 10/08/2017
Done    'Realign: Estimate & Reslice'
Running 'Coregister: Estimate'

SPM12: spm_coreg (v6435)                           10:39:46 - 10/08/2017
========================================================================
Completed                               :          10:39:54 - 10/08/2017
Done    'Coregister: Estimate'
Running 'Reorient Images'
Done    'Reorient Images'
Item 'Source Image', field 'val': Number of matching files larger than max allowed, keeping 1/97 files.
Running 'Reorient Images'
Done    'Reorient Images'
Running 'Old Normalise: Estimate & Write'
Smoothing by 0 & 8mm..
Coarse Affine Registration..
Fine Affine Registration..
3D CT Norm...
 iteration  1:  FWHM =  6.605 Var = 0.653774
 iteration  2:  FWHM =  4.585 Var = 0.445039
 iteration  3:  FWHM =  4.491 Var = 0.432101
 iteration  4:  FWHM =  4.491 Var = 0.431157
 iteration  5:  FWHM =  4.482 Var = 0.430372
 iteration  6:  FWHM =  4.486 Var = 0.430372
 iteration  7:  FWHM =  4.482 Var = 0.430142
 iteration  8:  FWHM =  4.485 Var = 0.430142
 iteration  9:  FWHM =  4.483 Var = 0.430137
 iteration 10:  FWHM =  4.484 Var = 0.430137
 iteration 11:  FWHM =  4.483 Var = 0.430137
 iteration 12:  FWHM =  4.484 Var = 0.430137
 iteration 13:  FWHM =  4.484 Var = 0.430137
 iteration 14:  FWHM =  4.484 Var = 0.430137
 iteration 15:  FWHM =  4.483 Var = 0.430137
 iteration 16:  FWHM =  4.484 Var = 0.430137
Saving Parameters..

SPM12: spm_write_sn (v4878)                        10:40:08 - 10/08/2017
========================================================================
Completed                               :          10:40:14 - 10/08/2017
Done    'Old Normalise: Estimate & Write'
Running 'Old Normalise: Estimate & Write'
Smoothing by 0 & 8mm..
Coarse Affine Registration..
Fine Affine Registration..
3D CT Norm...
 iteration  1:  FWHM =   6.11 Var = 0.534992
 iteration  2:  FWHM =  4.205 Var = 0.351863
 iteration  3:  FWHM =  4.149 Var = 0.342916
 iteration  4:  FWHM =  4.148 Var = 0.341899
 iteration  5:  FWHM =  4.144 Var = 0.341579
 iteration  6:  FWHM =  4.146 Var = 0.341537
 iteration  7:  FWHM =  4.144 Var = 0.341537
 iteration  8:  FWHM =  4.146 Var = 0.341537
 iteration  9:  FWHM =  4.143 Var = 0.341521
 iteration 10:  FWHM =  4.146 Var = 0.341521
 iteration 11:  FWHM =  4.144 Var = 0.341521
 iteration 12:  FWHM =  4.146 Var = 0.341519
 iteration 13:  FWHM =  4.143 Var = 0.341519
 iteration 14:  FWHM =  4.146 Var = 0.341519
 iteration 15:  FWHM =  4.143 Var = 0.341519
 iteration 16:  FWHM =  4.146 Var = 0.341514
Saving Parameters..

SPM12: spm_write_sn (v4878)                        10:40:22 - 10/08/2017
========================================================================
Completed                               :          10:40:23 - 10/08/2017
Done    'Old Normalise: Estimate & Write'
Running 'Smooth'
Done    'Smooth'
Done

